
-- Elastisticy Example - libCEED + PETSc --
  libCEED:
    libCEED Backend                    : /cpu/self/xsmm/blocked
  Problem:
    Problem Name                       : Linear elasticity
    Forcing Function                   : Manufactured solution
    Boundary Condition                 : Manufactured solution
  Mesh:
    File                               : ./meshes/cylinder8_31280e_4ss_us.exo
    Number of 1D Basis Nodes (p)       : 3
    Number of 1D Quadrature Points (q) : 3
    Global nodes                       : 224420
    Owned nodes                        : 55328
    DoF per node                       : 3
  Multigrid:
    Type                               : P-multigrid, logarithmic coarsening
    Number of Levels                   : 2
    Level 0 (coarse):
      Number of 1D Basis Nodes (p)     : 2
      Global Nodes                     : 24852
      Owned Nodes                      : 6021
    Level 1 (fine):
      Number of 1D Basis Nodes (p)     : 3
      Global Nodes                     : 224420
      Owned Nodes                      : 55328
  SNES:
    SNES Type                          : newtonls
    SNES Convergence                   : CONVERGED_FNORM_RELATIVE
    Total SNES Iterations              : 1
    Final rnorm                        : 3.278614e-04
  Linear Solver:
    KSP Type                           : cg
  P-Multigrid:
    PCMG Type                          : MULTIPLICATIVE
    PCMG Cycle Type                    : v
    Coarse Solve:
      KSP Type                         : preonly
      PC Type                          : gamg
  Performance:
    SNES Solve Time                    : 4.19806 (4.19806) sec
    L2 Error                           : 0.000078
************************************************************************************************************************
***             WIDEN YOUR WINDOW TO 120 CHARACTERS.  Use 'enscript -r -fCourier9' to print this document            ***
************************************************************************************************************************

---------------------------------------------- PETSc Performance Summary: ----------------------------------------------

./elasticity on a  named shas0625.rc.int.colorado.edu with 4 processors, by arme5062 Thu Mar  5 17:38:43 2020
Using Petsc Development GIT revision: v3.12.4-787-gcc5957f  GIT Date: 2020-02-26 21:52:32 -0500

                         Max       Max/Min     Avg       Total 
Time (sec):           7.204e+00     1.000   7.204e+00
Objects:              1.949e+03     1.032   1.920e+03
Flop:                 7.232e+08     1.071   6.940e+08  2.776e+09
Flop/sec:             1.004e+08     1.071   9.633e+07  3.853e+08
MPI Messages:         1.564e+03     2.104   1.171e+03  4.684e+03
MPI Message Lengths:  2.733e+07     2.534   1.444e+04  6.765e+07
MPI Reductions:       1.076e+03     1.000

Flop counting convention: 1 flop = 1 real number operation of type (multiply/divide/add/subtract)
                            e.g., VecAXPY() for real vectors of length N --> 2N flop
                            and VecAXPY() for complex vectors of length N --> 8N flop

Summary of Stages:   ----- Time ------  ----- Flop ------  --- Messages ---  -- Message Lengths --  -- Reductions --
                        Avg     %Total     Avg     %Total    Count   %Total     Avg         %Total    Count   %Total 
 0:      Main Stage: 7.2044e+00 100.0%  2.7760e+09 100.0%  4.684e+03 100.0%  1.444e+04      100.0%  1.069e+03  99.3% 

------------------------------------------------------------------------------------------------------------------------
See the 'Profiling' chapter of the users' manual for details on interpreting output.
Phase summary info:
   Count: number of times phase was executed
   Time and Flop: Max - maximum over all processors
                  Ratio - ratio of maximum to minimum over all processors
   Mess: number of messages sent
   AvgLen: average message length (bytes)
   Reduct: number of global reductions
   Global: entire computation
   Stage: stages of a computation. Set stages with PetscLogStagePush() and PetscLogStagePop().
      %T - percent time in this phase         %F - percent flop in this phase
      %M - percent messages in this phase     %L - percent message lengths in this phase
      %R - percent reductions in this phase
   Total Mflop/s: 10e-6 * (sum of flop over all processors)/(max time over all processors)
------------------------------------------------------------------------------------------------------------------------
Event                Count      Time (sec)     Flop                              --- Global ---  --- Stage ----  Total
                   Max Ratio  Max     Ratio   Max  Ratio  Mess   AvgLen  Reduct  %T %F %M %L %R  %T %F %M %L %R Mflop/s
------------------------------------------------------------------------------------------------------------------------

--- Event Stage 0: Main Stage

PetscBarrier           2 1.0 2.3706e-02 1.0 0.00e+00 0.0 0.0e+00 0.0e+00 2.0e+00  0  0  0  0  0   0  0  0  0  0     0
BuildTwoSided         45 1.0 2.1128e-02 4.7 0.00e+00 0.0 9.7e+01 4.0e+00 0.0e+00  0  0  2  0  0   0  0  2  0  0     0
BuildTwoSidedF        57 1.0 2.0159e-0212.7 0.00e+00 0.0 5.4e+01 3.4e+04 0.0e+00  0  0  1  3  0   0  0  1  3  0     0
DMCreateMat            1 1.0 6.0859e-01 1.0 0.00e+00 0.0 6.0e+01 8.0e+04 1.3e+01  8  0  1  7  1   8  0  1  7  1     0
DMPlexCrFromFile       1 1.0 6.1724e-01 1.2 0.00e+00 0.0 0.0e+00 0.0e+00 5.0e+00  8  0  0  0  0   8  0  0  0  0     0
Mesh Partition         1 1.0 2.1139e-01 1.7 0.00e+00 0.0 1.2e+01 3.0e+05 9.0e+00  3  0  0  5  1   3  0  0  5  1     0
Mesh Migration         1 1.0 8.4808e-02 1.0 0.00e+00 0.0 8.2e+01 2.2e+05 2.4e+01  1  0  2 27  2   1  0  2 27  2     0
DMPlexPartSelf         1 1.0 6.7135e-028281.9 0.00e+00 0.0 0.0e+00 0.0e+00 0.0e+00  0  0  0  0  0   0  0  0  0  0     0
DMPlexPartLblInv       1 1.0 7.6160e-02 9.1 0.00e+00 0.0 0.0e+00 0.0e+00 3.0e+00  1  0  0  2  0   1  0  0  2  0     0
DMPlexPartLblSF        1 1.0 1.3382e-02 1.1 0.00e+00 0.0 4.5e+00 1.9e+05 0.0e+00  0  0  0  1  0   0  0  0  1  0     0
DMPlexPartStrtSF       1 1.0 2.0521e-03 1.2 0.00e+00 0.0 3.0e+00 2.8e+05 0.0e+00  0  0  0  1  0   0  0  0  1  0     0
DMPlexPointSF          1 1.0 2.4533e-02 1.0 0.00e+00 0.0 6.0e+00 7.0e+05 0.0e+00  0  0  0  6  0   0  0  0  6  0     0
DMPlexInterp          13 1.0 5.0930e-01 1.0 0.00e+00 0.0 0.0e+00 0.0e+00 1.7e+01  7  0  0  0  2   7  0  0  0  2     0
DMPlexDistribute       1 1.0 3.2071e-01 1.4 0.00e+00 0.0 1.0e+02 2.6e+05 3.3e+01  4  0  2 39  3   4  0  2 39  3     0
DMPlexDistCones        1 1.0 2.2873e-02 1.0 0.00e+00 0.0 1.6e+01 5.4e+05 1.0e+00  0  0  0 13  0   0  0  0 13  0     0
DMPlexDistLabels       1 1.0 2.0935e-02 1.0 0.00e+00 0.0 4.0e+01 1.3e+05 2.1e+01  0  0  1  8  2   0  0  1  8  2     0
DMPlexDistField        1 1.0 3.0963e-02 1.0 0.00e+00 0.0 2.0e+01 1.2e+05 1.0e+00  0  0  0  3  0   0  0  0  3  0     0
DMPlexStratify        25 1.0 5.2671e-0119.5 0.00e+00 0.0 0.0e+00 0.0e+00 2.5e+01  6  0  0  0  2   6  0  0  0  2     0
DMPlexSymmetrize      25 1.0 5.1864e-0210.7 0.00e+00 0.0 0.0e+00 0.0e+00 0.0e+00  0  0  0  0  0   0  0  0  0  0     0
DMPlexPrealloc         1 1.0 6.0611e-01 1.0 0.00e+00 0.0 6.0e+01 8.0e+04 1.1e+01  8  0  1  7  1   8  0  1  7  1     0
SFSetGraph            48 1.0 5.7125e-04 1.7 0.00e+00 0.0 0.0e+00 0.0e+00 0.0e+00  0  0  0  0  0   0  0  0  0  0     0
SFSetUp               45 1.0 3.9673e-02 1.4 0.00e+00 0.0 2.9e+02 2.2e+04 0.0e+00  0  0  6 10  0   0  0  6 10  0     0
SFBcastOpBegin       634 1.0 3.4745e-02 1.2 0.00e+00 0.0 3.0e+03 1.2e+04 0.0e+00  0  0 65 53  0   0  0 65 53  0     0
SFBcastOpEnd         634 1.0 1.6094e-01 1.7 0.00e+00 0.0 0.0e+00 0.0e+00 0.0e+00  2  0  0  0  0   2  0  0  0  0     0
SFReduceBegin        316 1.0 4.0638e-02 1.1 0.00e+00 0.0 1.0e+03 1.8e+04 0.0e+00  1  0 22 28  0   1  0 22 28  0     0
SFReduceEnd          314 1.0 2.0424e-01 5.6 0.00e+00 0.0 0.0e+00 0.0e+00 0.0e+00  2  0  0  0  0   2  0  0  0  0     0
SFFetchOpBegin         2 1.0 6.3896e-0520.6 0.00e+00 0.0 6.0e+00 9.0e+04 0.0e+00  0  0  0  1  0   0  0  0  1  0     0
SFFetchOpEnd           2 1.0 1.3775e-0246.4 0.00e+00 0.0 6.0e+00 9.0e+04 0.0e+00  0  0  0  1  0   0  0  0  1  0     0
SFCreateEmbed          3 1.0 4.1834e-0225.0 0.00e+00 0.0 9.0e+00 9.7e+04 0.0e+00  0  0  0  1  0   0  0  0  1  0     0
SFDistSection          9 1.0 4.4292e-02 1.1 0.00e+00 0.0 6.9e+01 1.2e+05 9.0e+00  1  0  1 12  1   1  0  1 12  1     0
SFSectionSF           11 1.0 2.7522e-02 1.3 0.00e+00 0.0 5.0e+01 7.1e+04 0.0e+00  0  0  1  5  0   0  0  1  5  0     0
SFRemoteOff            2 1.0 2.6543e-0226.4 0.00e+00 0.0 1.2e+01 5.4e+03 0.0e+00  0  0  0  0  0   0  0  0  0  0     0
MatMult              370 1.0 1.5366e+00 1.0 2.21e+08 1.1 2.4e+03 1.1e+04 0.0e+00 21 30 51 37  0  21 30 51 37  0   543
MatMultAdd            60 1.0 6.1318e-02 1.0 1.46e+07 1.0 3.2e+02 5.3e+03 0.0e+00  1  2  7  2  0   1  2  7  2  0   928
MatMultTranspose      62 1.0 7.3087e-02 1.3 9.88e+06 1.0 3.3e+02 5.7e+03 0.0e+00  1  1  7  3  0   1  1  7  3  0   525
MatSolve              15 0.0 6.2466e-05 0.0 8.91e+03 0.0 0.0e+00 0.0e+00 0.0e+00  0  0  0  0  0   0  0  0  0  0   143
MatSOR               213 1.0 1.3629e-01 1.1 1.89e+08 1.1 0.0e+00 0.0e+00 0.0e+00  2 26  0  0  0   2 26  0  0  0  5269
MatLUFactorSym         1 1.0 3.0994e-05 1.1 0.00e+00 0.0 0.0e+00 0.0e+00 0.0e+00  0  0  0  0  0   0  0  0  0  0     0
MatLUFactorNum         1 1.0 1.6928e-05 2.4 3.21e+03 0.0 0.0e+00 0.0e+00 0.0e+00  0  0  0  0  0   0  0  0  0  0   189
MatScale               9 1.0 7.2289e-04 1.1 7.24e+05 1.1 2.0e+01 7.8e+02 0.0e+00  0  0  0  0  0   0  0  0  0  0  3811
MatResidual           60 1.0 2.0095e-01 1.0 4.38e+07 1.1 3.9e+02 8.5e+03 0.0e+00  3  6  8  5  0   3  6  8  5  0   823
MatAssemblyBegin      73 1.0 2.1261e-02 6.3 0.00e+00 0.0 5.4e+01 3.4e+04 0.0e+00  0  0  1  3  0   0  0  1  3  0     0
MatAssemblyEnd        73 1.0 2.3628e-02 1.0 2.90e+04 2.3 1.6e+02 3.5e+02 7.6e+01  0  0  3  0  7   0  0  3  0  7     3
MatGetRowIJ            2 2.0 7.9460e-03 1.0 0.00e+00 0.0 0.0e+00 0.0e+00 0.0e+00  0  0  0  0  0   0  0  0  0  0     0
MatCreateSubMat        2 1.0 5.0688e-04 1.0 0.00e+00 0.0 2.0e+01 2.1e+02 2.4e+01  0  0  0  0  2   0  0  0  0  2     0
MatGetOrdering         1 0.0 6.1989e-05 0.0 0.00e+00 0.0 0.0e+00 0.0e+00 0.0e+00  0  0  0  0  0   0  0  0  0  0     0
MatCoarsen             3 1.0 8.2493e-04 1.0 0.00e+00 0.0 1.0e+02 7.0e+02 5.0e+00  0  0  2  0  0   0  0  2  0  0     0
MatZeroEntries         4 1.0 1.9121e-03 1.7 0.00e+00 0.0 0.0e+00 0.0e+00 0.0e+00  0  0  0  0  0   0  0  0  0  0     0
MatAXPY                3 1.0 2.7819e-03 1.0 6.09e+04 1.1 0.0e+00 0.0e+00 0.0e+00  0  0  0  0  0   0  0  0  0  0    83
MatFDColorCreate       1 1.0 7.1049e-05 1.3 0.00e+00 0.0 0.0e+00 0.0e+00 2.0e+00  0  0  0  0  0   0  0  0  0  0     0
MatFDColorSetUp        1 1.0 5.7017e-02 1.0 0.00e+00 0.0 0.0e+00 0.0e+00 4.3e+02  1  0  0  0 40   1  0  0  0 40     0
MatFDColorApply        1 1.0 1.1011e+00 1.0 4.24e+06 1.1 6.5e+02 6.4e+03 2.0e+00 15  1 14  6  0  15  1 14  6  0    15
MatFDColorFunc       108 1.0 1.0866e+00 1.0 0.00e+00 0.0 6.5e+02 6.4e+03 2.0e+00 15  0 14  6  0  15  0 14  6  0     0
MatTranspose           6 1.0 4.0371e-03 1.3 0.00e+00 0.0 0.0e+00 0.0e+00 0.0e+00  0  0  0  0  0   0  0  0  0  0     0
MatMatMult             3 1.0 3.1139e-02 1.0 8.24e+06 1.1 1.1e+02 3.5e+03 2.4e+01  0  1  2  1  2   0  1  2  1  2   997
MatMatMultSym          3 1.0 2.2740e-02 1.0 0.00e+00 0.0 8.7e+01 2.7e+03 2.4e+01  0  0  2  0  2   0  0  2  0  2     0
MatMatMultNum          3 1.0 8.3840e-03 1.0 8.24e+06 1.1 2.0e+01 7.0e+03 0.0e+00  0  1  0  0  0   0  1  0  0  0  3704
MatPtAP                3 1.0 9.3784e-02 1.0 3.96e+07 1.1 1.7e+02 8.3e+03 3.3e+01  1  5  4  2  3   1  5  4  2  3  1613
MatPtAPSymbolic        3 1.0 6.6736e-02 1.0 0.00e+00 0.0 1.1e+02 8.7e+03 2.1e+01  1  0  2  1  2   1  0  2  1  2     0
MatPtAPNumeric         3 1.0 2.7028e-02 1.0 3.96e+07 1.1 5.7e+01 7.5e+03 1.2e+01  0  5  1  1  1   0  5  1  1  1  5598
MatTrnMatMult          1 1.0 6.2717e-02 1.0 7.59e+06 1.1 3.6e+01 4.6e+04 1.1e+01  1  1  1  2  1   1  1  1  2  1   455
MatTrnMatMultSym       1 1.0 3.6294e-02 1.0 0.00e+00 0.0 1.8e+01 1.9e+04 7.0e+00  1  0  0  1  1   1  0  0  1  1     0
MatTrnMatMultNum       1 1.0 2.6412e-02 1.0 7.59e+06 1.1 1.8e+01 7.4e+04 4.0e+00  0  1  0  2  0   0  1  0  2  0  1080
MatGetLocalMat        10 1.0 2.9716e-03 1.1 0.00e+00 0.0 0.0e+00 0.0e+00 0.0e+00  0  0  0  0  0   0  0  0  0  0     0
MatGetBrAoCol          9 1.0 9.5272e-04 1.1 0.00e+00 0.0 1.4e+02 8.9e+03 0.0e+00  0  0  3  2  0   0  0  3  2  0     0
MatColoringApply       1 1.0 1.1539e-01 1.0 0.00e+00 0.0 3.0e+00 4.0e+00 3.0e+00  2  0  0  0  0   2  0  0  0  0     0
VecDot                 1 1.0 4.3917e-04 1.5 3.46e+05 1.0 0.0e+00 0.0e+00 1.0e+00  0  0  0  0  0   0  0  0  0  0  3066
VecMDot               70 1.0 1.4340e-02 1.9 2.35e+07 1.1 0.0e+00 0.0e+00 7.0e+01  0  3  0  0  7   0  3  0  0  7  6345
VecTDot               29 1.0 1.6924e-02 2.0 1.00e+07 1.0 0.0e+00 0.0e+00 2.9e+01  0  1  0  0  3   0  1  0  0  3  2307
VecNorm               81 1.0 4.3465e-02 7.4 6.08e+06 1.0 0.0e+00 0.0e+00 8.1e+01  0  1  0  0  8   0  1  0  0  8   543
VecScale             226 1.0 1.0002e-03 1.0 2.35e+06 1.1 0.0e+00 0.0e+00 0.0e+00  0  0  0  0  0   0  0  0  0  0  9098
VecCopy              270 1.0 7.6389e-03 1.3 0.00e+00 0.0 0.0e+00 0.0e+00 0.0e+00  0  0  0  0  0   0  0  0  0  0     0
VecSet              1075 1.0 7.7426e-02 1.1 0.00e+00 0.0 0.0e+00 0.0e+00 0.0e+00  1  0  0  0  0   1  0  0  0  0     0
VecAXPY              160 1.0 1.1268e-02 1.1 2.02e+07 1.1 0.0e+00 0.0e+00 0.0e+00  0  3  0  0  0   0  3  0  0  0  6954
VecAYPX              403 1.0 2.5929e-02 1.1 3.29e+07 1.0 0.0e+00 0.0e+00 0.0e+00  0  5  0  0  0   0  5  0  0  0  4926
VecAXPBYCZ           150 1.0 1.7821e-02 1.1 5.49e+07 1.0 0.0e+00 0.0e+00 0.0e+00  0  8  0  0  0   0  8  0  0  0 11981
VecWAXPY               2 1.0 4.6706e-04 1.1 3.46e+05 1.0 0.0e+00 0.0e+00 0.0e+00  0  0  0  0  0   0  0  0  0  0  2883
VecMAXPY              77 1.0 6.7170e-03 1.1 2.78e+07 1.1 0.0e+00 0.0e+00 0.0e+00  0  4  0  0  0   0  4  0  0  0 16010
VecAssemblyBegin      35 1.0 7.0763e-04 1.7 0.00e+00 0.0 0.0e+00 0.0e+00 0.0e+00  0  0  0  0  0   0  0  0  0  0     0
VecAssemblyEnd        35 1.0 3.2425e-05 1.5 0.00e+00 0.0 0.0e+00 0.0e+00 0.0e+00  0  0  0  0  0   0  0  0  0  0     0
VecPointwiseMult     167 1.0 3.6795e-02 1.1 2.45e+07 1.0 0.0e+00 0.0e+00 0.0e+00  0  3  0  0  0   0  3  0  0  0  2605
VecScatterBegin      369 1.0 1.6837e-03 1.7 0.00e+00 0.0 2.3e+03 1.9e+03 0.0e+00  0  0 49  6  0   0  0 49  6  0     0
VecScatterEnd        369 1.0 1.7348e-0211.8 0.00e+00 0.0 0.0e+00 0.0e+00 0.0e+00  0  0  0  0  0   0  0  0  0  0     0
VecSetRandom           3 1.0 5.4383e-04 1.1 0.00e+00 0.0 0.0e+00 0.0e+00 0.0e+00  0  0  0  0  0   0  0  0  0  0     0
VecReduceArith         2 1.0 6.2966e-04 1.0 6.91e+05 1.0 0.0e+00 0.0e+00 0.0e+00  0  0  0  0  0   0  0  0  0  0  4277
VecReduceComm          1 1.0 6.9141e-0517.1 0.00e+00 0.0 0.0e+00 0.0e+00 1.0e+00  0  0  0  0  0   0  0  0  0  0     0
VecNormalize          77 1.0 6.7804e-03 1.2 7.04e+06 1.1 0.0e+00 0.0e+00 7.7e+01  0  1  0  0  7   0  1  0  0  7  4026
SNESSolve              1 1.0 4.1978e+00 1.0 7.10e+08 1.1 4.4e+03 8.2e+03 9.5e+02 58 98 94 53 88  58 98 94 53 89   648
SNESSetUp              1 1.0 1.5974e-05 1.2 0.00e+00 0.0 0.0e+00 0.0e+00 0.0e+00  0  0  0  0  0   0  0  0  0  0     0
SNESFunctionEval     110 1.0 1.6041e+00 1.0 3.39e+07 1.2 6.6e+02 6.8e+03 1.7e+01 22  5 14  7  2  22  5 14  7  2    78
SNESJacobianEval       1 1.0 1.2732e+00 1.0 4.24e+06 1.1 6.6e+02 6.4e+03 4.4e+02 18  1 14  6 41  18  1 14  6 41    13
SNESLineSearch         1 1.0 2.6218e-01 1.0 1.91e+07 1.1 1.2e+01 2.9e+04 4.0e+00  4  3  0  1  0   4  3  0  1  0   272
KSPSetUp              15 1.0 5.4109e-03 1.1 0.00e+00 0.0 0.0e+00 0.0e+00 8.0e+00  0  0  0  0  1   0  0  0  0  1     0
KSPSolve               1 1.0 2.3886e+00 1.0 6.73e+08 1.1 3.7e+03 8.4e+03 4.9e+02 33 93 80 46 46  33 93 80 46 46  1075
KSPGMRESOrthog        70 1.0 1.9902e-02 1.5 4.70e+07 1.1 0.0e+00 0.0e+00 7.0e+01  0  7  0  0  7   0  7  0  0  7  9144
PCGAMGGraph_AGG        3 1.0 1.2657e-01 1.0 1.53e+06 1.1 8.0e+01 3.9e+02 4.8e+01  2  0  2  0  4   2  0  2  0  4    45
PCGAMGCoarse_AGG       3 1.0 6.5274e-02 1.0 7.59e+06 1.1 1.7e+02 1.1e+04 2.0e+01  1  1  4  3  2   1  1  4  3  2   437
PCGAMGProl_AGG         3 1.0 7.2920e-03 1.0 0.00e+00 0.0 2.4e+02 1.6e+03 8.4e+01  0  0  5  1  8   0  0  5  1  8     0
PCGAMGPOpt_AGG         3 1.0 5.3310e-02 1.0 4.18e+07 1.1 3.1e+02 2.7e+03 1.1e+02  1  6  7  1 10   1  6  7  1 10  2957
GAMG: createProl       3 1.0 2.5251e-01 1.0 5.09e+07 1.1 7.9e+02 3.9e+03 2.6e+02  4  7 17  5 24   4  7 17  5 25   760
  Graph                6 1.0 1.2645e-01 1.0 1.53e+06 1.1 8.0e+01 3.9e+02 4.8e+01  2  0  2  0  4   2  0  2  0  4    45
  MIS/Agg              3 1.0 8.5688e-04 1.0 0.00e+00 0.0 1.0e+02 7.0e+02 5.0e+00  0  0  2  0  0   0  0  2  0  0     0
  SA: col data         3 1.0 2.4660e-03 1.0 0.00e+00 0.0 2.0e+02 1.4e+03 6.0e+01  0  0  4  0  6   0  0  4  0  6     0
  SA: frmProl0         3 1.0 4.4398e-03 1.0 0.00e+00 0.0 3.6e+01 2.3e+03 1.2e+01  0  0  1  0  1   0  0  1  0  1     0
  SA: smooth           3 1.0 3.5446e-02 1.0 8.72e+06 1.1 1.1e+02 3.5e+03 3.0e+01  0  1  2  1  3   0  1  2  1  3   928
GAMG: partLevel        3 1.0 9.4625e-02 1.0 3.96e+07 1.1 2.1e+02 6.9e+03 8.1e+01  1  5  4  2  8   1  5  4  2  8  1599
  repartition          1 1.0 8.0419e-04 1.0 0.00e+00 0.0 3.6e+01 1.4e+02 4.8e+01  0  0  1  0  4   0  0  1  0  4     0
  Invert-Sort          1 1.0 5.3883e-05 1.2 0.00e+00 0.0 0.0e+00 0.0e+00 6.0e+00  0  0  0  0  1   0  0  0  0  1     0
  Move A               1 1.0 2.8920e-04 1.0 0.00e+00 0.0 1.5e+01 2.6e+02 1.3e+01  0  0  0  0  1   0  0  0  0  1     0
  Move P               1 1.0 2.8300e-04 1.0 0.00e+00 0.0 4.5e+00 3.3e+01 1.4e+01  0  0  0  0  1   0  0  0  0  1     0
PCSetUp                2 1.0 3.6082e-01 1.0 9.09e+07 1.1 1.0e+03 4.7e+03 3.8e+02  5 12 22  7 35   5 12 22  7 35   956
PCSetUpOnBlocks       15 1.0 1.5783e-04 1.2 3.21e+03 0.0 0.0e+00 0.0e+00 0.0e+00  0  0  0  0  0   0  0  0  0  0    20
PCApply               15 1.0 1.8421e+00 1.0 5.58e+08 1.1 2.6e+03 9.1e+03 8.6e+01 26 77 56 36  8  26 77 56 36  8  1156
------------------------------------------------------------------------------------------------------------------------

Memory usage is given in bytes:

Object Type          Creations   Destructions     Memory  Descendants' Mem.
Reports information only for process 0.

--- Event Stage 0: Main Stage

           Container    21             21        12096     0.
    Distributed Mesh    77             77       396656     0.
            DM Label   127            127        80264     0.
    GraphPartitioner    25             25        16800     0.
          Quadrature   224            224       132608     0.
           Index Set   533            533      3247468     0.
   IS L to G Mapping     2              2      1194440     0.
             Section   157            157       113040     0.
   Star Forest Graph   198            198       183040     0.
     Discrete System   100            100        92808     0.
              Matrix   117            117     96047196     0.
  Matrix FD Coloring     1              1     26908968     0.
     Matrix Coloring     1              1          648     0.
      Matrix Coarsen     3              3         1908     0.
         Vec Scatter    20             20        16000     0.
              Vector   282            282     68324144     0.
        Linear Space     3              3         2040     0.
          Dual Space    12             12         9312     0.
            FE Space     3              3         2316     0.
                SNES     2              2         2804     0.
              DMSNES     2              2         1344     0.
      SNESLineSearch     1              1         1000     0.
       Krylov Solver    17             17       227936     0.
     DMKSP interface     1              1          656     0.
      Preconditioner    12             12        12268     0.
       Field over DM     1              1          704     0.
         PetscRandom     6              6         3876     0.
              Viewer     1              0            0     0.
========================================================================================================================
Average time to get PetscTime(): 0.
Average time for MPI_Barrier(): 1.00136e-06
Average time for zero size MPI_Send(): 3.27826e-06
#PETSc Option Table entries:
-boundary mms
-degree 2
-E 1e6
-forcing mms
-log_view
-mesh ./meshes/cylinder8_31280e_4ss_us.exo
-nu .3
#End of PETSc Option Table entries
Compiled without FORTRAN kernels
Compiled with full precision matrices (default)
sizeof(short) 2 sizeof(int) 4 sizeof(long) 8 sizeof(void*) 8 sizeof(PetscScalar) 8 sizeof(PetscInt) 4
Configure options: --with-cc=gcc --with-cxx=g++ --with-fc=gfortran --with-valgrind-dir=/curc/sw/valgrind/3.11.0 --download-make --download-cmake --download-mpich --download-fblaslapack --download-parmetis --download-metis --download-zlib --download-hdf5 --download-netcdf --download-pnetcdf --download-exodusii COPTFLAGS="-O3 -march=native" FOPTFLAGS="-O3 -march=native" CXXOPTFLAGS="-O3 -march=native" --with-debugging=0 --with-shared-libraries=1 --prefix=/projects/arme5062/software/petsc/local
-----------------------------------------
Libraries compiled on 2020-03-04 05:38:54 on shas0137 
Machine characteristics: Linux-3.10.0-957.21.3.el7.x86_64-x86_64-with-redhat-7.4-Maipo
Using PETSc directory: /projects/arme5062/software/petsc/local
Using PETSc arch: 
-----------------------------------------

Using C compiler: /projects/arme5062/software/petsc/local/bin/mpicc  -Wall -Wwrite-strings -Wno-strict-aliasing -Wno-unknown-pragmas -fstack-protector -fvisibility=hidden -O3 -march=native  
Using Fortran compiler: /projects/arme5062/software/petsc/local/bin/mpif90  -Wall -ffree-line-length-0 -Wno-unused-dummy-argument -O3 -march=native   
-----------------------------------------

Using include paths: -I/projects/arme5062/software/petsc/local/include -I/curc/sw/valgrind/3.11.0/include
-----------------------------------------

Using C linker: /projects/arme5062/software/petsc/local/bin/mpicc
Using Fortran linker: /projects/arme5062/software/petsc/local/bin/mpif90
Using libraries: -Wl,-rpath,/projects/arme5062/software/petsc/local/lib -L/projects/arme5062/software/petsc/local/lib -lpetsc -Wl,-rpath,/projects/arme5062/software/petsc/local/lib -L/projects/arme5062/software/petsc/local/lib -Wl,-rpath,/usr/lib/gcc/x86_64-redhat-linux/4.8.5 -L/usr/lib/gcc/x86_64-redhat-linux/4.8.5 -lflapack -lfblas -lpthread -lexodus -lnetcdf -lpnetcdf -lhdf5hl_fortran -lhdf5_fortran -lhdf5_hl -lhdf5 -lparmetis -lmetis -lm -lz -lX11 -lstdc++ -ldl -lmpifort -lmpi -lgfortran -lm -lgfortran -lm -lgcc_s -lquadmath -lstdc++ -ldl
-----------------------------------------

