
-- Elastisticy Example - libCEED + PETSc --
  libCEED:
    libCEED Backend                    : /cpu/self/xsmm/blocked
  Problem:
    Problem Name                       : Linear elasticity
    Forcing Function                   : Manufactured solution
    Boundary Condition                 : Manufactured solution
  Mesh:
    File                               : ./meshes/cylinder8_31280e_4ss_us.exo
    Number of 1D Basis Nodes (p)       : 5
    Number of 1D Quadrature Points (q) : 5
    Global nodes                       : 1898424
    Owned nodes                        : 147107
    DoF per node                       : 3
  Multigrid:
    Type                               : P-multigrid, logarithmic coarsening
    Number of Levels                   : 3
    Level 0 (coarse):
      Number of 1D Basis Nodes (p)     : 2
      Global Nodes                     : 24852
      Owned Nodes                      : 1784
    Level 2 (fine):
      Number of 1D Basis Nodes (p)     : 5
      Global Nodes                     : 1898424
      Owned Nodes                      : 147107
  SNES:
    SNES Type                          : newtonls
    SNES Convergence                   : CONVERGED_FNORM_RELATIVE
    Total SNES Iterations              : 1
    Final rnorm                        : 7.566846e-04
  Linear Solver:
    KSP Type                           : cg
  P-Multigrid:
    PCMG Type                          : MULTIPLICATIVE
    PCMG Cycle Type                    : v
    Coarse Solve:
      KSP Type                         : preonly
      PC Type                          : gamg
  Performance:
    SNES Solve Time                    : 12.3903 (12.3903) sec
    L2 Error                           : 1.303962e-08
************************************************************************************************************************
***             WIDEN YOUR WINDOW TO 120 CHARACTERS.  Use 'enscript -r -fCourier9' to print this document            ***
************************************************************************************************************************

---------------------------------------------- PETSc Performance Summary: ----------------------------------------------

./elasticity on a  named shas0135.rc.int.colorado.edu with 12 processors, by arme5062 Mon Mar  9 10:11:18 2020
Using Petsc Development GIT revision: v3.12.4-787-gcc5957f  GIT Date: 2020-02-26 21:52:32 -0500

                         Max       Max/Min     Avg       Total 
Time (sec):           1.553e+01     1.000   1.553e+01
Objects:              2.865e+03     1.045   2.780e+03
Flop:                 1.881e+09     1.059   1.845e+09  2.214e+10
Flop/sec:             1.211e+08     1.059   1.188e+08  1.425e+09
MPI Messages:         5.676e+03     1.714   4.512e+03  5.415e+04
MPI Message Lengths:  5.315e+07     1.533   9.934e+03  5.379e+08
MPI Reductions:       1.189e+03     1.000

Flop counting convention: 1 flop = 1 real number operation of type (multiply/divide/add/subtract)
                            e.g., VecAXPY() for real vectors of length N --> 2N flop
                            and VecAXPY() for complex vectors of length N --> 8N flop

Summary of Stages:   ----- Time ------  ----- Flop ------  --- Messages ---  -- Message Lengths --  -- Reductions --
                        Avg     %Total     Avg     %Total    Count   %Total     Avg         %Total    Count   %Total 
 0:      Main Stage: 2.9011e+00  18.7%  1.1313e+10  51.1%  1.944e+03   3.6%  1.872e+04        6.8%  1.290e+02  10.8% 
 1: Stage 1 of Code: 1.2630e+01  81.3%  1.0824e+10  48.9%  5.221e+04  96.4%  9.607e+03       93.2%  1.053e+03  88.6% 

------------------------------------------------------------------------------------------------------------------------
See the 'Profiling' chapter of the users' manual for details on interpreting output.
Phase summary info:
   Count: number of times phase was executed
   Time and Flop: Max - maximum over all processors
                  Ratio - ratio of maximum to minimum over all processors
   Mess: number of messages sent
   AvgLen: average message length (bytes)
   Reduct: number of global reductions
   Global: entire computation
   Stage: stages of a computation. Set stages with PetscLogStagePush() and PetscLogStagePop().
      %T - percent time in this phase         %F - percent flop in this phase
      %M - percent messages in this phase     %L - percent message lengths in this phase
      %R - percent reductions in this phase
   Total Mflop/s: 10e-6 * (sum of flop over all processors)/(max time over all processors)
------------------------------------------------------------------------------------------------------------------------
Event                Count      Time (sec)     Flop                              --- Global ---  --- Stage ----  Total
                   Max Ratio  Max     Ratio   Max  Ratio  Mess   AvgLen  Reduct  %T %F %M %L %R  %T %F %M %L %R Mflop/s
------------------------------------------------------------------------------------------------------------------------

--- Event Stage 0: Main Stage

BuildTwoSided         20 1.0 3.6342e-03 4.6 0.00e+00 0.0 2.3e+02 4.0e+00 0.0e+00  0  0  0  0  0   0  0 12  0  0     0
DMPlexCrFromFile       1 1.0 3.9870e-01 1.2 0.00e+00 0.0 0.0e+00 0.0e+00 5.0e+00  2  0  0  0  0  12  0  0  0  4     0
Mesh Partition         1 1.0 1.3520e-01 1.8 0.00e+00 0.0 4.4e+01 9.9e+04 9.0e+00  1  0  0  1  1   4  0  2 12  7     0
Mesh Migration         1 1.0 4.4106e-02 1.0 0.00e+00 0.0 3.0e+02 7.6e+04 2.4e+01  0  0  1  4  2   2  0 16 64 19     0
DMPlexPartSelf         1 1.0 4.2216e-027082.7 0.00e+00 0.0 0.0e+00 0.0e+00 0.0e+00  0  0  0  0  0   0  0  0  0  0     0
DMPlexPartLblInv       1 1.0 4.4598e-0220.5 0.00e+00 0.0 0.0e+00 0.0e+00 3.0e+00  0  0  0  0  0   1  0  0  3  2     0
DMPlexPartLblSF        1 1.0 3.2330e-03 1.2 0.00e+00 0.0 1.6e+01 6.5e+04 0.0e+00  0  0  0  0  0   0  0  1  3  0     0
DMPlexPartStrtSF       1 1.0 7.8487e-04 1.1 0.00e+00 0.0 1.1e+01 9.7e+04 0.0e+00  0  0  0  0  0   0  0  1  3  0     0
DMPlexPointSF          1 1.0 1.4894e-02 1.0 0.00e+00 0.0 2.2e+01 2.4e+05 0.0e+00  0  0  0  1  0   1  0  1 15  0     0
DMPlexInterp          13 1.0 2.2282e-01 1.0 0.00e+00 0.0 0.0e+00 0.0e+00 1.7e+01  1  0  0  0  1   7  0  0  0 13     0
DMPlexDistribute       1 1.0 1.9428e-01 1.4 0.00e+00 0.0 3.7e+02 8.9e+04 3.3e+01  1  0  1  6  3   7  0 19 90 26     0
DMPlexDistCones        1 1.0 9.9070e-03 1.0 0.00e+00 0.0 6.0e+01 1.9e+05 1.0e+00  0  0  0  2  0   0  0  3 31  1     0
DMPlexDistLabels       1 1.0 1.0262e-02 1.0 0.00e+00 0.0 1.5e+02 4.6e+04 2.1e+01  0  0  0  1  2   0  0  8 19 16     0
DMPlexDistField        1 1.0 2.0806e-02 1.0 0.00e+00 0.0 7.2e+01 4.1e+04 1.0e+00  0  0  0  1  0   1  0  4  8  1     0
DMPlexStratify        25 1.0 2.2644e-0117.7 0.00e+00 0.0 0.0e+00 0.0e+00 2.5e+01  1  0  0  0  2   7  0  0  0 19     0
DMPlexSymmetrize      25 1.0 2.5380e-0222.1 0.00e+00 0.0 0.0e+00 0.0e+00 0.0e+00  0  0  0  0  0   0  0  0  0  0     0
SFSetGraph            21 1.0 6.7329e-04 1.3 0.00e+00 0.0 0.0e+00 0.0e+00 0.0e+00  0  0  0  0  0   0  0  0  0  0     0
SFSetUp               20 1.0 2.1159e-02 1.3 0.00e+00 0.0 7.0e+02 9.7e+03 0.0e+00  0  0  1  1  0   1  0 36 19  0     0
SFBcastOpBegin        46 1.0 6.3355e-0338.5 0.00e+00 0.0 9.8e+02 2.3e+04 0.0e+00  0  0  2  4  0   0  0 50 62  0     0
SFBcastOpEnd          46 1.0 4.1851e-0216.5 0.00e+00 0.0 0.0e+00 0.0e+00 0.0e+00  0  0  0  0  0   1  0  0  0  0     0
SFReduceBegin          8 1.0 3.1459e-03 1.4 0.00e+00 0.0 2.2e+02 2.1e+04 0.0e+00  0  0  0  1  0   0  0 11 13  0     0
SFReduceEnd            7 1.0 1.2864e-02 4.0 0.00e+00 0.0 0.0e+00 0.0e+00 0.0e+00  0  0  0  0  0   0  0  0  0  0     0
SFFetchOpBegin         1 1.0 4.0531e-06 4.2 0.00e+00 0.0 3.0e+01 1.8e+03 0.0e+00  0  0  0  0  0   0  0  2  0  0     0
SFFetchOpEnd           1 1.0 7.5102e-05 3.0 0.00e+00 0.0 3.0e+01 1.8e+03 0.0e+00  0  0  0  0  0   0  0  2  0  0     0
SFCreateEmbed          1 1.0 1.9334e-0234.5 0.00e+00 0.0 1.1e+01 9.7e+04 0.0e+00  0  0  0  0  0   0  0  1  3  0     0
SFDistSection         11 1.0 3.1812e-02 1.2 0.00e+00 0.0 6.3e+02 1.7e+04 1.1e+01  0  0  1  2  1   1  0 32 30  9     0
SFSectionSF           11 1.0 7.2258e-03 1.7 0.00e+00 0.0 3.5e+02 1.1e+04 0.0e+00  0  0  1  1  0   0  0 18 10  0     0
VecNorm                1 1.0 2.0411e-03 1.9 9.77e+05 1.1 0.0e+00 0.0e+00 1.0e+00  0  0  0  0  0   0  0  0  0  1  5581
VecSet                32 1.0 1.1547e-02 1.1 0.00e+00 0.0 0.0e+00 0.0e+00 0.0e+00  0  0  0  0  0   0  0  0  0  0     0
VecWAXPY               1 1.0 3.0630e-03 1.1 4.88e+05 1.1 0.0e+00 0.0e+00 0.0e+00  0  0  0  0  0   0  0  0  0  0  1859

--- Event Stage 1: Stage 1 of Code

PetscBarrier           2 1.0 3.1809e-02 1.1 0.00e+00 0.0 0.0e+00 0.0e+00 2.0e+00  0  0  0  0  0   0  0  0  0  0     0
BuildTwoSided         32 1.0 4.3788e-03 3.4 0.00e+00 0.0 5.9e+02 4.0e+00 0.0e+00  0  0  1  0  0   0  0  1  0  0     0
BuildTwoSidedF        59 1.0 2.0780e-0210.6 0.00e+00 0.0 4.1e+02 1.4e+04 0.0e+00  0  0  1  1  0   0  0  1  1  0     0
DMCreateMat            1 1.0 1.9946e-01 1.0 0.00e+00 0.0 6.0e+02 2.4e+04 1.3e+01  1  0  1  3  1   2  0  1  3  1     0
DMPlexInterp           4 1.0 3.0613e-04 1.1 0.00e+00 0.0 0.0e+00 0.0e+00 5.0e+00  0  0  0  0  0   0  0  0  0  0     0
DMPlexStratify         7 1.0 1.8001e-04 1.1 0.00e+00 0.0 0.0e+00 0.0e+00 7.0e+00  0  0  0  0  1   0  0  0  0  1     0
DMPlexSymmetrize       7 1.0 9.7752e-06 1.5 0.00e+00 0.0 0.0e+00 0.0e+00 0.0e+00  0  0  0  0  0   0  0  0  0  0     0
DMPlexPrealloc         1 1.0 1.9852e-01 1.0 0.00e+00 0.0 6.0e+02 2.4e+04 1.1e+01  1  0  1  3  1   2  0  1  3  1     0
SFSetGraph            34 1.0 3.8385e-05 1.8 0.00e+00 0.0 0.0e+00 0.0e+00 0.0e+00  0  0  0  0  0   0  0  0  0  0     0
SFSetUp               32 1.0 7.2424e-03 1.2 0.00e+00 0.0 1.8e+03 2.9e+03 0.0e+00  0  0  3  1  0   0  0  3  1  0     0
SFBcastOpBegin       858 1.0 3.6855e-01 1.3 0.00e+00 0.0 3.2e+04 7.6e+03 0.0e+00  2  0 60 46  0   3  0 62 49  0     0
SFBcastOpEnd         858 1.0 1.3930e+00 3.9 0.00e+00 0.0 0.0e+00 0.0e+00 0.0e+00  4  0  0  0  0   5  0  0  0  0     0
SFReduceBegin        519 1.0 4.4103e-01 1.9 0.00e+00 0.0 1.6e+04 1.5e+04 0.0e+00  3  0 29 44  0   3  0 30 47  0     0
SFReduceEnd          518 1.0 9.7047e-01 3.2 0.00e+00 0.0 0.0e+00 0.0e+00 0.0e+00  4  0  0  0  0   5  0  0  0  0     0
SFFetchOpBegin         1 1.0 3.4809e-05 4.4 0.00e+00 0.0 3.0e+01 5.1e+04 0.0e+00  0  0  0  0  0   0  0  0  0  0     0
SFFetchOpEnd           1 1.0 2.4221e-0323.7 0.00e+00 0.0 3.0e+01 5.1e+04 0.0e+00  0  0  0  0  0   0  0  0  0  0     0
SFCreateEmbed          2 1.0 9.0919e-0322.6 0.00e+00 0.0 6.0e+01 1.6e+03 0.0e+00  0  0  0  0  0   0  0  0  0  0     0
SFSectionSF            2 1.0 1.4431e-03 1.1 0.00e+00 0.0 9.0e+01 1.8e+04 0.0e+00  0  0  0  0  0   0  0  0  0  0     0
SFRemoteOff            2 1.0 9.5298e-0314.0 0.00e+00 0.0 1.2e+02 1.6e+03 0.0e+00  0  0  0  0  0   0  0  0  0  0     0
MatMult              593 1.0 7.1736e+00 1.0 1.02e+08 1.3 3.2e+04 1.3e+04 0.0e+00 46  5 60 78  0  56 10 62 83  0   157
MatMultAdd            95 1.0 4.1976e-01 1.0 3.54e+07 1.1 4.3e+03 7.4e+03 0.0e+00  3  2  8  6  0   3  4  8  6  0   983
MatMultTranspose      98 1.0 4.1918e-01 1.5 1.59e+07 1.1 4.4e+03 7.8e+03 0.0e+00  2  1  8  6  0   3  2  8  7  0   440
MatSolve              19 0.0 4.8637e-05 0.0 8.26e+03 0.0 0.0e+00 0.0e+00 0.0e+00  0  0  0  0  0   0  0  0  0  0   170
MatSOR               261 1.0 1.5252e-01 1.2 7.68e+07 1.3 0.0e+00 0.0e+00 0.0e+00  1  4  0  0  0   1  8  0  0  0  5519
MatLUFactorSym         1 1.0 2.5988e-05 1.8 0.00e+00 0.0 0.0e+00 0.0e+00 0.0e+00  0  0  0  0  0   0  0  0  0  0     0
MatLUFactorNum         1 1.0 1.3828e-05 3.4 2.14e+03 0.0 0.0e+00 0.0e+00 0.0e+00  0  0  0  0  0   0  0  0  0  0   155
MatScale               9 1.0 4.0698e-04 1.1 2.53e+05 1.2 1.5e+02 3.4e+02 0.0e+00  0  0  0  0  0   0  0  0  0  0  6867
MatResidual           95 1.0 1.0014e+00 1.0 2.83e+07 1.2 5.1e+03 1.1e+04 0.0e+00  6  1  9 10  0   8  3 10 11  0   318
MatAssemblyBegin      78 1.0 2.1961e-02 6.3 0.00e+00 0.0 4.1e+02 1.4e+04 0.0e+00  0  0  1  1  0   0  0  1  1  0     0
MatAssemblyEnd        78 1.0 2.2492e-02 1.1 2.88e+04 1.9 1.3e+03 1.5e+02 8.4e+01  0  0  2  0  7   0  0  2  0  8    12
MatGetRowIJ            2 2.0 1.0608e-02 1.2 0.00e+00 0.0 0.0e+00 0.0e+00 0.0e+00  0  0  0  0  0   0  0  0  0  0     0
MatCreateSubMat        4 1.0 1.7540e-03 1.0 0.00e+00 0.0 1.5e+02 8.9e+02 4.8e+01  0  0  0  0  4   0  0  0  0  5     0
MatGetOrdering         1 0.0 4.1008e-05 0.0 0.00e+00 0.0 0.0e+00 0.0e+00 0.0e+00  0  0  0  0  0   0  0  0  0  0     0
MatCoarsen             3 1.0 6.8903e-04 1.1 0.00e+00 0.0 9.5e+02 3.1e+02 9.0e+00  0  0  2  0  1   0  0  2  0  1     0
MatZeroEntries         4 1.0 9.3031e-04 2.4 0.00e+00 0.0 0.0e+00 0.0e+00 0.0e+00  0  0  0  0  0   0  0  0  0  0     0
MatAXPY                3 1.0 1.2758e-03 1.1 2.10e+04 1.3 0.0e+00 0.0e+00 0.0e+00  0  0  0  0  0   0  0  0  0  0   181
MatFDColorCreate       1 1.0 7.7009e-05 1.5 0.00e+00 0.0 0.0e+00 0.0e+00 2.0e+00  0  0  0  0  0   0  0  0  0  0     0
MatFDColorSetUp        1 1.0 2.3389e-02 1.1 0.00e+00 0.0 0.0e+00 0.0e+00 4.2e+02  0  0  0  0 35   0  0  0  0 40     0
MatFDColorApply        1 1.0 1.1407e+00 1.0 1.42e+06 1.3 6.3e+03 1.9e+03 2.0e+00  7  0 12  2  0   9  0 12  2  0    14
MatFDColorFunc       105 1.0 1.1340e+00 1.0 0.00e+00 0.0 6.3e+03 1.9e+03 2.0e+00  7  0 12  2  0   9  0 12  2  0     0
MatTranspose           6 1.0 1.2412e-03 2.0 0.00e+00 0.0 0.0e+00 0.0e+00 0.0e+00  0  0  0  0  0   0  0  0  0  0     0
MatMatMult             3 1.0 1.3498e-02 1.0 2.85e+06 1.3 7.9e+02 1.5e+03 2.4e+01  0  0  1  0  2   0  0  2  0  2  2306
MatMatMultSym          3 1.0 1.0203e-02 1.0 0.00e+00 0.0 6.4e+02 1.2e+03 2.4e+01  0  0  1  0  2   0  0  1  0  2     0
MatMatMultNum          3 1.0 3.2778e-03 1.0 2.85e+06 1.3 1.5e+02 3.1e+03 0.0e+00  0  0  0  0  0   0  0  0  0  0  9494
MatPtAP                3 1.0 3.8724e-02 1.0 1.43e+07 1.3 1.3e+03 3.8e+03 3.3e+01  0  1  2  1  3   0  1  2  1  3  4044
MatPtAPSymbolic        3 1.0 2.6390e-02 1.0 0.00e+00 0.0 8.5e+02 3.9e+03 2.1e+01  0  0  2  1  2   0  0  2  1  2     0
MatPtAPNumeric         3 1.0 1.2321e-02 1.0 1.43e+07 1.3 4.4e+02 3.5e+03 1.2e+01  0  1  1  0  1   0  1  1  0  1 12709
MatTrnMatMult          1 1.0 2.7157e-02 1.0 2.65e+06 1.3 3.6e+02 1.4e+04 1.1e+01  0  0  1  1  1   0  0  1  1  1  1059
MatTrnMatMultSym       1 1.0 1.3691e-02 1.0 0.00e+00 0.0 1.8e+02 5.9e+03 7.0e+00  0  0  0  0  1   0  0  0  0  1     0
MatTrnMatMultNum       1 1.0 1.3476e-02 1.0 2.65e+06 1.3 1.8e+02 2.3e+04 4.0e+00  0  0  0  1  0   0  0  0  1  0  2134
MatGetLocalMat        10 1.0 1.1208e-03 1.2 0.00e+00 0.0 0.0e+00 0.0e+00 0.0e+00  0  0  0  0  0   0  0  0  0  0     0
MatGetBrAoCol          9 1.0 1.1098e-03 1.3 0.00e+00 0.0 1.0e+03 4.0e+03 0.0e+00  0  0  2  1  0   0  0  2  1  0     0
MatColoringApply       1 1.0 1.2303e-01 1.0 0.00e+00 0.0 1.1e+01 4.0e+00 3.0e+00  1  0  0  0  0   1  0  0  0  0     0
VecDot                 1 1.0 5.0671e-03 2.9 9.77e+05 1.1 0.0e+00 0.0e+00 1.0e+00  0  0  0  0  0   0  0  0  0  0  2248
VecMDot               80 1.0 1.3646e-01 2.4 6.16e+07 1.1 0.0e+00 0.0e+00 8.0e+01  0  3  0  0  7   1  7  0  0  8  5258
VecTDot               37 1.0 2.6161e-01 5.2 3.61e+07 1.1 0.0e+00 0.0e+00 3.7e+01  1  2  0  0  3   1  4  0  0  4  1611
VecNorm               91 1.0 1.0735e-01 5.9 1.53e+07 1.1 0.0e+00 0.0e+00 9.1e+01  0  1  0  0  8   0  2  0  0  9  1655
VecScale             437 1.0 1.2301e-02 1.1 6.16e+06 1.1 0.0e+00 0.0e+00 0.0e+00  0  0  0  0  0   0  1  0  0  0  5833
VecCopy              327 1.0 5.9479e-02 1.1 0.00e+00 0.0 0.0e+00 0.0e+00 0.0e+00  0  0  0  0  0   0  0  0  0  0     0
VecSet              1731 1.0 1.0249e+00 1.5 0.00e+00 0.0 0.0e+00 0.0e+00 0.0e+00  6  0  0  0  0   7  0  0  0  0     0
VecAXPY              189 1.0 1.3545e-01 1.1 6.04e+07 1.1 0.0e+00 0.0e+00 0.0e+00  1  3  0  0  0   1  6  0  0  0  5194
VecAYPX              663 1.0 4.1260e-01 1.1 1.21e+08 1.1 0.0e+00 0.0e+00 0.0e+00  3  6  0  0  0   3 13  0  0  0  3430
VecAXPBYCZ           266 1.0 2.4430e-01 1.1 2.09e+08 1.1 0.0e+00 0.0e+00 0.0e+00  1 11  0  0  0   2 22  0  0  0  9966
VecWAXPY               1 1.0 3.0730e-03 1.1 4.88e+05 1.1 0.0e+00 0.0e+00 0.0e+00  0  0  0  0  0   0  0  0  0  0  1853
VecMAXPY              88 1.0 9.0257e-02 1.1 7.28e+07 1.1 0.0e+00 0.0e+00 0.0e+00  1  4  0  0  0   1  8  0  0  0  9395
VecAssemblyBegin      36 1.0 6.7210e-04 1.3 0.00e+00 0.0 0.0e+00 0.0e+00 0.0e+00  0  0  0  0  0   0  0  0  0  0     0
VecAssemblyEnd        36 1.0 3.4094e-05 1.6 0.00e+00 0.0 0.0e+00 0.0e+00 0.0e+00  0  0  0  0  0   0  0  0  0  0     0
VecPointwiseMult     363 1.0 5.3137e-01 1.3 9.34e+07 1.1 0.0e+00 0.0e+00 0.0e+00  3  5  0  0  0   4 10  0  0  0  2052
VecScatterBegin      442 1.0 3.6347e-03 1.5 0.00e+00 0.0 2.0e+04 8.3e+02 0.0e+00  0  0 37  3  0   0  0 38  3  0     0
VecScatterEnd        442 1.0 2.5270e-02 7.2 0.00e+00 0.0 0.0e+00 0.0e+00 0.0e+00  0  0  0  0  0   0  0  0  0  0     0
VecSetRandom           3 1.0 2.1005e-04 1.3 0.00e+00 0.0 0.0e+00 0.0e+00 0.0e+00  0  0  0  0  0   0  0  0  0  0     0
VecReduceArith         2 1.0 3.0730e-03 1.3 1.95e+06 1.1 0.0e+00 0.0e+00 0.0e+00  0  0  0  0  0   0  0  0  0  0  7413
VecReduceComm          1 1.0 1.5759e-03161.2 0.00e+00 0.0 0.0e+00 0.0e+00 1.0e+00  0  0  0  0  0   0  0  0  0  0     0
VecNormalize          88 1.0 9.5974e-02 3.6 1.85e+07 1.1 0.0e+00 0.0e+00 8.8e+01  0  1  0  0  7   0  2  0  0  8  2243
SNESSolve              1 1.0 1.2389e+01 1.0 9.39e+08 1.1 5.1e+04 9.4e+03 1.0e+03 80 49 95 90 86  98100 99 97 98   874
SNESSetUp              1 1.0 2.2888e-05 1.7 0.00e+00 0.0 0.0e+00 0.0e+00 0.0e+00  0  0  0  0  0   0  0  0  0  0     0
SNESFunctionEval     107 1.0 1.8535e+00 1.0 7.49e+07 1.3 6.5e+03 2.5e+03 1.7e+01 12  4 12  3  1  15  7 12  3  2   425
SNESJacobianEval       1 1.0 1.2861e+00 1.0 1.42e+06 1.3 6.4e+03 1.9e+03 4.3e+02  8  0 12  2 36  10  0 12  2 41    12
SNESLineSearch         1 1.0 4.0419e-01 1.0 4.35e+07 1.3 1.2e+02 3.6e+04 4.0e+00  3  2  0  1  0   3  4  0  1  0  1157
KSPSetUp              17 1.0 2.3059e-02 1.2 0.00e+00 0.0 0.0e+00 0.0e+00 1.0e+01  0  0  0  0  1   0  0  0  0  1     0
KSPSolve               1 1.0 1.0327e+01 1.0 8.57e+08 1.1 4.5e+04 1.0e+04 5.8e+02 66 45 83 87 49  82 92 86 93 55   961
KSPGMRESOrthog        80 1.0 2.0653e-01 1.6 1.23e+08 1.1 0.0e+00 0.0e+00 8.0e+01  1  6  0  0  7   1 13  0  0  8  6948
PCGAMGGraph_AGG        3 1.0 4.5620e-02 1.0 5.28e+05 1.3 5.8e+02 1.7e+02 4.8e+01  0  0  1  0  4   0  0  1  0  5   126
PCGAMGCoarse_AGG       3 1.0 2.8721e-02 1.0 2.65e+06 1.3 1.6e+03 3.6e+03 2.4e+01  0  0  3  1  2   0  0  3  1  2  1001
PCGAMGProl_AGG         3 1.0 4.2810e-03 1.0 0.00e+00 0.0 1.7e+03 7.2e+02 8.4e+01  0  0  3  0  7   0  0  3  0  8     0
PCGAMGPOpt_AGG         3 1.0 3.0714e-02 1.0 1.44e+07 1.3 2.2e+03 1.2e+03 1.1e+02  0  1  4  1  9   0  1  4  1 11  5144
GAMG: createProl       3 1.0 1.0947e-01 1.0 1.76e+07 1.3 6.1e+03 1.6e+03 2.7e+02  1  1 11  2 22   1  2 12  2 25  1759
  Graph                6 1.0 4.5429e-02 1.0 5.28e+05 1.3 5.8e+02 1.7e+02 4.8e+01  0  0  1  0  4   0  0  1  0  5   127
  MIS/Agg              3 1.0 7.1526e-04 1.1 0.00e+00 0.0 9.5e+02 3.1e+02 9.0e+00  0  0  2  0  1   0  0  2  0  1     0
  SA: col data         3 1.0 1.7090e-03 1.0 0.00e+00 0.0 1.5e+03 6.7e+02 6.0e+01  0  0  3  0  5   0  0  3  0  6     0
  SA: frmProl0         3 1.0 2.2414e-03 1.0 0.00e+00 0.0 2.3e+02 1.0e+03 1.2e+01  0  0  0  0  1   0  0  0  0  1     0
  SA: smooth           3 1.0 1.5810e-02 1.0 3.02e+06 1.3 7.9e+02 1.5e+03 3.0e+01  0  0  1  0  3   0  0  2  0  3  2087
GAMG: partLevel        3 1.0 4.1178e-02 1.0 1.43e+07 1.3 1.5e+03 3.3e+03 1.3e+02  0  1  3  1 11   0  1  3  1 12  3803
  repartition          2 1.0 2.4281e-03 1.0 0.00e+00 0.0 2.2e+02 6.5e+02 9.6e+01  0  0  0  0  8   0  0  0  0  9     0
  Invert-Sort          2 1.0 1.1897e-04 1.3 0.00e+00 0.0 0.0e+00 0.0e+00 1.2e+01  0  0  0  0  1   0  0  0  0  1     0
  Move A               2 1.0 1.0052e-03 1.0 0.00e+00 0.0 8.3e+01 1.6e+03 2.6e+01  0  0  0  0  2   0  0  0  0  2     0
  Move P               2 1.0 9.1505e-04 1.0 0.00e+00 0.0 6.8e+01 4.1e+01 2.8e+01  0  0  0  0  2   0  0  0  0  3     0
PCSetUp                2 1.0 1.9883e-01 1.0 3.31e+07 1.3 7.8e+03 2.3e+03 4.4e+02  1  2 14  3 37   2  3 15  4 41  1829
PCSetUpOnBlocks       19 1.0 1.3113e-04 1.5 2.14e+03 0.0 0.0e+00 0.0e+00 0.0e+00  0  0  0  0  0   0  0  0  0  0    16
PCApply               19 1.0 9.3251e+00 1.0 7.38e+08 1.1 3.6e+04 1.1e+04 1.1e+02 60 39 66 76  9  74 79 69 82 10   915
------------------------------------------------------------------------------------------------------------------------

Memory usage is given in bytes:

Object Type          Creations   Destructions     Memory  Descendants' Mem.
Reports information only for process 0.

--- Event Stage 0: Main Stage

           Container    21             27        15552     0.
    Distributed Mesh    79             92       473608     0.
            DM Label   137            153        96696     0.
    GraphPartitioner    25             29        19488     0.
          Quadrature   645            693       410256     0.
           Index Set   391            519      2385672     0.
   IS L to G Mapping     1              2      1116796     0.
             Section   163            183       131760     0.
    Section Symmetry     1              1          688     0.
   Star Forest Graph   177            202       185160     0.
     Discrete System   103            114       105804     0.
              Matrix    21             61      5952248     0.
  Matrix FD Coloring     0              1      7837020     0.
         Vec Scatter     0              7         5600     0.
              Vector    37            176    156273272     0.
        Linear Space     3              4         2720     0.
          Dual Space    12             16        12416     0.
            FE Space     3              4         3088     0.
                SNES     0              2         2804     0.
              DMSNES     0              2         1344     0.
      SNESLineSearch     0              1         1000     0.
       Krylov Solver     0             15       167104     0.
     DMKSP interface     0              1          656     0.
      Preconditioner     0             10        10716     0.
       Field over DM     0              1          704     0.
              Viewer     1              0            0     0.

--- Event Stage 1: Stage 1 of Code

           Container     6              0            0     0.
    Distributed Mesh    22              9        46296     0.
            DM Label    28             12         7584     0.
    GraphPartitioner     7              3         2016     0.
          Quadrature    54              6         3552     0.
           Index Set   305            177       428892     0.
   IS L to G Mapping     1              0            0     0.
             Section    39             19        13680     0.
   Star Forest Graph    75             50        47312     0.
     Discrete System    28             17        15776     0.
              Matrix   112             72     66374380     0.
  Matrix FD Coloring     1              0            0     0.
     Matrix Coloring     1              1          648     0.
      Matrix Coarsen     3              3         1908     0.
         Vec Scatter    23             16        12800     0.
              Vector   289            150     13264256     0.
        Linear Space     1              0            0     0.
          Dual Space     4              0            0     0.
            FE Space     1              0            0     0.
                SNES     2              0            0     0.
              DMSNES     2              0            0     0.
      SNESLineSearch     1              0            0     0.
       Krylov Solver    19              4        92816     0.
     DMKSP interface     1              0            0     0.
      Preconditioner    13              3         2568     0.
       Field over DM     1              0            0     0.
         PetscRandom     6              6         3876     0.
========================================================================================================================
Average time to get PetscTime(): 0.
Average time for MPI_Barrier(): 2.00272e-06
Average time for zero size MPI_Send(): 2.34445e-06
#PETSc Option Table entries:
-boundary mms
-degree 4
-E 1e6
-forcing mms
-log_view
-mesh ./meshes/cylinder8_31280e_4ss_us.exo
-nu .3
#End of PETSc Option Table entries
Compiled without FORTRAN kernels
Compiled with full precision matrices (default)
sizeof(short) 2 sizeof(int) 4 sizeof(long) 8 sizeof(void*) 8 sizeof(PetscScalar) 8 sizeof(PetscInt) 4
Configure options: --with-cc=gcc --with-cxx=g++ --with-fc=gfortran --with-valgrind-dir=/curc/sw/valgrind/3.11.0 --download-make --download-cmake --download-mpich --download-fblaslapack --download-parmetis --download-metis --download-zlib --download-hdf5 --download-netcdf --download-pnetcdf --download-exodusii COPTFLAGS="-O3 -march=native" FOPTFLAGS="-O3 -march=native" CXXOPTFLAGS="-O3 -march=native" --with-debugging=0 --with-shared-libraries=1 --prefix=/projects/arme5062/software/petsc/local
-----------------------------------------
Libraries compiled on 2020-03-04 05:38:54 on shas0137 
Machine characteristics: Linux-3.10.0-957.21.3.el7.x86_64-x86_64-with-redhat-7.4-Maipo
Using PETSc directory: /projects/arme5062/software/petsc/local
Using PETSc arch: 
-----------------------------------------

Using C compiler: /projects/arme5062/software/petsc/local/bin/mpicc  -Wall -Wwrite-strings -Wno-strict-aliasing -Wno-unknown-pragmas -fstack-protector -fvisibility=hidden -O3 -march=native  
Using Fortran compiler: /projects/arme5062/software/petsc/local/bin/mpif90  -Wall -ffree-line-length-0 -Wno-unused-dummy-argument -O3 -march=native   
-----------------------------------------

Using include paths: -I/projects/arme5062/software/petsc/local/include -I/curc/sw/valgrind/3.11.0/include
-----------------------------------------

Using C linker: /projects/arme5062/software/petsc/local/bin/mpicc
Using Fortran linker: /projects/arme5062/software/petsc/local/bin/mpif90
Using libraries: -Wl,-rpath,/projects/arme5062/software/petsc/local/lib -L/projects/arme5062/software/petsc/local/lib -lpetsc -Wl,-rpath,/projects/arme5062/software/petsc/local/lib -L/projects/arme5062/software/petsc/local/lib -Wl,-rpath,/usr/lib/gcc/x86_64-redhat-linux/4.8.5 -L/usr/lib/gcc/x86_64-redhat-linux/4.8.5 -lflapack -lfblas -lpthread -lexodus -lnetcdf -lpnetcdf -lhdf5hl_fortran -lhdf5_fortran -lhdf5_hl -lhdf5 -lparmetis -lmetis -lm -lz -lX11 -lstdc++ -ldl -lmpifort -lmpi -lgfortran -lm -lgfortran -lm -lgcc_s -lquadmath -lstdc++ -ldl
-----------------------------------------

