
-- Elastisticy Example - libCEED + PETSc --
  libCEED:
    libCEED Backend                    : /cpu/self/xsmm/blocked
  Problem:
    Problem Name                       : Linear elasticity
    Forcing Function                   : Manufactured solution
    Boundary Condition                 : Manufactured solution
  Mesh:
    File                               : ./meshes/cylinder8_31280e_4ss_us.exo
    Number of 1D Basis Nodes (p)       : 3
    Number of 1D Quadrature Points (q) : 3
    Global nodes                       : 224420
    Owned nodes                        : 111706
    DoF per node                       : 3
  Multigrid:
    Type                               : P-multigrid, logarithmic coarsening
    Number of Levels                   : 2
    Level 0 (coarse):
      Number of 1D Basis Nodes (p)     : 2
      Global Nodes                     : 24852
      Owned Nodes                      : 12304
    Level 1 (fine):
      Number of 1D Basis Nodes (p)     : 3
      Global Nodes                     : 224420
      Owned Nodes                      : 111706
  SNES:
    SNES Type                          : newtonls
    SNES Convergence                   : CONVERGED_FNORM_RELATIVE
    Total SNES Iterations              : 1
    Final rnorm                        : 3.414760e-04
  Linear Solver:
    KSP Type                           : cg
  P-Multigrid:
    PCMG Type                          : MULTIPLICATIVE
    PCMG Cycle Type                    : v
    Coarse Solve:
      KSP Type                         : preonly
      PC Type                          : gamg
  Performance:
    SNES Solve Time                    : 9.09627 (9.09627) sec
    L2 Error                           : 0.000078
************************************************************************************************************************
***             WIDEN YOUR WINDOW TO 120 CHARACTERS.  Use 'enscript -r -fCourier9' to print this document            ***
************************************************************************************************************************

---------------------------------------------- PETSc Performance Summary: ----------------------------------------------

./elasticity on a  named shas0134.rc.int.colorado.edu with 2 processors, by arme5062 Sun Mar  8 12:32:30 2020
Using Petsc Development GIT revision: v3.12.4-787-gcc5957f  GIT Date: 2020-02-26 21:52:32 -0500

                         Max       Max/Min     Avg       Total 
Time (sec):           1.371e+01     1.000   1.371e+01
Objects:              1.976e+03     1.028   1.949e+03
Flop:                 1.391e+09     1.024   1.375e+09  2.750e+09
Flop/sec:             1.014e+08     1.024   1.002e+08  2.005e+08
MPI Messages:         7.490e+02     1.004   7.475e+02  1.495e+03
MPI Message Lengths:  1.603e+07     1.074   2.070e+04  3.095e+07
MPI Reductions:       1.077e+03     1.000

Flop counting convention: 1 flop = 1 real number operation of type (multiply/divide/add/subtract)
                            e.g., VecAXPY() for real vectors of length N --> 2N flop
                            and VecAXPY() for complex vectors of length N --> 8N flop

Summary of Stages:   ----- Time ------  ----- Flop ------  --- Messages ---  -- Message Lengths --  -- Reductions --
                        Avg     %Total     Avg     %Total    Count   %Total     Avg         %Total    Count   %Total 
 0:      Main Stage: 3.4619e+00  25.2%  2.8418e+07   1.0%  7.250e+01   4.8%  2.459e+05       57.6%  1.010e+02   9.4% 
 1: Stage 1 of Code: 1.0253e+01  74.8%  2.7211e+09  99.0%  1.422e+03  95.2%  9.227e+03       42.4%  9.690e+02  90.0% 

------------------------------------------------------------------------------------------------------------------------
See the 'Profiling' chapter of the users' manual for details on interpreting output.
Phase summary info:
   Count: number of times phase was executed
   Time and Flop: Max - maximum over all processors
                  Ratio - ratio of maximum to minimum over all processors
   Mess: number of messages sent
   AvgLen: average message length (bytes)
   Reduct: number of global reductions
   Global: entire computation
   Stage: stages of a computation. Set stages with PetscLogStagePush() and PetscLogStagePop().
      %T - percent time in this phase         %F - percent flop in this phase
      %M - percent messages in this phase     %L - percent message lengths in this phase
      %R - percent reductions in this phase
   Total Mflop/s: 10e-6 * (sum of flop over all processors)/(max time over all processors)
------------------------------------------------------------------------------------------------------------------------
Event                Count      Time (sec)     Flop                              --- Global ---  --- Stage ----  Total
                   Max Ratio  Max     Ratio   Max  Ratio  Mess   AvgLen  Reduct  %T %F %M %L %R  %T %F %M %L %R Mflop/s
------------------------------------------------------------------------------------------------------------------------

--- Event Stage 0: Main Stage

BuildTwoSided         17 1.0 2.6834e-03 1.8 0.00e+00 0.0 8.5e+00 4.0e+00 0.0e+00  0  0  1  0  0   0  0 12  0  0     0
DMPlexCrFromFile       1 1.0 4.1670e-01 1.2 0.00e+00 0.0 0.0e+00 0.0e+00 5.0e+00  3  0  0  0  0  11  0  0  0  5     0
Mesh Partition         1 1.0 1.6624e-01 1.6 0.00e+00 0.0 4.0e+00 6.9e+05 9.0e+00  1  0  0  9  1   4  0  6 16  9     0
Mesh Migration         1 1.0 7.9140e-02 1.0 0.00e+00 0.0 2.8e+01 4.4e+05 2.4e+01  1  0  2 39  2   2  0 38 68 24     0
DMPlexPartSelf         1 1.0 4.9121e-024478.9 0.00e+00 0.0 0.0e+00 0.0e+00 0.0e+00  0  0  0  0  0   1  0  0  0  0     0
DMPlexPartLblInv       1 1.0 6.0572e-02 5.6 0.00e+00 0.0 0.0e+00 0.0e+00 3.0e+00  0  0  0  4  0   1  0  0  6  3     0
DMPlexPartLblSF        1 1.0 1.7518e-02 1.1 0.00e+00 0.0 1.5e+00 3.7e+05 0.0e+00  0  0  0  2  0   0  0  2  3  0     0
DMPlexPartStrtSF       1 1.0 2.2440e-03 1.0 0.00e+00 0.0 1.0e+00 5.5e+05 0.0e+00  0  0  0  2  0   0  0  1  3  0     0
DMPlexPointSF          1 1.0 1.5540e-02 1.0 0.00e+00 0.0 2.0e+00 1.4e+06 0.0e+00  0  0  0  9  0   0  0  3 16  0     0
DMPlexInterp           9 1.0 2.5254e-01 1.0 0.00e+00 0.0 0.0e+00 0.0e+00 1.2e+01  2  0  0  0  1   7  0  0  0 12     0
DMPlexDistribute       1 1.0 2.6158e-01 1.3 0.00e+00 0.0 3.4e+01 5.3e+05 3.3e+01  2  0  2 57  3   7  0 46 99 33     0
DMPlexDistCones        1 1.0 2.4206e-02 1.0 0.00e+00 0.0 5.5e+00 1.1e+06 1.0e+00  0  0  0 19  0   1  0  8 33  1     0
DMPlexDistLabels       1 1.0 2.1491e-02 1.0 0.00e+00 0.0 1.4e+01 2.6e+05 2.1e+01  0  0  1 11  2   1  0 19 20 21     0
DMPlexDistField        1 1.0 2.1785e-02 1.0 0.00e+00 0.0 6.5e+00 2.3e+05 1.0e+00  0  0  0  5  0   1  0  9  8  1     0
DMPlexStratify        18 1.0 2.8308e-0118.8 0.00e+00 0.0 0.0e+00 0.0e+00 1.8e+01  1  0  0  0  2   4  0  0  0 18     0
DMPlexSymmetrize      18 1.0 3.1968e-02 4.7 0.00e+00 0.0 0.0e+00 0.0e+00 0.0e+00  0  0  0  0  0   1  0  0  0  0     0
SFSetGraph            18 1.0 8.9312e-04 1.2 0.00e+00 0.0 0.0e+00 0.0e+00 0.0e+00  0  0  0  0  0   0  0  0  0  0     0
SFSetUp               17 1.0 3.0121e-02 1.1 0.00e+00 0.0 2.6e+01 1.2e+05 0.0e+00  0  0  2 10  0   1  0 35 17  0     0
SFBcastOpBegin        38 1.0 4.1752e-0322.4 0.00e+00 0.0 3.8e+01 3.0e+05 0.0e+00  0  0  3 37  0   0  0 52 63  0     0
SFBcastOpEnd          38 1.0 4.0413e-02 5.5 0.00e+00 0.0 0.0e+00 0.0e+00 0.0e+00  0  0  0  0  0   1  0  0  0  0     0
SFReduceBegin          7 1.0 2.7664e-03 1.0 0.00e+00 0.0 7.0e+00 2.5e+05 0.0e+00  0  0  0  6  0   0  0 10 10  0     0
SFReduceEnd            6 1.0 1.1616e-02 4.4 0.00e+00 0.0 0.0e+00 0.0e+00 0.0e+00  0  0  0  0  0   0  0  0  0  0     0
SFFetchOpBegin         1 1.0 2.1458e-06 1.8 0.00e+00 0.0 1.0e+00 5.7e+03 0.0e+00  0  0  0  0  0   0  0  1  0  0     0
SFFetchOpEnd           1 1.0 5.4836e-05 4.6 0.00e+00 0.0 1.0e+00 5.7e+03 0.0e+00  0  0  0  0  0   0  0  1  0  0     0
SFCreateEmbed          1 1.0 1.8824e-0221.6 0.00e+00 0.0 1.0e+00 5.5e+05 0.0e+00  0  0  0  2  0   0  0  1  3  0     0
SFDistSection          9 1.0 3.2018e-02 1.1 0.00e+00 0.0 2.3e+01 2.3e+05 9.0e+00  0  0  2 17  1   1  0 32 30  9     0
SFSectionSF            9 1.0 2.2997e-02 1.1 0.00e+00 0.0 1.4e+01 1.4e+05 0.0e+00  0  0  1  6  0   1  0 19 11  0     0
VecNorm                1 1.0 7.8821e-04 1.2 6.76e+05 1.0 0.0e+00 0.0e+00 1.0e+00  0  0  0  0  0   0  5  0  0  1  1708
VecSet                24 1.0 5.9769e-03 1.0 0.00e+00 0.0 0.0e+00 0.0e+00 0.0e+00  0  0  0  0  0   0  0  0  0  0     0
VecWAXPY               1 1.0 7.9799e-04 1.0 3.38e+05 1.0 0.0e+00 0.0e+00 0.0e+00  0  0  0  0  0   0  2  0  0  0   844

--- Event Stage 1: Stage 1 of Code

PetscBarrier           2 1.0 1.5778e-02 1.0 0.00e+00 0.0 0.0e+00 0.0e+00 2.0e+00  0  0  0  0  0   0  0  0  0  0     0
BuildTwoSided         28 1.0 2.8827e-03 6.5 0.00e+00 0.0 2.2e+01 4.0e+00 0.0e+00  0  0  2  0  0   0  0  2  0  0     0
BuildTwoSidedF        57 1.0 1.5077e-0211.6 0.00e+00 0.0 1.8e+01 3.3e+04 0.0e+00  0  0  1  2  0   0  0  1  5  0     0
DMCreateMat            1 1.0 1.0211e+00 1.0 0.00e+00 0.0 2.0e+01 7.7e+04 1.3e+01  7  0  1  5  1  10  0  1 12  1     0
DMPlexInterp           4 1.0 2.7585e-04 1.0 0.00e+00 0.0 0.0e+00 0.0e+00 5.0e+00  0  0  0  0  0   0  0  0  0  1     0
DMPlexStratify         7 1.0 1.4591e-04 1.1 0.00e+00 0.0 0.0e+00 0.0e+00 7.0e+00  0  0  0  0  1   0  0  0  0  1     0
DMPlexSymmetrize       7 1.0 1.7166e-05 1.9 0.00e+00 0.0 0.0e+00 0.0e+00 0.0e+00  0  0  0  0  0   0  0  0  0  0     0
DMPlexPrealloc         1 1.0 1.0173e+00 1.0 0.00e+00 0.0 2.0e+01 7.7e+04 1.1e+01  7  0  1  5  1  10  0  1 12  1     0
SFSetGraph            30 1.0 3.5524e-05 1.6 0.00e+00 0.0 0.0e+00 0.0e+00 0.0e+00  0  0  0  0  0   0  0  0  0  0     0
SFSetUp               28 1.0 4.3883e-03 1.1 0.00e+00 0.0 6.8e+01 7.9e+03 0.0e+00  0  0  5  2  0   0  0  5  4  0     0
SFBcastOpBegin       597 1.0 5.7354e-02 1.0 0.00e+00 0.0 9.2e+02 6.6e+03 0.0e+00  0  0 61 20  0   1  0 64 46  0     0
SFBcastOpEnd         597 1.0 1.3776e-01 1.4 0.00e+00 0.0 0.0e+00 0.0e+00 0.0e+00  1  0  0  0  0   1  0  0  0  0     0
SFReduceBegin        309 1.0 1.1165e-01 1.0 0.00e+00 0.0 3.4e+02 1.5e+04 0.0e+00  1  0 23 17  0   1  0 24 40  0     0
SFReduceEnd          308 1.0 1.1378e-01 1.7 0.00e+00 0.0 0.0e+00 0.0e+00 0.0e+00  1  0  0  0  0   1  0  0  0  0     0
SFFetchOpBegin         1 1.0 1.6928e-05 5.5 0.00e+00 0.0 1.0e+00 1.7e+05 0.0e+00  0  0  0  1  0   0  0  0  1  0     0
SFFetchOpEnd           1 1.0 3.7503e-04 3.9 0.00e+00 0.0 1.0e+00 1.7e+05 0.0e+00  0  0  0  1  0   0  0  0  1  0     0
SFCreateEmbed          2 1.0 6.2013e-03 8.2 0.00e+00 0.0 2.0e+00 5.1e+03 0.0e+00  0  0  0  0  0   0  0  0  0  0     0
SFSectionSF            2 1.0 1.1511e-03 1.1 0.00e+00 0.0 3.0e+00 5.7e+04 0.0e+00  0  0  0  1  0   0  0  0  1  0     0
SFRemoteOff            2 1.0 7.0140e-03 5.0 0.00e+00 0.0 4.0e+00 5.1e+03 0.0e+00  0  0  0  0  0   0  0  0  0  0     0
MatMult              370 1.0 3.6516e+00 1.0 4.22e+08 1.0 7.4e+02 1.1e+04 0.0e+00 27 30 49 26  0  36 31 52 62  0   228
MatMultAdd            60 1.0 1.3783e-01 1.0 2.87e+07 1.0 1.0e+02 5.1e+03 0.0e+00  1  2  7  2  0   1  2  7  4  0   411
MatMultTranspose      62 1.0 1.3459e-01 1.1 1.94e+07 1.0 1.1e+02 5.5e+03 0.0e+00  1  1  7  2  0   1  1  8  5  0   283
MatSolve              15 0.0 4.6730e-05 0.0 6.52e+03 0.0 0.0e+00 0.0e+00 0.0e+00  0  0  0  0  0   0  0  0  0  0   140
MatSOR               213 1.0 4.7023e-01 1.0 3.69e+08 1.0 0.0e+00 0.0e+00 0.0e+00  3 27  0  0  0   5 27  0  0  0  1551
MatLUFactorSym         1 1.0 2.5034e-05 1.3 0.00e+00 0.0 0.0e+00 0.0e+00 0.0e+00  0  0  0  0  0   0  0  0  0  0     0
MatLUFactorNum         1 1.0 1.2159e-05 4.2 2.14e+03 0.0 0.0e+00 0.0e+00 0.0e+00  0  0  0  0  0   0  0  0  0  0   176
MatScale               9 1.0 1.3037e-03 1.0 1.40e+06 1.0 6.0e+00 8.3e+02 0.0e+00  0  0  0  0  0   0  0  0  0  0  2105
MatResidual           60 1.0 4.8460e-01 1.0 8.37e+07 1.0 1.2e+02 8.8e+03 0.0e+00  4  6  8  3  0   5  6  8  8  0   341
MatAssemblyBegin      73 1.0 1.6037e-02 7.2 0.00e+00 0.0 1.8e+01 3.3e+04 0.0e+00  0  0  1  2  0   0  0  1  5  0     0
MatAssemblyEnd        73 1.0 2.7008e-02 1.0 1.36e+04 1.1 5.0e+01 3.6e+02 7.6e+01  0  0  3  0  7   0  0  3  0  8     1
MatGetRowIJ            2 2.0 6.0079e-03 1.0 0.00e+00 0.0 0.0e+00 0.0e+00 0.0e+00  0  0  0  0  0   0  0  0  0  0     0
MatCreateSubMat        2 1.0 4.6086e-04 1.0 0.00e+00 0.0 6.5e+00 2.7e+02 2.4e+01  0  0  0  0  2   0  0  0  0  2     0
MatGetOrdering         1 0.0 4.2915e-05 0.0 0.00e+00 0.0 0.0e+00 0.0e+00 0.0e+00  0  0  0  0  0   0  0  0  0  0     0
MatCoarsen             3 1.0 1.2918e-03 1.0 0.00e+00 0.0 3.3e+01 7.0e+02 6.0e+00  0  0  2  0  1   0  0  2  0  1     0
MatZeroEntries         4 1.0 2.9573e-03 1.1 0.00e+00 0.0 0.0e+00 0.0e+00 0.0e+00  0  0  0  0  0   0  0  0  0  0     0
MatAXPY                3 1.0 5.5687e-03 1.0 1.17e+05 1.0 0.0e+00 0.0e+00 0.0e+00  0  0  0  0  0   0  0  0  0  0    41
MatFDColorCreate       1 1.0 1.0991e-04 1.0 0.00e+00 0.0 0.0e+00 0.0e+00 2.0e+00  0  0  0  0  0   0  0  0  0  0     0
MatFDColorSetUp        1 1.0 8.5536e-02 1.0 0.00e+00 0.0 0.0e+00 0.0e+00 4.3e+02  1  0  0  0 40   1  0  0  0 45     0
MatFDColorApply        1 1.0 2.2320e+00 1.0 8.13e+06 1.0 2.2e+02 6.2e+03 2.0e+00 16  1 15  4  0  22  1 15 10  0     7
MatFDColorFunc       108 1.0 2.2009e+00 1.0 0.00e+00 0.0 2.2e+02 6.2e+03 2.0e+00 16  0 15  4  0  21  0 15 10  0     0
MatTranspose           6 1.0 8.9002e-03 1.1 0.00e+00 0.0 0.0e+00 0.0e+00 0.0e+00  0  0  0  0  0   0  0  0  0  0     0
MatMatMult             3 1.0 6.2988e-02 1.0 1.57e+07 1.0 3.3e+01 3.6e+03 2.4e+01  0  1  2  0  2   1  1  2  1  2   493
MatMatMultSym          3 1.0 4.5850e-02 1.0 0.00e+00 0.0 2.7e+01 2.8e+03 2.4e+01  0  0  2  0  2   0  0  2  1  2     0
MatMatMultNum          3 1.0 1.7108e-02 1.0 1.57e+07 1.0 6.0e+00 7.5e+03 0.0e+00  0  1  0  0  0   0  1  0  0  0  1815
MatPtAP                3 1.0 1.9621e-01 1.0 7.83e+07 1.1 5.4e+01 8.4e+03 3.3e+01  1  5  4  1  3   2  6  4  3  3   766
MatPtAPSymbolic        3 1.0 1.4090e-01 1.0 0.00e+00 0.0 3.6e+01 8.7e+03 2.1e+01  1  0  2  1  2   1  0  3  2  2     0
MatPtAPNumeric         3 1.0 5.5290e-02 1.0 7.83e+07 1.1 1.8e+01 7.6e+03 1.2e+01  0  5  1  0  1   1  6  1  1  1  2717
MatTrnMatMult          1 1.0 1.2336e-01 1.0 1.44e+07 1.0 1.2e+01 4.5e+04 1.1e+01  1  1  1  2  1   1  1  1  4  1   231
MatTrnMatMultSym       1 1.0 7.7242e-02 1.0 0.00e+00 0.0 6.0e+00 1.9e+04 7.0e+00  1  0  0  0  1   1  0  0  1  1     0
MatTrnMatMultNum       1 1.0 4.6143e-02 1.0 1.44e+07 1.0 6.0e+00 7.2e+04 4.0e+00  0  1  0  1  0   0  1  0  3  0   616
MatGetLocalMat        10 1.0 6.4981e-03 1.0 0.00e+00 0.0 0.0e+00 0.0e+00 0.0e+00  0  0  0  0  0   0  0  0  0  0     0
MatGetBrAoCol          9 1.0 7.0047e-04 1.0 0.00e+00 0.0 4.2e+01 9.5e+03 0.0e+00  0  0  3  1  0   0  0  3  3  0     0
MatColoringApply       1 1.0 1.0033e-01 1.0 0.00e+00 0.0 1.0e+00 4.0e+00 3.0e+00  1  0  0  0  0   1  0  0  0  0     0
VecDot                 1 1.0 7.0119e-04 1.0 6.76e+05 1.0 0.0e+00 0.0e+00 1.0e+00  0  0  0  0  0   0  0  0  0  0  1920
VecMDot               70 1.0 2.3983e-02 1.2 4.58e+07 1.0 0.0e+00 0.0e+00 7.0e+01  0  3  0  0  6   0  3  0  0  7  3794
VecTDot               29 1.0 2.3762e-02 1.1 1.96e+07 1.0 0.0e+00 0.0e+00 2.9e+01  0  1  0  0  3   0  1  0  0  3  1643
VecNorm               80 1.0 1.3127e-02 1.1 1.12e+07 1.0 0.0e+00 0.0e+00 8.0e+01  0  1  0  0  7   0  1  0  0  8  1694
VecScale             226 1.0 2.5198e-03 1.0 4.58e+06 1.0 0.0e+00 0.0e+00 0.0e+00  0  0  0  0  0   0  0  0  0  0  3611
VecCopy              270 1.0 1.5635e-02 1.0 0.00e+00 0.0 0.0e+00 0.0e+00 0.0e+00  0  0  0  0  0   0  0  0  0  0     0
VecSet              1051 1.0 2.0290e-01 1.0 0.00e+00 0.0 0.0e+00 0.0e+00 0.0e+00  1  0  0  0  0   2  0  0  0  0     0
VecAXPY              160 1.0 2.9904e-02 1.0 3.94e+07 1.0 0.0e+00 0.0e+00 0.0e+00  0  3  0  0  0   0  3  0  0  0  2620
VecAYPX              403 1.0 6.5529e-02 1.0 6.42e+07 1.0 0.0e+00 0.0e+00 0.0e+00  0  5  0  0  0   1  5  0  0  0  1949
VecAXPBYCZ           150 1.0 4.6550e-02 1.0 1.07e+08 1.0 0.0e+00 0.0e+00 0.0e+00  0  8  0  0  0   0  8  0  0  0  4587
VecWAXPY               1 1.0 7.1502e-04 1.0 3.38e+05 1.0 0.0e+00 0.0e+00 0.0e+00  0  0  0  0  0   0  0  0  0  0   942
VecMAXPY              77 1.0 2.4593e-02 1.0 5.41e+07 1.0 0.0e+00 0.0e+00 0.0e+00  0  4  0  0  0   0  4  0  0  0  4373
VecAssemblyBegin      35 1.0 5.5933e-04 1.1 0.00e+00 0.0 0.0e+00 0.0e+00 0.0e+00  0  0  0  0  0   0  0  0  0  0     0
VecAssemblyEnd        35 1.0 3.1710e-05 1.1 0.00e+00 0.0 0.0e+00 0.0e+00 0.0e+00  0  0  0  0  0   0  0  0  0  0     0
VecPointwiseMult     167 1.0 9.5001e-02 1.0 4.79e+07 1.0 0.0e+00 0.0e+00 0.0e+00  1  3  0  0  0   1  4  0  0  0  1006
VecScatterBegin      369 1.0 1.5287e-03 1.3 0.00e+00 0.0 7.1e+02 1.9e+03 0.0e+00  0  0 47  4  0   0  0 50 10  0     0
VecScatterEnd        369 1.0 6.4211e-03 4.2 0.00e+00 0.0 0.0e+00 0.0e+00 0.0e+00  0  0  0  0  0   0  0  0  0  0     0
VecSetRandom           3 1.0 1.1051e-03 1.0 0.00e+00 0.0 0.0e+00 0.0e+00 0.0e+00  0  0  0  0  0   0  0  0  0  0     0
VecReduceArith         2 1.0 1.8399e-03 1.0 1.35e+06 1.0 0.0e+00 0.0e+00 0.0e+00  0  0  0  0  0   0  0  0  0  0  1464
VecReduceComm          1 1.0 5.5003e-0430.4 0.00e+00 0.0 0.0e+00 0.0e+00 1.0e+00  0  0  0  0  0   0  0  0  0  0     0
VecNormalize          77 1.0 1.2790e-02 1.0 1.37e+07 1.0 0.0e+00 0.0e+00 7.7e+01  0  1  0  0  7   0  1  0  0  8  2134
SNESSolve              1 1.0 9.0959e+00 1.0 1.38e+09 1.0 1.4e+03 8.2e+03 9.5e+02 66 99 94 37 88  89100 98 88 98   299
SNESSetUp              1 1.0 1.2875e-05 1.5 0.00e+00 0.0 0.0e+00 0.0e+00 0.0e+00  0  0  0  0  0   0  0  0  0  0     0
SNESFunctionEval     110 1.0 3.1636e+00 1.0 5.83e+07 1.0 2.2e+02 6.6e+03 1.7e+01 23  4 15  5  2  31  4 16 11  2    37
SNESJacobianEval       1 1.0 2.4177e+00 1.0 8.13e+06 1.0 2.2e+02 6.1e+03 4.4e+02 18  1 15  4 41  24  1 15 10 45     7
SNESLineSearch         1 1.0 5.0587e-01 1.0 3.35e+07 1.0 4.0e+00 2.8e+04 4.0e+00  4  2  0  0  0   5  2  0  1  0   132
KSPSetUp              15 1.0 7.5932e-03 1.0 0.00e+00 0.0 0.0e+00 0.0e+00 8.0e+00  0  0  0  0  1   0  0  0  0  1     0
KSPSolve               1 1.0 5.6765e+00 1.0 1.30e+09 1.0 1.2e+03 8.5e+03 4.9e+02 41 94 79 32 46  55 95 83 76 51   454
KSPGMRESOrthog        70 1.0 4.2882e-02 1.1 9.15e+07 1.0 0.0e+00 0.0e+00 7.0e+01  0  7  0  0  6   0  7  0  0  7  4244
PCGAMGGraph_AGG        3 1.0 2.4181e-01 1.0 2.91e+06 1.0 2.4e+01 4.2e+02 4.8e+01  2  0  2  0  4   2  0  2  0  5    24
PCGAMGCoarse_AGG       3 1.0 1.2783e-01 1.0 1.44e+07 1.0 5.5e+01 1.1e+04 2.1e+01  1  1  4  2  2   1  1  4  5  2   222
PCGAMGProl_AGG         3 1.0 1.4137e-02 1.0 0.00e+00 0.0 7.2e+01 1.7e+03 8.4e+01  0  0  5  0  8   0  0  5  1  9     0
PCGAMGPOpt_AGG         3 1.0 1.2161e-01 1.0 7.98e+07 1.0 9.3e+01 2.9e+03 1.1e+02  1  6  6  1 10   1  6  7  2 11  1296
GAMG: createProl       3 1.0 5.0557e-01 1.0 9.71e+07 1.0 2.4e+02 4.1e+03 2.6e+02  4  7 16  3 25   5  7 17  8 27   379
  Graph                6 1.0 2.4170e-01 1.0 2.91e+06 1.0 2.4e+01 4.2e+02 4.8e+01  2  0  2  0  4   2  0  2  0  5    24
  MIS/Agg              3 1.0 1.3258e-03 1.0 0.00e+00 0.0 3.3e+01 7.0e+02 6.0e+00  0  0  2  0  1   0  0  2  0  1     0
  SA: col data         3 1.0 4.2191e-03 1.0 0.00e+00 0.0 6.0e+01 1.5e+03 6.0e+01  0  0  4  0  6   0  0  4  1  6     0
  SA: frmProl0         3 1.0 9.2971e-03 1.0 0.00e+00 0.0 1.2e+01 2.4e+03 1.2e+01  0  0  1  0  1   0  0  1  0  1     0
  SA: smooth           3 1.0 7.3055e-02 1.0 1.67e+07 1.0 3.3e+01 3.6e+03 3.0e+01  1  1  2  0  3   1  1  2  1  3   450
GAMG: partLevel        3 1.0 1.9697e-01 1.0 7.83e+07 1.1 6.9e+01 6.6e+03 8.1e+01  1  5  5  1  8   2  6  5  3  8   763
  repartition          1 1.0 7.4005e-04 1.0 0.00e+00 0.0 1.5e+01 1.7e+02 4.8e+01  0  0  1  0  4   0  0  1  0  5     0
  Invert-Sort          1 1.0 5.0068e-05 1.1 0.00e+00 0.0 0.0e+00 0.0e+00 6.0e+00  0  0  0  0  1   0  0  0  0  1     0
  Move A               1 1.0 2.4509e-04 1.0 0.00e+00 0.0 5.0e+00 3.4e+02 1.3e+01  0  0  0  0  1   0  0  0  0  1     0
  Move P               1 1.0 2.7704e-04 1.0 0.00e+00 0.0 1.5e+00 4.1e+01 1.4e+01  0  0  0  0  1   0  0  0  0  1     0
PCSetUp                2 1.0 7.2345e-01 1.0 1.76e+08 1.1 3.2e+02 4.8e+03 3.8e+02  5 13 21  5 35   7 13 22 12 39   475
PCSetUpOnBlocks       15 1.0 1.4019e-04 1.3 2.14e+03 0.0 0.0e+00 0.0e+00 0.0e+00  0  0  0  0  0   0  0  0  0  0    15
PCApply               15 1.0 4.5207e+00 1.0 1.08e+09 1.0 8.3e+02 9.3e+03 8.6e+01 33 78 56 25  8  44 79 58 59  9   473
------------------------------------------------------------------------------------------------------------------------

Memory usage is given in bytes:

Object Type          Creations   Destructions     Memory  Descendants' Mem.
Reports information only for process 0.

--- Event Stage 0: Main Stage

           Container    15             21        12096     0.
    Distributed Mesh    55             68       350360     0.
            DM Label    99            115        72680     0.
    GraphPartitioner    18             22        14784     0.
          Quadrature   172            220       130240     0.
           Index Set   266            393      3277448     0.
   IS L to G Mapping     1              2      1678928     0.
             Section   118            138        99360     0.
   Star Forest Graph   126            151       138704     0.
     Discrete System    72             83        77032     0.
              Matrix    15             60     39006044     0.
  Matrix FD Coloring     0              1     54753456     0.
         Vec Scatter     0              7         5600     0.
              Vector    28            142    119798240     0.
        Linear Space     2              3         2040     0.
          Dual Space     8             12         9312     0.
            FE Space     2              3         2316     0.
                SNES     0              2         2804     0.
              DMSNES     0              2         1344     0.
      SNESLineSearch     0              1         1000     0.
       Krylov Solver     0             13       135120     0.
     DMKSP interface     0              1          656     0.
      Preconditioner     0              9         9700     0.
       Field over DM     0              1          704     0.
              Viewer     1              0            0     0.

--- Event Stage 1: Stage 1 of Code

           Container     6              0            0     0.
    Distributed Mesh    22              9        46296     0.
            DM Label    28             12         7584     0.
    GraphPartitioner     7              3         2016     0.
          Quadrature    54              6         3552     0.
           Index Set   292            165      1627072     0.
   IS L to G Mapping     1              0            0     0.
             Section    39             19        13680     0.
   Star Forest Graph    72             47        44336     0.
     Discrete System    28             17        15776     0.
              Matrix   102             57     91307844     0.
  Matrix FD Coloring     1              0            0     0.
     Matrix Coloring     1              1          648     0.
      Matrix Coarsen     3              3         1908     0.
         Vec Scatter    20             13        10400     0.
              Vector   254            140     16302104     0.
        Linear Space     1              0            0     0.
          Dual Space     4              0            0     0.
            FE Space     1              0            0     0.
                SNES     2              0            0     0.
              DMSNES     2              0            0     0.
      SNESLineSearch     1              0            0     0.
       Krylov Solver    17              4        92816     0.
     DMKSP interface     1              0            0     0.
      Preconditioner    12              3         2568     0.
       Field over DM     1              0            0     0.
         PetscRandom     6              6         3876     0.
========================================================================================================================
Average time to get PetscTime(): 0.
Average time for MPI_Barrier(): 2.57492e-06
Average time for zero size MPI_Send(): 5.00679e-06
#PETSc Option Table entries:
-boundary mms
-degree 2
-E 1e6
-forcing mms
-log_view
-mesh ./meshes/cylinder8_31280e_4ss_us.exo
-nu .3
#End of PETSc Option Table entries
Compiled without FORTRAN kernels
Compiled with full precision matrices (default)
sizeof(short) 2 sizeof(int) 4 sizeof(long) 8 sizeof(void*) 8 sizeof(PetscScalar) 8 sizeof(PetscInt) 4
Configure options: --with-cc=gcc --with-cxx=g++ --with-fc=gfortran --with-valgrind-dir=/curc/sw/valgrind/3.11.0 --download-make --download-cmake --download-mpich --download-fblaslapack --download-parmetis --download-metis --download-zlib --download-hdf5 --download-netcdf --download-pnetcdf --download-exodusii COPTFLAGS="-O3 -march=native" FOPTFLAGS="-O3 -march=native" CXXOPTFLAGS="-O3 -march=native" --with-debugging=0 --with-shared-libraries=1 --prefix=/projects/arme5062/software/petsc/local
-----------------------------------------
Libraries compiled on 2020-03-04 05:38:54 on shas0137 
Machine characteristics: Linux-3.10.0-957.21.3.el7.x86_64-x86_64-with-redhat-7.4-Maipo
Using PETSc directory: /projects/arme5062/software/petsc/local
Using PETSc arch: 
-----------------------------------------

Using C compiler: /projects/arme5062/software/petsc/local/bin/mpicc  -Wall -Wwrite-strings -Wno-strict-aliasing -Wno-unknown-pragmas -fstack-protector -fvisibility=hidden -O3 -march=native  
Using Fortran compiler: /projects/arme5062/software/petsc/local/bin/mpif90  -Wall -ffree-line-length-0 -Wno-unused-dummy-argument -O3 -march=native   
-----------------------------------------

Using include paths: -I/projects/arme5062/software/petsc/local/include -I/curc/sw/valgrind/3.11.0/include
-----------------------------------------

Using C linker: /projects/arme5062/software/petsc/local/bin/mpicc
Using Fortran linker: /projects/arme5062/software/petsc/local/bin/mpif90
Using libraries: -Wl,-rpath,/projects/arme5062/software/petsc/local/lib -L/projects/arme5062/software/petsc/local/lib -lpetsc -Wl,-rpath,/projects/arme5062/software/petsc/local/lib -L/projects/arme5062/software/petsc/local/lib -Wl,-rpath,/usr/lib/gcc/x86_64-redhat-linux/4.8.5 -L/usr/lib/gcc/x86_64-redhat-linux/4.8.5 -lflapack -lfblas -lpthread -lexodus -lnetcdf -lpnetcdf -lhdf5hl_fortran -lhdf5_fortran -lhdf5_hl -lhdf5 -lparmetis -lmetis -lm -lz -lX11 -lstdc++ -ldl -lmpifort -lmpi -lgfortran -lm -lgfortran -lm -lgcc_s -lquadmath -lstdc++ -ldl
-----------------------------------------

