
-- Elastisticy Example - libCEED + PETSc --
  libCEED:
    libCEED Backend                    : /cpu/self/xsmm/blocked
  Problem:
    Problem Name                       : Linear elasticity
    Forcing Function                   : Manufactured solution
    Boundary Condition                 : Manufactured solution
  Mesh:
    File                               : ./meshes/cylinder8_31280e_4ss_us.exo
    Number of 1D Basis Nodes (p)       : 5
    Number of 1D Quadrature Points (q) : 5
    Global nodes                       : 1898424
    Owned nodes                        : 39083
    DoF per node                       : 3
  Multigrid:
    Type                               : P-multigrid, logarithmic coarsening
    Number of Levels                   : 3
    Level 0 (coarse):
      Number of 1D Basis Nodes (p)     : 2
      Global Nodes                     : 24852
      Owned Nodes                      : 440
    Level 2 (fine):
      Number of 1D Basis Nodes (p)     : 5
      Global Nodes                     : 1898424
      Owned Nodes                      : 39083
  SNES:
    SNES Type                          : newtonls
    SNES Convergence                   : CONVERGED_FNORM_RELATIVE
    Total SNES Iterations              : 1
    Final rnorm                        : 7.918650e-04
  Linear Solver:
    KSP Type                           : cg
  P-Multigrid:
    PCMG Type                          : MULTIPLICATIVE
    PCMG Cycle Type                    : v
    Coarse Solve:
      KSP Type                         : preonly
      PC Type                          : gamg
  Performance:
    SNES Solve Time                    : 3.1947 (3.19464) sec
    L2 Error                           : 0.000000
************************************************************************************************************************
***             WIDEN YOUR WINDOW TO 120 CHARACTERS.  Use 'enscript -r -fCourier9' to print this document            ***
************************************************************************************************************************

---------------------------------------------- PETSc Performance Summary: ----------------------------------------------

./elasticity on a  named shas0132.rc.int.colorado.edu with 48 processors, by arme5062 Thu Mar  5 17:37:00 2020
Using Petsc Development GIT revision: v3.12.4-787-gcc5957f  GIT Date: 2020-02-26 21:52:32 -0500

                         Max       Max/Min     Avg       Total 
Time (sec):           4.812e+00     1.000   4.812e+00
Objects:              2.976e+03     1.087   2.768e+03
Flop:                 1.206e+09     1.045   1.182e+09  5.675e+10
Flop/sec:             2.506e+08     1.045   2.457e+08  1.179e+10
MPI Messages:         6.450e+03     2.377   5.034e+03  2.417e+05
MPI Message Lengths:  3.616e+07     2.487   4.599e+03  1.111e+09
MPI Reductions:       1.202e+03     1.000

Flop counting convention: 1 flop = 1 real number operation of type (multiply/divide/add/subtract)
                            e.g., VecAXPY() for real vectors of length N --> 2N flop
                            and VecAXPY() for complex vectors of length N --> 8N flop

Summary of Stages:   ----- Time ------  ----- Flop ------  --- Messages ---  -- Message Lengths --  -- Reductions --
                        Avg     %Total     Avg     %Total    Count   %Total     Avg         %Total    Count   %Total 
 0:      Main Stage: 4.8117e+00 100.0%  5.6752e+10 100.0%  2.417e+05 100.0%  4.599e+03      100.0%  1.195e+03  99.4% 

------------------------------------------------------------------------------------------------------------------------
See the 'Profiling' chapter of the users' manual for details on interpreting output.
Phase summary info:
   Count: number of times phase was executed
   Time and Flop: Max - maximum over all processors
                  Ratio - ratio of maximum to minimum over all processors
   Mess: number of messages sent
   AvgLen: average message length (bytes)
   Reduct: number of global reductions
   Global: entire computation
   Stage: stages of a computation. Set stages with PetscLogStagePush() and PetscLogStagePop().
      %T - percent time in this phase         %F - percent flop in this phase
      %M - percent messages in this phase     %L - percent message lengths in this phase
      %R - percent reductions in this phase
   Total Mflop/s: 10e-6 * (sum of flop over all processors)/(max time over all processors)
------------------------------------------------------------------------------------------------------------------------
Event                Count      Time (sec)     Flop                              --- Global ---  --- Stage ----  Total
                   Max Ratio  Max     Ratio   Max  Ratio  Mess   AvgLen  Reduct  %T %F %M %L %R  %T %F %M %L %R Mflop/s
------------------------------------------------------------------------------------------------------------------------

--- Event Stage 0: Main Stage

PetscBarrier           2 1.0 3.3777e-02 1.0 0.00e+00 0.0 0.0e+00 0.0e+00 2.0e+00  1  0  0  0  0   1  0  0  0  0     0
BuildTwoSided         52 1.0 1.1766e-02 2.6 0.00e+00 0.0 3.8e+03 4.0e+00 0.0e+00  0  0  2  0  0   0  0  2  0  0     0
BuildTwoSidedF        59 1.0 1.3356e-02 4.3 0.00e+00 0.0 1.7e+03 7.0e+03 0.0e+00  0  0  1  1  0   0  0  1  1  0     0
DMCreateMat            1 1.0 6.7289e-02 1.0 0.00e+00 0.0 2.8e+03 1.1e+04 1.3e+01  1  0  1  3  1   1  0  1  3  1     0
DMPlexCrFromFile       1 1.0 3.5639e-01 1.2 0.00e+00 0.0 0.0e+00 0.0e+00 5.0e+00  6  0  0  0  0   6  0  0  0  0     0
Mesh Partition         1 1.0 1.5763e-01 1.6 0.00e+00 0.0 1.9e+02 2.5e+04 9.0e+00  3  0  0  0  1   3  0  0  0  1     0
Mesh Migration         1 1.0 4.2042e-02 1.0 0.00e+00 0.0 1.3e+03 2.0e+04 2.4e+01  1  0  1  2  2   1  0  1  2  2     0
DMPlexPartSelf         1 1.0 4.1448e-026953.8 0.00e+00 0.0 0.0e+00 0.0e+00 0.0e+00  0  0  0  0  0   0  0  0  0  0     0
DMPlexPartLblInv       1 1.0 4.3683e-0220.1 0.00e+00 0.0 0.0e+00 0.0e+00 3.0e+00  1  0  0  0  0   1  0  0  0  0     0
DMPlexPartLblSF        1 1.0 1.9879e-03 2.2 0.00e+00 0.0 7.0e+01 1.7e+04 0.0e+00  0  0  0  0  0   0  0  0  0  0     0
DMPlexPartStrtSF       1 1.0 7.9703e-04 1.4 0.00e+00 0.0 4.7e+01 2.5e+04 0.0e+00  0  0  0  0  0   0  0  0  0  0     0
DMPlexPointSF          1 1.0 1.4873e-02 1.0 0.00e+00 0.0 9.4e+01 6.3e+04 0.0e+00  0  0  0  1  0   0  0  0  1  0     0
DMPlexInterp          17 1.0 2.3959e-01 1.0 0.00e+00 0.0 0.0e+00 0.0e+00 2.2e+01  5  0  0  0  2   5  0  0  0  2     0
DMPlexDistribute       1 1.0 2.1469e-01 1.4 0.00e+00 0.0 1.6e+03 2.3e+04 3.3e+01  4  0  1  3  3   4  0  1  3  3     0
DMPlexDistCones        1 1.0 8.2240e-03 1.0 0.00e+00 0.0 2.6e+02 4.8e+04 1.0e+00  0  0  0  1  0   0  0  0  1  0     0
DMPlexDistLabels       1 1.0 9.8259e-03 1.0 0.00e+00 0.0 6.3e+02 1.2e+04 2.1e+01  0  0  0  1  2   0  0  0  1  2     0
DMPlexDistField        1 1.0 2.2192e-02 1.0 0.00e+00 0.0 3.1e+02 1.1e+04 1.0e+00  0  0  0  0  0   0  0  0  0  0     0
DMPlexStratify        32 1.0 2.5472e-0119.8 0.00e+00 0.0 0.0e+00 0.0e+00 3.2e+01  5  0  0  0  3   5  0  0  0  3     0
DMPlexSymmetrize      32 1.0 2.4559e-0285.0 0.00e+00 0.0 0.0e+00 0.0e+00 0.0e+00  0  0  0  0  0   0  0  0  0  0     0
DMPlexPrealloc         1 1.0 6.6900e-02 1.0 0.00e+00 0.0 2.8e+03 1.1e+04 1.1e+01  1  0  1  3  1   1  0  1  3  1     0
SFSetGraph            55 1.0 8.7500e-05 1.4 0.00e+00 0.0 0.0e+00 0.0e+00 0.0e+00  0  0  0  0  0   0  0  0  0  0     0
SFSetUp               52 1.0 1.7281e-02 1.4 0.00e+00 0.0 1.1e+04 1.7e+03 0.0e+00  0  0  5  2  0   0  0  5  2  0     0
SFBcastOpBegin       908 1.0 6.2332e-02 1.5 0.00e+00 0.0 1.5e+05 3.7e+03 0.0e+00  1  0 62 50  0   1  0 62 50  0     0
SFBcastOpEnd         908 1.0 4.9501e-01 4.1 0.00e+00 0.0 0.0e+00 0.0e+00 0.0e+00  6  0  0  0  0   6  0  0  0  0     0
SFReduceBegin        530 1.0 9.3563e-02 1.6 0.00e+00 0.0 7.2e+04 7.1e+03 0.0e+00  2  0 30 46  0   2  0 30 46  0     0
SFReduceEnd          528 1.0 5.2655e-0114.4 0.00e+00 0.0 0.0e+00 0.0e+00 0.0e+00  6  0  0  0  0   6  0  0  0  0     0
SFFetchOpBegin         2 1.0 3.9816e-0513.9 0.00e+00 0.0 2.8e+02 1.2e+04 0.0e+00  0  0  0  0  0   0  0  0  0  0     0
SFFetchOpEnd           2 1.0 4.5729e-0336.9 0.00e+00 0.0 2.8e+02 1.2e+04 0.0e+00  0  0  0  0  0   0  0  0  0  0     0
SFCreateEmbed          3 1.0 2.4365e-0235.2 0.00e+00 0.0 3.2e+02 4.3e+03 0.0e+00  0  0  0  0  0   0  0  0  0  0     0
SFDistSection         11 1.0 6.8883e-02 2.4 0.00e+00 0.0 2.8e+03 4.6e+03 1.1e+01  1  0  1  1  1   1  0  1  1  1     0
SFSectionSF           13 1.0 7.6330e-03 2.1 0.00e+00 0.0 2.0e+03 3.8e+03 0.0e+00  0  0  1  1  0   0  0  1  1  0     0
SFRemoteOff            2 1.0 6.6221e-0323.7 0.00e+00 0.0 5.5e+02 7.4e+02 0.0e+00  0  0  0  0  0   0  0  0  0  0     0
MatMult              593 1.0 1.7500e+00 1.1 2.92e+07 1.6 1.5e+05 6.1e+03 0.0e+00 35  2 60 80  0  35  2 60 80  0   646
MatMultAdd            95 1.0 8.7591e-02 1.3 9.41e+06 1.2 1.7e+04 3.9e+03 0.0e+00  2  1  7  6  0   2  1  7  6  0  4750
MatMultTranspose      98 1.0 1.1780e-01 1.7 4.23e+06 1.2 1.8e+04 4.1e+03 0.0e+00  2  0  7  7  0   2  0  7  7  0  1598
MatSolve              19 0.0 6.3658e-05 0.0 8.26e+03 0.0 0.0e+00 0.0e+00 0.0e+00  0  0  0  0  0   0  0  0  0  0   130
MatSOR               261 1.0 1.4135e-02 1.9 2.08e+07 1.7 0.0e+00 0.0e+00 0.0e+00  0  1  0  0  0   0  1  0  0  0 55088
MatLUFactorSym         1 1.0 7.2956e-05 5.6 0.00e+00 0.0 0.0e+00 0.0e+00 0.0e+00  0  0  0  0  0   0  0  0  0  0     0
MatLUFactorNum         1 1.0 2.4080e-05 8.4 2.14e+03 0.0 0.0e+00 0.0e+00 0.0e+00  0  0  0  0  0   0  0  0  0  0    89
MatScale               9 1.0 3.0494e-04 1.9 7.24e+04 1.6 6.4e+02 1.7e+02 0.0e+00  0  0  0  0  0   0  0  0  0  0  9061
MatResidual           95 1.0 2.6079e-01 1.2 7.88e+06 1.5 2.3e+04 5.0e+03 0.0e+00  5  1  9 10  0   5  1  9 10  0  1218
MatAssemblyBegin      78 1.0 1.3730e-02 3.5 0.00e+00 0.0 1.7e+03 7.0e+03 0.0e+00  0  0  1  1  0   0  0  1  1  0     0
MatAssemblyEnd        78 1.0 1.8551e-02 1.1 1.68e+04 3.0 5.8e+03 7.3e+01 8.4e+01  0  0  2  0  7   0  0  2  0  7    30
MatGetRowIJ            2 2.0 1.0987e-02 1.3 0.00e+00 0.0 0.0e+00 0.0e+00 0.0e+00  0  0  0  0  0   0  0  0  0  0     0
MatCreateSubMat        4 1.0 2.1031e-03 1.0 0.00e+00 0.0 3.4e+02 6.1e+02 4.8e+01  0  0  0  0  4   0  0  0  0  4     0
MatGetOrdering         1 0.0 5.4121e-05 0.0 0.00e+00 0.0 0.0e+00 0.0e+00 0.0e+00  0  0  0  0  0   0  0  0  0  0     0
MatCoarsen             3 1.0 6.5279e-04 1.1 0.00e+00 0.0 4.8e+03 1.6e+02 1.0e+01  0  0  2  0  1   0  0  2  0  1     0
MatZeroEntries         4 1.0 2.1887e-04 6.1 0.00e+00 0.0 0.0e+00 0.0e+00 0.0e+00  0  0  0  0  0   0  0  0  0  0     0
MatAXPY                3 1.0 4.4250e-04 1.1 5.99e+03 1.6 0.0e+00 0.0e+00 0.0e+00  0  0  0  0  0   0  0  0  0  0   522
MatFDColorCreate       1 1.0 1.2994e-04 2.3 0.00e+00 0.0 0.0e+00 0.0e+00 2.0e+00  0  0  0  0  0   0  0  0  0  0     0
MatFDColorSetUp        1 1.0 1.3112e-02 1.1 0.00e+00 0.0 0.0e+00 0.0e+00 4.3e+02  0  0  0  0 36   0  0  0  0 36     0
MatFDColorApply        1 1.0 3.0805e-01 1.0 4.21e+05 1.6 3.0e+04 8.9e+02 2.0e+00  6  0 12  2  0   6  0 12  2  0    52
MatFDColorFunc       108 1.0 3.0647e-01 1.0 0.00e+00 0.0 3.0e+04 8.9e+02 2.0e+00  6  0 12  2  0   6  0 12  2  0     0
MatTranspose           6 1.0 2.6727e-04 1.5 0.00e+00 0.0 0.0e+00 0.0e+00 0.0e+00  0  0  0  0  0   0  0  0  0  0     0
MatMatMult             3 1.0 5.0879e-03 1.0 8.26e+05 1.7 3.5e+03 7.6e+02 2.4e+01  0  0  1  0  2   0  0  1  0  2  6104
MatMatMultSym          3 1.0 3.9420e-03 1.0 0.00e+00 0.0 2.8e+03 5.9e+02 2.4e+01  0  0  1  0  2   0  0  1  0  2     0
MatMatMultNum          3 1.0 1.1368e-03 1.0 8.26e+05 1.7 6.4e+02 1.5e+03 0.0e+00  0  0  0  0  0   0  0  0  0  0 27318
MatPtAP                3 1.0 1.4252e-02 1.0 4.20e+06 1.7 6.2e+03 1.6e+03 3.3e+01  0  0  3  1  3   0  0  3  1  3 10700
MatPtAPSymbolic        3 1.0 9.1288e-03 1.0 0.00e+00 0.0 3.7e+03 1.9e+03 2.1e+01  0  0  2  1  2   0  0  2  1  2     0
MatPtAPNumeric         3 1.0 5.1200e-03 1.0 4.20e+06 1.7 2.5e+03 1.2e+03 1.2e+01  0  0  1  0  1   0  0  1  0  1 29784
MatTrnMatMult          1 1.0 1.0910e-02 1.0 7.98e+05 1.8 1.7e+03 6.5e+03 1.1e+01  0  0  1  1  1   0  0  1  1  1  2675
MatTrnMatMultSym       1 1.0 5.0809e-03 1.0 0.00e+00 0.0 8.5e+02 2.7e+03 7.0e+00  0  0  0  0  1   0  0  0  0  1     0
MatTrnMatMultNum       1 1.0 5.8570e-03 1.0 7.98e+05 1.8 8.6e+02 1.0e+04 4.0e+00  0  0  0  1  0   0  0  0  1  0  4982
MatGetLocalMat        10 1.0 4.1413e-04 1.4 0.00e+00 0.0 0.0e+00 0.0e+00 0.0e+00  0  0  0  0  0   0  0  0  0  0     0
MatGetBrAoCol          9 1.0 8.8859e-04 1.7 0.00e+00 0.0 4.5e+03 1.9e+03 0.0e+00  0  0  2  1  0   0  0  2  1  0     0
MatColoringApply       1 1.0 1.2766e-01 1.0 0.00e+00 0.0 4.7e+01 4.0e+00 3.0e+00  3  0  0  0  0   3  0  0  0  0     0
VecDot                 1 1.0 2.0721e-03 4.3 2.57e+05 1.2 0.0e+00 0.0e+00 1.0e+00  0  0  0  0  0   0  0  0  0  0  5497
VecMDot               80 1.0 3.5149e-02 2.7 1.63e+07 1.2 0.0e+00 0.0e+00 8.0e+01  0  1  0  0  7   0  1  0  0  7 20412
VecTDot               37 1.0 1.3179e-01 2.9 9.52e+06 1.2 0.0e+00 0.0e+00 3.7e+01  2  1  0  0  3   2  1  0  0  3  3198
VecNorm               92 1.0 7.5461e-02 7.6 4.30e+06 1.2 0.0e+00 0.0e+00 9.2e+01  1  0  0  0  8   1  0  0  0  8  2505
VecScale             437 1.0 1.0574e-03 1.3 1.63e+06 1.2 0.0e+00 0.0e+00 0.0e+00  0  0  0  0  0   0  0  0  0  0 67854
VecCopy              330 1.0 9.0659e-03 1.6 0.00e+00 0.0 0.0e+00 0.0e+00 0.0e+00  0  0  0  0  0   0  0  0  0  0     0
VecSet              1772 1.0 1.7011e-01 1.3 0.00e+00 0.0 0.0e+00 0.0e+00 0.0e+00  3  0  0  0  0   3  0  0  0  0     0
VecAXPY              192 1.0 2.9756e-02 1.3 1.60e+07 1.2 0.0e+00 0.0e+00 0.0e+00  1  1  0  0  0   1  1  0  0  0 23659
VecAYPX              663 1.0 6.7588e-02 1.7 3.21e+07 1.2 0.0e+00 0.0e+00 0.0e+00  1  2  0  0  0   1  2  0  0  0 20941
VecAXPBYCZ           266 1.0 5.0024e-02 1.7 5.53e+07 1.2 0.0e+00 0.0e+00 0.0e+00  1  4  0  0  0   1  4  0  0  0 48670
VecWAXPY               2 1.0 1.2262e-03 1.5 2.57e+05 1.2 0.0e+00 0.0e+00 0.0e+00  0  0  0  0  0   0  0  0  0  0  9289
VecMAXPY              88 1.0 1.9388e-02 1.2 1.93e+07 1.2 0.0e+00 0.0e+00 0.0e+00  0  1  0  0  0   0  1  0  0  0 43734
VecAssemblyBegin      36 1.0 8.4758e-04 1.2 0.00e+00 0.0 0.0e+00 0.0e+00 0.0e+00  0  0  0  0  0   0  0  0  0  0     0
VecAssemblyEnd        36 1.0 3.7193e-05 1.5 0.00e+00 0.0 0.0e+00 0.0e+00 0.0e+00  0  0  0  0  0   0  0  0  0  0     0
VecPointwiseMult     363 1.0 1.0144e-01 1.5 2.46e+07 1.2 0.0e+00 0.0e+00 0.0e+00  2  2  0  0  0   2  2  0  0  0 10830
VecScatterBegin      442 1.0 2.7349e-03 2.5 0.00e+00 0.0 8.3e+04 4.3e+02 0.0e+00  0  0 35  3  0   0  0 35  3  0     0
VecScatterEnd        442 1.0 4.2526e-02 4.0 0.00e+00 0.0 0.0e+00 0.0e+00 0.0e+00  0  0  0  0  0   0  0  0  0  0     0
VecSetRandom           3 1.0 6.3181e-05 1.7 0.00e+00 0.0 0.0e+00 0.0e+00 0.0e+00  0  0  0  0  0   0  0  0  0  0     0
VecReduceArith         2 1.0 8.8000e-04 1.6 5.15e+05 1.2 0.0e+00 0.0e+00 0.0e+00  0  0  0  0  0   0  0  0  0  0 25887
VecReduceComm          1 1.0 5.9891e-0431.8 0.00e+00 0.0 0.0e+00 0.0e+00 1.0e+00  0  0  0  0  0   0  0  0  0  0     0
VecNormalize          88 1.0 3.0707e-02 4.1 4.90e+06 1.2 0.0e+00 0.0e+00 8.8e+01  0  0  0  0  7   0  0  0  0  7  7010
SNESSolve              1 1.0 3.1945e+00 1.0 2.64e+08 1.2 2.3e+05 4.5e+03 1.0e+03 66 20 95 93 87  66 20 95 93 87  3616
SNESSetUp              1 1.0 2.0027e-05 2.3 0.00e+00 0.0 0.0e+00 0.0e+00 0.0e+00  0  0  0  0  0   0  0  0  0  0     0
SNESFunctionEval     110 1.0 5.3245e-01 1.1 4.42e+07 1.5 3.1e+04 1.2e+03 1.7e+01 11  3 13  3  1  11  3 13  3  1  2959
SNESJacobianEval       1 1.0 4.4839e-01 1.0 4.21e+05 1.6 3.0e+04 8.9e+02 4.4e+02  9  0 12  2 37   9  0 12  2 37    36
SNESLineSearch         1 1.0 1.2538e-01 1.0 2.36e+07 1.5 5.5e+02 1.7e+04 4.0e+00  3  2  0  1  0   3  2  0  1  0  6873
KSPSetUp              17 1.0 7.4608e-03 1.4 0.00e+00 0.0 0.0e+00 0.0e+00 1.0e+01  0  0  0  0  1   0  0  0  0  1     0
KSPSolve               1 1.0 2.5039e+00 1.0 2.30e+08 1.3 2.0e+05 5.0e+03 5.8e+02 52 17 82 89 48  52 17 82 89 49  3939
KSPGMRESOrthog        80 1.0 5.0559e-02 1.8 3.27e+07 1.2 0.0e+00 0.0e+00 8.0e+01  1  3  0  0  7   1  3  0  0  7 28382
PCGAMGGraph_AGG        3 1.0 1.6320e-02 1.0 1.53e+05 1.7 2.6e+03 8.6e+01 4.8e+01  0  0  1  0  4   0  0  1  0  4   352
PCGAMGCoarse_AGG       3 1.0 1.2207e-02 1.0 7.98e+05 1.8 8.0e+03 1.6e+03 2.5e+01  0  0  3  1  2   0  0  3  1  2  2390
PCGAMGProl_AGG         3 1.0 3.7479e-03 1.0 0.00e+00 0.0 7.3e+03 3.7e+02 8.4e+01  0  0  3  0  7   0  0  3  0  7     0
PCGAMGPOpt_AGG         3 1.0 9.7198e-03 1.0 4.17e+06 1.7 9.9e+03 6.0e+02 1.1e+02  0  0  4  1  9   0  0  4  1  9 16221
GAMG: createProl       3 1.0 4.2038e-02 1.0 5.12e+06 1.7 2.8e+04 7.8e+02 2.7e+02  1  0 11  2 22   1  0 11  2 22  4581
  Graph                6 1.0 1.6158e-02 1.0 1.53e+05 1.7 2.6e+03 8.6e+01 4.8e+01  0  0  1  0  4   0  0  1  0  4   356
  MIS/Agg              3 1.0 6.8307e-04 1.1 0.00e+00 0.0 4.8e+03 1.6e+02 1.0e+01  0  0  2  0  1   0  0  2  0  1     0
  SA: col data         3 1.0 2.0833e-03 1.0 0.00e+00 0.0 6.5e+03 3.4e+02 6.0e+01  0  0  3  0  5   0  0  3  0  5     0
  SA: frmProl0         3 1.0 1.3220e-03 1.0 0.00e+00 0.0 8.6e+02 6.3e+02 1.2e+01  0  0  0  0  1   0  0  0  0  1     0
  SA: smooth           3 1.0 5.8169e-03 1.0 8.73e+05 1.7 3.5e+03 7.6e+02 3.0e+01  0  0  1  0  2   0  0  1  0  3  5656
GAMG: partLevel        3 1.0 1.7851e-02 1.0 4.20e+06 1.7 6.7e+03 1.5e+03 1.3e+02  0  0  3  1 11   0  0  3  1 11  8543
  repartition          2 1.0 3.5172e-03 1.0 0.00e+00 0.0 5.8e+02 3.8e+02 9.6e+01  0  0  0  0  8   0  0  0  0  8     0
  Invert-Sort          2 1.0 3.2520e-04 1.3 0.00e+00 0.0 0.0e+00 0.0e+00 1.2e+01  0  0  0  0  1   0  0  0  0  1     0
  Move A               2 1.0 1.3928e-03 1.1 0.00e+00 0.0 2.1e+02 9.3e+02 2.6e+01  0  0  0  0  2   0  0  0  0  2     0
  Move P               2 1.0 1.0731e-03 1.1 0.00e+00 0.0 1.2e+02 4.7e+01 2.8e+01  0  0  0  0  2   0  0  0  0  2     0
PCSetUp                2 1.0 7.3426e-02 1.0 9.48e+06 1.6 3.5e+04 1.1e+03 4.4e+02  2  1 15  3 36   2  1 15  3 36  4902
PCSetUpOnBlocks       19 1.0 1.5974e-04 1.5 2.14e+03 0.0 0.0e+00 0.0e+00 0.0e+00  0  0  0  0  0   0  0  0  0  0    13
PCApply               19 1.0 2.2045e+00 1.0 1.98e+08 1.3 1.6e+05 5.5e+03 1.1e+02 45 15 65 78  9  45 15 65 78  9  3846
------------------------------------------------------------------------------------------------------------------------

Memory usage is given in bytes:

Object Type          Creations   Destructions     Memory  Descendants' Mem.
Reports information only for process 0.

--- Event Stage 0: Main Stage

           Container    27             27        15552     0.
    Distributed Mesh   101            101       519904     0.
            DM Label   165            165       104280     0.
    GraphPartitioner    32             32        21504     0.
          Quadrature   699            699       413808     0.
           Index Set   807            807      2590428     0.
   IS L to G Mapping     2              2       766524     0.
             Section   202            202       145440     0.
    Section Symmetry     1              1          688     0.
   Star Forest Graph   252            252       232472     0.
     Discrete System   131            131       121580     0.
              Matrix   133            133     64714380     0.
  Matrix FD Coloring     1              1      1901904     0.
     Matrix Coloring     1              1          648     0.
      Matrix Coarsen     3              3         1908     0.
         Vec Scatter    23             23        18400     0.
              Vector   326            326     46366392     0.
        Linear Space     4              4         2720     0.
          Dual Space    16             16        12416     0.
            FE Space     4              4         3088     0.
                SNES     2              2         2804     0.
              DMSNES     2              2         1344     0.
      SNESLineSearch     1              1         1000     0.
       Krylov Solver    19             19       259920     0.
     DMKSP interface     1              1          656     0.
      Preconditioner    13             13        13284     0.
       Field over DM     1              1          704     0.
         PetscRandom     6              6         3876     0.
              Viewer     1              0            0     0.
========================================================================================================================
Average time to get PetscTime(): 0.
Average time for MPI_Barrier(): 5.00679e-06
Average time for zero size MPI_Send(): 2.6077e-06
#PETSc Option Table entries:
-boundary mms
-degree 4
-E 1e6
-forcing mms
-log_view
-mesh ./meshes/cylinder8_31280e_4ss_us.exo
-nu .3
#End of PETSc Option Table entries
Compiled without FORTRAN kernels
Compiled with full precision matrices (default)
sizeof(short) 2 sizeof(int) 4 sizeof(long) 8 sizeof(void*) 8 sizeof(PetscScalar) 8 sizeof(PetscInt) 4
Configure options: --with-cc=gcc --with-cxx=g++ --with-fc=gfortran --with-valgrind-dir=/curc/sw/valgrind/3.11.0 --download-make --download-cmake --download-mpich --download-fblaslapack --download-parmetis --download-metis --download-zlib --download-hdf5 --download-netcdf --download-pnetcdf --download-exodusii COPTFLAGS="-O3 -march=native" FOPTFLAGS="-O3 -march=native" CXXOPTFLAGS="-O3 -march=native" --with-debugging=0 --with-shared-libraries=1 --prefix=/projects/arme5062/software/petsc/local
-----------------------------------------
Libraries compiled on 2020-03-04 05:38:54 on shas0137 
Machine characteristics: Linux-3.10.0-957.21.3.el7.x86_64-x86_64-with-redhat-7.4-Maipo
Using PETSc directory: /projects/arme5062/software/petsc/local
Using PETSc arch: 
-----------------------------------------

Using C compiler: /projects/arme5062/software/petsc/local/bin/mpicc  -Wall -Wwrite-strings -Wno-strict-aliasing -Wno-unknown-pragmas -fstack-protector -fvisibility=hidden -O3 -march=native  
Using Fortran compiler: /projects/arme5062/software/petsc/local/bin/mpif90  -Wall -ffree-line-length-0 -Wno-unused-dummy-argument -O3 -march=native   
-----------------------------------------

Using include paths: -I/projects/arme5062/software/petsc/local/include -I/curc/sw/valgrind/3.11.0/include
-----------------------------------------

Using C linker: /projects/arme5062/software/petsc/local/bin/mpicc
Using Fortran linker: /projects/arme5062/software/petsc/local/bin/mpif90
Using libraries: -Wl,-rpath,/projects/arme5062/software/petsc/local/lib -L/projects/arme5062/software/petsc/local/lib -lpetsc -Wl,-rpath,/projects/arme5062/software/petsc/local/lib -L/projects/arme5062/software/petsc/local/lib -Wl,-rpath,/usr/lib/gcc/x86_64-redhat-linux/4.8.5 -L/usr/lib/gcc/x86_64-redhat-linux/4.8.5 -lflapack -lfblas -lpthread -lexodus -lnetcdf -lpnetcdf -lhdf5hl_fortran -lhdf5_fortran -lhdf5_hl -lhdf5 -lparmetis -lmetis -lm -lz -lX11 -lstdc++ -ldl -lmpifort -lmpi -lgfortran -lm -lgfortran -lm -lgcc_s -lquadmath -lstdc++ -ldl
-----------------------------------------

