
-- Elastisticy Example - libCEED + PETSc --
  libCEED:
    libCEED Backend                    : /cpu/self/xsmm/blocked
  Problem:
    Problem Name                       : Linear elasticity
    Forcing Function                   : Manufactured solution
    Boundary Condition                 : Manufactured solution
  Mesh:
    File                               : ./meshes/cylinder8_31280e_4ss_us.exo
    Number of 1D Basis Nodes (p)       : 3
    Number of 1D Quadrature Points (q) : 3
    Global nodes                       : 224420
    Owned nodes                        : 8925
    DoF per node                       : 3
  Multigrid:
    Type                               : P-multigrid, logarithmic coarsening
    Number of Levels                   : 2
    Level 0 (coarse):
      Number of 1D Basis Nodes (p)     : 2
      Global Nodes                     : 24852
      Owned Nodes                      : 919
    Level 1 (fine):
      Number of 1D Basis Nodes (p)     : 3
      Global Nodes                     : 224420
      Owned Nodes                      : 8925
  SNES:
    SNES Type                          : newtonls
    SNES Convergence                   : CONVERGED_FNORM_RELATIVE
    Total SNES Iterations              : 1
    Final rnorm                        : 3.057394e-04
  Linear Solver:
    KSP Type                           : cg
  P-Multigrid:
    PCMG Type                          : MULTIPLICATIVE
    PCMG Cycle Type                    : v
    Coarse Solve:
      KSP Type                         : preonly
      PC Type                          : gamg
  Performance:
    SNES Solve Time                    : 0.973954 (0.973913) sec
    L2 Error                           : 0.000078
************************************************************************************************************************
***             WIDEN YOUR WINDOW TO 120 CHARACTERS.  Use 'enscript -r -fCourier9' to print this document            ***
************************************************************************************************************************

---------------------------------------------- PETSc Performance Summary: ----------------------------------------------

./elasticity on a  named shas0132.rc.int.colorado.edu with 24 processors, by arme5062 Thu Mar  5 17:38:37 2020
Using Petsc Development GIT revision: v3.12.4-787-gcc5957f  GIT Date: 2020-02-26 21:52:32 -0500

                         Max       Max/Min     Avg       Total 
Time (sec):           1.794e+00     1.000   1.794e+00
Objects:              2.046e+03     1.065   1.950e+03
Flop:                 1.464e+08     1.283   1.291e+08  3.098e+09
Flop/sec:             8.162e+07     1.283   7.197e+07  1.727e+09
MPI Messages:         5.406e+03     2.702   3.404e+03  8.170e+04
MPI Message Lengths:  2.588e+07     4.021   2.634e+03  2.152e+08
MPI Reductions:       1.128e+03     1.000

Flop counting convention: 1 flop = 1 real number operation of type (multiply/divide/add/subtract)
                            e.g., VecAXPY() for real vectors of length N --> 2N flop
                            and VecAXPY() for complex vectors of length N --> 8N flop

Summary of Stages:   ----- Time ------  ----- Flop ------  --- Messages ---  -- Message Lengths --  -- Reductions --
                        Avg     %Total     Avg     %Total    Count   %Total     Avg         %Total    Count   %Total 
 0:      Main Stage: 1.7935e+00 100.0%  3.0981e+09 100.0%  8.170e+04 100.0%  2.634e+03      100.0%  1.121e+03  99.4% 

------------------------------------------------------------------------------------------------------------------------
See the 'Profiling' chapter of the users' manual for details on interpreting output.
Phase summary info:
   Count: number of times phase was executed
   Time and Flop: Max - maximum over all processors
                  Ratio - ratio of maximum to minimum over all processors
   Mess: number of messages sent
   AvgLen: average message length (bytes)
   Reduct: number of global reductions
   Global: entire computation
   Stage: stages of a computation. Set stages with PetscLogStagePush() and PetscLogStagePop().
      %T - percent time in this phase         %F - percent flop in this phase
      %M - percent messages in this phase     %L - percent message lengths in this phase
      %R - percent reductions in this phase
   Total Mflop/s: 10e-6 * (sum of flop over all processors)/(max time over all processors)
------------------------------------------------------------------------------------------------------------------------
Event                Count      Time (sec)     Flop                              --- Global ---  --- Stage ----  Total
                   Max Ratio  Max     Ratio   Max  Ratio  Mess   AvgLen  Reduct  %T %F %M %L %R  %T %F %M %L %R Mflop/s
------------------------------------------------------------------------------------------------------------------------

--- Event Stage 0: Main Stage

PetscBarrier           2 1.0 2.9906e-02 1.0 0.00e+00 0.0 0.0e+00 0.0e+00 2.0e+00  2  0  0  0  0   2  0  0  0  0     0
BuildTwoSided         48 1.0 1.1002e-02 2.8 0.00e+00 0.0 1.6e+03 4.0e+00 0.0e+00  0  0  2  0  0   0  0  2  0  0     0
BuildTwoSidedF        59 1.0 1.6682e-02 6.7 0.00e+00 0.0 8.4e+02 9.9e+03 0.0e+00  1  0  1  4  0   1  0  1  4  0     0
DMCreateMat            1 1.0 1.1859e-01 1.0 0.00e+00 0.0 1.3e+03 1.6e+04 1.3e+01  7  0  2 10  1   7  0  2 10  1     0
DMPlexCrFromFile       1 1.0 2.9561e-01 1.3 0.00e+00 0.0 0.0e+00 0.0e+00 5.0e+00 13  0  0  0  0  13  0  0  0  0     0
Mesh Partition         1 1.0 1.4064e-01 1.8 0.00e+00 0.0 9.2e+01 5.0e+04 9.0e+00  8  0  0  2  1   8  0  0  2  1     0
Mesh Migration         1 1.0 4.2119e-02 1.0 0.00e+00 0.0 6.3e+02 3.9e+04 2.4e+01  2  0  1 11  2   2  0  1 11  2     0
DMPlexPartSelf         1 1.0 4.1350e-026937.4 0.00e+00 0.0 0.0e+00 0.0e+00 0.0e+00  0  0  0  0  0   0  0  0  0  0     0
DMPlexPartLblInv       1 1.0 4.3350e-0226.7 0.00e+00 0.0 0.0e+00 0.0e+00 3.0e+00  2  0  0  1  0   2  0  0  1  0     0
DMPlexPartLblSF        1 1.0 2.6109e-03 1.7 0.00e+00 0.0 3.4e+01 3.3e+04 0.0e+00  0  0  0  1  0   0  0  0  1  0     0
DMPlexPartStrtSF       1 1.0 1.3669e-03 1.9 0.00e+00 0.0 2.3e+01 4.9e+04 0.0e+00  0  0  0  1  0   0  0  0  1  0     0
DMPlexPointSF          1 1.0 1.3855e-02 1.0 0.00e+00 0.0 4.6e+01 1.2e+05 0.0e+00  1  0  0  3  0   1  0  0  3  0     0
DMPlexInterp          13 1.0 2.2912e-01 1.0 0.00e+00 0.0 0.0e+00 0.0e+00 1.7e+01 12  0  0  0  2  12  0  0  0  2     0
DMPlexDistribute       1 1.0 1.9699e-01 1.4 0.00e+00 0.0 7.7e+02 4.5e+04 3.3e+01 11  0  1 16  3  11  0  1 16  3     0
DMPlexDistCones        1 1.0 9.1581e-03 1.0 0.00e+00 0.0 1.3e+02 9.4e+04 1.0e+00  1  0  0  6  0   1  0  0  6  0     0
DMPlexDistLabels       1 1.0 9.9599e-03 1.0 0.00e+00 0.0 3.1e+02 2.3e+04 2.1e+01  1  0  0  3  2   1  0  0  3  2     0
DMPlexDistField        1 1.0 2.0886e-02 1.0 0.00e+00 0.0 1.5e+02 2.1e+04 1.0e+00  1  0  0  1  0   1  0  0  1  0     0
DMPlexStratify        25 1.0 2.3223e-0118.2 0.00e+00 0.0 0.0e+00 0.0e+00 2.5e+01 12  0  0  0  2  12  0  0  0  2     0
DMPlexSymmetrize      25 1.0 2.5096e-0244.2 0.00e+00 0.0 0.0e+00 0.0e+00 0.0e+00  0  0  0  0  0   0  0  0  0  0     0
DMPlexPrealloc         1 1.0 1.1811e-01 1.0 0.00e+00 0.0 1.3e+03 1.6e+04 1.1e+01  7  0  2 10  1   7  0  2 10  1     0
SFSetGraph            51 1.0 1.0276e-04 2.0 0.00e+00 0.0 0.0e+00 0.0e+00 0.0e+00  0  0  0  0  0   0  0  0  0  0     0
SFSetUp               48 1.0 1.4722e-02 1.4 0.00e+00 0.0 4.9e+03 2.8e+03 0.0e+00  1  0  6  6  0   1  0  6  6  0     0
SFBcastOpBegin       639 1.0 1.5506e-02 2.7 0.00e+00 0.0 5.2e+04 2.1e+03 0.0e+00  0  0 63 50  0   0  0 63 50  0     0
SFBcastOpEnd         639 1.0 1.0543e-01 2.1 0.00e+00 0.0 0.0e+00 0.0e+00 0.0e+00  4  0  0  0  0   4  0  0  0  0     0
SFReduceBegin        316 1.0 1.1810e-02 1.5 0.00e+00 0.0 2.0e+04 3.6e+03 0.0e+00  1  0 25 34  0   1  0 25 34  0     0
SFReduceEnd          314 1.0 9.5792e-0213.9 0.00e+00 0.0 0.0e+00 0.0e+00 0.0e+00  3  0  0  0  0   3  0  0  0  0     0
SFFetchOpBegin         2 1.0 5.3883e-0518.8 0.00e+00 0.0 1.3e+02 1.8e+04 0.0e+00  0  0  0  1  0   0  0  0  1  0     0
SFFetchOpEnd           2 1.0 5.3008e-0323.4 0.00e+00 0.0 1.3e+02 1.8e+04 0.0e+00  0  0  0  1  0   0  0  0  1  0     0
SFCreateEmbed          3 1.0 2.6333e-0235.7 0.00e+00 0.0 1.5e+02 8.4e+03 0.0e+00  0  0  0  1  0   0  0  0  1  0     0
SFDistSection          9 1.0 2.7998e-02 1.1 0.00e+00 0.0 9.8e+02 1.2e+04 9.0e+00  2  0  1  5  1   2  0  1  5  1     0
SFSectionSF           11 1.0 8.1663e-03 1.8 0.00e+00 0.0 7.5e+02 8.4e+03 0.0e+00  0  0  1  3  0   0  0  1  3  0     0
SFRemoteOff            2 1.0 1.0026e-0236.3 0.00e+00 0.0 2.6e+02 1.1e+03 0.0e+00  0  0  0  0  0   0  0  0  0  0     0
MatMult              370 1.0 3.1900e-01 1.0 4.17e+07 1.4 4.1e+04 2.6e+03 0.0e+00 18 27 51 51  0  18 27 51 51  0  2622
MatMultAdd            60 1.0 1.7849e-02 1.3 2.70e+06 1.3 4.9e+03 1.5e+03 0.0e+00  1  2  6  3  0   1  2  6  3  0  3243
MatMultTranspose      62 1.0 1.8244e-02 1.6 1.86e+06 1.3 5.2e+03 1.6e+03 0.0e+00  1  1  6  4  0   1  1  6  4  0  2163
MatSolve              15 0.0 4.9114e-05 0.0 5.98e+03 0.0 0.0e+00 0.0e+00 0.0e+00  0  0  0  0  0   0  0  0  0  0   122
MatSOR               213 1.0 3.5861e-02 1.4 3.34e+07 1.4 0.0e+00 0.0e+00 0.0e+00  2 22  0  0  0   2 22  0  0  0 18582
MatLUFactorSym         1 1.0 6.0081e-05 3.1 0.00e+00 0.0 0.0e+00 0.0e+00 0.0e+00  0  0  0  0  0   0  0  0  0  0     0
MatLUFactorNum         1 1.0 2.4796e-05 8.7 1.72e+03 0.0 0.0e+00 0.0e+00 0.0e+00  0  0  0  0  0   0  0  0  0  0    69
MatScale               9 1.0 3.0303e-04 1.3 1.39e+05 1.5 3.1e+02 2.3e+02 0.0e+00  0  0  0  0  0   0  0  0  0  0  9170
MatResidual           60 1.0 4.4630e-02 1.1 8.23e+06 1.4 6.6e+03 2.2e+03 0.0e+00  2  5  8  7  0   2  5  8  7  0  3710
MatAssemblyBegin      77 1.0 1.7617e-02 4.7 0.00e+00 0.0 8.4e+02 9.9e+03 0.0e+00  1  0  1  4  0   1  0  1  4  0     0
MatAssemblyEnd        77 1.0 1.9384e-02 1.0 2.08e+04 1.9 2.8e+03 1.0e+02 8.4e+01  1  0  3  0  7   1  0  3  0  7    19
MatGetRowIJ            2 2.0 1.0465e-02 1.1 0.00e+00 0.0 0.0e+00 0.0e+00 0.0e+00  1  0  0  0  0   1  0  0  0  0     0
MatCreateSubMat        4 1.0 1.8520e-03 1.0 0.00e+00 0.0 2.4e+02 8.5e+02 4.8e+01  0  0  0  0  4   0  0  0  0  4     0
MatGetOrdering         1 0.0 4.5061e-05 0.0 0.00e+00 0.0 0.0e+00 0.0e+00 0.0e+00  0  0  0  0  0   0  0  0  0  0     0
MatCoarsen             3 1.0 5.7602e-04 1.1 0.00e+00 0.0 2.0e+03 2.1e+02 9.0e+00  0  0  2  0  1   0  0  2  0  1     0
MatZeroEntries         4 1.0 4.4203e-04 1.4 0.00e+00 0.0 0.0e+00 0.0e+00 0.0e+00  0  0  0  0  0   0  0  0  0  0     0
MatAXPY                3 1.0 6.7401e-04 1.1 1.14e+04 1.4 0.0e+00 0.0e+00 0.0e+00  0  0  0  0  0   0  0  0  0  0   343
MatFDColorCreate       1 1.0 1.1921e-0327.8 0.00e+00 0.0 0.0e+00 0.0e+00 2.0e+00  0  0  0  0  0   0  0  0  0  0     0
MatFDColorSetUp        1 1.0 1.8515e-02 1.1 0.00e+00 0.0 0.0e+00 0.0e+00 4.3e+02  1  0  0  0 38   1  0  0  0 39     0
MatFDColorApply        1 1.0 1.9294e-01 1.0 7.92e+05 1.4 1.4e+04 1.3e+03 2.0e+00 11  1 17  8  0  11  1 17  8  0    83
MatFDColorFunc       108 1.0 1.9063e-01 1.0 0.00e+00 0.0 1.4e+04 1.3e+03 2.0e+00 11  0 17  8  0  11  0 17  8  0     0
MatTranspose           6 1.0 6.6090e-04 2.3 0.00e+00 0.0 0.0e+00 0.0e+00 0.0e+00  0  0  0  0  0   0  0  0  0  0     0
MatMatMult             3 1.0 8.0113e-03 1.0 1.55e+06 1.4 1.7e+03 1.0e+03 2.4e+01  0  1  2  1  2   0  1  2  1  2  3881
MatMatMultSym          3 1.0 6.0840e-03 1.0 0.00e+00 0.0 1.4e+03 8.1e+02 2.4e+01  0  0  2  1  2   0  0  2  1  2     0
MatMatMultNum          3 1.0 1.9131e-03 1.0 1.55e+06 1.4 3.1e+02 2.1e+03 0.0e+00  0  1  0  0  0   0  1  0  0  0 16254
MatPtAP                3 1.0 2.3436e-02 1.0 7.96e+06 1.7 2.9e+03 2.4e+03 3.3e+01  1  5  4  3  3   1  5  4  3  3  6595
MatPtAPSymbolic        3 1.0 1.5283e-02 1.0 0.00e+00 0.0 1.8e+03 2.6e+03 2.1e+01  1  0  2  2  2   1  0  2  2  2     0
MatPtAPNumeric         3 1.0 8.1329e-03 1.0 7.96e+06 1.7 1.1e+03 2.0e+03 1.2e+01  0  5  1  1  1   0  5  1  1  1 19005
MatTrnMatMult          1 1.0 1.7734e-02 1.0 1.46e+06 1.4 7.8e+02 9.4e+03 1.1e+01  1  1  1  3  1   1  1  1  3  1  1631
MatTrnMatMultSym       1 1.0 8.8820e-03 1.0 0.00e+00 0.0 3.9e+02 3.9e+03 7.0e+00  0  0  0  1  1   0  0  0  1  1     0
MatTrnMatMultNum       1 1.0 8.8511e-03 1.0 1.46e+06 1.4 3.9e+02 1.5e+04 4.0e+00  0  1  0  3  0   0  1  0  3  0  3267
MatGetLocalMat        10 1.0 6.8545e-04 1.4 0.00e+00 0.0 0.0e+00 0.0e+00 0.0e+00  0  0  0  0  0   0  0  0  0  0     0
MatGetBrAoCol          9 1.0 9.4151e-04 1.5 0.00e+00 0.0 2.2e+03 2.7e+03 0.0e+00  0  0  3  3  0   0  0  3  3  0     0
MatColoringApply       1 1.0 1.2437e-01 1.0 0.00e+00 0.0 2.3e+01 4.0e+00 3.0e+00  7  0  0  0  0   7  0  0  0  0     0
VecDot                 1 1.0 2.6798e-04 3.9 6.13e+04 1.2 0.0e+00 0.0e+00 1.0e+00  0  0  0  0  0   0  0  0  0  0  5025
VecMDot               70 1.0 9.0902e-03 2.9 4.21e+06 1.2 0.0e+00 0.0e+00 7.0e+01  0  3  0  0  6   0  3  0  0  6 10011
VecTDot               29 1.0 9.2089e-03 4.5 1.78e+06 1.2 0.0e+00 0.0e+00 2.9e+01  0  1  0  0  3   0  1  0  0  3  4240
VecNorm               81 1.0 2.0759e-02 9.8 1.09e+06 1.2 0.0e+00 0.0e+00 8.1e+01  0  1  0  0  7   0  1  0  0  7  1136
VecScale             226 1.0 2.2149e-04 1.4 4.21e+05 1.2 0.0e+00 0.0e+00 0.0e+00  0  0  0  0  0   0  0  0  0  0 41090
VecCopy              270 1.0 2.0266e-03 1.4 0.00e+00 0.0 0.0e+00 0.0e+00 0.0e+00  0  0  0  0  0   0  0  0  0  0     0
VecSet              1078 1.0 1.8505e-02 1.2 0.00e+00 0.0 0.0e+00 0.0e+00 0.0e+00  1  0  0  0  0   1  0  0  0  0     0
VecAXPY              160 1.0 2.6925e-03 1.2 3.63e+06 1.2 0.0e+00 0.0e+00 0.0e+00  0  3  0  0  0   0  3  0  0  0 29101
VecAYPX              403 1.0 7.1545e-03 1.5 5.85e+06 1.2 0.0e+00 0.0e+00 0.0e+00  0  4  0  0  0   0  4  0  0  0 17855
VecAXPBYCZ           150 1.0 5.6610e-03 1.8 9.77e+06 1.2 0.0e+00 0.0e+00 0.0e+00  0  7  0  0  0   0  7  0  0  0 37721
VecWAXPY               2 1.0 1.7905e-04 1.4 6.14e+04 1.2 0.0e+00 0.0e+00 0.0e+00  0  0  0  0  0   0  0  0  0  0  7520
VecMAXPY              77 1.0 1.6644e-03 1.2 4.97e+06 1.2 0.0e+00 0.0e+00 0.0e+00  0  3  0  0  0   0  3  0  0  0 64623
VecAssemblyBegin      36 1.0 7.1788e-04 1.2 0.00e+00 0.0 0.0e+00 0.0e+00 0.0e+00  0  0  0  0  0   0  0  0  0  0     0
VecAssemblyEnd        36 1.0 3.5286e-05 1.9 0.00e+00 0.0 0.0e+00 0.0e+00 0.0e+00  0  0  0  0  0   0  0  0  0  0     0
VecPointwiseMult     167 1.0 1.1580e-02 1.6 4.34e+06 1.1 0.0e+00 0.0e+00 0.0e+00  1  3  0  0  0   1  3  0  0  0  8399
VecScatterBegin      370 1.0 2.5067e-03 1.9 0.00e+00 0.0 3.5e+04 5.8e+02 0.0e+00  0  0 43  9  0   0  0 43  9  0     0
VecScatterEnd        370 1.0 1.1275e-02 4.3 0.00e+00 0.0 0.0e+00 0.0e+00 0.0e+00  0  0  0  0  0   0  0  0  0  0     0
VecSetRandom           3 1.0 1.2302e-04 1.4 0.00e+00 0.0 0.0e+00 0.0e+00 0.0e+00  0  0  0  0  0   0  0  0  0  0     0
VecReduceArith         2 1.0 1.4496e-04 1.2 1.23e+05 1.2 0.0e+00 0.0e+00 0.0e+00  0  0  0  0  0   0  0  0  0  0 18578
VecReduceComm          1 1.0 3.7909e-05 5.3 0.00e+00 0.0 0.0e+00 0.0e+00 1.0e+00  0  0  0  0  0   0  0  0  0  0     0
VecNormalize          77 1.0 5.0724e-03 2.7 1.26e+06 1.2 0.0e+00 0.0e+00 7.7e+01  0  1  0  0  7   0  1  0  0  7  5383
SNESSolve              1 1.0 9.7382e-01 1.0 1.33e+08 1.3 7.7e+04 2.0e+03 1.0e+03 54 90 94 73 89  54 90 94 73 89  2854
SNESSetUp              1 1.0 3.0994e-05 3.9 0.00e+00 0.0 0.0e+00 0.0e+00 0.0e+00  0  0  0  0  0   0  0  0  0  0     0
SNESFunctionEval     110 1.0 2.8949e-01 1.1 1.18e+07 1.5 1.4e+04 1.4e+03 1.7e+01 16  7 17  9  2  16  7 17  9  2   789
SNESJacobianEval       1 1.0 3.3455e-01 1.0 7.92e+05 1.4 1.4e+04 1.3e+03 4.4e+02 19  1 17  8 39  19  1 17  8 39    48
SNESLineSearch         1 1.0 5.1428e-02 1.0 6.29e+06 1.4 2.6e+02 5.8e+03 4.0e+00  3  4  0  1  0   3  4  0  1  0  2390
KSPSetUp              15 1.0 1.4603e-03 1.4 0.00e+00 0.0 0.0e+00 0.0e+00 8.0e+00  0  0  0  0  1   0  0  0  0  1     0
KSPSolve               1 1.0 5.3575e-01 1.0 1.23e+08 1.4 6.3e+04 2.2e+03 5.4e+02 30 81 77 63 48  30 81 77 63 48  4710
KSPGMRESOrthog        70 1.0 1.0568e-02 2.4 8.42e+06 1.2 0.0e+00 0.0e+00 7.0e+01  0  6  0  0  6   0  6  0  0  6 17223
PCGAMGGraph_AGG        3 1.0 2.6997e-02 1.0 2.88e+05 1.4 1.2e+03 1.2e+02 4.8e+01  2  0  2  0  4   2  0  2  0  4   213
PCGAMGCoarse_AGG       3 1.0 1.9033e-02 1.0 1.46e+06 1.4 3.5e+03 2.4e+03 2.4e+01  1  1  4  4  2   1  1  4  4  2  1519
PCGAMGProl_AGG         3 1.0 3.5481e-03 1.0 0.00e+00 0.0 3.5e+03 5.0e+02 8.4e+01  0  0  4  1  7   0  0  4  1  7     0
PCGAMGPOpt_AGG         3 1.0 1.5172e-02 1.0 7.87e+06 1.4 4.8e+03 8.2e+02 1.1e+02  1  5  6  2 10   1  5  6  2 10 10405
GAMG: createProl       3 1.0 6.4837e-02 1.0 9.62e+06 1.4 1.3e+04 1.1e+03 2.7e+02  4  6 16  7 24   4  6 16  7 24  2970
  Graph                6 1.0 2.6839e-02 1.0 2.88e+05 1.4 1.2e+03 1.2e+02 4.8e+01  1  0  2  0  4   1  0  2  0  4   215
  MIS/Agg              3 1.0 6.0606e-04 1.1 0.00e+00 0.0 2.0e+03 2.1e+02 9.0e+00  0  0  2  0  1   0  0  2  0  1     0
  SA: col data         3 1.0 1.6160e-03 1.0 0.00e+00 0.0 3.1e+03 4.6e+02 6.0e+01  0  0  4  1  5   0  0  4  1  5     0
  SA: frmProl0         3 1.0 1.6248e-03 1.0 0.00e+00 0.0 4.2e+02 8.5e+02 1.2e+01  0  0  1  0  1   0  0  1  0  1     0
  SA: smooth           3 1.0 9.1894e-03 1.0 1.65e+06 1.4 1.7e+03 1.0e+03 3.0e+01  1  1  2  1  3   1  1  2  1  3  3586
GAMG: partLevel        3 1.0 2.6895e-02 1.0 7.96e+06 1.7 3.3e+03 2.2e+03 1.3e+02  1  5  4  3 11   1  5  4  3 12  5747
  repartition          2 1.0 3.3422e-03 1.2 0.00e+00 0.0 3.8e+02 5.8e+02 9.6e+01  0  0  0  0  9   0  0  0  0  9     0
  Invert-Sort          2 1.0 1.7786e-04 1.3 0.00e+00 0.0 0.0e+00 0.0e+00 1.2e+01  0  0  0  0  1   0  0  0  0  1     0
  Move A               2 1.0 1.1871e-03 1.1 0.00e+00 0.0 1.4e+02 1.5e+03 2.6e+01  0  0  0  0  2   0  0  0  0  2     0
  Move P               2 1.0 1.4458e-03 1.7 0.00e+00 0.0 1.0e+02 4.0e+01 2.8e+01  0  0  0  0  2   0  0  0  0  2     0
PCSetUp                2 1.0 9.5144e-02 1.0 1.77e+07 1.5 1.7e+04 1.3e+03 4.3e+02  5 11 20 10 38   5 11 20 10 38  3668
PCSetUpOnBlocks       15 1.0 1.4496e-04 1.7 1.72e+03 0.0 0.0e+00 0.0e+00 0.0e+00  0  0  0  0  0   0  0  0  0  0    12
PCApply               15 1.0 4.0221e-01 1.0 1.01e+08 1.3 4.4e+04 2.3e+03 8.6e+01 22 67 54 48  8  22 67 54 48  8  5172
------------------------------------------------------------------------------------------------------------------------

Memory usage is given in bytes:

Object Type          Creations   Destructions     Memory  Descendants' Mem.
Reports information only for process 0.

--- Event Stage 0: Main Stage

           Container    21             21        12096     0.
    Distributed Mesh    77             77       396656     0.
            DM Label   127            127        80264     0.
    GraphPartitioner    25             25        16800     0.
          Quadrature   224            224       132608     0.
           Index Set   609            609      2424968     0.
   IS L to G Mapping     2              2      1008600     0.
             Section   157            157       113040     0.
   Star Forest Graph   201            201       186016     0.
     Discrete System   100            100        92808     0.
              Matrix   125            125     67540652     0.
  Matrix FD Coloring     1              1      4099944     0.
     Matrix Coloring     1              1          648     0.
      Matrix Coarsen     3              3         1908     0.
         Vec Scatter    23             23        18400     0.
              Vector   289            289     12368768     0.
        Linear Space     3              3         2040     0.
          Dual Space    12             12         9312     0.
            FE Space     3              3         2316     0.
                SNES     2              2         2804     0.
              DMSNES     2              2         1344     0.
      SNESLineSearch     1              1         1000     0.
       Krylov Solver    17             17       227936     0.
     DMKSP interface     1              1          656     0.
      Preconditioner    12             12        12268     0.
       Field over DM     1              1          704     0.
         PetscRandom     6              6         3876     0.
              Viewer     1              0            0     0.
========================================================================================================================
Average time to get PetscTime(): 0.
Average time for MPI_Barrier(): 3.00407e-06
Average time for zero size MPI_Send(): 2.70208e-06
#PETSc Option Table entries:
-boundary mms
-degree 2
-E 1e6
-forcing mms
-log_view
-mesh ./meshes/cylinder8_31280e_4ss_us.exo
-nu .3
#End of PETSc Option Table entries
Compiled without FORTRAN kernels
Compiled with full precision matrices (default)
sizeof(short) 2 sizeof(int) 4 sizeof(long) 8 sizeof(void*) 8 sizeof(PetscScalar) 8 sizeof(PetscInt) 4
Configure options: --with-cc=gcc --with-cxx=g++ --with-fc=gfortran --with-valgrind-dir=/curc/sw/valgrind/3.11.0 --download-make --download-cmake --download-mpich --download-fblaslapack --download-parmetis --download-metis --download-zlib --download-hdf5 --download-netcdf --download-pnetcdf --download-exodusii COPTFLAGS="-O3 -march=native" FOPTFLAGS="-O3 -march=native" CXXOPTFLAGS="-O3 -march=native" --with-debugging=0 --with-shared-libraries=1 --prefix=/projects/arme5062/software/petsc/local
-----------------------------------------
Libraries compiled on 2020-03-04 05:38:54 on shas0137 
Machine characteristics: Linux-3.10.0-957.21.3.el7.x86_64-x86_64-with-redhat-7.4-Maipo
Using PETSc directory: /projects/arme5062/software/petsc/local
Using PETSc arch: 
-----------------------------------------

Using C compiler: /projects/arme5062/software/petsc/local/bin/mpicc  -Wall -Wwrite-strings -Wno-strict-aliasing -Wno-unknown-pragmas -fstack-protector -fvisibility=hidden -O3 -march=native  
Using Fortran compiler: /projects/arme5062/software/petsc/local/bin/mpif90  -Wall -ffree-line-length-0 -Wno-unused-dummy-argument -O3 -march=native   
-----------------------------------------

Using include paths: -I/projects/arme5062/software/petsc/local/include -I/curc/sw/valgrind/3.11.0/include
-----------------------------------------

Using C linker: /projects/arme5062/software/petsc/local/bin/mpicc
Using Fortran linker: /projects/arme5062/software/petsc/local/bin/mpif90
Using libraries: -Wl,-rpath,/projects/arme5062/software/petsc/local/lib -L/projects/arme5062/software/petsc/local/lib -lpetsc -Wl,-rpath,/projects/arme5062/software/petsc/local/lib -L/projects/arme5062/software/petsc/local/lib -Wl,-rpath,/usr/lib/gcc/x86_64-redhat-linux/4.8.5 -L/usr/lib/gcc/x86_64-redhat-linux/4.8.5 -lflapack -lfblas -lpthread -lexodus -lnetcdf -lpnetcdf -lhdf5hl_fortran -lhdf5_fortran -lhdf5_hl -lhdf5 -lparmetis -lmetis -lm -lz -lX11 -lstdc++ -ldl -lmpifort -lmpi -lgfortran -lm -lgfortran -lm -lgcc_s -lquadmath -lstdc++ -ldl
-----------------------------------------

