
-- Elastisticy Example - libCEED + PETSc --
  libCEED:
    libCEED Backend                    : /cpu/self/xsmm/blocked
  Problem:
    Problem Name                       : Linear elasticity
    Forcing Function                   : Manufactured solution
    Boundary Condition                 : Manufactured solution
  Mesh:
    File                               : ./meshes/cylinder8_31280e_4ss_us.exo
    Number of 1D Basis Nodes (p)       : 5
    Number of 1D Quadrature Points (q) : 5
    Global nodes                       : 1898424
    Owned nodes                        : 947452
    DoF per node                       : 3
  Multigrid:
    Type                               : P-multigrid, logarithmic coarsening
    Number of Levels                   : 3
    Level 0 (coarse):
      Number of 1D Basis Nodes (p)     : 2
      Global Nodes                     : 24852
      Owned Nodes                      : 12304
    Level 2 (fine):
      Number of 1D Basis Nodes (p)     : 5
      Global Nodes                     : 1898424
      Owned Nodes                      : 947452
  SNES:
    SNES Type                          : newtonls
    SNES Convergence                   : CONVERGED_FNORM_RELATIVE
    Total SNES Iterations              : 1
    Final rnorm                        : 7.583321e-04
  Linear Solver:
    KSP Type                           : cg
  P-Multigrid:
    PCMG Type                          : MULTIPLICATIVE
    PCMG Cycle Type                    : v
    Coarse Solve:
      KSP Type                         : preonly
      PC Type                          : gamg
  Performance:
    SNES Solve Time                    : 48.2035 (48.2035) sec
    L2 Error                           : 0.000000
************************************************************************************************************************
***             WIDEN YOUR WINDOW TO 120 CHARACTERS.  Use 'enscript -r -fCourier9' to print this document            ***
************************************************************************************************************************

---------------------------------------------- PETSc Performance Summary: ----------------------------------------------

./elasticity on a  named shas0134.rc.int.colorado.edu with 2 processors, by arme5062 Sun Mar  8 12:40:22 2020
Using Petsc Development GIT revision: v3.12.4-787-gcc5957f  GIT Date: 2020-02-26 21:52:32 -0500

                         Max       Max/Min     Avg       Total 
Time (sec):           6.162e+01     1.000   6.162e+01
Objects:              2.795e+03     1.019   2.769e+03
Flop:                 6.279e+09     1.008   6.255e+09  1.251e+10
Flop/sec:             1.019e+08     1.008   1.015e+08  2.030e+08
MPI Messages:         1.025e+03     1.003   1.024e+03  2.047e+03
MPI Message Lengths:  3.669e+07     1.031   3.531e+04  7.228e+07
MPI Reductions:       1.150e+03     1.000

Flop counting convention: 1 flop = 1 real number operation of type (multiply/divide/add/subtract)
                            e.g., VecAXPY() for real vectors of length N --> 2N flop
                            and VecAXPY() for complex vectors of length N --> 8N flop

Summary of Stages:   ----- Time ------  ----- Flop ------  --- Messages ---  -- Message Lengths --  -- Reductions --
                        Avg     %Total     Avg     %Total    Count   %Total     Avg         %Total    Count   %Total 
 0:      Main Stage: 1.2334e+01  20.0%  1.8997e+09  15.2%  8.600e+01   4.2%  2.095e+05       24.9%  1.290e+02  11.2% 
 1: Stage 1 of Code: 4.9287e+01  80.0%  1.0610e+10  84.8%  1.961e+03  95.8%  2.767e+04       75.1%  1.014e+03  88.2% 

------------------------------------------------------------------------------------------------------------------------
See the 'Profiling' chapter of the users' manual for details on interpreting output.
Phase summary info:
   Count: number of times phase was executed
   Time and Flop: Max - maximum over all processors
                  Ratio - ratio of maximum to minimum over all processors
   Mess: number of messages sent
   AvgLen: average message length (bytes)
   Reduct: number of global reductions
   Global: entire computation
   Stage: stages of a computation. Set stages with PetscLogStagePush() and PetscLogStagePop().
      %T - percent time in this phase         %F - percent flop in this phase
      %M - percent messages in this phase     %L - percent message lengths in this phase
      %R - percent reductions in this phase
   Total Mflop/s: 10e-6 * (sum of flop over all processors)/(max time over all processors)
------------------------------------------------------------------------------------------------------------------------
Event                Count      Time (sec)     Flop                              --- Global ---  --- Stage ----  Total
                   Max Ratio  Max     Ratio   Max  Ratio  Mess   AvgLen  Reduct  %T %F %M %L %R  %T %F %M %L %R Mflop/s
------------------------------------------------------------------------------------------------------------------------

--- Event Stage 0: Main Stage

BuildTwoSided         20 1.0 2.7242e-03 1.7 0.00e+00 0.0 1.0e+01 4.0e+00 0.0e+00  0  0  0  0  0   0  0 12  0  0     0
DMPlexCrFromFile       1 1.0 3.0653e-01 1.3 0.00e+00 0.0 0.0e+00 0.0e+00 5.0e+00  0  0  0  0  0   2  0  0  0  4     0
Mesh Partition         1 1.0 1.6251e-01 1.6 0.00e+00 0.0 4.0e+00 6.9e+05 9.0e+00  0  0  0  4  1   1  0  5 15  7     0
Mesh Migration         1 1.0 7.7798e-02 1.0 0.00e+00 0.0 2.8e+01 4.4e+05 2.4e+01  0  0  1 17  2   1  0 32 67 19     0
DMPlexPartSelf         1 1.0 4.8051e-024381.3 0.00e+00 0.0 0.0e+00 0.0e+00 0.0e+00  0  0  0  0  0   0  0  0  0  0     0
DMPlexPartLblInv       1 1.0 5.9461e-02 5.6 0.00e+00 0.0 0.0e+00 0.0e+00 3.0e+00  0  0  0  2  0   0  0  0  6  2     0
DMPlexPartLblSF        1 1.0 1.7471e-02 1.1 0.00e+00 0.0 1.5e+00 3.7e+05 0.0e+00  0  0  0  1  0   0  0  2  3  0     0
DMPlexPartStrtSF       1 1.0 2.1279e-03 1.0 0.00e+00 0.0 1.0e+00 5.5e+05 0.0e+00  0  0  0  1  0   0  0  1  3  0     0
DMPlexPointSF          1 1.0 1.5473e-02 1.0 0.00e+00 0.0 2.0e+00 1.4e+06 0.0e+00  0  0  0  4  0   0  0  2 15  0     0
DMPlexInterp          13 1.0 2.3749e-01 1.0 0.00e+00 0.0 0.0e+00 0.0e+00 1.7e+01  0  0  0  0  1   2  0  0  0 13     0
DMPlexDistribute       1 1.0 2.5644e-01 1.3 0.00e+00 0.0 3.4e+01 5.3e+05 3.3e+01  0  0  2 24  3   2  0 39 98 26     0
DMPlexDistCones        1 1.0 2.3325e-02 1.0 0.00e+00 0.0 5.5e+00 1.1e+06 1.0e+00  0  0  0  8  0   0  0  6 33  1     0
DMPlexDistLabels       1 1.0 2.0952e-02 1.0 0.00e+00 0.0 1.4e+01 2.6e+05 2.1e+01  0  0  1  5  2   0  0 16 20 16     0
DMPlexDistField        1 1.0 2.2220e-02 1.0 0.00e+00 0.0 6.5e+00 2.3e+05 1.0e+00  0  0  0  2  0   0  0  8  8  1     0
DMPlexStratify        25 1.0 2.4392e-0116.1 0.00e+00 0.0 0.0e+00 0.0e+00 2.5e+01  0  0  0  0  2   1  0  0  0 19     0
DMPlexSymmetrize      25 1.0 3.1556e-02 4.7 0.00e+00 0.0 0.0e+00 0.0e+00 0.0e+00  0  0  0  0  0   0  0  0  0  0     0
SFSetGraph            21 1.0 1.7638e-03 1.1 0.00e+00 0.0 0.0e+00 0.0e+00 0.0e+00  0  0  0  0  0   0  0  0  0  0     0
SFSetUp               20 1.0 8.9073e-02 1.0 0.00e+00 0.0 3.0e+01 1.1e+05 0.0e+00  0  0  1  4  0   1  0 35 18  0     0
SFBcastOpBegin        46 1.0 3.7463e-0318.5 0.00e+00 0.0 4.6e+01 2.5e+05 0.0e+00  0  0  2 16  0   0  0 53 63  0     0
SFBcastOpEnd          46 1.0 3.9881e-02 6.8 0.00e+00 0.0 0.0e+00 0.0e+00 0.0e+00  0  0  0  0  0   0  0  0  0  0     0
SFReduceBegin          8 1.0 1.0049e-02 1.0 0.00e+00 0.0 8.0e+00 2.3e+05 0.0e+00  0  0  0  3  0   0  0  9 10  0     0
SFReduceEnd            7 1.0 1.5742e-02 2.4 0.00e+00 0.0 0.0e+00 0.0e+00 0.0e+00  0  0  0  0  0   0  0  0  0  0     0
SFFetchOpBegin         1 1.0 2.8610e-06 3.0 0.00e+00 0.0 1.0e+00 5.7e+03 0.0e+00  0  0  0  0  0   0  0  1  0  0     0
SFFetchOpEnd           1 1.0 4.2200e-05 3.5 0.00e+00 0.0 1.0e+00 5.7e+03 0.0e+00  0  0  0  0  0   0  0  1  0  0     0
SFCreateEmbed          1 1.0 1.9286e-0224.6 0.00e+00 0.0 1.0e+00 5.5e+05 0.0e+00  0  0  0  1  0   0  0  1  3  0     0
SFDistSection         11 1.0 3.7420e-02 1.3 0.00e+00 0.0 2.8e+01 1.9e+05 1.1e+01  0  0  1  7  1   0  0 33 29  9     0
SFSectionSF           11 1.0 2.2554e-02 1.0 0.00e+00 0.0 1.6e+01 1.2e+05 0.0e+00  0  0  1  3  0   0  0 19 11  0     0
VecNorm                1 1.0 5.5332e-03 1.0 5.71e+06 1.0 0.0e+00 0.0e+00 1.0e+00  0  0  0  0  0   0  1  0  0  1  2059
VecSet                32 1.0 3.7053e-02 1.0 0.00e+00 0.0 0.0e+00 0.0e+00 0.0e+00  0  0  0  0  0   0  0  0  0  0     0
VecWAXPY               1 1.0 5.8100e-03 1.0 2.85e+06 1.0 0.0e+00 0.0e+00 0.0e+00  0  0  0  0  0   0  0  0  0  0   980

--- Event Stage 1: Stage 1 of Code

PetscBarrier           2 1.0 1.5223e-02 1.0 0.00e+00 0.0 0.0e+00 0.0e+00 2.0e+00  0  0  0  0  0   0  0  0  0  0     0
BuildTwoSided         29 1.0 3.4022e-03 7.3 0.00e+00 0.0 2.3e+01 4.0e+00 0.0e+00  0  0  1  0  0   0  0  1  0  0     0
BuildTwoSidedF        57 1.0 1.3937e-0213.3 0.00e+00 0.0 1.8e+01 3.3e+04 0.0e+00  0  0  1  1  0   0  0  1  1  0     0
DMCreateMat            1 1.0 9.7594e-01 1.0 0.00e+00 0.0 2.0e+01 7.7e+04 1.3e+01  2  0  1  2  1   2  0  1  3  1     0
DMPlexInterp           4 1.0 2.8181e-04 1.0 0.00e+00 0.0 0.0e+00 0.0e+00 5.0e+00  0  0  0  0  0   0  0  0  0  0     0
DMPlexStratify         7 1.0 1.3757e-04 1.0 0.00e+00 0.0 0.0e+00 0.0e+00 7.0e+00  0  0  0  0  1   0  0  0  0  1     0
DMPlexSymmetrize       7 1.0 6.9141e-06 1.0 0.00e+00 0.0 0.0e+00 0.0e+00 0.0e+00  0  0  0  0  0   0  0  0  0  0     0
DMPlexPrealloc         1 1.0 9.7191e-01 1.0 0.00e+00 0.0 2.0e+01 7.7e+04 1.1e+01  2  0  1  2  1   2  0  1  3  1     0
SFSetGraph            31 1.0 1.0657e-04 1.2 0.00e+00 0.0 0.0e+00 0.0e+00 0.0e+00  0  0  0  0  0   0  0  0  0  0     0
SFSetUp               29 1.0 1.1531e-02 1.1 0.00e+00 0.0 6.9e+01 7.9e+03 0.0e+00  0  0  3  1  0   0  0  4  1  0     0
SFBcastOpBegin       857 1.0 5.5051e-01 1.0 0.00e+00 0.0 1.2e+03 2.2e+04 0.0e+00  1  0 60 37  0   1  0 63 49  0     0
SFBcastOpEnd         857 1.0 1.0598e+00 1.3 0.00e+00 0.0 0.0e+00 0.0e+00 0.0e+00  2  0  0  0  0   2  0  0  0  0     0
SFReduceBegin        522 1.0 7.9338e-01 1.0 0.00e+00 0.0 5.6e+02 4.6e+04 0.0e+00  1  0 27 35  0   2  0 29 47  0     0
SFReduceEnd          521 1.0 9.3273e-01 1.0 0.00e+00 0.0 0.0e+00 0.0e+00 0.0e+00  1  0  0  0  0   2  0  0  0  0     0
SFFetchOpBegin         1 1.0 1.6928e-0517.8 0.00e+00 0.0 1.0e+00 1.7e+05 0.0e+00  0  0  0  0  0   0  0  0  0  0     0
SFFetchOpEnd           1 1.0 4.8399e-04 5.5 0.00e+00 0.0 1.0e+00 1.7e+05 0.0e+00  0  0  0  0  0   0  0  0  0  0     0
SFCreateEmbed          2 1.0 6.8579e-03 5.5 0.00e+00 0.0 2.0e+00 5.1e+03 0.0e+00  0  0  0  0  0   0  0  0  0  0     0
SFSectionSF            2 1.0 1.1590e-03 1.0 0.00e+00 0.0 3.0e+00 5.7e+04 0.0e+00  0  0  0  0  0   0  0  0  0  0     0
SFRemoteOff            2 1.0 7.5872e-03 3.5 0.00e+00 0.0 4.0e+00 5.1e+03 0.0e+00  0  0  0  0  0   0  0  0  0  0     0
MatMult              593 1.0 2.7245e+01 1.0 5.67e+08 1.0 1.2e+03 3.8e+04 0.0e+00 44  9 58 63  0  55 11 60 84  0    41
MatMultAdd            95 1.0 1.0853e+00 1.0 2.05e+08 1.0 1.7e+02 2.0e+04 0.0e+00  2  3  8  5  0   2  4  9  6  0   376
MatMultTranspose      98 1.0 8.5965e-01 1.0 9.04e+07 1.0 1.8e+02 2.1e+04 0.0e+00  1  1  9  5  0   2  2  9  7  0   209
MatSolve              19 0.0 6.0558e-05 0.0 8.26e+03 0.0 0.0e+00 0.0e+00 0.0e+00  0  0  0  0  0   0  0  0  0  0   136
MatSOR               261 1.0 4.8053e-01 1.0 4.53e+08 1.0 0.0e+00 0.0e+00 0.0e+00  1  7  0  0  0   1  8  0  0  0  1859
MatLUFactorSym         1 1.0 2.3127e-05 1.5 0.00e+00 0.0 0.0e+00 0.0e+00 0.0e+00  0  0  0  0  0   0  0  0  0  0     0
MatLUFactorNum         1 1.0 1.3113e-05 3.2 2.14e+03 0.0 0.0e+00 0.0e+00 0.0e+00  0  0  0  0  0   0  0  0  0  0   164
MatScale               9 1.0 1.2732e-03 1.0 1.40e+06 1.0 6.0e+00 8.3e+02 0.0e+00  0  0  0  0  0   0  0  0  0  0  2155
MatResidual           95 1.0 3.7716e+00 1.0 1.60e+08 1.0 1.9e+02 3.1e+04 0.0e+00  6  3  9  8  0   8  3 10 11  0    84
MatAssemblyBegin      74 1.0 1.4776e-02 8.2 0.00e+00 0.0 1.8e+01 3.3e+04 0.0e+00  0  0  1  1  0   0  0  1  1  0     0
MatAssemblyEnd        74 1.0 2.4874e-02 1.0 1.36e+04 1.1 5.0e+01 3.6e+02 7.6e+01  0  0  2  0  7   0  0  3  0  7     1
MatGetRowIJ            2 2.0 6.7711e-03 1.1 0.00e+00 0.0 0.0e+00 0.0e+00 0.0e+00  0  0  0  0  0   0  0  0  0  0     0
MatCreateSubMat        2 1.0 4.8304e-04 1.0 0.00e+00 0.0 6.5e+00 2.7e+02 2.4e+01  0  0  0  0  2   0  0  0  0  2     0
MatGetOrdering         1 0.0 4.0054e-05 0.0 0.00e+00 0.0 0.0e+00 0.0e+00 0.0e+00  0  0  0  0  0   0  0  0  0  0     0
MatCoarsen             3 1.0 1.1599e-03 1.0 0.00e+00 0.0 3.3e+01 7.0e+02 6.0e+00  0  0  2  0  1   0  0  2  0  1     0
MatZeroEntries         4 1.0 1.0660e-03 1.0 0.00e+00 0.0 0.0e+00 0.0e+00 0.0e+00  0  0  0  0  0   0  0  0  0  0     0
MatAXPY                3 1.0 5.2199e-03 1.0 1.17e+05 1.0 0.0e+00 0.0e+00 0.0e+00  0  0  0  0  0   0  0  0  0  0    44
MatFDColorCreate       1 1.0 1.0490e-04 1.0 0.00e+00 0.0 0.0e+00 0.0e+00 2.0e+00  0  0  0  0  0   0  0  0  0  0     0
MatFDColorSetUp        1 1.0 8.0605e-02 1.0 0.00e+00 0.0 0.0e+00 0.0e+00 4.3e+02  0  0  0  0 38   0  0  0  0 43     0
MatFDColorApply        1 1.0 6.3784e+00 1.0 8.13e+06 1.0 2.2e+02 6.2e+03 2.0e+00 10  0 11  2  0  13  0 11  2  0     3
MatFDColorFunc       108 1.0 6.3511e+00 1.0 0.00e+00 0.0 2.2e+02 6.2e+03 2.0e+00 10  0 11  2  0  13  0 11  2  0     0
MatTranspose           6 1.0 8.2939e-03 1.1 0.00e+00 0.0 0.0e+00 0.0e+00 0.0e+00  0  0  0  0  0   0  0  0  0  0     0
MatMatMult             3 1.0 6.0545e-02 1.0 1.57e+07 1.0 3.3e+01 3.6e+03 2.4e+01  0  0  2  0  2   0  0  2  0  2   513
MatMatMultSym          3 1.0 4.3959e-02 1.0 0.00e+00 0.0 2.7e+01 2.8e+03 2.4e+01  0  0  1  0  2   0  0  1  0  2     0
MatMatMultNum          3 1.0 1.6566e-02 1.0 1.57e+07 1.0 6.0e+00 7.5e+03 0.0e+00  0  0  0  0  0   0  0  0  0  0  1874
MatPtAP                3 1.0 1.8648e-01 1.0 7.83e+07 1.1 5.4e+01 8.4e+03 3.3e+01  0  1  3  1  3   0  1  3  1  3   806
MatPtAPSymbolic        3 1.0 1.3299e-01 1.0 0.00e+00 0.0 3.6e+01 8.7e+03 2.1e+01  0  0  2  0  2   0  0  2  1  2     0
MatPtAPNumeric         3 1.0 5.3473e-02 1.0 7.83e+07 1.1 1.8e+01 7.6e+03 1.2e+01  0  1  1  0  1   0  1  1  0  1  2809
MatTrnMatMult          1 1.0 1.1181e-01 1.0 1.44e+07 1.0 1.2e+01 4.5e+04 1.1e+01  0  0  1  1  1   0  0  1  1  1   254
MatTrnMatMultSym       1 1.0 7.0060e-02 1.0 0.00e+00 0.0 6.0e+00 1.9e+04 7.0e+00  0  0  0  0  1   0  0  0  0  1     0
MatTrnMatMultNum       1 1.0 4.1742e-02 1.0 1.44e+07 1.0 6.0e+00 7.2e+04 4.0e+00  0  0  0  1  0   0  0  0  1  0   681
MatGetLocalMat        10 1.0 5.0607e-03 1.1 0.00e+00 0.0 0.0e+00 0.0e+00 0.0e+00  0  0  0  0  0   0  0  0  0  0     0
MatGetBrAoCol          9 1.0 6.2609e-04 1.0 0.00e+00 0.0 4.2e+01 9.5e+03 0.0e+00  0  0  2  1  0   0  0  2  1  0     0
MatColoringApply       1 1.0 1.0138e-01 1.0 0.00e+00 0.0 1.0e+00 4.0e+00 3.0e+00  0  0  0  0  0   0  0  0  0  0     0
VecDot                 1 1.0 6.4561e-03 1.0 5.71e+06 1.0 0.0e+00 0.0e+00 1.0e+00  0  0  0  0  0   0  0  0  0  0  1764
VecMDot               80 1.0 1.5208e-01 1.1 3.60e+08 1.0 0.0e+00 0.0e+00 8.0e+01  0  6  0  0  7   0  7  0  0  8  4718
VecTDot               37 1.0 2.1465e-01 1.0 2.11e+08 1.0 0.0e+00 0.0e+00 3.7e+01  0  3  0  0  3   0  4  0  0  4  1963
VecNorm               91 1.0 8.8433e-02 1.0 8.90e+07 1.0 0.0e+00 0.0e+00 9.1e+01  0  1  0  0  8   0  2  0  0  9  2009
VecScale             437 1.0 2.9740e-02 1.0 3.60e+07 1.0 0.0e+00 0.0e+00 0.0e+00  0  1  0  0  0   0  1  0  0  0  2412
VecCopy              330 1.0 8.3814e-02 1.0 0.00e+00 0.0 0.0e+00 0.0e+00 0.0e+00  0  0  0  0  0   0  0  0  0  0     0
VecSet              1737 1.0 1.7824e+00 1.0 0.00e+00 0.0 0.0e+00 0.0e+00 0.0e+00  3  0  0  0  0   4  0  0  0  0     0
VecAXPY              192 1.0 2.5483e-01 1.0 3.53e+08 1.0 0.0e+00 0.0e+00 0.0e+00  0  6  0  0  0   1  7  0  0  0  2763
VecAYPX              663 1.0 7.8483e-01 1.0 7.09e+08 1.0 0.0e+00 0.0e+00 0.0e+00  1 11  0  0  0   2 13  0  0  0  1803
VecAXPBYCZ           266 1.0 4.9109e-01 1.0 1.22e+09 1.0 0.0e+00 0.0e+00 0.0e+00  1 19  0  0  0   1 23  0  0  0  4958
VecWAXPY               1 1.0 5.7821e-03 1.0 2.85e+06 1.0 0.0e+00 0.0e+00 0.0e+00  0  0  0  0  0   0  0  0  0  0   985
VecMAXPY              88 1.0 1.7398e-01 1.0 4.25e+08 1.0 0.0e+00 0.0e+00 0.0e+00  0  7  0  0  0   0  8  0  0  0  4874
VecAssemblyBegin      35 1.0 5.0902e-04 1.0 0.00e+00 0.0 0.0e+00 0.0e+00 0.0e+00  0  0  0  0  0   0  0  0  0  0     0
VecAssemblyEnd        35 1.0 2.9564e-05 1.1 0.00e+00 0.0 0.0e+00 0.0e+00 0.0e+00  0  0  0  0  0   0  0  0  0  0     0
VecPointwiseMult     363 1.0 1.0059e+00 1.0 5.42e+08 1.0 0.0e+00 0.0e+00 0.0e+00  2  9  0  0  0   2 10  0  0  0  1077
VecScatterBegin      441 1.0 1.7290e-03 1.5 0.00e+00 0.0 8.4e+02 1.9e+03 0.0e+00  0  0 41  2  0   0  0 43  3  0     0
VecScatterEnd        441 1.0 4.7402e-03 2.9 0.00e+00 0.0 0.0e+00 0.0e+00 0.0e+00  0  0  0  0  0   0  0  0  0  0     0
VecSetRandom           3 1.0 1.0920e-03 1.0 0.00e+00 0.0 0.0e+00 0.0e+00 0.0e+00  0  0  0  0  0   0  0  0  0  0     0
VecReduceArith         2 1.0 1.0869e-02 1.0 1.14e+07 1.0 0.0e+00 0.0e+00 0.0e+00  0  0  0  0  0   0  0  0  0  0  2096
VecReduceComm          1 1.0 1.5974e-05 1.8 0.00e+00 0.0 0.0e+00 0.0e+00 1.0e+00  0  0  0  0  0   0  0  0  0  0     0
VecNormalize          88 1.0 1.0140e-01 1.0 1.08e+08 1.0 0.0e+00 0.0e+00 8.8e+01  0  2  0  0  8   0  2  0  0  9  2123
SNESSolve              1 1.0 4.8199e+01 1.0 5.33e+09 1.0 1.9e+03 2.7e+04 9.9e+02 78 85 95 73 86  98100 99 97 98   220
SNESSetUp              1 1.0 2.0027e-05 1.5 0.00e+00 0.0 0.0e+00 0.0e+00 0.0e+00  0  0  0  0  0   0  0  0  0  0     0
SNESFunctionEval     110 1.0 1.0166e+01 1.0 2.70e+08 1.0 2.2e+02 8.2e+03 1.7e+01 16  4 11  3  1  21  5 11  3  2    53
SNESJacobianEval       1 1.0 6.5598e+00 1.0 8.13e+06 1.0 2.2e+02 6.1e+03 4.4e+02 11  0 11  2 38  13  0 11  2 43     2
SNESLineSearch         1 1.0 2.0322e+00 1.0 1.72e+08 1.0 4.0e+00 1.2e+05 4.0e+00  3  3  0  1  0   4  3  0  1  0   169
KSPSetUp              17 1.0 7.5876e-02 1.0 0.00e+00 0.0 0.0e+00 0.0e+00 1.0e+01  0  0  0  0  1   0  0  0  0  1     0
KSPSolve               1 1.0 3.7637e+01 1.0 5.00e+09 1.0 1.7e+03 2.9e+04 5.3e+02 61 80 84 70 46  76 94 87 93 52   265
KSPGMRESOrthog        80 1.0 2.9761e-01 1.0 7.19e+08 1.0 0.0e+00 0.0e+00 8.0e+01  0 11  0  0  7   1 14  0  0  8  4821
PCGAMGGraph_AGG        3 1.0 2.3838e-01 1.0 2.91e+06 1.0 2.4e+01 4.2e+02 4.8e+01  0  0  1  0  4   0  0  1  0  5    24
PCGAMGCoarse_AGG       3 1.0 1.1588e-01 1.0 1.44e+07 1.0 5.5e+01 1.1e+04 2.1e+01  0  0  3  1  2   0  0  3  1  2   245
PCGAMGProl_AGG         3 1.0 1.2746e-02 1.0 0.00e+00 0.0 7.2e+01 1.7e+03 8.4e+01  0  0  4  0  7   0  0  4  0  8     0
PCGAMGPOpt_AGG         3 1.0 1.1161e-01 1.0 7.98e+07 1.0 9.3e+01 2.9e+03 1.1e+02  0  1  5  0 10   0  1  5  0 11  1412
GAMG: createProl       3 1.0 4.7875e-01 1.0 9.71e+07 1.0 2.4e+02 4.1e+03 2.6e+02  1  2 12  1 23   1  2 12  2 26   401
  Graph                6 1.0 2.3828e-01 1.0 2.91e+06 1.0 2.4e+01 4.2e+02 4.8e+01  0  0  1  0  4   0  0  1  0  5    24
  MIS/Agg              3 1.0 1.1930e-03 1.0 0.00e+00 0.0 3.3e+01 7.0e+02 6.0e+00  0  0  2  0  1   0  0  2  0  1     0
  SA: col data         3 1.0 3.8512e-03 1.0 0.00e+00 0.0 6.0e+01 1.5e+03 6.0e+01  0  0  3  0  5   0  0  3  0  6     0
  SA: frmProl0         3 1.0 8.3988e-03 1.0 0.00e+00 0.0 1.2e+01 2.4e+03 1.2e+01  0  0  1  0  1   0  0  1  0  1     0
  SA: smooth           3 1.0 7.0002e-02 1.0 1.67e+07 1.0 3.3e+01 3.6e+03 3.0e+01  0  0  2  0  3   0  0  2  0  3   470
GAMG: partLevel        3 1.0 1.8722e-01 1.0 7.83e+07 1.1 6.9e+01 6.6e+03 8.1e+01  0  1  3  1  7   0  1  4  1  8   802
  repartition          1 1.0 7.2193e-04 1.0 0.00e+00 0.0 1.5e+01 1.7e+02 4.8e+01  0  0  1  0  4   0  0  1  0  5     0
  Invert-Sort          1 1.0 2.9087e-05 1.0 0.00e+00 0.0 0.0e+00 0.0e+00 6.0e+00  0  0  0  0  1   0  0  0  0  1     0
  Move A               1 1.0 2.5392e-04 1.0 0.00e+00 0.0 5.0e+00 3.4e+02 1.3e+01  0  0  0  0  1   0  0  0  0  1     0
  Move P               1 1.0 2.8396e-04 1.0 0.00e+00 0.0 1.5e+00 4.1e+01 1.4e+01  0  0  0  0  1   0  0  0  0  1     0
PCSetUp                2 1.0 7.9480e-01 1.0 1.82e+08 1.1 3.2e+02 5.6e+03 3.8e+02  1  3 16  2 33   2  3 16  3 38   448
PCSetUpOnBlocks       19 1.0 1.2946e-04 1.3 2.14e+03 0.0 0.0e+00 0.0e+00 0.0e+00  0  0  0  0  0   0  0  0  0  0    17
PCApply               19 1.0 3.4185e+01 1.0 4.31e+09 1.0 1.4e+03 3.3e+04 1.1e+02 55 69 66 61  9  69 81 69 82 11   251
------------------------------------------------------------------------------------------------------------------------

Memory usage is given in bytes:

Object Type          Creations   Destructions     Memory  Descendants' Mem.
Reports information only for process 0.

--- Event Stage 0: Main Stage

           Container    21             27        15552     0.
    Distributed Mesh    79             92       473608     0.
            DM Label   137            153        96696     0.
    GraphPartitioner    25             29        19488     0.
          Quadrature   645            693       410256     0.
           Index Set   355            482      3668660     0.
   IS L to G Mapping     1              2      1678928     0.
             Section   163            183       131760     0.
    Section Symmetry     1              1          688     0.
   Star Forest Graph   177            202       185160     0.
     Discrete System   103            114       105804     0.
              Matrix    21             68     39029100     0.
  Matrix FD Coloring     0              1     54753456     0.
         Vec Scatter     0              7         5600     0.
              Vector    37            176    993956384     0.
        Linear Space     3              4         2720     0.
          Dual Space    12             16        12416     0.
            FE Space     3              4         3088     0.
                SNES     0              2         2804     0.
              DMSNES     0              2         1344     0.
      SNESLineSearch     0              1         1000     0.
       Krylov Solver     0             15       167104     0.
     DMKSP interface     0              1          656     0.
      Preconditioner     0             10        10716     0.
       Field over DM     0              1          704     0.
              Viewer     1              0            0     0.

--- Event Stage 1: Stage 1 of Code

           Container     6              0            0     0.
    Distributed Mesh    22              9        46296     0.
            DM Label    28             12         7584     0.
    GraphPartitioner     7              3         2016     0.
          Quadrature    54              6         3552     0.
           Index Set   292            165      1627072     0.
   IS L to G Mapping     1              0            0     0.
             Section    39             19        13680     0.
   Star Forest Graph    72             47        44336     0.
     Discrete System    28             17        15776     0.
              Matrix   104             57     91307844     0.
  Matrix FD Coloring     1              0            0     0.
     Matrix Coloring     1              1          648     0.
      Matrix Coarsen     3              3         1908     0.
         Vec Scatter    20             13        10400     0.
              Vector   282            143     84523712     0.
        Linear Space     1              0            0     0.
          Dual Space     4              0            0     0.
            FE Space     1              0            0     0.
                SNES     2              0            0     0.
              DMSNES     2              0            0     0.
      SNESLineSearch     1              0            0     0.
       Krylov Solver    19              4        92816     0.
     DMKSP interface     1              0            0     0.
      Preconditioner    13              3         2568     0.
       Field over DM     1              0            0     0.
         PetscRandom     6              6         3876     0.
========================================================================================================================
Average time to get PetscTime(): 0.
Average time for MPI_Barrier(): 4.29153e-07
Average time for zero size MPI_Send(): 3.93391e-06
#PETSc Option Table entries:
-boundary mms
-degree 4
-E 1e6
-forcing mms
-log_view
-mesh ./meshes/cylinder8_31280e_4ss_us.exo
-nu .3
#End of PETSc Option Table entries
Compiled without FORTRAN kernels
Compiled with full precision matrices (default)
sizeof(short) 2 sizeof(int) 4 sizeof(long) 8 sizeof(void*) 8 sizeof(PetscScalar) 8 sizeof(PetscInt) 4
Configure options: --with-cc=gcc --with-cxx=g++ --with-fc=gfortran --with-valgrind-dir=/curc/sw/valgrind/3.11.0 --download-make --download-cmake --download-mpich --download-fblaslapack --download-parmetis --download-metis --download-zlib --download-hdf5 --download-netcdf --download-pnetcdf --download-exodusii COPTFLAGS="-O3 -march=native" FOPTFLAGS="-O3 -march=native" CXXOPTFLAGS="-O3 -march=native" --with-debugging=0 --with-shared-libraries=1 --prefix=/projects/arme5062/software/petsc/local
-----------------------------------------
Libraries compiled on 2020-03-04 05:38:54 on shas0137 
Machine characteristics: Linux-3.10.0-957.21.3.el7.x86_64-x86_64-with-redhat-7.4-Maipo
Using PETSc directory: /projects/arme5062/software/petsc/local
Using PETSc arch: 
-----------------------------------------

Using C compiler: /projects/arme5062/software/petsc/local/bin/mpicc  -Wall -Wwrite-strings -Wno-strict-aliasing -Wno-unknown-pragmas -fstack-protector -fvisibility=hidden -O3 -march=native  
Using Fortran compiler: /projects/arme5062/software/petsc/local/bin/mpif90  -Wall -ffree-line-length-0 -Wno-unused-dummy-argument -O3 -march=native   
-----------------------------------------

Using include paths: -I/projects/arme5062/software/petsc/local/include -I/curc/sw/valgrind/3.11.0/include
-----------------------------------------

Using C linker: /projects/arme5062/software/petsc/local/bin/mpicc
Using Fortran linker: /projects/arme5062/software/petsc/local/bin/mpif90
Using libraries: -Wl,-rpath,/projects/arme5062/software/petsc/local/lib -L/projects/arme5062/software/petsc/local/lib -lpetsc -Wl,-rpath,/projects/arme5062/software/petsc/local/lib -L/projects/arme5062/software/petsc/local/lib -Wl,-rpath,/usr/lib/gcc/x86_64-redhat-linux/4.8.5 -L/usr/lib/gcc/x86_64-redhat-linux/4.8.5 -lflapack -lfblas -lpthread -lexodus -lnetcdf -lpnetcdf -lhdf5hl_fortran -lhdf5_fortran -lhdf5_hl -lhdf5 -lparmetis -lmetis -lm -lz -lX11 -lstdc++ -ldl -lmpifort -lmpi -lgfortran -lm -lgfortran -lm -lgcc_s -lquadmath -lstdc++ -ldl
-----------------------------------------

