
-- Elastisticy Example - libCEED + PETSc --
  libCEED:
    libCEED Backend                    : /cpu/self/xsmm/blocked
  Problem:
    Problem Name                       : Linear elasticity
    Forcing Function                   : Manufactured solution
    Boundary Condition                 : Manufactured solution
  Mesh:
    File                               : ./meshes/cylinder8_31280e_4ss_us.exo
    Number of 1D Basis Nodes (p)       : 5
    Number of 1D Quadrature Points (q) : 5
    Global nodes                       : 1898424
    Owned nodes                        : 1898424
    DoF per node                       : 3
  Multigrid:
    Type                               : P-multigrid, logarithmic coarsening
    Number of Levels                   : 3
    Level 0 (coarse):
      Number of 1D Basis Nodes (p)     : 2
      Global Nodes                     : 24852
      Owned Nodes                      : 24852
    Level 2 (fine):
      Number of 1D Basis Nodes (p)     : 5
      Global Nodes                     : 1898424
      Owned Nodes                      : 1898424
  SNES:
    SNES Type                          : newtonls
    SNES Convergence                   : CONVERGED_FNORM_RELATIVE
    Total SNES Iterations              : 1
    Final rnorm                        : 7.587447e-04
  Linear Solver:
    KSP Type                           : cg
  P-Multigrid:
    PCMG Type                          : MULTIPLICATIVE
    PCMG Cycle Type                    : v
    Coarse Solve:
      KSP Type                         : preonly
      PC Type                          : gamg
  Performance:
    SNES Solve Time                    : 109.411 (109.411) sec
    L2 Error                           : 0.000000
************************************************************************************************************************
***             WIDEN YOUR WINDOW TO 120 CHARACTERS.  Use 'enscript -r -fCourier9' to print this document            ***
************************************************************************************************************************

---------------------------------------------- PETSc Performance Summary: ----------------------------------------------

./elasticity on a  named shas0114.rc.int.colorado.edu with 1 processor, by arme5062 Thu Mar  5 17:40:18 2020
Using Petsc Development GIT revision: v3.12.4-787-gcc5957f  GIT Date: 2020-02-26 21:52:32 -0500

                         Max       Max/Min     Avg       Total 
Time (sec):           1.364e+02     1.000   1.364e+02
Objects:              2.462e+03     1.000   2.462e+03
Flop:                 1.155e+10     1.000   1.155e+10  1.155e+10
Flop/sec:             8.471e+07     1.000   8.471e+07  8.471e+07
MPI Messages:         0.000e+00     0.000   0.000e+00  0.000e+00
MPI Message Lengths:  0.000e+00     0.000   0.000e+00  0.000e+00
MPI Reductions:       0.000e+00     0.000

Flop counting convention: 1 flop = 1 real number operation of type (multiply/divide/add/subtract)
                            e.g., VecAXPY() for real vectors of length N --> 2N flop
                            and VecAXPY() for complex vectors of length N --> 8N flop

Summary of Stages:   ----- Time ------  ----- Flop ------  --- Messages ---  -- Message Lengths --  -- Reductions --
                        Avg     %Total     Avg     %Total    Count   %Total     Avg         %Total    Count   %Total 
 0:      Main Stage: 1.3640e+02 100.0%  1.1555e+10 100.0%  0.000e+00   0.0%  0.000e+00        0.0%  0.000e+00   0.0% 

------------------------------------------------------------------------------------------------------------------------
See the 'Profiling' chapter of the users' manual for details on interpreting output.
Phase summary info:
   Count: number of times phase was executed
   Time and Flop: Max - maximum over all processors
                  Ratio - ratio of maximum to minimum over all processors
   Mess: number of messages sent
   AvgLen: average message length (bytes)
   Reduct: number of global reductions
   Global: entire computation
   Stage: stages of a computation. Set stages with PetscLogStagePush() and PetscLogStagePop().
      %T - percent time in this phase         %F - percent flop in this phase
      %M - percent messages in this phase     %L - percent message lengths in this phase
      %R - percent reductions in this phase
   Total Mflop/s: 10e-6 * (sum of flop over all processors)/(max time over all processors)
------------------------------------------------------------------------------------------------------------------------
Event                Count      Time (sec)     Flop                              --- Global ---  --- Stage ----  Total
                   Max Ratio  Max     Ratio   Max  Ratio  Mess   AvgLen  Reduct  %T %F %M %L %R  %T %F %M %L %R Mflop/s
------------------------------------------------------------------------------------------------------------------------

--- Event Stage 0: Main Stage

PetscBarrier           1 1.0 4.0531e-06 1.0 0.00e+00 0.0 0.0e+00 0.0e+00 0.0e+00  0  0  0  0  0   0  0  0  0  0     0
BuildTwoSided          3 1.0 1.7810e-04 1.0 0.00e+00 0.0 0.0e+00 0.0e+00 0.0e+00  0  0  0  0  0   0  0  0  0  0     0
DMCreateMat            1 1.0 2.1155e+00 1.0 0.00e+00 0.0 0.0e+00 0.0e+00 0.0e+00  2  0  0  0  0   2  0  0  0  0     0
DMPlexCrFromFile       1 1.0 4.3293e-01 1.0 0.00e+00 0.0 0.0e+00 0.0e+00 0.0e+00  0  0  0  0  0   0  0  0  0  0     0
DMPlexInterp          17 1.0 3.2211e-01 1.0 0.00e+00 0.0 0.0e+00 0.0e+00 0.0e+00  0  0  0  0  0   0  0  0  0  0     0
DMPlexStratify        31 1.0 1.3288e-02 1.0 0.00e+00 0.0 0.0e+00 0.0e+00 0.0e+00  0  0  0  0  0   0  0  0  0  0     0
DMPlexSymmetrize      31 1.0 2.6436e-02 1.0 0.00e+00 0.0 0.0e+00 0.0e+00 0.0e+00  0  0  0  0  0   0  0  0  0  0     0
DMPlexPrealloc         1 1.0 2.1075e+00 1.0 0.00e+00 0.0 0.0e+00 0.0e+00 0.0e+00  2  0  0  0  0   2  0  0  0  0     0
SFSetGraph             3 1.0 4.5278e-03 1.0 0.00e+00 0.0 0.0e+00 0.0e+00 0.0e+00  0  0  0  0  0   0  0  0  0  0     0
SFSetUp                3 1.0 1.7210e-01 1.0 0.00e+00 0.0 0.0e+00 0.0e+00 0.0e+00  0  0  0  0  0   0  0  0  0  0     0
SFBcastOpBegin       458 1.0 1.3264e+00 1.0 0.00e+00 0.0 0.0e+00 0.0e+00 0.0e+00  1  0  0  0  0   1  0  0  0  0     0
SFBcastOpEnd         458 1.0 2.0201e+00 1.0 0.00e+00 0.0 0.0e+00 0.0e+00 0.0e+00  1  0  0  0  0   1  0  0  0  0     0
SFReduceBegin        461 1.0 2.0299e+00 1.0 0.00e+00 0.0 0.0e+00 0.0e+00 0.0e+00  1  0  0  0  0   1  0  0  0  0     0
SFReduceEnd          461 1.0 2.0575e+00 1.0 0.00e+00 0.0 0.0e+00 0.0e+00 0.0e+00  2  0  0  0  0   2  0  0  0  0     0
MatMult              593 1.0 6.0799e+01 1.0 1.12e+09 1.0 0.0e+00 0.0e+00 0.0e+00 45 10  0  0  0  45 10  0  0  0    18
MatMultAdd            95 1.0 2.4809e+00 1.0 4.08e+08 1.0 0.0e+00 0.0e+00 0.0e+00  2  4  0  0  0   2  4  0  0  0   164
MatMultTranspose      98 1.0 1.9787e+00 1.0 1.80e+08 1.0 0.0e+00 0.0e+00 0.0e+00  1  2  0  0  0   1  2  0  0  0    91
MatSolve              19 1.0 5.8174e-05 1.0 5.24e+03 1.0 0.0e+00 0.0e+00 0.0e+00  0  0  0  0  0   0  0  0  0  0    90
MatSOR               261 1.0 1.3067e+00 1.0 9.00e+08 1.0 0.0e+00 0.0e+00 0.0e+00  1  8  0  0  0   1  8  0  0  0   689
MatLUFactorSym         1 1.0 2.6941e-05 1.0 0.00e+00 0.0 0.0e+00 0.0e+00 0.0e+00  0  0  0  0  0   0  0  0  0  0     0
MatLUFactorNum         1 1.0 1.0967e-05 1.0 1.09e+03 1.0 0.0e+00 0.0e+00 0.0e+00  0  0  0  0  0   0  0  0  0  0    99
MatScale               9 1.0 5.7547e-03 1.0 2.74e+06 1.0 0.0e+00 0.0e+00 0.0e+00  0  0  0  0  0   0  0  0  0  0   477
MatResidual           95 1.0 8.2840e+00 1.0 3.18e+08 1.0 0.0e+00 0.0e+00 0.0e+00  6  3  0  0  0   6  3  0  0  0    38
MatAssemblyBegin      43 1.0 2.7418e-05 1.0 0.00e+00 0.0 0.0e+00 0.0e+00 0.0e+00  0  0  0  0  0   0  0  0  0  0     0
MatAssemblyEnd        43 1.0 2.4377e-02 1.0 0.00e+00 0.0 0.0e+00 0.0e+00 0.0e+00  0  0  0  0  0   0  0  0  0  0     0
MatGetRowIJ            2 1.0 1.0715e-02 1.0 0.00e+00 0.0 0.0e+00 0.0e+00 0.0e+00  0  0  0  0  0   0  0  0  0  0     0
MatGetOrdering         1 1.0 5.4121e-05 1.0 0.00e+00 0.0 0.0e+00 0.0e+00 0.0e+00  0  0  0  0  0   0  0  0  0  0     0
MatCoarsen             3 1.0 2.5809e-03 1.0 0.00e+00 0.0 0.0e+00 0.0e+00 0.0e+00  0  0  0  0  0   0  0  0  0  0     0
MatAXPY                3 1.0 6.7418e-03 1.0 2.31e+05 1.0 0.0e+00 0.0e+00 0.0e+00  0  0  0  0  0   0  0  0  0  0    34
MatFDColorCreate       1 1.0 4.0698e-04 1.0 0.00e+00 0.0 0.0e+00 0.0e+00 0.0e+00  0  0  0  0  0   0  0  0  0  0     0
MatFDColorSetUp        1 1.0 2.6187e-01 1.0 0.00e+00 0.0 0.0e+00 0.0e+00 0.0e+00  0  0  0  0  0   0  0  0  0  0     0
MatFDColorApply        1 1.0 1.3630e+01 1.0 1.61e+07 1.0 0.0e+00 0.0e+00 0.0e+00 10  0  0  0  0  10  0  0  0  0     1
MatFDColorFunc       108 1.0 1.3552e+01 1.0 0.00e+00 0.0 0.0e+00 0.0e+00 0.0e+00 10  0  0  0  0  10  0  0  0  0     0
MatMatMult             3 1.0 8.5564e-02 1.0 3.18e+07 1.0 0.0e+00 0.0e+00 0.0e+00  0  0  0  0  0   0  0  0  0  0   372
MatMatMultSym          4 1.0 1.5241e-01 1.0 0.00e+00 0.0 0.0e+00 0.0e+00 0.0e+00  0  0  0  0  0   0  0  0  0  0     0
MatMatMultNum          4 1.0 5.6833e-02 1.0 6.02e+07 1.0 0.0e+00 0.0e+00 0.0e+00  0  1  0  0  0   0  1  0  0  0  1060
MatMatMatMult          3 1.0 2.7325e-01 1.0 1.51e+08 1.0 0.0e+00 0.0e+00 0.0e+00  0  1  0  0  0   0  1  0  0  0   554
MatMatMatMultSym       3 1.0 1.6774e-01 1.0 0.00e+00 0.0 0.0e+00 0.0e+00 0.0e+00  0  0  0  0  0   0  0  0  0  0     0
MatMatMatMultNum       3 1.0 1.0550e-01 1.0 1.51e+08 1.0 0.0e+00 0.0e+00 0.0e+00  0  1  0  0  0   0  1  0  0  0  1435
MatPtAP                3 1.0 3.0092e-01 1.0 1.51e+08 1.0 0.0e+00 0.0e+00 0.0e+00  0  1  0  0  0   0  1  0  0  0   503
MatTrnMatMult          1 1.0 1.3299e-01 1.0 2.84e+07 1.0 0.0e+00 0.0e+00 0.0e+00  0  0  0  0  0   0  0  0  0  0   214
MatColoringApply       1 1.0 1.0089e-01 1.0 0.00e+00 0.0 0.0e+00 0.0e+00 0.0e+00  0  0  0  0  0   0  0  0  0  0     0
VecDot                 1 1.0 1.3178e-02 1.0 1.14e+07 1.0 0.0e+00 0.0e+00 0.0e+00  0  0  0  0  0   0  0  0  0  0   864
VecMDot               80 1.0 4.3856e-01 1.0 7.17e+08 1.0 0.0e+00 0.0e+00 0.0e+00  0  6  0  0  0   0  6  0  0  0  1636
VecTDot               37 1.0 4.4776e-01 1.0 4.21e+08 1.0 0.0e+00 0.0e+00 0.0e+00  0  4  0  0  0   0  4  0  0  0   941
VecNorm               92 1.0 2.0428e-01 1.0 1.89e+08 1.0 0.0e+00 0.0e+00 0.0e+00  0  2  0  0  0   0  2  0  0  0   925
VecScale             437 1.0 9.4534e-02 1.0 7.17e+07 1.0 0.0e+00 0.0e+00 0.0e+00  0  1  0  0  0   0  1  0  0  0   759
VecCopy              330 1.0 2.0750e-01 1.0 0.00e+00 0.0 0.0e+00 0.0e+00 0.0e+00  0  0  0  0  0   0  0  0  0  0     0
VecSet              1889 1.0 5.3365e+00 1.0 0.00e+00 0.0 0.0e+00 0.0e+00 0.0e+00  4  0  0  0  0   4  0  0  0  0     0
VecAXPY              192 1.0 6.4016e-01 1.0 7.04e+08 1.0 0.0e+00 0.0e+00 0.0e+00  0  6  0  0  0   0  6  0  0  0  1100
VecAYPX              663 1.0 2.0108e+00 1.0 1.42e+09 1.0 0.0e+00 0.0e+00 0.0e+00  1 12  0  0  0   1 12  0  0  0   704
VecAXPBYCZ           266 1.0 1.2376e+00 1.0 2.43e+09 1.0 0.0e+00 0.0e+00 0.0e+00  1 21  0  0  0   1 21  0  0  0  1967
VecWAXPY               2 1.0 3.2931e-02 1.0 1.14e+07 1.0 0.0e+00 0.0e+00 0.0e+00  0  0  0  0  0   0  0  0  0  0   346
VecMAXPY              88 1.0 6.0783e-01 1.0 8.48e+08 1.0 0.0e+00 0.0e+00 0.0e+00  0  7  0  0  0   0  7  0  0  0  1395
VecPointwiseMult     363 1.0 2.5603e+00 1.0 1.08e+09 1.0 0.0e+00 0.0e+00 0.0e+00  2  9  0  0  0   2  9  0  0  0   423
VecSetRandom           3 1.0 2.3696e-03 1.0 0.00e+00 0.0 0.0e+00 0.0e+00 0.0e+00  0  0  0  0  0   0  0  0  0  0     0
VecReduceArith         2 1.0 2.2512e-02 1.0 2.28e+07 1.0 0.0e+00 0.0e+00 0.0e+00  0  0  0  0  0   0  0  0  0  0  1012
VecReduceComm          1 1.0 1.9073e-06 1.0 0.00e+00 0.0 0.0e+00 0.0e+00 0.0e+00  0  0  0  0  0   0  0  0  0  0     0
VecNormalize          88 1.0 2.4962e-01 1.0 2.15e+08 1.0 0.0e+00 0.0e+00 0.0e+00  0  2  0  0  0   0  2  0  0  0   862
SNESSolve              1 1.0 1.0940e+02 1.0 1.06e+10 1.0 0.0e+00 0.0e+00 0.0e+00 80 92  0  0  0  80 92  0  0  0    97
SNESSetUp              1 1.0 1.9789e-05 1.0 0.00e+00 0.0 0.0e+00 0.0e+00 0.0e+00  0  0  0  0  0   0  0  0  0  0     0
SNESFunctionEval     110 1.0 2.1857e+01 1.0 5.18e+08 1.0 0.0e+00 0.0e+00 0.0e+00 16  4  0  0  0  16  4  0  0  0    24
SNESJacobianEval       1 1.0 1.3993e+01 1.0 1.61e+07 1.0 0.0e+00 0.0e+00 0.0e+00 10  0  0  0  0  10  0  0  0  0     1
SNESLineSearch         1 1.0 4.4183e+00 1.0 3.33e+08 1.0 0.0e+00 0.0e+00 0.0e+00  3  3  0  0  0   3  3  0  0  0    75
KSPSetUp              17 1.0 2.1682e-01 1.0 0.00e+00 0.0 0.0e+00 0.0e+00 0.0e+00  0  0  0  0  0   0  0  0  0  0     0
KSPSolve               1 1.0 8.6628e+01 1.0 9.97e+09 1.0 0.0e+00 0.0e+00 0.0e+00 64 86  0  0  0  64 86  0  0  0   115
KSPGMRESOrthog        80 1.0 9.4433e-01 1.0 1.43e+09 1.0 0.0e+00 0.0e+00 0.0e+00  1 12  0  0  0   1 12  0  0  0  1520
PCGAMGGraph_AGG        3 1.0 4.2526e-01 1.0 5.75e+06 1.0 0.0e+00 0.0e+00 0.0e+00  0  0  0  0  0   0  0  0  0  0    14
PCGAMGCoarse_AGG       3 1.0 1.3956e-01 1.0 2.84e+07 1.0 0.0e+00 0.0e+00 0.0e+00  0  0  0  0  0   0  0  0  0  0   204
PCGAMGProl_AGG         3 1.0 2.0555e-02 1.0 0.00e+00 0.0 0.0e+00 0.0e+00 0.0e+00  0  0  0  0  0   0  0  0  0  0     0
PCGAMGPOpt_AGG         3 1.0 2.4264e-01 1.0 1.58e+08 1.0 0.0e+00 0.0e+00 0.0e+00  0  1  0  0  0   0  1  0  0  0   653
GAMG: createProl       3 1.0 8.2826e-01 1.0 1.93e+08 1.0 0.0e+00 0.0e+00 0.0e+00  1  2  0  0  0   1  2  0  0  0   232
  Graph                6 1.0 4.2517e-01 1.0 5.75e+06 1.0 0.0e+00 0.0e+00 0.0e+00  0  0  0  0  0   0  0  0  0  0    14
  MIS/Agg              3 1.0 2.6751e-03 1.0 0.00e+00 0.0 0.0e+00 0.0e+00 0.0e+00  0  0  0  0  0   0  0  0  0  0     0
  SA: col data         3 1.0 1.1587e-04 1.0 0.00e+00 0.0 0.0e+00 0.0e+00 0.0e+00  0  0  0  0  0   0  0  0  0  0     0
  SA: frmProl0         3 1.0 1.9832e-02 1.0 0.00e+00 0.0 0.0e+00 0.0e+00 0.0e+00  0  0  0  0  0   0  0  0  0  0     0
  SA: smooth           3 1.0 1.0567e-01 1.0 3.37e+07 1.0 0.0e+00 0.0e+00 0.0e+00  0  0  0  0  0   0  0  0  0  0   319
GAMG: partLevel        3 1.0 3.0095e-01 1.0 1.51e+08 1.0 0.0e+00 0.0e+00 0.0e+00  0  1  0  0  0   0  1  0  0  0   503
PCSetUp                2 1.0 1.5411e+00 1.0 3.58e+08 1.0 0.0e+00 0.0e+00 0.0e+00  1  3  0  0  0   1  3  0  0  0   232
PCSetUpOnBlocks       19 1.0 1.7452e-04 1.0 1.09e+03 1.0 0.0e+00 0.0e+00 0.0e+00  0  0  0  0  0   0  0  0  0  0     6
PCApply               19 1.0 7.9026e+01 1.0 8.58e+09 1.0 0.0e+00 0.0e+00 0.0e+00 58 74  0  0  0  58 74  0  0  0   109
------------------------------------------------------------------------------------------------------------------------

Memory usage is given in bytes:

Object Type          Creations   Destructions     Memory  Descendants' Mem.
Reports information only for process 0.

--- Event Stage 0: Main Stage

           Container    26             26        14976     0.
    Distributed Mesh    99             99       509480     0.
            DM Label   140            140        88480     0.
    GraphPartitioner    31             31        20832     0.
          Quadrature   701            701       414992     0.
           Index Set   585            585      5834596     0.
   IS L to G Mapping     2              2       450832     0.
             Section   173            173       124560     0.
    Section Symmetry     1              1          688     0.
   Star Forest Graph   200            200       181152     0.
     Discrete System   128            128       118796     0.
              Matrix    56             56     81775720     0.
  Matrix FD Coloring     1              1    110617392     0.
     Matrix Coloring     1              1          648     0.
      Matrix Coarsen     3              3         1908     0.
         Vec Scatter     1              1          776     0.
              Vector   244            244   2155387584     0.
        Linear Space     4              4         2720     0.
          Dual Space    16             16        12416     0.
            FE Space     4              4         3088     0.
                SNES     2              2         2804     0.
              DMSNES     2              2         1344     0.
      SNESLineSearch     1              1         1000     0.
       Krylov Solver    19             19       259920     0.
     DMKSP interface     1              1          656     0.
      Preconditioner    13             13        13428     0.
       Field over DM     1              1          704     0.
         PetscRandom     6              6         3876     0.
              Viewer     1              0            0     0.
========================================================================================================================
Average time to get PetscTime(): 0.
#PETSc Option Table entries:
-boundary mms
-degree 4
-E 1e6
-forcing mms
-log_view
-mesh ./meshes/cylinder8_31280e_4ss_us.exo
-nu .3
#End of PETSc Option Table entries
Compiled without FORTRAN kernels
Compiled with full precision matrices (default)
sizeof(short) 2 sizeof(int) 4 sizeof(long) 8 sizeof(void*) 8 sizeof(PetscScalar) 8 sizeof(PetscInt) 4
Configure options: --with-cc=gcc --with-cxx=g++ --with-fc=gfortran --with-valgrind-dir=/curc/sw/valgrind/3.11.0 --download-make --download-cmake --download-mpich --download-fblaslapack --download-parmetis --download-metis --download-zlib --download-hdf5 --download-netcdf --download-pnetcdf --download-exodusii COPTFLAGS="-O3 -march=native" FOPTFLAGS="-O3 -march=native" CXXOPTFLAGS="-O3 -march=native" --with-debugging=0 --with-shared-libraries=1 --prefix=/projects/arme5062/software/petsc/local
-----------------------------------------
Libraries compiled on 2020-03-04 05:38:54 on shas0137 
Machine characteristics: Linux-3.10.0-957.21.3.el7.x86_64-x86_64-with-redhat-7.4-Maipo
Using PETSc directory: /projects/arme5062/software/petsc/local
Using PETSc arch: 
-----------------------------------------

Using C compiler: /projects/arme5062/software/petsc/local/bin/mpicc  -Wall -Wwrite-strings -Wno-strict-aliasing -Wno-unknown-pragmas -fstack-protector -fvisibility=hidden -O3 -march=native  
Using Fortran compiler: /projects/arme5062/software/petsc/local/bin/mpif90  -Wall -ffree-line-length-0 -Wno-unused-dummy-argument -O3 -march=native   
-----------------------------------------

Using include paths: -I/projects/arme5062/software/petsc/local/include -I/curc/sw/valgrind/3.11.0/include
-----------------------------------------

Using C linker: /projects/arme5062/software/petsc/local/bin/mpicc
Using Fortran linker: /projects/arme5062/software/petsc/local/bin/mpif90
Using libraries: -Wl,-rpath,/projects/arme5062/software/petsc/local/lib -L/projects/arme5062/software/petsc/local/lib -lpetsc -Wl,-rpath,/projects/arme5062/software/petsc/local/lib -L/projects/arme5062/software/petsc/local/lib -Wl,-rpath,/usr/lib/gcc/x86_64-redhat-linux/4.8.5 -L/usr/lib/gcc/x86_64-redhat-linux/4.8.5 -lflapack -lfblas -lpthread -lexodus -lnetcdf -lpnetcdf -lhdf5hl_fortran -lhdf5_fortran -lhdf5_hl -lhdf5 -lparmetis -lmetis -lm -lz -lX11 -lstdc++ -ldl -lmpifort -lmpi -lgfortran -lm -lgfortran -lm -lgcc_s -lquadmath -lstdc++ -ldl
-----------------------------------------

