
-- Elastisticy Example - libCEED + PETSc --
  libCEED:
    libCEED Backend                    : /cpu/self/xsmm/blocked
  Problem:
    Problem Name                       : Linear elasticity
    Forcing Function                   : Manufactured solution
    Boundary Condition                 : Manufactured solution
  Mesh:
    File                               : ./meshes/cylinder8_31280e_4ss_us.exo
    Number of 1D Basis Nodes (p)       : 5
    Number of 1D Quadrature Points (q) : 5
    Global nodes                       : 1898424
    Owned nodes                        : 78187
    DoF per node                       : 3
  Multigrid:
    Type                               : P-multigrid, logarithmic coarsening
    Number of Levels                   : 3
    Level 0 (coarse):
      Number of 1D Basis Nodes (p)     : 2
      Global Nodes                     : 24852
      Owned Nodes                      : 919
    Level 2 (fine):
      Number of 1D Basis Nodes (p)     : 5
      Global Nodes                     : 1898424
      Owned Nodes                      : 78187
  SNES:
    SNES Type                          : newtonls
    SNES Convergence                   : CONVERGED_FNORM_RELATIVE
    Total SNES Iterations              : 1
    Final rnorm                        : 7.542536e-04
  Linear Solver:
    KSP Type                           : cg
  P-Multigrid:
    PCMG Type                          : MULTIPLICATIVE
    PCMG Cycle Type                    : v
    Coarse Solve:
      KSP Type                         : preonly
      PC Type                          : gamg
  Performance:
    SNES Solve Time                    : 6.03322 (6.03315) sec
    L2 Error                           : 0.000000
************************************************************************************************************************
***             WIDEN YOUR WINDOW TO 120 CHARACTERS.  Use 'enscript -r -fCourier9' to print this document            ***
************************************************************************************************************************

---------------------------------------------- PETSc Performance Summary: ----------------------------------------------

./elasticity on a  named shas0257.rc.int.colorado.edu with 24 processors, by arme5062 Sun Mar  8 12:44:25 2020
Using Petsc Development GIT revision: v3.12.4-787-gcc5957f  GIT Date: 2020-02-26 21:52:32 -0500

                         Max       Max/Min     Avg       Total 
Time (sec):           8.306e+00     1.000   8.306e+00
Objects:              2.863e+03     1.045   2.773e+03
Flop:                 1.438e+09     1.049   1.403e+09  3.368e+10
Flop/sec:             1.731e+08     1.049   1.689e+08  4.054e+09
MPI Messages:         7.478e+03     2.681   4.787e+03  1.149e+05
MPI Message Lengths:  5.015e+07     2.137   6.637e+03  7.625e+08
MPI Reductions:       1.201e+03     1.000

Flop counting convention: 1 flop = 1 real number operation of type (multiply/divide/add/subtract)
                            e.g., VecAXPY() for real vectors of length N --> 2N flop
                            and VecAXPY() for complex vectors of length N --> 8N flop

Summary of Stages:   ----- Time ------  ----- Flop ------  --- Messages ---  -- Message Lengths --  -- Reductions --
                        Avg     %Total     Avg     %Total    Count   %Total     Avg         %Total    Count   %Total 
 0:      Main Stage: 2.0727e+00  25.0%  2.2609e+10  67.1%  4.130e+03   3.6%  9.651e+03        5.2%  1.290e+02  10.7% 
 1: Stage 1 of Code: 6.2335e+00  75.0%  1.1069e+10  32.9%  1.107e+05  96.4%  6.525e+03       94.8%  1.065e+03  88.7% 

------------------------------------------------------------------------------------------------------------------------
See the 'Profiling' chapter of the users' manual for details on interpreting output.
Phase summary info:
   Count: number of times phase was executed
   Time and Flop: Max - maximum over all processors
                  Ratio - ratio of maximum to minimum over all processors
   Mess: number of messages sent
   AvgLen: average message length (bytes)
   Reduct: number of global reductions
   Global: entire computation
   Stage: stages of a computation. Set stages with PetscLogStagePush() and PetscLogStagePop().
      %T - percent time in this phase         %F - percent flop in this phase
      %M - percent messages in this phase     %L - percent message lengths in this phase
      %R - percent reductions in this phase
   Total Mflop/s: 10e-6 * (sum of flop over all processors)/(max time over all processors)
------------------------------------------------------------------------------------------------------------------------
Event                Count      Time (sec)     Flop                              --- Global ---  --- Stage ----  Total
                   Max Ratio  Max     Ratio   Max  Ratio  Mess   AvgLen  Reduct  %T %F %M %L %R  %T %F %M %L %R Mflop/s
------------------------------------------------------------------------------------------------------------------------

--- Event Stage 0: Main Stage

BuildTwoSided         20 1.0 3.8528e-03 2.5 0.00e+00 0.0 5.0e+02 4.0e+00 0.0e+00  0  0  0  0  0   0  0 12  0  0     0
DMPlexCrFromFile       1 1.0 4.4893e-01 1.2 0.00e+00 0.0 0.0e+00 0.0e+00 5.0e+00  5  0  0  0  0  19  0  0  0  4     0
Mesh Partition         1 1.0 1.4017e-01 1.8 0.00e+00 0.0 9.2e+01 5.0e+04 9.0e+00  2  0  0  1  1   7  0  2 11  7     0
Mesh Migration         1 1.0 4.1855e-02 1.0 0.00e+00 0.0 6.3e+02 3.9e+04 2.4e+01  1  0  1  3  2   2  0 15 61 19     0
DMPlexPartSelf         1 1.0 4.1154e-026904.5 0.00e+00 0.0 0.0e+00 0.0e+00 0.0e+00  0  0  0  0  0   0  0  0  0  0     0
DMPlexPartLblInv       1 1.0 4.3176e-0226.0 0.00e+00 0.0 0.0e+00 0.0e+00 3.0e+00  0  0  0  0  0   2  0  0  3  2     0
DMPlexPartLblSF        1 1.0 2.5740e-03 1.6 0.00e+00 0.0 3.4e+01 3.3e+04 0.0e+00  0  0  0  0  0   0  0  1  3  0     0
DMPlexPartStrtSF       1 1.0 1.3871e-03 2.0 0.00e+00 0.0 2.3e+01 4.9e+04 0.0e+00  0  0  0  0  0   0  0  1  3  0     0
DMPlexPointSF          1 1.0 1.3924e-02 1.0 0.00e+00 0.0 4.6e+01 1.2e+05 0.0e+00  0  0  0  1  0   1  0  1 14  0     0
DMPlexInterp          13 1.0 2.5678e-01 1.0 0.00e+00 0.0 0.0e+00 0.0e+00 1.7e+01  3  0  0  0  1  12  0  0  0 13     0
DMPlexDistribute       1 1.0 1.9631e-01 1.4 0.00e+00 0.0 7.7e+02 4.5e+04 3.3e+01  2  0  1  5  3   9  0 19 87 26     0
DMPlexDistCones        1 1.0 8.7991e-03 1.0 0.00e+00 0.0 1.3e+02 9.4e+04 1.0e+00  0  0  0  2  0   0  0  3 30  1     0
DMPlexDistLabels       1 1.0 9.9940e-03 1.0 0.00e+00 0.0 3.1e+02 2.3e+04 2.1e+01  0  0  0  1  2   0  0  8 18 16     0
DMPlexDistField        1 1.0 2.0898e-02 1.0 0.00e+00 0.0 1.5e+02 2.1e+04 1.0e+00  0  0  0  0  0   1  0  4  8  1     0
DMPlexStratify        25 1.0 2.7994e-0121.9 0.00e+00 0.0 0.0e+00 0.0e+00 2.5e+01  3  0  0  0  2  13  0  0  0 19     0
DMPlexSymmetrize      25 1.0 2.4770e-0243.7 0.00e+00 0.0 0.0e+00 0.0e+00 0.0e+00  0  0  0  0  0   0  0  0  0  0     0
SFSetGraph            21 1.0 2.2674e-04 2.1 0.00e+00 0.0 0.0e+00 0.0e+00 0.0e+00  0  0  0  0  0   0  0  0  0  0     0
SFSetUp               20 1.0 1.3379e-02 1.4 0.00e+00 0.0 1.5e+03 5.0e+03 0.0e+00  0  0  1  1  0   1  0 36 19  0     0
SFBcastOpBegin        46 1.0 9.2876e-0369.4 0.00e+00 0.0 2.1e+03 1.2e+04 0.0e+00  0  0  2  3  0   0  0 50 61  0     0
SFBcastOpEnd          46 1.0 4.3511e-0229.7 0.00e+00 0.0 0.0e+00 0.0e+00 0.0e+00  0  0  0  0  0   2  0  0  0  0     0
SFReduceBegin          8 1.0 1.6952e-03 1.3 0.00e+00 0.0 4.7e+02 1.2e+04 0.0e+00  0  0  0  1  0   0  0 11 14  0     0
SFReduceEnd            7 1.0 1.3271e-02 8.4 0.00e+00 0.0 0.0e+00 0.0e+00 0.0e+00  0  0  0  0  0   0  0  0  0  0     0
SFFetchOpBegin         1 1.0 1.0014e-0510.5 0.00e+00 0.0 6.4e+01 1.2e+03 0.0e+00  0  0  0  0  0   0  0  2  0  0     0
SFFetchOpEnd           1 1.0 2.1791e-04 6.8 0.00e+00 0.0 6.4e+01 1.2e+03 0.0e+00  0  0  0  0  0   0  0  2  0  0     0
SFCreateEmbed          1 1.0 1.9668e-0239.2 0.00e+00 0.0 2.3e+01 4.9e+04 0.0e+00  0  0  0  0  0   0  0  1  3  0     0
SFDistSection         11 1.0 3.4861e-02 1.2 0.00e+00 0.0 1.3e+03 8.9e+03 1.1e+01  0  0  1  2  1   1  0 32 30  9     0
SFSectionSF           11 1.0 5.2469e-03 1.8 0.00e+00 0.0 7.5e+02 5.4e+03 0.0e+00  0  0  1  1  0   0  0 18 10  0     0
VecNorm                1 1.0 1.1170e-03 2.0 5.01e+05 1.1 0.0e+00 0.0e+00 1.0e+00  0  0  0  0  0   0  0  0  0  1 10198
VecSet                32 1.0 5.4643e-03 1.5 0.00e+00 0.0 0.0e+00 0.0e+00 0.0e+00  0  0  0  0  0   0  0  0  0  0     0
VecWAXPY               1 1.0 1.6320e-03 1.1 2.50e+05 1.1 0.0e+00 0.0e+00 0.0e+00  0  0  0  0  0   0  0  0  0  0  3490

--- Event Stage 1: Stage 1 of Code

PetscBarrier           2 1.0 3.0014e-02 1.1 0.00e+00 0.0 0.0e+00 0.0e+00 2.0e+00  0  0  0  0  0   0  0  0  0  0     0
BuildTwoSided         32 1.0 8.8615e-03 4.9 0.00e+00 0.0 1.3e+03 4.0e+00 0.0e+00  0  0  1  0  0   0  0  1  0  0     0
BuildTwoSidedF        59 1.0 1.6415e-02 6.3 0.00e+00 0.0 8.4e+02 9.9e+03 0.0e+00  0  0  1  1  0   0  0  1  1  0     0
DMCreateMat            1 1.0 1.1883e-01 1.0 0.00e+00 0.0 1.3e+03 1.6e+04 1.3e+01  1  0  1  3  1   2  0  1  3  1     0
DMPlexInterp           4 1.0 3.5787e-04 1.0 0.00e+00 0.0 0.0e+00 0.0e+00 5.0e+00  0  0  0  0  0   0  0  0  0  0     0
DMPlexStratify         7 1.0 2.0719e-04 1.1 0.00e+00 0.0 0.0e+00 0.0e+00 7.0e+00  0  0  0  0  1   0  0  0  0  1     0
DMPlexSymmetrize       7 1.0 1.1206e-05 1.9 0.00e+00 0.0 0.0e+00 0.0e+00 0.0e+00  0  0  0  0  0   0  0  0  0  0     0
DMPlexPrealloc         1 1.0 1.1831e-01 1.0 0.00e+00 0.0 1.3e+03 1.6e+04 1.1e+01  1  0  1  3  1   2  0  1  3  1     0
SFSetGraph            34 1.0 2.9802e-05 2.0 0.00e+00 0.0 0.0e+00 0.0e+00 0.0e+00  0  0  0  0  0   0  0  0  0  0     0
SFSetUp               32 1.0 1.0155e-02 1.8 0.00e+00 0.0 3.8e+03 1.9e+03 0.0e+00  0  0  3  1  0   0  0  3  1  0     0
SFBcastOpBegin       861 1.0 1.9300e-01 1.3 0.00e+00 0.0 6.9e+04 5.2e+03 0.0e+00  2  0 60 47  0   3  0 62 49  0     0
SFBcastOpEnd         861 1.0 6.3831e-01 3.7 0.00e+00 0.0 0.0e+00 0.0e+00 0.0e+00  4  0  0  0  0   5  0  0  0  0     0
SFReduceBegin        522 1.0 1.9783e-01 2.0 0.00e+00 0.0 3.4e+04 1.0e+04 0.0e+00  2  0 29 45  0   3  0 30 47  0     0
SFReduceEnd          521 1.0 8.1504e-01 6.8 0.00e+00 0.0 0.0e+00 0.0e+00 0.0e+00  5  0  0  0  0   6  0  0  0  0     0
SFFetchOpBegin         1 1.0 4.3154e-0522.6 0.00e+00 0.0 6.4e+01 3.5e+04 0.0e+00  0  0  0  0  0   0  0  0  0  0     0
SFFetchOpEnd           1 1.0 5.3041e-0357.6 0.00e+00 0.0 6.4e+01 3.5e+04 0.0e+00  0  0  0  0  0   0  0  0  0  0     0
SFCreateEmbed          2 1.0 8.8639e-0342.8 0.00e+00 0.0 1.3e+02 1.1e+03 0.0e+00  0  0  0  0  0   0  0  0  0  0     0
SFSectionSF            2 1.0 4.7510e-03 2.9 0.00e+00 0.0 1.9e+02 1.2e+04 0.0e+00  0  0  0  0  0   0  0  0  0  0     0
SFRemoteOff            2 1.0 1.0129e-0232.1 0.00e+00 0.0 2.6e+02 1.1e+03 0.0e+00  0  0  0  0  0   0  0  0  0  0     0
MatMult              593 1.0 3.3253e+00 1.0 5.53e+07 1.4 6.9e+04 8.8e+03 0.0e+00 40  3 60 79  0  53 10 62 83  0   339
MatMultAdd            95 1.0 1.8901e-01 1.1 1.82e+07 1.1 8.6e+03 5.3e+03 0.0e+00  2  1  8  6  0   3  4  8  6  0  2190
MatMultTranspose      98 1.0 1.9858e-01 1.4 8.12e+06 1.1 9.0e+03 5.5e+03 0.0e+00  2  1  8  7  0   3  2  8  7  0   936
MatSolve              19 0.0 7.2718e-05 0.0 7.58e+03 0.0 0.0e+00 0.0e+00 0.0e+00  0  0  0  0  0   0  0  0  0  0   104
MatSOR               261 1.0 4.4725e-02 1.4 4.10e+07 1.4 0.0e+00 0.0e+00 0.0e+00  0  2  0  0  0   1  7  0  0  0 18256
MatLUFactorSym         1 1.0 3.4094e-05 2.0 0.00e+00 0.0 0.0e+00 0.0e+00 0.0e+00  0  0  0  0  0   0  0  0  0  0     0
MatLUFactorNum         1 1.0 2.0981e-05 7.3 1.72e+03 0.0 0.0e+00 0.0e+00 0.0e+00  0  0  0  0  0   0  0  0  0  0    82
MatScale               9 1.0 2.8896e-04 1.2 1.39e+05 1.5 3.1e+02 2.3e+02 0.0e+00  0  0  0  0  0   0  0  0  0  0  9617
MatResidual           95 1.0 4.6536e-01 1.1 1.52e+07 1.3 1.1e+04 7.2e+03 0.0e+00  5  1  9 10  0   7  3 10 11  0   683
MatAssemblyBegin      78 1.0 1.7224e-02 4.5 0.00e+00 0.0 8.4e+02 9.9e+03 0.0e+00  0  0  1  1  0   0  0  1  1  0     0
MatAssemblyEnd        78 1.0 1.9348e-02 1.1 2.08e+04 1.9 2.8e+03 1.0e+02 8.4e+01  0  0  2  0  7   0  0  2  0  8    19
MatGetRowIJ            2 2.0 1.0722e-02 1.2 0.00e+00 0.0 0.0e+00 0.0e+00 0.0e+00  0  0  0  0  0   0  0  0  0  0     0
MatCreateSubMat        4 1.0 1.8289e-03 1.0 0.00e+00 0.0 2.4e+02 8.5e+02 4.8e+01  0  0  0  0  4   0  0  0  0  5     0
MatGetOrdering         1 0.0 4.8876e-05 0.0 0.00e+00 0.0 0.0e+00 0.0e+00 0.0e+00  0  0  0  0  0   0  0  0  0  0     0
MatCoarsen             3 1.0 5.8699e-04 1.1 0.00e+00 0.0 2.0e+03 2.1e+02 9.0e+00  0  0  2  0  1   0  0  2  0  1     0
MatZeroEntries         4 1.0 4.3321e-04 3.9 0.00e+00 0.0 0.0e+00 0.0e+00 0.0e+00  0  0  0  0  0   0  0  0  0  0     0
MatAXPY                3 1.0 7.1311e-04 1.1 1.14e+04 1.4 0.0e+00 0.0e+00 0.0e+00  0  0  0  0  0   0  0  0  0  0   324
MatFDColorCreate       1 1.0 1.0109e-04 1.9 0.00e+00 0.0 0.0e+00 0.0e+00 2.0e+00  0  0  0  0  0   0  0  0  0  0     0
MatFDColorSetUp        1 1.0 1.3129e-02 1.1 0.00e+00 0.0 0.0e+00 0.0e+00 4.3e+02  0  0  0  0 36   0  0  0  0 41     0
MatFDColorApply        1 1.0 5.8567e-01 1.0 7.92e+05 1.4 1.4e+04 1.3e+03 2.0e+00  7  0 12  2  0   9  0 13  2  0    27
MatFDColorFunc       108 1.0 5.8284e-01 1.0 0.00e+00 0.0 1.4e+04 1.3e+03 2.0e+00  7  0 12  2  0   9  0 13  2  0     0
MatTranspose           6 1.0 5.8770e-04 2.0 0.00e+00 0.0 0.0e+00 0.0e+00 0.0e+00  0  0  0  0  0   0  0  0  0  0     0
MatMatMult             3 1.0 7.7491e-03 1.0 1.55e+06 1.4 1.7e+03 1.0e+03 2.4e+01  0  0  1  0  2   0  0  2  0  2  4013
MatMatMultSym          3 1.0 5.8072e-03 1.0 0.00e+00 0.0 1.4e+03 8.1e+02 2.4e+01  0  0  1  0  2   0  0  1  0  2     0
MatMatMultNum          3 1.0 1.9290e-03 1.0 1.55e+06 1.4 3.1e+02 2.1e+03 0.0e+00  0  0  0  0  0   0  0  0  0  0 16120
MatPtAP                3 1.0 2.3204e-02 1.0 7.96e+06 1.7 2.9e+03 2.4e+03 3.3e+01  0  0  3  1  3   0  1  3  1  3  6661
MatPtAPSymbolic        3 1.0 1.5410e-02 1.0 0.00e+00 0.0 1.8e+03 2.6e+03 2.1e+01  0  0  2  1  2   0  0  2  1  2     0
MatPtAPNumeric         3 1.0 7.7791e-03 1.0 7.96e+06 1.7 1.1e+03 2.0e+03 1.2e+01  0  0  1  0  1   0  1  1  0  1 19870
MatTrnMatMult          1 1.0 1.6956e-02 1.0 1.46e+06 1.4 7.8e+02 9.4e+03 1.1e+01  0  0  1  1  1   0  0  1  1  1  1705
MatTrnMatMultSym       1 1.0 8.4429e-03 1.0 0.00e+00 0.0 3.9e+02 3.9e+03 7.0e+00  0  0  0  0  1   0  0  0  0  1     0
MatTrnMatMultNum       1 1.0 8.5042e-03 1.0 1.46e+06 1.4 3.9e+02 1.5e+04 4.0e+00  0  0  0  1  0   0  0  0  1  0  3400
MatGetLocalMat        10 1.0 6.5374e-04 1.3 0.00e+00 0.0 0.0e+00 0.0e+00 0.0e+00  0  0  0  0  0   0  0  0  0  0     0
MatGetBrAoCol          9 1.0 9.5415e-04 1.6 0.00e+00 0.0 2.2e+03 2.7e+03 0.0e+00  0  0  2  1  0   0  0  2  1  0     0
MatColoringApply       1 1.0 1.2262e-01 1.0 0.00e+00 0.0 2.3e+01 4.0e+00 3.0e+00  1  0  0  0  0   2  0  0  0  0     0
VecDot                 1 1.0 3.2780e-03 2.8 5.01e+05 1.1 0.0e+00 0.0e+00 1.0e+00  0  0  0  0  0   0  0  0  0  0  3475
VecMDot               80 1.0 6.7133e-02 2.3 3.17e+07 1.1 0.0e+00 0.0e+00 8.0e+01  0  2  0  0  7   1  6  0  0  8 10688
VecTDot               37 1.0 1.1099e-01 3.7 1.85e+07 1.1 0.0e+00 0.0e+00 3.7e+01  1  1  0  0  3   1  4  0  0  3  3797
VecNorm               91 1.0 1.0603e-0110.5 7.83e+06 1.1 0.0e+00 0.0e+00 9.1e+01  0  1  0  0  8   1  2  0  0  9  1676
VecScale             437 1.0 2.3546e-03 1.3 3.17e+06 1.1 0.0e+00 0.0e+00 0.0e+00  0  0  0  0  0   0  1  0  0  0 30472
VecCopy              330 1.0 3.3345e-02 1.4 0.00e+00 0.0 0.0e+00 0.0e+00 0.0e+00  0  0  0  0  0   0  0  0  0  0     0
VecSet              1740 1.0 4.0513e-01 1.4 0.00e+00 0.0 0.0e+00 0.0e+00 0.0e+00  4  0  0  0  0   6  0  0  0  0     0
VecAXPY              192 1.0 6.6560e-02 1.1 3.10e+07 1.1 0.0e+00 0.0e+00 0.0e+00  1  2  0  0  0   1  6  0  0  0 10577
VecAYPX              663 1.0 1.9480e-01 1.7 6.23e+07 1.1 0.0e+00 0.0e+00 0.0e+00  2  4  0  0  0   3 13  0  0  0  7266
VecAXPBYCZ           266 1.0 1.2676e-01 1.2 1.07e+08 1.1 0.0e+00 0.0e+00 0.0e+00  1  7  0  0  0   2 22  0  0  0 19206
VecWAXPY               1 1.0 1.4749e-03 1.1 2.50e+05 1.1 0.0e+00 0.0e+00 0.0e+00  0  0  0  0  0   0  0  0  0  0  3862
VecMAXPY              88 1.0 4.2956e-02 1.1 3.74e+07 1.1 0.0e+00 0.0e+00 0.0e+00  0  3  0  0  0   1  8  0  0  0 19740
VecAssemblyBegin      36 1.0 7.1430e-04 1.3 0.00e+00 0.0 0.0e+00 0.0e+00 0.0e+00  0  0  0  0  0   0  0  0  0  0     0
VecAssemblyEnd        36 1.0 3.1233e-05 1.7 0.00e+00 0.0 0.0e+00 0.0e+00 0.0e+00  0  0  0  0  0   0  0  0  0  0     0
VecPointwiseMult     363 1.0 2.6788e-01 1.2 4.80e+07 1.1 0.0e+00 0.0e+00 0.0e+00  3  3  0  0  0   4 10  0  0  0  4082
VecScatterBegin      442 1.0 3.0713e-03 1.9 0.00e+00 0.0 4.1e+04 5.7e+02 0.0e+00  0  0 36  3  0   0  0 37  3  0     0
VecScatterEnd        442 1.0 1.5281e-02 4.5 0.00e+00 0.0 0.0e+00 0.0e+00 0.0e+00  0  0  0  0  0   0  0  0  0  0     0
VecSetRandom           3 1.0 1.1110e-04 1.4 0.00e+00 0.0 0.0e+00 0.0e+00 0.0e+00  0  0  0  0  0   0  0  0  0  0     0
VecReduceArith         2 1.0 1.6019e-03 1.1 1.00e+06 1.1 0.0e+00 0.0e+00 0.0e+00  0  0  0  0  0   0  0  0  0  0 14221
VecReduceComm          1 1.0 4.1389e-0441.3 0.00e+00 0.0 0.0e+00 0.0e+00 1.0e+00  0  0  0  0  0   0  0  0  0  0     0
VecNormalize          88 1.0 5.1669e-02 5.0 9.50e+06 1.1 0.0e+00 0.0e+00 8.8e+01  0  1  0  0  7   0  2  0  0  8  4166
SNESSolve              1 1.0 6.0323e+00 1.0 4.96e+08 1.2 1.1e+05 6.4e+03 1.0e+03 73 33 95 92 87  97100 99 97 98  1835
SNESSetUp              1 1.0 1.9073e-05 1.9 0.00e+00 0.0 0.0e+00 0.0e+00 0.0e+00  0  0  0  0  0   0  0  0  0  0     0
SNESFunctionEval     110 1.0 9.8397e-01 1.1 5.47e+07 1.5 1.4e+04 1.7e+03 1.7e+01 12  3 12  3  1  15 10 13  3  2  1074
SNESJacobianEval       1 1.0 7.2053e-01 1.0 7.92e+05 1.4 1.4e+04 1.3e+03 4.4e+02  9  0 12  2 37  12  0 13  2 41    22
SNESLineSearch         1 1.0 2.1983e-01 1.0 3.06e+07 1.4 2.6e+02 2.4e+04 4.0e+00  3  2  0  1  0   4  5  0  1  0  2741
KSPSetUp              17 1.0 1.3891e-02 1.3 0.00e+00 0.0 0.0e+00 0.0e+00 1.0e+01  0  0  0  0  1   0  0  0  0  1     0
KSPSolve               1 1.0 4.8823e+00 1.0 4.48e+08 1.2 9.5e+04 7.1e+03 5.8e+02 59 29 83 88 48  78 89 86 93 55  2028
KSPGMRESOrthog        80 1.0 1.0092e-01 1.5 6.33e+07 1.1 0.0e+00 0.0e+00 8.0e+01  1  4  0  0  7   1 13  0  0  8 14218
PCGAMGGraph_AGG        3 1.0 2.6304e-02 1.0 2.88e+05 1.4 1.2e+03 1.2e+02 4.8e+01  0  0  1  0  4   0  0  1  0  5   219
PCGAMGCoarse_AGG       3 1.0 1.8281e-02 1.0 1.46e+06 1.4 3.5e+03 2.4e+03 2.4e+01  0  0  3  1  2   0  0  3  1  2  1582
PCGAMGProl_AGG         3 1.0 3.4983e-03 1.0 0.00e+00 0.0 3.5e+03 5.0e+02 8.4e+01  0  0  3  0  7   0  0  3  0  8     0
PCGAMGPOpt_AGG         3 1.0 1.4877e-02 1.0 7.87e+06 1.4 4.8e+03 8.2e+02 1.1e+02  0  0  4  1  9   0  1  4  1 10 10612
GAMG: createProl       3 1.0 6.3001e-02 1.0 9.62e+06 1.4 1.3e+04 1.1e+03 2.7e+02  1  1 11  2 22   1  2 12  2 25  3056
  Graph                6 1.0 2.6158e-02 1.0 2.88e+05 1.4 1.2e+03 1.2e+02 4.8e+01  0  0  1  0  4   0  0  1  0  5   220
  MIS/Agg              3 1.0 6.1798e-04 1.1 0.00e+00 0.0 2.0e+03 2.1e+02 9.0e+00  0  0  2  0  1   0  0  2  0  1     0
  SA: col data         3 1.0 1.6029e-03 1.0 0.00e+00 0.0 3.1e+03 4.6e+02 6.0e+01  0  0  3  0  5   0  0  3  0  6     0
  SA: frmProl0         3 1.0 1.5991e-03 1.0 0.00e+00 0.0 4.2e+02 8.5e+02 1.2e+01  0  0  0  0  1   0  0  0  0  1     0
  SA: smooth           3 1.0 8.9319e-03 1.0 1.65e+06 1.4 1.7e+03 1.0e+03 3.0e+01  0  0  1  0  2   0  0  2  0  3  3690
GAMG: partLevel        3 1.0 2.6202e-02 1.0 7.96e+06 1.7 3.3e+03 2.2e+03 1.3e+02  0  0  3  1 11   0  1  3  1 12  5899
  repartition          2 1.0 2.8858e-03 1.0 0.00e+00 0.0 3.8e+02 5.8e+02 9.6e+01  0  0  0  0  8   0  0  0  0  9     0
  Invert-Sort          2 1.0 1.8382e-04 1.3 0.00e+00 0.0 0.0e+00 0.0e+00 1.2e+01  0  0  0  0  1   0  0  0  0  1     0
  Move A               2 1.0 1.1852e-03 1.1 0.00e+00 0.0 1.4e+02 1.5e+03 2.6e+01  0  0  0  0  2   0  0  0  0  2     0
  Move P               2 1.0 8.8120e-04 1.1 0.00e+00 0.0 1.0e+02 4.0e+01 2.8e+01  0  0  0  0  2   0  0  0  0  3     0
PCSetUp                2 1.0 1.1589e-01 1.0 1.82e+07 1.5 1.7e+04 1.5e+03 4.4e+02  1  1 15  3 36   2  3 15  4 41  3122
PCSetUpOnBlocks       19 1.0 1.6642e-04 1.8 1.72e+03 0.0 0.0e+00 0.0e+00 0.0e+00  0  0  0  0  0   0  0  0  0  0    10
PCApply               19 1.0 4.3862e+00 1.0 3.85e+08 1.2 7.6e+04 7.8e+03 1.1e+02 53 25 66 77  9  70 77 68 82 10  1941
------------------------------------------------------------------------------------------------------------------------

Memory usage is given in bytes:

Object Type          Creations   Destructions     Memory  Descendants' Mem.
Reports information only for process 0.

--- Event Stage 0: Main Stage

           Container    21             27        15552     0.
    Distributed Mesh    79             92       473608     0.
            DM Label   137            153        96696     0.
    GraphPartitioner    25             29        19488     0.
          Quadrature   645            693       410256     0.
           Index Set   413            545      2296144     0.
   IS L to G Mapping     1              2      1008600     0.
             Section   163            183       131760     0.
    Section Symmetry     1              1          688     0.
   Star Forest Graph   177            202       185160     0.
     Discrete System   103            114       105804     0.
              Matrix    21             61      3244928     0.
  Matrix FD Coloring     0              1      4099944     0.
         Vec Scatter     0              7         5600     0.
              Vector    37            176     83848328     0.
        Linear Space     3              4         2720     0.
          Dual Space    12             16        12416     0.
            FE Space     3              4         3088     0.
                SNES     0              2         2804     0.
              DMSNES     0              2         1344     0.
      SNESLineSearch     0              1         1000     0.
       Krylov Solver     0             15       167104     0.
     DMKSP interface     0              1          656     0.
      Preconditioner     0             10        10716     0.
       Field over DM     0              1          704     0.
              Viewer     1              0            0     0.

--- Event Stage 1: Stage 1 of Code

           Container     6              0            0     0.
    Distributed Mesh    22              9        46296     0.
            DM Label    28             12         7584     0.
    GraphPartitioner     7              3         2016     0.
          Quadrature    52              4         2368     0.
           Index Set   283            151       234916     0.
   IS L to G Mapping     1              0            0     0.
             Section    39             19        13680     0.
   Star Forest Graph    75             50        47312     0.
     Discrete System    28             17        15776     0.
              Matrix   112             72     64318780     0.
  Matrix FD Coloring     1              0            0     0.
     Matrix Coloring     1              1          648     0.
      Matrix Coarsen     3              3         1908     0.
         Vec Scatter    23             16        12800     0.
              Vector   289            150      7156920     0.
        Linear Space     1              0            0     0.
          Dual Space     4              0            0     0.
            FE Space     1              0            0     0.
                SNES     2              0            0     0.
              DMSNES     2              0            0     0.
      SNESLineSearch     1              0            0     0.
       Krylov Solver    19              4        92816     0.
     DMKSP interface     1              0            0     0.
      Preconditioner    13              3         2568     0.
       Field over DM     1              0            0     0.
         PetscRandom     6              6         3876     0.
========================================================================================================================
Average time to get PetscTime(): 0.
Average time for MPI_Barrier(): 3.19481e-06
Average time for zero size MPI_Send(): 2.5034e-06
#PETSc Option Table entries:
-boundary mms
-degree 4
-E 1e6
-forcing mms
-log_view
-mesh ./meshes/cylinder8_31280e_4ss_us.exo
-nu .3
#End of PETSc Option Table entries
Compiled without FORTRAN kernels
Compiled with full precision matrices (default)
sizeof(short) 2 sizeof(int) 4 sizeof(long) 8 sizeof(void*) 8 sizeof(PetscScalar) 8 sizeof(PetscInt) 4
Configure options: --with-cc=gcc --with-cxx=g++ --with-fc=gfortran --with-valgrind-dir=/curc/sw/valgrind/3.11.0 --download-make --download-cmake --download-mpich --download-fblaslapack --download-parmetis --download-metis --download-zlib --download-hdf5 --download-netcdf --download-pnetcdf --download-exodusii COPTFLAGS="-O3 -march=native" FOPTFLAGS="-O3 -march=native" CXXOPTFLAGS="-O3 -march=native" --with-debugging=0 --with-shared-libraries=1 --prefix=/projects/arme5062/software/petsc/local
-----------------------------------------
Libraries compiled on 2020-03-04 05:38:54 on shas0137 
Machine characteristics: Linux-3.10.0-957.21.3.el7.x86_64-x86_64-with-redhat-7.4-Maipo
Using PETSc directory: /projects/arme5062/software/petsc/local
Using PETSc arch: 
-----------------------------------------

Using C compiler: /projects/arme5062/software/petsc/local/bin/mpicc  -Wall -Wwrite-strings -Wno-strict-aliasing -Wno-unknown-pragmas -fstack-protector -fvisibility=hidden -O3 -march=native  
Using Fortran compiler: /projects/arme5062/software/petsc/local/bin/mpif90  -Wall -ffree-line-length-0 -Wno-unused-dummy-argument -O3 -march=native   
-----------------------------------------

Using include paths: -I/projects/arme5062/software/petsc/local/include -I/curc/sw/valgrind/3.11.0/include
-----------------------------------------

Using C linker: /projects/arme5062/software/petsc/local/bin/mpicc
Using Fortran linker: /projects/arme5062/software/petsc/local/bin/mpif90
Using libraries: -Wl,-rpath,/projects/arme5062/software/petsc/local/lib -L/projects/arme5062/software/petsc/local/lib -lpetsc -Wl,-rpath,/projects/arme5062/software/petsc/local/lib -L/projects/arme5062/software/petsc/local/lib -Wl,-rpath,/usr/lib/gcc/x86_64-redhat-linux/4.8.5 -L/usr/lib/gcc/x86_64-redhat-linux/4.8.5 -lflapack -lfblas -lpthread -lexodus -lnetcdf -lpnetcdf -lhdf5hl_fortran -lhdf5_fortran -lhdf5_hl -lhdf5 -lparmetis -lmetis -lm -lz -lX11 -lstdc++ -ldl -lmpifort -lmpi -lgfortran -lm -lgfortran -lm -lgcc_s -lquadmath -lstdc++ -ldl
-----------------------------------------

