
-- Elastisticy Example - libCEED + PETSc --
  libCEED:
    libCEED Backend                    : /cpu/self/xsmm/blocked
  Problem:
    Problem Name                       : Linear elasticity
    Forcing Function                   : Manufactured solution
    Boundary Condition                 : Manufactured solution
  Mesh:
    File                               : ./meshes/cylinder8_31280e_4ss_us.exo
    Number of 1D Basis Nodes (p)       : 3
    Number of 1D Quadrature Points (q) : 3
    Global nodes                       : 224420
    Owned nodes                        : 224420
    DoF per node                       : 3
  Multigrid:
    Type                               : P-multigrid, logarithmic coarsening
    Number of Levels                   : 2
    Level 0 (coarse):
      Number of 1D Basis Nodes (p)     : 2
      Global Nodes                     : 24852
      Owned Nodes                      : 24852
    Level 1 (fine):
      Number of 1D Basis Nodes (p)     : 3
      Global Nodes                     : 224420
      Owned Nodes                      : 224420
  SNES:
    SNES Type                          : newtonls
    SNES Convergence                   : CONVERGED_FNORM_RELATIVE
    Total SNES Iterations              : 1
    Final rnorm                        : 3.410065e-04
  Linear Solver:
    KSP Type                           : cg
  P-Multigrid:
    PCMG Type                          : MULTIPLICATIVE
    PCMG Cycle Type                    : v
    Coarse Solve:
      KSP Type                         : preonly
      PC Type                          : gamg
  Performance:
    SNES Solve Time                    : 17.3153 (17.3153) sec
    L2 Error                           : 0.000078
************************************************************************************************************************
***             WIDEN YOUR WINDOW TO 120 CHARACTERS.  Use 'enscript -r -fCourier9' to print this document            ***
************************************************************************************************************************

---------------------------------------------- PETSc Performance Summary: ----------------------------------------------

./elasticity on a  named shas0146.rc.int.colorado.edu with 1 processor, by arme5062 Thu Mar  5 17:39:02 2020
Using Petsc Development GIT revision: v3.12.4-787-gcc5957f  GIT Date: 2020-02-26 21:52:32 -0500

                         Max       Max/Min     Avg       Total 
Time (sec):           2.568e+01     1.000   2.568e+01
Objects:              1.659e+03     1.000   1.659e+03
Flop:                 2.739e+09     1.000   2.739e+09  2.739e+09
Flop/sec:             1.066e+08     1.000   1.066e+08  1.066e+08
MPI Messages:         0.000e+00     0.000   0.000e+00  0.000e+00
MPI Message Lengths:  0.000e+00     0.000   0.000e+00  0.000e+00
MPI Reductions:       0.000e+00     0.000

Flop counting convention: 1 flop = 1 real number operation of type (multiply/divide/add/subtract)
                            e.g., VecAXPY() for real vectors of length N --> 2N flop
                            and VecAXPY() for complex vectors of length N --> 8N flop

Summary of Stages:   ----- Time ------  ----- Flop ------  --- Messages ---  -- Message Lengths --  -- Reductions --
                        Avg     %Total     Avg     %Total    Count   %Total     Avg         %Total    Count   %Total 
 0:      Main Stage: 2.5680e+01 100.0%  2.7388e+09 100.0%  0.000e+00   0.0%  0.000e+00        0.0%  0.000e+00   0.0% 

------------------------------------------------------------------------------------------------------------------------
See the 'Profiling' chapter of the users' manual for details on interpreting output.
Phase summary info:
   Count: number of times phase was executed
   Time and Flop: Max - maximum over all processors
                  Ratio - ratio of maximum to minimum over all processors
   Mess: number of messages sent
   AvgLen: average message length (bytes)
   Reduct: number of global reductions
   Global: entire computation
   Stage: stages of a computation. Set stages with PetscLogStagePush() and PetscLogStagePop().
      %T - percent time in this phase         %F - percent flop in this phase
      %M - percent messages in this phase     %L - percent message lengths in this phase
      %R - percent reductions in this phase
   Total Mflop/s: 10e-6 * (sum of flop over all processors)/(max time over all processors)
------------------------------------------------------------------------------------------------------------------------
Event                Count      Time (sec)     Flop                              --- Global ---  --- Stage ----  Total
                   Max Ratio  Max     Ratio   Max  Ratio  Mess   AvgLen  Reduct  %T %F %M %L %R  %T %F %M %L %R Mflop/s
------------------------------------------------------------------------------------------------------------------------

--- Event Stage 0: Main Stage

PetscBarrier           1 1.0 1.9073e-06 1.0 0.00e+00 0.0 0.0e+00 0.0e+00 0.0e+00  0  0  0  0  0   0  0  0  0  0     0
BuildTwoSided          2 1.0 1.1110e-04 1.0 0.00e+00 0.0 0.0e+00 0.0e+00 0.0e+00  0  0  0  0  0   0  0  0  0  0     0
DMCreateMat            1 1.0 2.1520e+00 1.0 0.00e+00 0.0 0.0e+00 0.0e+00 0.0e+00  8  0  0  0  0   8  0  0  0  0     0
DMPlexCrFromFile       1 1.0 6.3580e-01 1.0 0.00e+00 0.0 0.0e+00 0.0e+00 0.0e+00  2  0  0  0  0   2  0  0  0  0     0
DMPlexInterp          13 1.0 4.9980e-01 1.0 0.00e+00 0.0 0.0e+00 0.0e+00 0.0e+00  2  0  0  0  0   2  0  0  0  0     0
DMPlexStratify        24 1.0 1.3342e-02 1.0 0.00e+00 0.0 0.0e+00 0.0e+00 0.0e+00  0  0  0  0  0   0  0  0  0  0     0
DMPlexSymmetrize      24 1.0 2.8339e-02 1.0 0.00e+00 0.0 0.0e+00 0.0e+00 0.0e+00  0  0  0  0  0   0  0  0  0  0     0
DMPlexPrealloc         1 1.0 2.1436e+00 1.0 0.00e+00 0.0 0.0e+00 0.0e+00 0.0e+00  8  0  0  0  0   8  0  0  0  0     0
SFSetGraph             2 1.0 2.4700e-04 1.0 0.00e+00 0.0 0.0e+00 0.0e+00 0.0e+00  0  0  0  0  0   0  0  0  0  0     0
SFSetUp                2 1.0 1.7816e-02 1.0 0.00e+00 0.0 0.0e+00 0.0e+00 0.0e+00  0  0  0  0  0   0  0  0  0  0     0
SFBcastOpBegin       258 1.0 9.8170e-02 1.0 0.00e+00 0.0 0.0e+00 0.0e+00 0.0e+00  0  0  0  0  0   0  0  0  0  0     0
SFBcastOpEnd         258 1.0 1.8504e-01 1.0 0.00e+00 0.0 0.0e+00 0.0e+00 0.0e+00  1  0  0  0  0   1  0  0  0  0     0
SFReduceBegin        260 1.0 2.0292e-01 1.0 0.00e+00 0.0 0.0e+00 0.0e+00 0.0e+00  1  0  0  0  0   1  0  0  0  0     0
SFReduceEnd          260 1.0 1.3672e-01 1.0 0.00e+00 0.0 0.0e+00 0.0e+00 0.0e+00  1  0  0  0  0   1  0  0  0  0     0
MatMult              370 1.0 7.3065e+00 1.0 8.34e+08 1.0 0.0e+00 0.0e+00 0.0e+00 28 30  0  0  0  28 30  0  0  0   114
MatMultAdd            60 1.0 2.5543e-01 1.0 5.66e+07 1.0 0.0e+00 0.0e+00 0.0e+00  1  2  0  0  0   1  2  0  0  0   221
MatMultTranspose      62 1.0 2.4406e-01 1.0 3.80e+07 1.0 0.0e+00 0.0e+00 0.0e+00  1  1  0  0  0   1  1  0  0  0   156
MatSolve              15 1.0 4.4823e-05 1.0 4.14e+03 1.0 0.0e+00 0.0e+00 0.0e+00  0  0  0  0  0   0  0  0  0  0    92
MatSOR               213 1.0 8.5154e-01 1.0 7.34e+08 1.0 0.0e+00 0.0e+00 0.0e+00  3 27  0  0  0   3 27  0  0  0   863
MatLUFactorSym         1 1.0 2.4080e-05 1.0 0.00e+00 0.0 0.0e+00 0.0e+00 0.0e+00  0  0  0  0  0   0  0  0  0  0     0
MatLUFactorNum         1 1.0 1.3113e-05 1.0 1.09e+03 1.0 0.0e+00 0.0e+00 0.0e+00  0  0  0  0  0   0  0  0  0  0    83
MatScale               9 1.0 2.3232e-03 1.0 2.74e+06 1.0 0.0e+00 0.0e+00 0.0e+00  0  0  0  0  0   0  0  0  0  0  1181
MatResidual           60 1.0 9.2919e-01 1.0 1.65e+08 1.0 0.0e+00 0.0e+00 0.0e+00  4  6  0  0  0   4  6  0  0  0   178
MatAssemblyBegin      42 1.0 1.6689e-05 1.0 0.00e+00 0.0 0.0e+00 0.0e+00 0.0e+00  0  0  0  0  0   0  0  0  0  0     0
MatAssemblyEnd        42 1.0 1.6872e-02 1.0 0.00e+00 0.0 0.0e+00 0.0e+00 0.0e+00  0  0  0  0  0   0  0  0  0  0     0
MatGetRowIJ            2 1.0 7.1008e-03 1.0 0.00e+00 0.0 0.0e+00 0.0e+00 0.0e+00  0  0  0  0  0   0  0  0  0  0     0
MatGetOrdering         1 1.0 4.6968e-05 1.0 0.00e+00 0.0 0.0e+00 0.0e+00 0.0e+00  0  0  0  0  0   0  0  0  0  0     0
MatCoarsen             3 1.0 2.0359e-03 1.0 0.00e+00 0.0 0.0e+00 0.0e+00 0.0e+00  0  0  0  0  0   0  0  0  0  0     0
MatAXPY                3 1.0 6.2773e-03 1.0 2.31e+05 1.0 0.0e+00 0.0e+00 0.0e+00  0  0  0  0  0   0  0  0  0  0    37
MatFDColorCreate       1 1.0 1.3399e-04 1.0 0.00e+00 0.0 0.0e+00 0.0e+00 0.0e+00  0  0  0  0  0   0  0  0  0  0     0
MatFDColorSetUp        1 1.0 1.4716e-01 1.0 0.00e+00 0.0 0.0e+00 0.0e+00 0.0e+00  1  0  0  0  0   1  0  0  0  0     0
MatFDColorApply        1 1.0 4.1927e+00 1.0 1.61e+07 1.0 0.0e+00 0.0e+00 0.0e+00 16  1  0  0  0  16  1  0  0  0     4
MatFDColorFunc       108 1.0 4.1373e+00 1.0 0.00e+00 0.0 0.0e+00 0.0e+00 0.0e+00 16  0  0  0  0  16  0  0  0  0     0
MatMatMult             3 1.0 7.9907e-02 1.0 3.18e+07 1.0 0.0e+00 0.0e+00 0.0e+00  0  1  0  0  0   0  1  0  0  0   398
MatMatMultSym          4 1.0 1.4212e-01 1.0 0.00e+00 0.0 0.0e+00 0.0e+00 0.0e+00  1  0  0  0  0   1  0  0  0  0     0
MatMatMultNum          4 1.0 5.2139e-02 1.0 6.02e+07 1.0 0.0e+00 0.0e+00 0.0e+00  0  2  0  0  0   0  2  0  0  0  1155
MatMatMatMult          3 1.0 2.4958e-01 1.0 1.51e+08 1.0 0.0e+00 0.0e+00 0.0e+00  1  6  0  0  0   1  6  0  0  0   607
MatMatMatMultSym       3 1.0 1.5141e-01 1.0 0.00e+00 0.0 0.0e+00 0.0e+00 0.0e+00  1  0  0  0  0   1  0  0  0  0     0
MatMatMatMultNum       3 1.0 9.8177e-02 1.0 1.51e+08 1.0 0.0e+00 0.0e+00 0.0e+00  0  6  0  0  0   0  6  0  0  0  1542
MatPtAP                3 1.0 2.6626e-01 1.0 1.51e+08 1.0 0.0e+00 0.0e+00 0.0e+00  1  6  0  0  0   1  6  0  0  0   569
MatTrnMatMult          1 1.0 1.1996e-01 1.0 2.84e+07 1.0 0.0e+00 0.0e+00 0.0e+00  0  1  0  0  0   0  1  0  0  0   237
MatColoringApply       1 1.0 8.6207e-02 1.0 0.00e+00 0.0 0.0e+00 0.0e+00 0.0e+00  0  0  0  0  0   0  0  0  0  0     0
VecDot                 1 1.0 1.2949e-03 1.0 1.35e+06 1.0 0.0e+00 0.0e+00 0.0e+00  0  0  0  0  0   0  0  0  0  0  1040
VecMDot               70 1.0 6.0161e-02 1.0 9.10e+07 1.0 0.0e+00 0.0e+00 0.0e+00  0  3  0  0  0   0  3  0  0  0  1513
VecTDot               29 1.0 4.0081e-02 1.0 3.90e+07 1.0 0.0e+00 0.0e+00 0.0e+00  0  1  0  0  0   0  1  0  0  0   974
VecNorm               81 1.0 2.6061e-02 1.0 2.36e+07 1.0 0.0e+00 0.0e+00 0.0e+00  0  1  0  0  0   0  1  0  0  0   905
VecScale             226 1.0 1.1416e-02 1.0 9.10e+06 1.0 0.0e+00 0.0e+00 0.0e+00  0  0  0  0  0   0  0  0  0  0   797
VecCopy              270 1.0 2.7692e-02 1.0 0.00e+00 0.0 0.0e+00 0.0e+00 0.0e+00  0  0  0  0  0   0  0  0  0  0     0
VecSet              1180 1.0 4.7383e-01 1.0 0.00e+00 0.0 0.0e+00 0.0e+00 0.0e+00  2  0  0  0  0   2  0  0  0  0     0
VecAXPY              160 1.0 5.4390e-02 1.0 7.84e+07 1.0 0.0e+00 0.0e+00 0.0e+00  0  3  0  0  0   0  3  0  0  0  1441
VecAYPX              403 1.0 1.3360e-01 1.0 1.28e+08 1.0 0.0e+00 0.0e+00 0.0e+00  1  5  0  0  0   1  5  0  0  0   956
VecAXPBYCZ           150 1.0 8.5029e-02 1.0 2.14e+08 1.0 0.0e+00 0.0e+00 0.0e+00  0  8  0  0  0   0  8  0  0  0  2511
VecWAXPY               2 1.0 2.4219e-03 1.0 1.35e+06 1.0 0.0e+00 0.0e+00 0.0e+00  0  0  0  0  0   0  0  0  0  0   556
VecMAXPY              77 1.0 6.7446e-02 1.0 1.08e+08 1.0 0.0e+00 0.0e+00 0.0e+00  0  4  0  0  0   0  4  0  0  0  1594
VecPointwiseMult     167 1.0 1.8170e-01 1.0 9.54e+07 1.0 0.0e+00 0.0e+00 0.0e+00  1  3  0  0  0   1  3  0  0  0   525
VecSetRandom           3 1.0 2.1625e-03 1.0 0.00e+00 0.0 0.0e+00 0.0e+00 0.0e+00  0  0  0  0  0   0  0  0  0  0     0
VecReduceArith         2 1.0 2.4951e-03 1.0 2.69e+06 1.0 0.0e+00 0.0e+00 0.0e+00  0  0  0  0  0   0  0  0  0  0  1079
VecReduceComm          1 1.0 9.5367e-07 1.0 0.00e+00 0.0 0.0e+00 0.0e+00 0.0e+00  0  0  0  0  0   0  0  0  0  0     0
VecNormalize          77 1.0 3.2453e-02 1.0 2.73e+07 1.0 0.0e+00 0.0e+00 0.0e+00  0  1  0  0  0   0  1  0  0  0   841
SNESSolve              1 1.0 1.7315e+01 1.0 2.72e+09 1.0 0.0e+00 0.0e+00 0.0e+00 67 99  0  0  0  67 99  0  0  0   157
SNESSetUp              1 1.0 1.4067e-05 1.0 0.00e+00 0.0 0.0e+00 0.0e+00 0.0e+00  0  0  0  0  0   0  0  0  0  0     0
SNESFunctionEval     110 1.0 6.1489e+00 1.0 1.12e+08 1.0 0.0e+00 0.0e+00 0.0e+00 24  4  0  0  0  24  4  0  0  0    18
SNESJacobianEval       1 1.0 4.4266e+00 1.0 1.61e+07 1.0 0.0e+00 0.0e+00 0.0e+00 17  1  0  0  0  17  1  0  0  0     4
SNESLineSearch         1 1.0 1.0346e+00 1.0 6.47e+07 1.0 0.0e+00 0.0e+00 0.0e+00  4  2  0  0  0   4  2  0  0  0    63
KSPSetUp              15 1.0 1.8120e-02 1.0 0.00e+00 0.0 0.0e+00 0.0e+00 0.0e+00  0  0  0  0  0   0  0  0  0  0     0
KSPSolve               1 1.0 1.0806e+01 1.0 2.58e+09 1.0 0.0e+00 0.0e+00 0.0e+00 42 94  0  0  0  42 94  0  0  0   239
KSPGMRESOrthog        70 1.0 1.1796e-01 1.0 1.82e+08 1.0 0.0e+00 0.0e+00 0.0e+00  0  7  0  0  0   0  7  0  0  0  1543
PCGAMGGraph_AGG        3 1.0 3.7755e-01 1.0 5.75e+06 1.0 0.0e+00 0.0e+00 0.0e+00  1  0  0  0  0   1  0  0  0  0    15
PCGAMGCoarse_AGG       3 1.0 1.2521e-01 1.0 2.84e+07 1.0 0.0e+00 0.0e+00 0.0e+00  0  1  0  0  0   0  1  0  0  0   227
PCGAMGProl_AGG         3 1.0 1.5293e-02 1.0 0.00e+00 0.0 0.0e+00 0.0e+00 0.0e+00  0  0  0  0  0   0  0  0  0  0     0
PCGAMGPOpt_AGG         3 1.0 1.7728e-01 1.0 1.58e+08 1.0 0.0e+00 0.0e+00 0.0e+00  1  6  0  0  0   1  6  0  0  0   893
GAMG: createProl       3 1.0 6.9550e-01 1.0 1.93e+08 1.0 0.0e+00 0.0e+00 0.0e+00  3  7  0  0  0   3  7  0  0  0   277
  Graph                6 1.0 3.7751e-01 1.0 5.75e+06 1.0 0.0e+00 0.0e+00 0.0e+00  1  0  0  0  0   1  0  0  0  0    15
  MIS/Agg              3 1.0 2.0838e-03 1.0 0.00e+00 0.0 0.0e+00 0.0e+00 0.0e+00  0  0  0  0  0   0  0  0  0  0     0
  SA: col data         3 1.0 8.2731e-05 1.0 0.00e+00 0.0 0.0e+00 0.0e+00 0.0e+00  0  0  0  0  0   0  0  0  0  0     0
  SA: frmProl0         3 1.0 1.4770e-02 1.0 0.00e+00 0.0 0.0e+00 0.0e+00 0.0e+00  0  0  0  0  0   0  0  0  0  0     0
  SA: smooth           3 1.0 9.4520e-02 1.0 3.37e+07 1.0 0.0e+00 0.0e+00 0.0e+00  0  1  0  0  0   0  1  0  0  0   356
GAMG: partLevel        3 1.0 2.6628e-01 1.0 1.51e+08 1.0 0.0e+00 0.0e+00 0.0e+00  1  6  0  0  0   1  6  0  0  0   569
PCSetUp                2 1.0 1.0059e+00 1.0 3.46e+08 1.0 0.0e+00 0.0e+00 0.0e+00  4 13  0  0  0   4 13  0  0  0   344
PCSetUpOnBlocks       15 1.0 1.4520e-04 1.0 1.09e+03 1.0 0.0e+00 0.0e+00 0.0e+00  0  0  0  0  0   0  0  0  0  0     7
PCApply               15 1.0 8.9444e+00 1.0 2.14e+09 1.0 0.0e+00 0.0e+00 0.0e+00 35 78  0  0  0  35 78  0  0  0   240
------------------------------------------------------------------------------------------------------------------------

Memory usage is given in bytes:

Object Type          Creations   Destructions     Memory  Descendants' Mem.
Reports information only for process 0.

--- Event Stage 0: Main Stage

           Container    20             20        11520     0.
    Distributed Mesh    75             75       386232     0.
            DM Label   107            107        67624     0.
    GraphPartitioner    24             24        16128     0.
          Quadrature   228            228       134976     0.
           Index Set   500            500      5340648     0.
   IS L to G Mapping     2              2       450832     0.
             Section   132            132        95040     0.
   Star Forest Graph   152            152       137672     0.
     Discrete System    97             97        90024     0.
              Matrix    48             48     81752664     0.
  Matrix FD Coloring     1              1    110617392     0.
     Matrix Coloring     1              1          648     0.
      Matrix Coarsen     3              3         1908     0.
         Vec Scatter     1              1          776     0.
              Vector   207            207    268795224     0.
        Linear Space     3              3         2040     0.
          Dual Space    12             12         9312     0.
            FE Space     3              3         2316     0.
                SNES     2              2         2804     0.
              DMSNES     2              2         1344     0.
      SNESLineSearch     1              1         1000     0.
       Krylov Solver    17             17       227936     0.
     DMKSP interface     1              1          656     0.
      Preconditioner    12             12        12412     0.
       Field over DM     1              1          704     0.
         PetscRandom     6              6         3876     0.
              Viewer     1              0            0     0.
========================================================================================================================
Average time to get PetscTime(): 0.
#PETSc Option Table entries:
-boundary mms
-degree 2
-E 1e6
-forcing mms
-log_view
-mesh ./meshes/cylinder8_31280e_4ss_us.exo
-nu .3
#End of PETSc Option Table entries
Compiled without FORTRAN kernels
Compiled with full precision matrices (default)
sizeof(short) 2 sizeof(int) 4 sizeof(long) 8 sizeof(void*) 8 sizeof(PetscScalar) 8 sizeof(PetscInt) 4
Configure options: --with-cc=gcc --with-cxx=g++ --with-fc=gfortran --with-valgrind-dir=/curc/sw/valgrind/3.11.0 --download-make --download-cmake --download-mpich --download-fblaslapack --download-parmetis --download-metis --download-zlib --download-hdf5 --download-netcdf --download-pnetcdf --download-exodusii COPTFLAGS="-O3 -march=native" FOPTFLAGS="-O3 -march=native" CXXOPTFLAGS="-O3 -march=native" --with-debugging=0 --with-shared-libraries=1 --prefix=/projects/arme5062/software/petsc/local
-----------------------------------------
Libraries compiled on 2020-03-04 05:38:54 on shas0137 
Machine characteristics: Linux-3.10.0-957.21.3.el7.x86_64-x86_64-with-redhat-7.4-Maipo
Using PETSc directory: /projects/arme5062/software/petsc/local
Using PETSc arch: 
-----------------------------------------

Using C compiler: /projects/arme5062/software/petsc/local/bin/mpicc  -Wall -Wwrite-strings -Wno-strict-aliasing -Wno-unknown-pragmas -fstack-protector -fvisibility=hidden -O3 -march=native  
Using Fortran compiler: /projects/arme5062/software/petsc/local/bin/mpif90  -Wall -ffree-line-length-0 -Wno-unused-dummy-argument -O3 -march=native   
-----------------------------------------

Using include paths: -I/projects/arme5062/software/petsc/local/include -I/curc/sw/valgrind/3.11.0/include
-----------------------------------------

Using C linker: /projects/arme5062/software/petsc/local/bin/mpicc
Using Fortran linker: /projects/arme5062/software/petsc/local/bin/mpif90
Using libraries: -Wl,-rpath,/projects/arme5062/software/petsc/local/lib -L/projects/arme5062/software/petsc/local/lib -lpetsc -Wl,-rpath,/projects/arme5062/software/petsc/local/lib -L/projects/arme5062/software/petsc/local/lib -Wl,-rpath,/usr/lib/gcc/x86_64-redhat-linux/4.8.5 -L/usr/lib/gcc/x86_64-redhat-linux/4.8.5 -lflapack -lfblas -lpthread -lexodus -lnetcdf -lpnetcdf -lhdf5hl_fortran -lhdf5_fortran -lhdf5_hl -lhdf5 -lparmetis -lmetis -lm -lz -lX11 -lstdc++ -ldl -lmpifort -lmpi -lgfortran -lm -lgfortran -lm -lgcc_s -lquadmath -lstdc++ -ldl
-----------------------------------------

