
-- Elastisticy Example - libCEED + PETSc --
  libCEED:
    libCEED Backend                    : /cpu/self/xsmm/blocked
  Problem:
    Problem Name                       : Linear elasticity
    Forcing Function                   : Manufactured solution
    Boundary Condition                 : Manufactured solution
  Mesh:
    File                               : ./meshes/cylinder8_31280e_4ss_us.exo
    Number of 1D Basis Nodes (p)       : 5
    Number of 1D Quadrature Points (q) : 5
    Global nodes                       : 1898424
    Owned nodes                        : 472056
    DoF per node                       : 3
  Multigrid:
    Type                               : P-multigrid, logarithmic coarsening
    Number of Levels                   : 3
    Level 0 (coarse):
      Number of 1D Basis Nodes (p)     : 2
      Global Nodes                     : 24852
      Owned Nodes                      : 6021
    Level 2 (fine):
      Number of 1D Basis Nodes (p)     : 5
      Global Nodes                     : 1898424
      Owned Nodes                      : 472056
  SNES:
    SNES Type                          : newtonls
    SNES Convergence                   : CONVERGED_FNORM_RELATIVE
    Total SNES Iterations              : 1
    Final rnorm                        : 7.664840e-04
  Linear Solver:
    KSP Type                           : cg
  P-Multigrid:
    PCMG Type                          : MULTIPLICATIVE
    PCMG Cycle Type                    : v
    Coarse Solve:
      KSP Type                         : preonly
      PC Type                          : gamg
  Performance:
    SNES Solve Time                    : 26.9364 (26.9364) sec
    L2 Error                           : 0.000000
************************************************************************************************************************
***             WIDEN YOUR WINDOW TO 120 CHARACTERS.  Use 'enscript -r -fCourier9' to print this document            ***
************************************************************************************************************************

---------------------------------------------- PETSc Performance Summary: ----------------------------------------------

./elasticity on a  named shas0240.rc.int.colorado.edu with 4 processors, by arme5062 Thu Mar  5 17:37:29 2020
Using Petsc Development GIT revision: v3.12.4-787-gcc5957f  GIT Date: 2020-02-26 21:52:32 -0500

                         Max       Max/Min     Avg       Total 
Time (sec):           3.442e+01     1.000   3.442e+01
Objects:              2.766e+03     1.021   2.738e+03
Flop:                 3.656e+09     1.025   3.606e+09  1.442e+10
Flop/sec:             1.062e+08     1.025   1.048e+08  4.191e+08
MPI Messages:         2.128e+03     2.087   1.593e+03  6.372e+03
MPI Message Lengths:  6.981e+07     2.215   3.084e+04  1.965e+08
MPI Reductions:       1.149e+03     1.000

Flop counting convention: 1 flop = 1 real number operation of type (multiply/divide/add/subtract)
                            e.g., VecAXPY() for real vectors of length N --> 2N flop
                            and VecAXPY() for complex vectors of length N --> 8N flop

Summary of Stages:   ----- Time ------  ----- Flop ------  --- Messages ---  -- Message Lengths --  -- Reductions --
                        Avg     %Total     Avg     %Total    Count   %Total     Avg         %Total    Count   %Total 
 0:      Main Stage: 3.4415e+01 100.0%  1.4424e+10 100.0%  6.372e+03 100.0%  3.084e+04      100.0%  1.142e+03  99.4% 

------------------------------------------------------------------------------------------------------------------------
See the 'Profiling' chapter of the users' manual for details on interpreting output.
Phase summary info:
   Count: number of times phase was executed
   Time and Flop: Max - maximum over all processors
                  Ratio - ratio of maximum to minimum over all processors
   Mess: number of messages sent
   AvgLen: average message length (bytes)
   Reduct: number of global reductions
   Global: entire computation
   Stage: stages of a computation. Set stages with PetscLogStagePush() and PetscLogStagePop().
      %T - percent time in this phase         %F - percent flop in this phase
      %M - percent messages in this phase     %L - percent message lengths in this phase
      %R - percent reductions in this phase
   Total Mflop/s: 10e-6 * (sum of flop over all processors)/(max time over all processors)
------------------------------------------------------------------------------------------------------------------------
Event                Count      Time (sec)     Flop                              --- Global ---  --- Stage ----  Total
                   Max Ratio  Max     Ratio   Max  Ratio  Mess   AvgLen  Reduct  %T %F %M %L %R  %T %F %M %L %R Mflop/s
------------------------------------------------------------------------------------------------------------------------

--- Event Stage 0: Main Stage

PetscBarrier           2 1.0 1.9948e-02 1.1 0.00e+00 0.0 0.0e+00 0.0e+00 2.0e+00  0  0  0  0  0   0  0  0  0  0     0
BuildTwoSided         49 1.0 1.6101e-02 3.3 0.00e+00 0.0 1.0e+02 4.0e+00 0.0e+00  0  0  2  0  0   0  0  2  0  0     0
BuildTwoSidedF        57 1.0 1.9115e-02 7.7 0.00e+00 0.0 5.4e+01 3.4e+04 0.0e+00  0  0  1  1  0   0  0  1  1  0     0
DMCreateMat            1 1.0 5.8924e-01 1.0 0.00e+00 0.0 6.0e+01 8.0e+04 1.3e+01  2  0  1  2  1   2  0  1  2  1     0
DMPlexCrFromFile       1 1.0 3.9624e-01 1.2 0.00e+00 0.0 0.0e+00 0.0e+00 5.0e+00  1  0  0  0  0   1  0  0  0  0     0
Mesh Partition         1 1.0 1.5013e-01 1.7 0.00e+00 0.0 1.2e+01 3.0e+05 9.0e+00  0  0  0  2  1   0  0  0  2  1     0
Mesh Migration         1 1.0 5.7330e-02 1.0 0.00e+00 0.0 8.2e+01 2.2e+05 2.4e+01  0  0  1  9  2   0  0  1  9  2     0
DMPlexPartSelf         1 1.0 4.8011e-022013.7 0.00e+00 0.0 0.0e+00 0.0e+00 0.0e+00  0  0  0  0  0   0  0  0  0  0     0
DMPlexPartLblInv       1 1.0 5.4140e-02 9.5 0.00e+00 0.0 0.0e+00 0.0e+00 3.0e+00  0  0  0  1  0   0  0  0  1  0     0
DMPlexPartLblSF        1 1.0 9.1059e-03 1.1 0.00e+00 0.0 4.5e+00 1.9e+05 0.0e+00  0  0  0  0  0   0  0  0  0  0     0
DMPlexPartStrtSF       1 1.0 1.2960e-03 1.2 0.00e+00 0.0 3.0e+00 2.8e+05 0.0e+00  0  0  0  0  0   0  0  0  0  0     0
DMPlexPointSF          1 1.0 1.6837e-02 1.0 0.00e+00 0.0 6.0e+00 7.0e+05 0.0e+00  0  0  0  2  0   0  0  0  2  0     0
DMPlexInterp          17 1.0 2.7170e-01 1.0 0.00e+00 0.0 0.0e+00 0.0e+00 2.2e+01  1  0  0  0  2   1  0  0  0  2     0
DMPlexDistribute       1 1.0 2.2449e-01 1.4 0.00e+00 0.0 1.0e+02 2.6e+05 3.3e+01  1  0  2 13  3   1  0  2 13  3     0
DMPlexDistCones        1 1.0 1.5140e-02 1.0 0.00e+00 0.0 1.6e+01 5.4e+05 1.0e+00  0  0  0  5  0   0  0  0  5  0     0
DMPlexDistLabels       1 1.0 1.4442e-02 1.0 0.00e+00 0.0 4.0e+01 1.3e+05 2.1e+01  0  0  1  3  2   0  0  1  3  2     0
DMPlexDistField        1 1.0 2.0993e-02 1.0 0.00e+00 0.0 2.0e+01 1.2e+05 1.0e+00  0  0  0  1  0   0  0  0  1  0     0
DMPlexStratify        32 1.0 2.9430e-0120.0 0.00e+00 0.0 0.0e+00 0.0e+00 3.2e+01  1  0  0  0  3   1  0  0  0  3     0
DMPlexSymmetrize      32 1.0 2.8708e-02 8.4 0.00e+00 0.0 0.0e+00 0.0e+00 0.0e+00  0  0  0  0  0   0  0  0  0  0     0
DMPlexPrealloc         1 1.0 5.8590e-01 1.0 0.00e+00 0.0 6.0e+01 8.0e+04 1.1e+01  2  0  1  2  1   2  0  1  2  1     0
SFSetGraph            52 1.0 9.4151e-04 1.2 0.00e+00 0.0 0.0e+00 0.0e+00 0.0e+00  0  0  0  0  0   0  0  0  0  0     0
SFSetUp               49 1.0 6.4435e-02 1.1 0.00e+00 0.0 3.1e+02 2.2e+04 0.0e+00  0  0  5  3  0   0  0  5  3  0     0
SFBcastOpBegin       902 1.0 4.4573e-01 1.1 0.00e+00 0.0 4.1e+03 2.5e+04 0.0e+00  1  0 64 51  0   1  0 64 51  0     0
SFBcastOpEnd         902 1.0 9.6099e-01 1.6 0.00e+00 0.0 0.0e+00 0.0e+00 0.0e+00  2  0  0  0  0   2  0  0  0  0     0
SFReduceBegin        530 1.0 5.2228e-01 1.1 0.00e+00 0.0 1.7e+03 4.9e+04 0.0e+00  1  0 27 42  0   1  0 27 42  0     0
SFReduceEnd          528 1.0 1.3416e+00 2.3 0.00e+00 0.0 0.0e+00 0.0e+00 0.0e+00  3  0  0  0  0   3  0  0  0  0     0
SFFetchOpBegin         2 1.0 4.6015e-05 8.0 0.00e+00 0.0 6.0e+00 9.0e+04 0.0e+00  0  0  0  0  0   0  0  0  0  0     0
SFFetchOpEnd           2 1.0 1.1241e-0258.5 0.00e+00 0.0 6.0e+00 9.0e+04 0.0e+00  0  0  0  0  0   0  0  0  0  0     0
SFCreateEmbed          3 1.0 3.0814e-0224.3 0.00e+00 0.0 9.0e+00 9.7e+04 0.0e+00  0  0  0  0  0   0  0  0  0  0     0
SFDistSection         11 1.0 4.1432e-02 1.5 0.00e+00 0.0 8.6e+01 9.6e+04 1.1e+01  0  0  1  4  1   0  0  1  4  1     0
SFSectionSF           13 1.0 2.0963e-02 1.5 0.00e+00 0.0 5.8e+01 6.0e+04 0.0e+00  0  0  1  2  0   0  0  1  2  0     0
SFRemoteOff            2 1.0 2.2673e-0226.6 0.00e+00 0.0 1.2e+01 5.4e+03 0.0e+00  0  0  0  0  0   0  0  0  0  0     0
MatMult              593 1.0 1.5342e+01 1.0 2.96e+08 1.1 3.8e+03 3.8e+04 0.0e+00 45  8 59 72  0  45  8 59 72  0    73
MatMultAdd            95 1.0 6.9049e-01 1.0 1.04e+08 1.0 5.1e+02 2.1e+04 0.0e+00  2  3  8  5  0   2  3  8  5  0   593
MatMultTranspose      98 1.0 5.6916e-01 1.1 4.57e+07 1.0 5.3e+02 2.2e+04 0.0e+00  2  1  8  6  0   2  1  8  6  0   318
MatSolve              19 0.0 7.3433e-05 0.0 1.13e+04 0.0 0.0e+00 0.0e+00 0.0e+00  0  0  0  0  0   0  0  0  0  0   154
MatSOR               261 1.0 2.9490e-01 1.1 2.32e+08 1.1 0.0e+00 0.0e+00 0.0e+00  1  6  0  0  0   1  6  0  0  0  2984
MatLUFactorSym         1 1.0 3.0041e-05 1.2 0.00e+00 0.0 0.0e+00 0.0e+00 0.0e+00  0  0  0  0  0   0  0  0  0  0     0
MatLUFactorNum         1 1.0 1.3828e-05 1.5 3.21e+03 0.0 0.0e+00 0.0e+00 0.0e+00  0  0  0  0  0   0  0  0  0  0   232
MatScale               9 1.0 7.9322e-04 1.1 7.24e+05 1.1 2.0e+01 7.8e+02 0.0e+00  0  0  0  0  0   0  0  0  0  0  3473
MatResidual           95 1.0 2.1234e+00 1.0 8.29e+07 1.1 6.1e+02 3.0e+04 0.0e+00  6  2 10  9  0   6  2 10  9  0   150
MatAssemblyBegin      74 1.0 1.9989e-02 4.6 0.00e+00 0.0 5.4e+01 3.4e+04 0.0e+00  0  0  1  1  0   0  0  1  1  0     0
MatAssemblyEnd        74 1.0 2.3433e-02 1.0 2.90e+04 2.3 1.6e+02 3.5e+02 7.6e+01  0  0  2  0  7   0  0  2  0  7     3
MatGetRowIJ            2 2.0 7.4213e-03 1.2 0.00e+00 0.0 0.0e+00 0.0e+00 0.0e+00  0  0  0  0  0   0  0  0  0  0     0
MatCreateSubMat        2 1.0 4.7994e-04 1.0 0.00e+00 0.0 2.0e+01 2.1e+02 2.4e+01  0  0  0  0  2   0  0  0  0  2     0
MatGetOrdering         1 0.0 4.6015e-05 0.0 0.00e+00 0.0 0.0e+00 0.0e+00 0.0e+00  0  0  0  0  0   0  0  0  0  0     0
MatCoarsen             3 1.0 8.5568e-04 1.0 0.00e+00 0.0 1.0e+02 7.0e+02 5.0e+00  0  0  2  0  0   0  0  2  0  0     0
MatZeroEntries         4 1.0 8.1086e-04 1.1 0.00e+00 0.0 0.0e+00 0.0e+00 0.0e+00  0  0  0  0  0   0  0  0  0  0     0
MatAXPY                3 1.0 3.1080e-03 1.1 6.09e+04 1.1 0.0e+00 0.0e+00 0.0e+00  0  0  0  0  0   0  0  0  0  0    74
MatFDColorCreate       1 1.0 9.3937e-05 1.3 0.00e+00 0.0 0.0e+00 0.0e+00 2.0e+00  0  0  0  0  0   0  0  0  0  0     0
MatFDColorSetUp        1 1.0 5.5123e-02 1.0 0.00e+00 0.0 0.0e+00 0.0e+00 4.3e+02  0  0  0  0 38   0  0  0  0 38     0
MatFDColorApply        1 1.0 3.1504e+00 1.0 4.24e+06 1.1 6.5e+02 6.4e+03 2.0e+00  9  0 10  2  0   9  0 10  2  0     5
MatFDColorFunc       108 1.0 3.1343e+00 1.0 0.00e+00 0.0 6.5e+02 6.4e+03 2.0e+00  9  0 10  2  0   9  0 10  2  0     0
MatTranspose           6 1.0 4.4191e-03 1.3 0.00e+00 0.0 0.0e+00 0.0e+00 0.0e+00  0  0  0  0  0   0  0  0  0  0     0
MatMatMult             3 1.0 3.4695e-02 1.0 8.24e+06 1.1 1.1e+02 3.5e+03 2.4e+01  0  0  2  0  2   0  0  2  0  2   895
MatMatMultSym          3 1.0 2.5762e-02 1.0 0.00e+00 0.0 8.7e+01 2.7e+03 2.4e+01  0  0  1  0  2   0  0  1  0  2     0
MatMatMultNum          3 1.0 8.9140e-03 1.0 8.24e+06 1.1 2.0e+01 7.0e+03 0.0e+00  0  0  0  0  0   0  0  0  0  0  3484
MatPtAP                3 1.0 1.0197e-01 1.0 3.96e+07 1.1 1.7e+02 8.3e+03 3.3e+01  0  1  3  1  3   0  1  3  1  3  1484
MatPtAPSymbolic        3 1.0 7.3176e-02 1.0 0.00e+00 0.0 1.1e+02 8.7e+03 2.1e+01  0  0  2  1  2   0  0  2  1  2     0
MatPtAPNumeric         3 1.0 2.8778e-02 1.0 3.96e+07 1.1 5.7e+01 7.5e+03 1.2e+01  0  1  1  0  1   0  1  1  0  1  5258
MatTrnMatMult          1 1.0 6.2602e-02 1.0 7.59e+06 1.1 3.6e+01 4.6e+04 1.1e+01  0  0  1  1  1   0  0  1  1  1   456
MatTrnMatMultSym       1 1.0 3.6209e-02 1.0 0.00e+00 0.0 1.8e+01 1.9e+04 7.0e+00  0  0  0  0  1   0  0  0  0  1     0
MatTrnMatMultNum       1 1.0 2.6378e-02 1.0 7.59e+06 1.1 1.8e+01 7.4e+04 4.0e+00  0  0  0  1  0   0  0  0  1  0  1081
MatGetLocalMat        10 1.0 3.0699e-03 1.1 0.00e+00 0.0 0.0e+00 0.0e+00 0.0e+00  0  0  0  0  0   0  0  0  0  0     0
MatGetBrAoCol          9 1.0 1.0357e-03 1.2 0.00e+00 0.0 1.4e+02 8.9e+03 0.0e+00  0  0  2  1  0   0  0  2  1  0     0
MatColoringApply       1 1.0 1.0834e-01 1.0 0.00e+00 0.0 3.0e+00 4.0e+00 3.0e+00  0  0  0  0  0   0  0  0  0  0     0
VecDot                 1 1.0 4.1640e-03 1.1 2.89e+06 1.0 0.0e+00 0.0e+00 1.0e+00  0  0  0  0  0   0  0  0  0  0  2735
VecMDot               80 1.0 1.0602e-01 1.2 1.82e+08 1.0 0.0e+00 0.0e+00 8.0e+01  0  5  0  0  7   0  5  0  0  7  6767
VecTDot               37 1.0 1.6393e-01 1.4 1.07e+08 1.0 0.0e+00 0.0e+00 3.7e+01  0  3  0  0  3   0  3  0  0  3  2571
VecNorm               92 1.0 1.3784e-01 2.8 4.80e+07 1.0 0.0e+00 0.0e+00 9.2e+01  0  1  0  0  8   0  1  0  0  8  1372
VecScale             437 1.0 2.0339e-02 1.0 1.82e+07 1.0 0.0e+00 0.0e+00 0.0e+00  0  0  0  0  0   0  0  0  0  0  3528
VecCopy              330 1.0 6.6885e-02 1.0 0.00e+00 0.0 0.0e+00 0.0e+00 0.0e+00  0  0  0  0  0   0  0  0  0  0     0
VecSet              1769 1.0 1.3130e+00 1.1 0.00e+00 0.0 0.0e+00 0.0e+00 0.0e+00  4  0  0  0  0   4  0  0  0  0     0
VecAXPY              192 1.0 1.9216e-01 1.1 1.79e+08 1.0 0.0e+00 0.0e+00 0.0e+00  1  5  0  0  0   1  5  0  0  0  3664
VecAYPX              663 1.0 5.8117e-01 1.1 3.59e+08 1.0 0.0e+00 0.0e+00 0.0e+00  2 10  0  0  0   2 10  0  0  0  2435
VecAXPBYCZ           266 1.0 3.5124e-01 1.0 6.18e+08 1.0 0.0e+00 0.0e+00 0.0e+00  1 17  0  0  0   1 17  0  0  0  6932
VecWAXPY               2 1.0 8.0659e-03 1.0 2.89e+06 1.0 0.0e+00 0.0e+00 0.0e+00  0  0  0  0  0   0  0  0  0  0  1412
VecMAXPY              88 1.0 1.1959e-01 1.0 2.15e+08 1.0 0.0e+00 0.0e+00 0.0e+00  0  6  0  0  0   0  6  0  0  0  7090
VecAssemblyBegin      35 1.0 5.3096e-04 1.3 0.00e+00 0.0 0.0e+00 0.0e+00 0.0e+00  0  0  0  0  0   0  0  0  0  0     0
VecAssemblyEnd        35 1.0 3.3617e-05 1.1 0.00e+00 0.0 0.0e+00 0.0e+00 0.0e+00  0  0  0  0  0   0  0  0  0  0     0
VecPointwiseMult     363 1.0 7.2747e-01 1.0 2.74e+08 1.0 0.0e+00 0.0e+00 0.0e+00  2  8  0  0  0   2  8  0  0  0  1492
VecScatterBegin      441 1.0 2.4168e-03 1.9 0.00e+00 0.0 2.7e+03 1.9e+03 0.0e+00  0  0 43  3  0   0  0 43  3  0     0
VecScatterEnd        441 1.0 2.1400e-0210.3 0.00e+00 0.0 0.0e+00 0.0e+00 0.0e+00  0  0  0  0  0   0  0  0  0  0     0
VecSetRandom           3 1.0 5.7793e-04 1.1 0.00e+00 0.0 0.0e+00 0.0e+00 0.0e+00  0  0  0  0  0   0  0  0  0  0     0
VecReduceArith         2 1.0 5.9650e-03 1.1 5.77e+06 1.0 0.0e+00 0.0e+00 0.0e+00  0  0  0  0  0   0  0  0  0  0  3819
VecReduceComm          1 1.0 7.3409e-0481.0 0.00e+00 0.0 0.0e+00 0.0e+00 1.0e+00  0  0  0  0  0   0  0  0  0  0     0
VecNormalize          88 1.0 8.7002e-02 1.5 5.47e+07 1.0 0.0e+00 0.0e+00 8.8e+01  0  1  0  0  8   0  1  0  0  8  2474
SNESSolve              1 1.0 2.6933e+01 1.0 2.71e+09 1.0 6.0e+03 2.7e+04 9.9e+02 78 74 95 83 86  78 74 95 83 87   395
SNESSetUp              1 1.0 1.7881e-05 1.4 0.00e+00 0.0 0.0e+00 0.0e+00 0.0e+00  0  0  0  0  0   0  0  0  0  0     0
SNESFunctionEval     110 1.0 5.1692e+00 1.0 1.57e+08 1.2 6.6e+02 8.5e+03 1.7e+01 15  4 10  3  1  15  4 10  3  1   112
SNESJacobianEval       1 1.0 3.3130e+00 1.0 4.24e+06 1.1 6.6e+02 6.4e+03 4.4e+02 10  0 10  2 38  10  0 10  2 38     5
SNESLineSearch         1 1.0 1.0934e+00 1.0 9.70e+07 1.1 1.2e+01 1.2e+05 4.0e+00  3  3  0  1  0   3  3  0  1  0   333
KSPSetUp              17 1.0 4.4187e-02 1.0 0.00e+00 0.0 0.0e+00 0.0e+00 1.0e+01  0  0  0  0  1   0  0  0  0  1     0
KSPSolve               1 1.0 2.1477e+01 1.0 2.55e+09 1.0 5.4e+03 2.9e+04 5.3e+02 62 69 84 80 46  62 69 84 80 46   463
KSPGMRESOrthog        80 1.0 2.0464e-01 1.1 3.65e+08 1.0 0.0e+00 0.0e+00 8.0e+01  1 10  0  0  7   1 10  0  0  7  7012
PCGAMGGraph_AGG        3 1.0 1.2789e-01 1.0 1.53e+06 1.1 8.0e+01 3.9e+02 4.8e+01  0  0  1  0  4   0  0  1  0  4    45
PCGAMGCoarse_AGG       3 1.0 6.5204e-02 1.0 7.59e+06 1.1 1.7e+02 1.1e+04 2.0e+01  0  0  3  1  2   0  0  3  1  2   437
PCGAMGProl_AGG         3 1.0 8.4913e-03 1.0 0.00e+00 0.0 2.4e+02 1.6e+03 8.4e+01  0  0  4  0  7   0  0  4  0  7     0
PCGAMGPOpt_AGG         3 1.0 6.7779e-02 1.0 4.18e+07 1.1 3.1e+02 2.7e+03 1.1e+02  0  1  5  0 10   0  1  5  0 10  2326
GAMG: createProl       3 1.0 2.6947e-01 1.0 5.09e+07 1.1 7.9e+02 3.9e+03 2.6e+02  1  1 12  2 23   1  1 12  2 23   712
  Graph                6 1.0 1.2775e-01 1.0 1.53e+06 1.1 8.0e+01 3.9e+02 4.8e+01  0  0  1  0  4   0  0  1  0  4    45
  MIS/Agg              3 1.0 8.8668e-04 1.0 0.00e+00 0.0 1.0e+02 7.0e+02 5.0e+00  0  0  2  0  0   0  0  2  0  0     0
  SA: col data         3 1.0 2.4850e-03 1.0 0.00e+00 0.0 2.0e+02 1.4e+03 6.0e+01  0  0  3  0  5   0  0  3  0  5     0
  SA: frmProl0         3 1.0 5.5921e-03 1.0 0.00e+00 0.0 3.6e+01 2.3e+03 1.2e+01  0  0  1  0  1   0  0  1  0  1     0
  SA: smooth           3 1.0 4.0229e-02 1.0 8.72e+06 1.1 1.1e+02 3.5e+03 3.0e+01  0  0  2  0  3   0  0  2  0  3   818
GAMG: partLevel        3 1.0 1.0280e-01 1.0 3.96e+07 1.1 2.1e+02 6.9e+03 8.1e+01  0  1  3  1  7   0  1  3  1  7  1472
  repartition          1 1.0 7.8702e-04 1.0 0.00e+00 0.0 3.6e+01 1.4e+02 4.8e+01  0  0  1  0  4   0  0  1  0  4     0
  Invert-Sort          1 1.0 5.1022e-05 1.3 0.00e+00 0.0 0.0e+00 0.0e+00 6.0e+00  0  0  0  0  1   0  0  0  0  1     0
  Move A               1 1.0 2.9397e-04 1.0 0.00e+00 0.0 1.5e+01 2.6e+02 1.3e+01  0  0  0  0  1   0  0  0  0  1     0
  Move P               1 1.0 2.6298e-04 1.0 0.00e+00 0.0 4.5e+00 3.3e+01 1.4e+01  0  0  0  0  1   0  0  0  0  1     0
PCSetUp                2 1.0 4.5933e-01 1.0 9.40e+07 1.1 1.0e+03 5.5e+03 3.8e+02  1  2 16  3 33   1  2 16  3 34   778
PCSetUpOnBlocks       19 1.0 1.4067e-04 1.3 3.21e+03 0.0 0.0e+00 0.0e+00 0.0e+00  0  0  0  0  0   0  0  0  0  0    23
PCApply               19 1.0 1.9448e+01 1.0 2.19e+09 1.0 4.2e+03 3.3e+04 1.1e+02 56 59 67 70  9  56 59 67 70 10   440
------------------------------------------------------------------------------------------------------------------------

Memory usage is given in bytes:

Object Type          Creations   Destructions     Memory  Descendants' Mem.
Reports information only for process 0.

--- Event Stage 0: Main Stage

           Container    27             27        15552     0.
    Distributed Mesh   101            101       519904     0.
            DM Label   165            165       104280     0.
    GraphPartitioner    32             32        21504     0.
          Quadrature   697            697       412624     0.
           Index Set   620            620      3479752     0.
   IS L to G Mapping     2              2      1194440     0.
             Section   202            202       145440     0.
    Section Symmetry     1              1          688     0.
   Star Forest Graph   249            249       229496     0.
     Discrete System   131            131       121580     0.
              Matrix   125            125     96070252     0.
  Matrix FD Coloring     1              1     26908968     0.
     Matrix Coloring     1              1          648     0.
      Matrix Coarsen     3              3         1908     0.
         Vec Scatter    20             20        16000     0.
              Vector   319            319    538774208     0.
        Linear Space     4              4         2720     0.
          Dual Space    16             16        12416     0.
            FE Space     4              4         3088     0.
                SNES     2              2         2804     0.
              DMSNES     2              2         1344     0.
      SNESLineSearch     1              1         1000     0.
       Krylov Solver    19             19       259920     0.
     DMKSP interface     1              1          656     0.
      Preconditioner    13             13        13284     0.
       Field over DM     1              1          704     0.
         PetscRandom     6              6         3876     0.
              Viewer     1              0            0     0.
========================================================================================================================
Average time to get PetscTime(): 0.
Average time for MPI_Barrier(): 7.62939e-07
Average time for zero size MPI_Send(): 3.51667e-06
#PETSc Option Table entries:
-boundary mms
-degree 4
-E 1e6
-forcing mms
-log_view
-mesh ./meshes/cylinder8_31280e_4ss_us.exo
-nu .3
#End of PETSc Option Table entries
Compiled without FORTRAN kernels
Compiled with full precision matrices (default)
sizeof(short) 2 sizeof(int) 4 sizeof(long) 8 sizeof(void*) 8 sizeof(PetscScalar) 8 sizeof(PetscInt) 4
Configure options: --with-cc=gcc --with-cxx=g++ --with-fc=gfortran --with-valgrind-dir=/curc/sw/valgrind/3.11.0 --download-make --download-cmake --download-mpich --download-fblaslapack --download-parmetis --download-metis --download-zlib --download-hdf5 --download-netcdf --download-pnetcdf --download-exodusii COPTFLAGS="-O3 -march=native" FOPTFLAGS="-O3 -march=native" CXXOPTFLAGS="-O3 -march=native" --with-debugging=0 --with-shared-libraries=1 --prefix=/projects/arme5062/software/petsc/local
-----------------------------------------
Libraries compiled on 2020-03-04 05:38:54 on shas0137 
Machine characteristics: Linux-3.10.0-957.21.3.el7.x86_64-x86_64-with-redhat-7.4-Maipo
Using PETSc directory: /projects/arme5062/software/petsc/local
Using PETSc arch: 
-----------------------------------------

Using C compiler: /projects/arme5062/software/petsc/local/bin/mpicc  -Wall -Wwrite-strings -Wno-strict-aliasing -Wno-unknown-pragmas -fstack-protector -fvisibility=hidden -O3 -march=native  
Using Fortran compiler: /projects/arme5062/software/petsc/local/bin/mpif90  -Wall -ffree-line-length-0 -Wno-unused-dummy-argument -O3 -march=native   
-----------------------------------------

Using include paths: -I/projects/arme5062/software/petsc/local/include -I/curc/sw/valgrind/3.11.0/include
-----------------------------------------

Using C linker: /projects/arme5062/software/petsc/local/bin/mpicc
Using Fortran linker: /projects/arme5062/software/petsc/local/bin/mpif90
Using libraries: -Wl,-rpath,/projects/arme5062/software/petsc/local/lib -L/projects/arme5062/software/petsc/local/lib -lpetsc -Wl,-rpath,/projects/arme5062/software/petsc/local/lib -L/projects/arme5062/software/petsc/local/lib -Wl,-rpath,/usr/lib/gcc/x86_64-redhat-linux/4.8.5 -L/usr/lib/gcc/x86_64-redhat-linux/4.8.5 -lflapack -lfblas -lpthread -lexodus -lnetcdf -lpnetcdf -lhdf5hl_fortran -lhdf5_fortran -lhdf5_hl -lhdf5 -lparmetis -lmetis -lm -lz -lX11 -lstdc++ -ldl -lmpifort -lmpi -lgfortran -lm -lgfortran -lm -lgcc_s -lquadmath -lstdc++ -ldl
-----------------------------------------

