
-- Elastisticy Example - libCEED + PETSc --
  libCEED:
    libCEED Backend                    : /cpu/self/xsmm/blocked
  Problem:
    Problem Name                       : Linear elasticity
    Forcing Function                   : Manufactured solution
    Boundary Condition                 : Manufactured solution
  Mesh:
    File                               : ./meshes/cylinder8_31280e_4ss_us.exo
    Number of 1D Basis Nodes (p)       : 3
    Number of 1D Quadrature Points (q) : 3
    Global nodes                       : 224420
    Owned nodes                        : 16961
    DoF per node                       : 3
  Multigrid:
    Type                               : P-multigrid, logarithmic coarsening
    Number of Levels                   : 2
    Level 0 (coarse):
      Number of 1D Basis Nodes (p)     : 2
      Global Nodes                     : 24852
      Owned Nodes                      : 1784
    Level 1 (fine):
      Number of 1D Basis Nodes (p)     : 3
      Global Nodes                     : 224420
      Owned Nodes                      : 16961
  SNES:
    SNES Type                          : newtonls
    SNES Convergence                   : CONVERGED_FNORM_RELATIVE
    Total SNES Iterations              : 1
    Final rnorm                        : 3.363686e-04
  Linear Solver:
    KSP Type                           : cg
  P-Multigrid:
    PCMG Type                          : MULTIPLICATIVE
    PCMG Cycle Type                    : v
    Coarse Solve:
      KSP Type                         : preonly
      PC Type                          : gamg
  Performance:
    SNES Solve Time                    : 1.89835 (1.89833) sec
    L2 Error                           : 7.789673e-05
************************************************************************************************************************
***             WIDEN YOUR WINDOW TO 120 CHARACTERS.  Use 'enscript -r -fCourier9' to print this document            ***
************************************************************************************************************************

---------------------------------------------- PETSc Performance Summary: ----------------------------------------------

./elasticity on a  named shas0135.rc.int.colorado.edu with 12 processors, by arme5062 Mon Mar  9 10:08:28 2020
Using Petsc Development GIT revision: v3.12.4-787-gcc5957f  GIT Date: 2020-02-26 21:52:32 -0500

                         Max       Max/Min     Avg       Total 
Time (sec):           3.761e+00     1.000   3.761e+00
Objects:              2.044e+03     1.063   1.956e+03
Flop:                 2.567e+08     1.190   2.420e+08  2.904e+09
Flop/sec:             6.824e+07     1.190   6.434e+07  7.721e+08
MPI Messages:         4.072e+03     1.765   3.208e+03  3.850e+04
MPI Message Lengths:  2.586e+07     2.708   4.097e+03  1.577e+08
MPI Reductions:       1.116e+03     1.000

Flop counting convention: 1 flop = 1 real number operation of type (multiply/divide/add/subtract)
                            e.g., VecAXPY() for real vectors of length N --> 2N flop
                            and VecAXPY() for complex vectors of length N --> 8N flop

Summary of Stages:   ----- Time ------  ----- Flop ------  --- Messages ---  -- Message Lengths --  -- Reductions --
                        Avg     %Total     Avg     %Total    Count   %Total     Avg         %Total    Count   %Total 
 0:      Main Stage: 1.5392e+00  40.9%  1.6041e+08   5.5%  1.538e+03   4.0%  2.251e+04       22.0%  1.010e+02   9.1% 
 1: Stage 1 of Code: 2.2221e+00  59.1%  2.7438e+09  94.5%  3.696e+04  96.0%  3.330e+03       78.0%  1.008e+03  90.3% 

------------------------------------------------------------------------------------------------------------------------
See the 'Profiling' chapter of the users' manual for details on interpreting output.
Phase summary info:
   Count: number of times phase was executed
   Time and Flop: Max - maximum over all processors
                  Ratio - ratio of maximum to minimum over all processors
   Mess: number of messages sent
   AvgLen: average message length (bytes)
   Reduct: number of global reductions
   Global: entire computation
   Stage: stages of a computation. Set stages with PetscLogStagePush() and PetscLogStagePop().
      %T - percent time in this phase         %F - percent flop in this phase
      %M - percent messages in this phase     %L - percent message lengths in this phase
      %R - percent reductions in this phase
   Total Mflop/s: 10e-6 * (sum of flop over all processors)/(max time over all processors)
------------------------------------------------------------------------------------------------------------------------
Event                Count      Time (sec)     Flop                              --- Global ---  --- Stage ----  Total
                   Max Ratio  Max     Ratio   Max  Ratio  Mess   AvgLen  Reduct  %T %F %M %L %R  %T %F %M %L %R Mflop/s
------------------------------------------------------------------------------------------------------------------------

--- Event Stage 0: Main Stage

BuildTwoSided         17 1.0 2.5203e-03 3.9 0.00e+00 0.0 1.9e+02 4.0e+00 0.0e+00  0  0  0  0  0   0  0 12  0  0     0
DMPlexCrFromFile       1 1.0 6.9622e-01 1.1 0.00e+00 0.0 0.0e+00 0.0e+00 5.0e+00 16  0  0  0  0  40  0  0  0  5     0
Mesh Partition         1 1.0 1.5967e-01 2.1 0.00e+00 0.0 4.4e+01 9.9e+04 9.0e+00  4  0  0  3  1  10  0  3 13  9     0
Mesh Migration         1 1.0 4.4460e-02 1.0 0.00e+00 0.0 3.0e+02 7.6e+04 2.4e+01  1  0  1 15  2   3  0 20 67 24     0
DMPlexPartSelf         1 1.0 4.2346e-027104.5 0.00e+00 0.0 0.0e+00 0.0e+00 0.0e+00  0  0  0  0  0   0  0  0  0  0     0
DMPlexPartLblInv       1 1.0 4.4724e-0220.4 0.00e+00 0.0 0.0e+00 0.0e+00 3.0e+00  1  0  0  1  0   3  0  0  3  3     0
DMPlexPartLblSF        1 1.0 3.2091e-03 1.2 0.00e+00 0.0 1.6e+01 6.5e+04 0.0e+00  0  0  0  1  0   0  0  1  3  0     0
DMPlexPartStrtSF       1 1.0 7.7105e-04 1.1 0.00e+00 0.0 1.1e+01 9.7e+04 0.0e+00  0  0  0  1  0   0  0  1  3  0     0
DMPlexPointSF          1 1.0 1.5306e-02 1.0 0.00e+00 0.0 2.2e+01 2.4e+05 0.0e+00  0  0  0  3  0   1  0  1 15  0     0
DMPlexInterp           9 1.0 3.3039e-01 1.0 0.00e+00 0.0 0.0e+00 0.0e+00 1.2e+01  9  0  0  0  1  21  0  0  0 12     0
DMPlexDistribute       1 1.0 2.1942e-01 1.6 0.00e+00 0.0 3.7e+02 8.9e+04 3.3e+01  6  0  1 21  3  14  0 24 95 33     0
DMPlexDistCones        1 1.0 1.0169e-02 1.0 0.00e+00 0.0 6.0e+01 1.9e+05 1.0e+00  0  0  0  7  0   1  0  4 33  1     0
DMPlexDistLabels       1 1.0 1.0254e-02 1.0 0.00e+00 0.0 1.5e+02 4.6e+04 2.1e+01  0  0  0  4  2   1  0 10 20 21     0
DMPlexDistField        1 1.0 2.0766e-02 1.0 0.00e+00 0.0 7.2e+01 4.1e+04 1.0e+00  1  0  0  2  0   1  0  5  8  1     0
DMPlexStratify        18 1.0 3.0323e-0123.9 0.00e+00 0.0 0.0e+00 0.0e+00 1.8e+01  7  0  0  0  2  18  0  0  0 18     0
DMPlexSymmetrize      18 1.0 2.5299e-0222.3 0.00e+00 0.0 0.0e+00 0.0e+00 0.0e+00  0  0  0  0  0   0  0  0  0  0     0
SFSetGraph            18 1.0 1.5211e-04 2.5 0.00e+00 0.0 0.0e+00 0.0e+00 0.0e+00  0  0  0  0  0   0  0  0  0  0     0
SFSetUp               17 1.0 1.0247e-02 1.8 0.00e+00 0.0 5.7e+02 1.1e+04 0.0e+00  0  0  1  4  0   0  0 37 18  0     0
SFBcastOpBegin        38 1.0 6.7835e-0352.4 0.00e+00 0.0 7.4e+02 3.0e+04 0.0e+00  0  0  2 14  0   0  0 48 64  0     0
SFBcastOpEnd          38 1.0 4.2664e-0217.6 0.00e+00 0.0 0.0e+00 0.0e+00 0.0e+00  1  0  0  0  0   3  0  0  0  0     0
SFReduceBegin          7 1.0 5.9724e-04 1.3 0.00e+00 0.0 1.9e+02 2.0e+04 0.0e+00  0  0  0  2  0   0  0 12 11  0     0
SFReduceEnd            6 1.0 1.2353e-02 8.2 0.00e+00 0.0 0.0e+00 0.0e+00 0.0e+00  0  0  0  0  0   0  0  0  0  0     0
SFFetchOpBegin         1 1.0 4.0531e-06 4.2 0.00e+00 0.0 3.0e+01 1.8e+03 0.0e+00  0  0  0  0  0   0  0  2  0  0     0
SFFetchOpEnd           1 1.0 8.3923e-05 3.4 0.00e+00 0.0 3.0e+01 1.8e+03 0.0e+00  0  0  0  0  0   0  0  2  0  0     0
SFCreateEmbed          1 1.0 1.9350e-0234.2 0.00e+00 0.0 1.1e+01 9.7e+04 0.0e+00  0  0  0  1  0   0  0  1  3  0     0
SFDistSection          9 1.0 2.7109e-02 1.1 0.00e+00 0.0 4.6e+02 2.3e+04 9.0e+00  1  0  1  7  1   2  0 30 31  9     0
SFSectionSF            9 1.0 6.9871e-03 1.7 0.00e+00 0.0 2.6e+02 1.4e+04 0.0e+00  0  0  1  2  0   0  0 17 11  0     0
VecNorm                1 1.0 1.9884e-04 1.7 1.17e+05 1.1 0.0e+00 0.0e+00 1.0e+00  0  0  0  0  0   0  1  0  0  1  6772
VecSet                24 1.0 1.3814e-03 1.3 0.00e+00 0.0 0.0e+00 0.0e+00 0.0e+00  0  0  0  0  0   0  0  0  0  0     0
VecWAXPY               1 1.0 1.8597e-04 1.3 5.84e+04 1.1 0.0e+00 0.0e+00 0.0e+00  0  0  0  0  0   0  0  0  0  0  3620

--- Event Stage 1: Stage 1 of Code

PetscBarrier           2 1.0 2.9508e-02 1.1 0.00e+00 0.0 0.0e+00 0.0e+00 2.0e+00  1  0  0  0  0   1  0  0  0  0     0
BuildTwoSided         31 1.0 4.7727e-03 3.7 0.00e+00 0.0 5.8e+02 4.0e+00 0.0e+00  0  0  1  0  0   0  0  2  0  0     0
BuildTwoSidedF        59 1.0 2.2735e-02 7.2 0.00e+00 0.0 4.1e+02 1.4e+04 0.0e+00  0  0  1  4  0   1  0  1  5  0     0
DMCreateMat            1 1.0 1.9997e-01 1.0 0.00e+00 0.0 6.0e+02 2.4e+04 1.3e+01  5  0  2  9  1   9  0  2 12  1     0
DMPlexInterp           4 1.0 3.1090e-04 1.0 0.00e+00 0.0 0.0e+00 0.0e+00 5.0e+00  0  0  0  0  0   0  0  0  0  0     0
DMPlexStratify         7 1.0 1.8382e-04 1.1 0.00e+00 0.0 0.0e+00 0.0e+00 7.0e+00  0  0  0  0  1   0  0  0  0  1     0
DMPlexSymmetrize       7 1.0 1.3828e-05 2.3 0.00e+00 0.0 0.0e+00 0.0e+00 0.0e+00  0  0  0  0  0   0  0  0  0  0     0
DMPlexPrealloc         1 1.0 1.9910e-01 1.0 0.00e+00 0.0 6.0e+02 2.4e+04 1.1e+01  5  0  2  9  1   9  0  2 12  1     0
SFSetGraph            33 1.0 3.4809e-05 2.9 0.00e+00 0.0 0.0e+00 0.0e+00 0.0e+00  0  0  0  0  0   0  0  0  0  0     0
SFSetUp               31 1.0 6.4692e-03 1.3 0.00e+00 0.0 1.7e+03 2.9e+03 0.0e+00  0  0  4  3  0   0  0  5  4  0     0
SFBcastOpBegin       598 1.0 1.9061e-02 1.6 0.00e+00 0.0 2.4e+04 2.4e+03 0.0e+00  0  0 61 36  0   1  0 64 46  0     0
SFBcastOpEnd         598 1.0 1.5282e-01 9.3 0.00e+00 0.0 0.0e+00 0.0e+00 0.0e+00  1  0  0  0  0   2  0  0  0  0     0
SFReduceBegin        306 1.0 2.7261e-02 1.4 0.00e+00 0.0 9.4e+03 5.1e+03 0.0e+00  1  0 24 30  0   1  0 25 39  0     0
SFReduceEnd          305 1.0 1.0005e-01 6.7 0.00e+00 0.0 0.0e+00 0.0e+00 0.0e+00  1  0  0  0  0   2  0  0  0  0     0
SFFetchOpBegin         1 1.0 3.6001e-05 3.6 0.00e+00 0.0 3.0e+01 5.1e+04 0.0e+00  0  0  0  1  0   0  0  0  1  0     0
SFFetchOpEnd           1 1.0 2.1560e-0316.1 0.00e+00 0.0 3.0e+01 5.1e+04 0.0e+00  0  0  0  1  0   0  0  0  1  0     0
SFCreateEmbed          2 1.0 8.8279e-0324.0 0.00e+00 0.0 6.0e+01 1.6e+03 0.0e+00  0  0  0  0  0   0  0  0  0  0     0
SFSectionSF            2 1.0 1.7502e-03 1.1 0.00e+00 0.0 9.0e+01 1.8e+04 0.0e+00  0  0  0  1  0   0  0  0  1  0     0
SFRemoteOff            2 1.0 9.2540e-0313.8 0.00e+00 0.0 1.2e+02 1.6e+03 0.0e+00  0  0  0  0  0   0  0  0  0  0     0
MatMult              370 1.0 6.9958e-01 1.0 7.65e+07 1.3 1.9e+04 3.9e+03 0.0e+00 18 29 51 48  0  31 30 53 62  0  1196
MatMultAdd            60 1.0 3.4801e-02 1.4 5.04e+06 1.2 2.5e+03 2.0e+03 0.0e+00  1  2  6  3  0   1  2  7  4  0  1662
MatMultTranspose      62 1.0 4.0447e-02 1.7 3.46e+06 1.2 2.6e+03 2.2e+03 0.0e+00  1  1  7  4  0   1  1  7  5  0   974
MatSolve              15 0.0 4.4823e-05 0.0 6.52e+03 0.0 0.0e+00 0.0e+00 0.0e+00  0  0  0  0  0   0  0  0  0  0   146
MatSOR               213 1.0 1.2449e-01 1.2 6.27e+07 1.3 0.0e+00 0.0e+00 0.0e+00  3 24  0  0  0   5 25  0  0  0  5519
MatLUFactorSym         1 1.0 2.5034e-05 1.9 0.00e+00 0.0 0.0e+00 0.0e+00 0.0e+00  0  0  0  0  0   0  0  0  0  0     0
MatLUFactorNum         1 1.0 1.4067e-05 4.9 2.14e+03 0.0 0.0e+00 0.0e+00 0.0e+00  0  0  0  0  0   0  0  0  0  0   152
MatScale               9 1.0 4.0269e-04 1.1 2.53e+05 1.2 1.5e+02 3.4e+02 0.0e+00  0  0  0  0  0   0  0  0  0  0  6941
MatResidual           60 1.0 9.6386e-02 1.1 1.51e+07 1.3 3.1e+03 3.2e+03 0.0e+00  2  6  8  6  0   4  6  8  8  0  1719
MatAssemblyBegin      77 1.0 2.3904e-02 4.8 0.00e+00 0.0 4.1e+02 1.4e+04 0.0e+00  0  0  1  4  0   1  0  1  5  0     0
MatAssemblyEnd        77 1.0 2.2067e-02 1.1 2.88e+04 1.9 1.3e+03 1.5e+02 8.4e+01  1  0  3  0  8   1  0  3  0  8    12
MatGetRowIJ            2 2.0 1.0166e-02 1.2 0.00e+00 0.0 0.0e+00 0.0e+00 0.0e+00  0  0  0  0  0   0  0  0  0  0     0
MatCreateSubMat        4 1.0 1.7421e-03 1.0 0.00e+00 0.0 1.5e+02 8.9e+02 4.8e+01  0  0  0  0  4   0  0  0  0  5     0
MatGetOrdering         1 0.0 4.6015e-05 0.0 0.00e+00 0.0 0.0e+00 0.0e+00 0.0e+00  0  0  0  0  0   0  0  0  0  0     0
MatCoarsen             3 1.0 6.9618e-04 1.1 0.00e+00 0.0 9.5e+02 3.1e+02 9.0e+00  0  0  2  0  1   0  0  3  0  1     0
MatZeroEntries         4 1.0 7.8893e-04 1.5 0.00e+00 0.0 0.0e+00 0.0e+00 0.0e+00  0  0  0  0  0   0  0  0  0  0     0
MatAXPY                3 1.0 1.3041e-03 1.1 2.10e+04 1.3 0.0e+00 0.0e+00 0.0e+00  0  0  0  0  0   0  0  0  0  0   177
MatFDColorCreate       1 1.0 5.9128e-05 1.2 0.00e+00 0.0 0.0e+00 0.0e+00 2.0e+00  0  0  0  0  0   0  0  0  0  0     0
MatFDColorSetUp        1 1.0 2.8888e-02 1.0 0.00e+00 0.0 0.0e+00 0.0e+00 4.2e+02  1  0  0  0 38   1  0  0  0 42     0
MatFDColorApply        1 1.0 3.9472e-01 1.0 1.42e+06 1.3 6.3e+03 1.9e+03 2.0e+00 10  1 16  8  0  18  1 17 10  0    40
MatFDColorFunc       105 1.0 3.9009e-01 1.0 0.00e+00 0.0 6.3e+03 1.9e+03 2.0e+00 10  0 16  8  0  17  0 17 10  0     0
MatTranspose           6 1.0 1.2436e-03 2.1 0.00e+00 0.0 0.0e+00 0.0e+00 0.0e+00  0  0  0  0  0   0  0  0  0  0     0
MatMatMult             3 1.0 1.2616e-02 1.0 2.85e+06 1.3 7.9e+02 1.5e+03 2.4e+01  0  1  2  1  2   1  1  2  1  2  2467
MatMatMultSym          3 1.0 9.3601e-03 1.0 0.00e+00 0.0 6.4e+02 1.2e+03 2.4e+01  0  0  2  0  2   0  0  2  1  2     0
MatMatMultNum          3 1.0 3.2399e-03 1.0 2.85e+06 1.3 1.5e+02 3.1e+03 0.0e+00  0  1  0  0  0   0  1  0  0  0  9605
MatPtAP                3 1.0 3.9126e-02 1.0 1.43e+07 1.3 1.3e+03 3.8e+03 3.3e+01  1  5  3  3  3   2  6  3  4  3  4002
MatPtAPSymbolic        3 1.0 2.6236e-02 1.0 0.00e+00 0.0 8.5e+02 3.9e+03 2.1e+01  1  0  2  2  2   1  0  2  3  2     0
MatPtAPNumeric         3 1.0 1.2866e-02 1.0 1.43e+07 1.3 4.4e+02 3.5e+03 1.2e+01  0  5  1  1  1   1  6  1  1  1 12171
MatTrnMatMult          1 1.0 2.7965e-02 1.0 2.65e+06 1.3 3.6e+02 1.4e+04 1.1e+01  1  1  1  3  1   1  1  1  4  1  1028
MatTrnMatMultSym       1 1.0 1.4598e-02 1.0 0.00e+00 0.0 1.8e+02 5.9e+03 7.0e+00  0  0  0  1  1   1  0  0  1  1     0
MatTrnMatMultNum       1 1.0 1.3362e-02 1.0 2.65e+06 1.3 1.8e+02 2.3e+04 4.0e+00  0  1  0  3  0   1  1  0  3  0  2152
MatGetLocalMat        10 1.0 1.3514e-03 1.2 0.00e+00 0.0 0.0e+00 0.0e+00 0.0e+00  0  0  0  0  0   0  0  0  0  0     0
MatGetBrAoCol          9 1.0 1.1389e-03 1.3 0.00e+00 0.0 1.0e+03 4.0e+03 0.0e+00  0  0  3  3  0   0  0  3  3  0     0
MatColoringApply       1 1.0 1.2153e-01 1.0 0.00e+00 0.0 1.1e+01 4.0e+00 3.0e+00  3  0  0  0  0   5  0  0  0  0     0
VecDot                 1 1.0 5.6100e-04 4.6 1.17e+05 1.1 0.0e+00 0.0e+00 1.0e+00  0  0  0  0  0   0  0  0  0  0  2400
VecMDot               70 1.0 1.8390e-02 2.8 7.97e+06 1.2 0.0e+00 0.0e+00 7.0e+01  0  3  0  0  6   0  3  0  0  7  4949
VecTDot               29 1.0 2.1633e-02 5.9 3.39e+06 1.1 0.0e+00 0.0e+00 2.9e+01  0  1  0  0  3   0  1  0  0  3  1805
VecNorm               80 1.0 1.4737e-02 4.9 1.94e+06 1.2 0.0e+00 0.0e+00 8.0e+01  0  1  0  0  7   0  1  0  0  8  1509
VecScale             226 1.0 4.4584e-04 1.2 7.97e+05 1.2 0.0e+00 0.0e+00 0.0e+00  0  0  0  0  0   0  0  0  0  0 20415
VecCopy              267 1.0 4.8513e-03 1.2 0.00e+00 0.0 0.0e+00 0.0e+00 0.0e+00  0  0  0  0  0   0  0  0  0  0     0
VecSet              1045 1.0 5.4144e-02 1.3 0.00e+00 0.0 0.0e+00 0.0e+00 0.0e+00  1  0  0  0  0   2  0  0  0  0     0
VecAXPY              157 1.0 6.2459e-03 1.1 6.83e+06 1.2 0.0e+00 0.0e+00 0.0e+00  0  3  0  0  0   0  3  0  0  0 12473
VecAYPX              403 1.0 1.7011e-02 1.4 1.11e+07 1.2 0.0e+00 0.0e+00 0.0e+00  0  4  0  0  0   1  5  0  0  0  7510
VecAXPBYCZ           150 1.0 1.4429e-02 1.6 1.86e+07 1.2 0.0e+00 0.0e+00 0.0e+00  0  7  0  0  0   1  8  0  0  0 14800
VecWAXPY               1 1.0 2.1195e-04 1.1 5.84e+04 1.1 0.0e+00 0.0e+00 0.0e+00  0  0  0  0  0   0  0  0  0  0  3176
VecMAXPY              77 1.0 6.0949e-03 1.1 9.42e+06 1.2 0.0e+00 0.0e+00 0.0e+00  0  4  0  0  0   0  4  0  0  0 17649
VecAssemblyBegin      36 1.0 6.7472e-04 1.3 0.00e+00 0.0 0.0e+00 0.0e+00 0.0e+00  0  0  0  0  0   0  0  0  0  0     0
VecAssemblyEnd        36 1.0 3.6001e-05 1.4 0.00e+00 0.0 0.0e+00 0.0e+00 0.0e+00  0  0  0  0  0   0  0  0  0  0     0
VecPointwiseMult     167 1.0 2.7100e-02 1.5 8.32e+06 1.1 0.0e+00 0.0e+00 0.0e+00  1  3  0  0  0   1  4  0  0  0  3568
VecScatterBegin      370 1.0 2.7888e-03 1.4 0.00e+00 0.0 1.7e+04 8.4e+02 0.0e+00  0  0 43  9  0   0  0 45 11  0     0
VecScatterEnd        370 1.0 1.9057e-02 6.3 0.00e+00 0.0 0.0e+00 0.0e+00 0.0e+00  0  0  0  0  0   0  0  0  0  0     0
VecSetRandom           3 1.0 2.1386e-04 1.3 0.00e+00 0.0 0.0e+00 0.0e+00 0.0e+00  0  0  0  0  0   0  0  0  0  0     0
VecReduceArith         2 1.0 3.1209e-04 1.2 2.34e+05 1.1 0.0e+00 0.0e+00 0.0e+00  0  0  0  0  0   0  0  0  0  0  8629
VecReduceComm          1 1.0 8.7976e-0514.8 0.00e+00 0.0 0.0e+00 0.0e+00 1.0e+00  0  0  0  0  0   0  0  0  0  0     0
VecNormalize          77 1.0 7.5378e-03 2.4 2.39e+06 1.2 0.0e+00 0.0e+00 7.7e+01  0  1  0  0  7   0  1  0  0  8  3622
SNESSolve              1 1.0 1.8982e+00 1.0 2.43e+08 1.2 3.6e+04 3.0e+03 9.9e+02 50 94 94 69 89  85100 98 88 98  1445
SNESSetUp              1 1.0 2.3842e-05 2.4 0.00e+00 0.0 0.0e+00 0.0e+00 0.0e+00  0  0  0  0  0   0  0  0  0  0     0
SNESFunctionEval     107 1.0 5.7020e-01 1.0 1.62e+07 1.3 6.5e+03 2.0e+03 1.7e+01 15  6 17  8  2  25  6 17 11  2   298
SNESJacobianEval       1 1.0 5.4438e-01 1.0 1.42e+06 1.3 6.4e+03 1.9e+03 4.3e+02 14  1 17  8 38  24  1 17 10 42    29
SNESLineSearch         1 1.0 9.6847e-02 1.0 8.79e+06 1.3 1.2e+02 8.6e+03 4.0e+00  3  3  0  1  0   4  3  0  1  0   969
KSPSetUp              15 1.0 2.8093e-03 1.4 0.00e+00 0.0 0.0e+00 0.0e+00 8.0e+00  0  0  0  0  1   0  0  0  0  1     0
KSPSolve               1 1.0 1.1641e+00 1.0 2.29e+08 1.2 3.0e+04 3.2e+03 5.4e+02 31 88 77 60 49  52 93 81 77 54  2188
KSPGMRESOrthog        70 1.0 2.3460e-02 2.1 1.59e+07 1.2 0.0e+00 0.0e+00 7.0e+01  0  6  0  0  6   1  7  0  0  7  7759
PCGAMGGraph_AGG        3 1.0 4.8324e-02 1.0 5.28e+05 1.3 5.8e+02 1.7e+02 4.8e+01  1  0  2  0  4   2  0  2  0  5   119
PCGAMGCoarse_AGG       3 1.0 2.9511e-02 1.0 2.65e+06 1.3 1.6e+03 3.6e+03 2.4e+01  1  1  4  4  2   1  1  4  5  2   975
PCGAMGProl_AGG         3 1.0 4.3471e-03 1.0 0.00e+00 0.0 1.7e+03 7.2e+02 8.4e+01  0  0  4  1  8   0  0  5  1  8     0
PCGAMGPOpt_AGG         3 1.0 2.9935e-02 1.0 1.44e+07 1.3 2.2e+03 1.2e+03 1.1e+02  1  5  6  2 10   1  6  6  2 11  5278
GAMG: createProl       3 1.0 1.1224e-01 1.0 1.76e+07 1.3 6.1e+03 1.6e+03 2.7e+02  3  7 16  6 24   5  7 17  8 26  1715
  Graph                6 1.0 4.8143e-02 1.0 5.28e+05 1.3 5.8e+02 1.7e+02 4.8e+01  1  0  2  0  4   2  0  2  0  5   120
  MIS/Agg              3 1.0 7.2503e-04 1.1 0.00e+00 0.0 9.5e+02 3.1e+02 9.0e+00  0  0  2  0  1   0  0  3  0  1     0
  SA: col data         3 1.0 1.7583e-03 1.0 0.00e+00 0.0 1.5e+03 6.7e+02 6.0e+01  0  0  4  1  5   0  0  4  1  6     0
  SA: frmProl0         3 1.0 2.2550e-03 1.0 0.00e+00 0.0 2.3e+02 1.0e+03 1.2e+01  0  0  1  0  1   0  0  1  0  1     0
  SA: smooth           3 1.0 1.4959e-02 1.0 3.02e+06 1.3 7.9e+02 1.5e+03 3.0e+01  0  1  2  1  3   1  1  2  1  3  2206
GAMG: partLevel        3 1.0 4.1596e-02 1.0 1.43e+07 1.3 1.5e+03 3.3e+03 1.3e+02  1  5  4  3 12   2  6  4  4 13  3765
  repartition          2 1.0 2.4071e-03 1.0 0.00e+00 0.0 2.2e+02 6.5e+02 9.6e+01  0  0  1  0  9   0  0  1  0 10     0
  Invert-Sort          2 1.0 1.2279e-04 1.4 0.00e+00 0.0 0.0e+00 0.0e+00 1.2e+01  0  0  0  0  1   0  0  0  0  1     0
  Move A               2 1.0 9.8801e-04 1.0 0.00e+00 0.0 8.3e+01 1.6e+03 2.6e+01  0  0  0  0  2   0  0  0  0  3     0
  Move P               2 1.0 9.0814e-04 1.0 0.00e+00 0.0 6.8e+01 4.1e+01 2.8e+01  0  0  0  0  3   0  0  0  0  3     0
PCSetUp                2 1.0 1.6037e-01 1.0 3.21e+07 1.3 7.8e+03 2.0e+03 4.3e+02  4 12 20 10 38   7 13 21 13 42  2188
PCSetUpOnBlocks       15 1.0 1.4710e-04 2.0 2.14e+03 0.0 0.0e+00 0.0e+00 0.0e+00  0  0  0  0  0   0  0  0  0  0    15
PCApply               15 1.0 9.2096e-01 1.0 1.89e+08 1.2 2.1e+04 3.4e+03 8.6e+01 24 72 55 46  8  41 77 57 59  9  2282
------------------------------------------------------------------------------------------------------------------------

Memory usage is given in bytes:

Object Type          Creations   Destructions     Memory  Descendants' Mem.
Reports information only for process 0.

--- Event Stage 0: Main Stage

           Container    15             21        12096     0.
    Distributed Mesh    55             68       350360     0.
            DM Label    99            115        72680     0.
    GraphPartitioner    18             22        14784     0.
          Quadrature   172            220       130240     0.
           Index Set   300            428      2248040     0.
   IS L to G Mapping     1              2      1116796     0.
             Section   118            138        99360     0.
   Star Forest Graph   126            151       138704     0.
     Discrete System    72             83        77032     0.
              Matrix    15             53      5929192     0.
  Matrix FD Coloring     0              1      7837020     0.
         Vec Scatter     0              7         5600     0.
              Vector    28            142     19444400     0.
        Linear Space     2              3         2040     0.
          Dual Space     8             12         9312     0.
            FE Space     2              3         2316     0.
                SNES     0              2         2804     0.
              DMSNES     0              2         1344     0.
      SNESLineSearch     0              1         1000     0.
       Krylov Solver     0             13       135120     0.
     DMKSP interface     0              1          656     0.
      Preconditioner     0              9         9700     0.
       Field over DM     0              1          704     0.
              Viewer     1              0            0     0.

--- Event Stage 1: Stage 1 of Code

           Container     6              0            0     0.
    Distributed Mesh    22              9        46296     0.
            DM Label    28             12         7584     0.
    GraphPartitioner     7              3         2016     0.
          Quadrature    54              6         3552     0.
           Index Set   305            177       428892     0.
   IS L to G Mapping     1              0            0     0.
             Section    39             19        13680     0.
   Star Forest Graph    75             50        47312     0.
     Discrete System    28             17        15776     0.
              Matrix   110             72     66374380     0.
  Matrix FD Coloring     1              0            0     0.
     Matrix Coloring     1              1          648     0.
      Matrix Coarsen     3              3         1908     0.
         Vec Scatter    23             16        12800     0.
              Vector   261            147      2667488     0.
        Linear Space     1              0            0     0.
          Dual Space     4              0            0     0.
            FE Space     1              0            0     0.
                SNES     2              0            0     0.
              DMSNES     2              0            0     0.
      SNESLineSearch     1              0            0     0.
       Krylov Solver    17              4        92816     0.
     DMKSP interface     1              0            0     0.
      Preconditioner    12              3         2568     0.
       Field over DM     1              0            0     0.
         PetscRandom     6              6         3876     0.
========================================================================================================================
Average time to get PetscTime(): 0.
Average time for MPI_Barrier(): 1.81198e-06
Average time for zero size MPI_Send(): 2.16564e-06
#PETSc Option Table entries:
-boundary mms
-degree 2
-E 1e6
-forcing mms
-log_view
-mesh ./meshes/cylinder8_31280e_4ss_us.exo
-nu .3
#End of PETSc Option Table entries
Compiled without FORTRAN kernels
Compiled with full precision matrices (default)
sizeof(short) 2 sizeof(int) 4 sizeof(long) 8 sizeof(void*) 8 sizeof(PetscScalar) 8 sizeof(PetscInt) 4
Configure options: --with-cc=gcc --with-cxx=g++ --with-fc=gfortran --with-valgrind-dir=/curc/sw/valgrind/3.11.0 --download-make --download-cmake --download-mpich --download-fblaslapack --download-parmetis --download-metis --download-zlib --download-hdf5 --download-netcdf --download-pnetcdf --download-exodusii COPTFLAGS="-O3 -march=native" FOPTFLAGS="-O3 -march=native" CXXOPTFLAGS="-O3 -march=native" --with-debugging=0 --with-shared-libraries=1 --prefix=/projects/arme5062/software/petsc/local
-----------------------------------------
Libraries compiled on 2020-03-04 05:38:54 on shas0137 
Machine characteristics: Linux-3.10.0-957.21.3.el7.x86_64-x86_64-with-redhat-7.4-Maipo
Using PETSc directory: /projects/arme5062/software/petsc/local
Using PETSc arch: 
-----------------------------------------

Using C compiler: /projects/arme5062/software/petsc/local/bin/mpicc  -Wall -Wwrite-strings -Wno-strict-aliasing -Wno-unknown-pragmas -fstack-protector -fvisibility=hidden -O3 -march=native  
Using Fortran compiler: /projects/arme5062/software/petsc/local/bin/mpif90  -Wall -ffree-line-length-0 -Wno-unused-dummy-argument -O3 -march=native   
-----------------------------------------

Using include paths: -I/projects/arme5062/software/petsc/local/include -I/curc/sw/valgrind/3.11.0/include
-----------------------------------------

Using C linker: /projects/arme5062/software/petsc/local/bin/mpicc
Using Fortran linker: /projects/arme5062/software/petsc/local/bin/mpif90
Using libraries: -Wl,-rpath,/projects/arme5062/software/petsc/local/lib -L/projects/arme5062/software/petsc/local/lib -lpetsc -Wl,-rpath,/projects/arme5062/software/petsc/local/lib -L/projects/arme5062/software/petsc/local/lib -Wl,-rpath,/usr/lib/gcc/x86_64-redhat-linux/4.8.5 -L/usr/lib/gcc/x86_64-redhat-linux/4.8.5 -lflapack -lfblas -lpthread -lexodus -lnetcdf -lpnetcdf -lhdf5hl_fortran -lhdf5_fortran -lhdf5_hl -lhdf5 -lparmetis -lmetis -lm -lz -lX11 -lstdc++ -ldl -lmpifort -lmpi -lgfortran -lm -lgfortran -lm -lgcc_s -lquadmath -lstdc++ -ldl
-----------------------------------------

