
-- Elastisticy Example - libCEED + PETSc --
  libCEED:
    libCEED Backend                    : /cpu/self/xsmm/blocked
  Problem:
    Problem Name                       : Linear elasticity
    Forcing Function                   : Manufactured solution
    Boundary Condition                 : Manufactured solution
  Mesh:
    File                               : ./meshes/cylinder8_31280e_4ss_us.exo
    Number of 1D Basis Nodes (p)       : 5
    Number of 1D Quadrature Points (q) : 5
    Global nodes                       : 1898424
    Owned nodes                        : 19019
    DoF per node                       : 3
  Multigrid:
    Type                               : P-multigrid, logarithmic coarsening
    Number of Levels                   : 3
    Level 0 (coarse):
      Number of 1D Basis Nodes (p)     : 2
      Global Nodes                     : 24852
      Owned Nodes                      : 185
    Level 2 (fine):
      Number of 1D Basis Nodes (p)     : 5
      Global Nodes                     : 1898424
      Owned Nodes                      : 19019
  SNES:
    SNES Type                          : newtonls
    SNES Convergence                   : CONVERGED_FNORM_RELATIVE
    Total SNES Iterations              : 1
    Final rnorm                        : 7.270489e-04
  Linear Solver:
    KSP Type                           : cg
  P-Multigrid:
    PCMG Type                          : MULTIPLICATIVE
    PCMG Cycle Type                    : v
    Coarse Solve:
      KSP Type                         : preonly
      PC Type                          : gamg
  Performance:
    SNES Solve Time                    : 1.60214 (1.60205) sec
    L2 Error                           : 0.000000
************************************************************************************************************************
***             WIDEN YOUR WINDOW TO 120 CHARACTERS.  Use 'enscript -r -fCourier9' to print this document            ***
************************************************************************************************************************

---------------------------------------------- PETSc Performance Summary: ----------------------------------------------

./elasticity on a  named shas0132.rc.int.colorado.edu with 96 processors, by arme5062 Thu Mar  5 17:38:06 2020
Using Petsc Development GIT revision: v3.12.4-787-gcc5957f  GIT Date: 2020-02-26 21:52:32 -0500

                         Max       Max/Min     Avg       Total 
Time (sec):           3.024e+00     1.000   3.024e+00
Objects:              3.116e+03     1.132   2.802e+03
Flop:                 1.092e+09     1.037   1.072e+09  1.029e+11
Flop/sec:             3.611e+08     1.037   3.546e+08  3.404e+10
MPI Messages:         9.474e+03     4.713   4.939e+03  4.742e+05
MPI Message Lengths:  3.942e+07     3.945   3.347e+03  1.587e+09
MPI Reductions:       1.254e+03     1.000

Flop counting convention: 1 flop = 1 real number operation of type (multiply/divide/add/subtract)
                            e.g., VecAXPY() for real vectors of length N --> 2N flop
                            and VecAXPY() for complex vectors of length N --> 8N flop

Summary of Stages:   ----- Time ------  ----- Flop ------  --- Messages ---  -- Message Lengths --  -- Reductions --
                        Avg     %Total     Avg     %Total    Count   %Total     Avg         %Total    Count   %Total 
 0:      Main Stage: 3.0238e+00 100.0%  1.0294e+11 100.0%  4.742e+05 100.0%  3.347e+03      100.0%  1.247e+03  99.4% 

------------------------------------------------------------------------------------------------------------------------
See the 'Profiling' chapter of the users' manual for details on interpreting output.
Phase summary info:
   Count: number of times phase was executed
   Time and Flop: Max - maximum over all processors
                  Ratio - ratio of maximum to minimum over all processors
   Mess: number of messages sent
   AvgLen: average message length (bytes)
   Reduct: number of global reductions
   Global: entire computation
   Stage: stages of a computation. Set stages with PetscLogStagePush() and PetscLogStagePop().
      %T - percent time in this phase         %F - percent flop in this phase
      %M - percent messages in this phase     %L - percent message lengths in this phase
      %R - percent reductions in this phase
   Total Mflop/s: 10e-6 * (sum of flop over all processors)/(max time over all processors)
------------------------------------------------------------------------------------------------------------------------
Event                Count      Time (sec)     Flop                              --- Global ---  --- Stage ----  Total
                   Max Ratio  Max     Ratio   Max  Ratio  Mess   AvgLen  Reduct  %T %F %M %L %R  %T %F %M %L %R Mflop/s
------------------------------------------------------------------------------------------------------------------------

--- Event Stage 0: Main Stage

PetscBarrier           2 1.0 4.5210e-02 1.1 0.00e+00 0.0 0.0e+00 0.0e+00 2.0e+00  1  0  0  0  0   1  0  0  0  0     0
BuildTwoSided         55 1.0 2.4661e-02 3.6 0.00e+00 0.0 7.5e+03 4.0e+00 0.0e+00  0  0  2  0  0   0  0  2  0  0     0
BuildTwoSidedF        61 1.0 1.3589e-02 3.6 0.00e+00 0.0 3.0e+03 6.1e+03 0.0e+00  0  0  1  1  0   0  0  1  1  0     0
DMCreateMat            1 1.0 4.7015e-02 1.0 0.00e+00 0.0 5.9e+03 7.3e+03 1.3e+01  2  0  1  3  1   2  0  1  3  1     0
DMPlexCrFromFile       1 1.0 3.5889e-01 1.4 0.00e+00 0.0 0.0e+00 0.0e+00 5.0e+00 10  0  0  0  0  10  0  0  0  0     0
Mesh Partition         1 1.0 2.0078e-01 1.4 0.00e+00 0.0 3.8e+02 1.3e+04 9.0e+00  6  0  0  0  1   6  0  0  0  1     0
Mesh Migration         1 1.0 4.4194e-02 1.0 0.00e+00 0.0 2.6e+03 1.0e+04 2.4e+01  1  0  1  2  2   1  0  1  2  2     0
DMPlexPartSelf         1 1.0 4.3073e-027226.5 0.00e+00 0.0 0.0e+00 0.0e+00 0.0e+00  0  0  0  0  0   0  0  0  0  0     0
DMPlexPartLblInv       1 1.0 4.5028e-0223.9 0.00e+00 0.0 0.0e+00 0.0e+00 3.0e+00  1  0  0  0  0   1  0  0  0  0     0
DMPlexPartLblSF        1 1.0 1.6420e-03 2.7 0.00e+00 0.0 1.4e+02 8.8e+03 0.0e+00  0  0  0  0  0   0  0  0  0  0     0
DMPlexPartStrtSF       1 1.0 7.9894e-04 1.5 0.00e+00 0.0 9.5e+01 1.3e+04 0.0e+00  0  0  0  0  0   0  0  0  0  0     0
DMPlexPointSF          1 1.0 1.4745e-02 1.0 0.00e+00 0.0 1.9e+02 3.3e+04 0.0e+00  0  0  0  0  0   0  0  0  0  0     0
DMPlexInterp          17 1.0 2.4247e-01 1.1 0.00e+00 0.0 0.0e+00 0.0e+00 2.2e+01  7  0  0  0  2   7  0  0  0  2     0
DMPlexDistribute       1 1.0 2.5968e-01 1.3 0.00e+00 0.0 3.2e+03 1.2e+04 3.3e+01  8  0  1  2  3   8  0  1  2  3     0
DMPlexDistCones        1 1.0 7.9701e-03 1.0 0.00e+00 0.0 5.2e+02 2.5e+04 1.0e+00  0  0  0  1  0   0  0  0  1  0     0
DMPlexDistLabels       1 1.0 1.0519e-02 1.0 0.00e+00 0.0 1.3e+03 6.2e+03 2.1e+01  0  0  0  1  2   0  0  0  1  2     0
DMPlexDistField        1 1.0 2.3744e-02 1.0 0.00e+00 0.0 6.2e+02 5.8e+03 1.0e+00  1  0  0  0  0   1  0  0  0  0     0
DMPlexStratify        32 1.0 2.3118e-0115.8 0.00e+00 0.0 0.0e+00 0.0e+00 3.2e+01  8  0  0  0  3   8  0  0  0  3     0
DMPlexSymmetrize      32 1.0 2.4543e-02147.7 0.00e+00 0.0 0.0e+00 0.0e+00 0.0e+00  0  0  0  0  0   0  0  0  0  0     0
DMPlexPrealloc         1 1.0 4.6676e-02 1.0 0.00e+00 0.0 5.9e+03 7.3e+03 1.1e+01  2  0  1  3  1   2  0  1  3  1     0
SFSetGraph            58 1.0 6.8426e-05 2.0 0.00e+00 0.0 0.0e+00 0.0e+00 0.0e+00  0  0  0  0  0   0  0  0  0  0     0
SFSetUp               55 1.0 2.8813e-02 2.3 0.00e+00 0.0 2.3e+04 1.1e+03 0.0e+00  1  0  5  2  0   1  0  5  2  0     0
SFBcastOpBegin       913 1.0 3.3451e-02 1.6 0.00e+00 0.0 2.8e+05 2.8e+03 0.0e+00  1  0 60 50  0   1  0 60 50  0     0
SFBcastOpEnd         913 1.0 2.0735e-01 3.0 0.00e+00 0.0 0.0e+00 0.0e+00 0.0e+00  4  0  0  0  0   4  0  0  0  0     0
SFReduceBegin        530 1.0 3.9260e-02 1.5 0.00e+00 0.0 1.5e+05 4.8e+03 0.0e+00  1  0 32 46  0   1  0 32 46  0     0
SFReduceEnd          528 1.0 2.8643e-0123.1 0.00e+00 0.0 0.0e+00 0.0e+00 0.0e+00  3  0  0  0  0   3  0  0  0  0     0
SFFetchOpBegin         2 1.0 3.3855e-05 7.1 0.00e+00 0.0 5.9e+02 8.2e+03 0.0e+00  0  0  0  0  0   0  0  0  0  0     0
SFFetchOpEnd           2 1.0 4.0572e-0335.3 0.00e+00 0.0 5.9e+02 8.2e+03 0.0e+00  0  0  0  0  0   0  0  0  0  0     0
SFCreateEmbed          3 1.0 2.4348e-0237.1 0.00e+00 0.0 6.8e+02 2.3e+03 0.0e+00  0  0  0  0  0   0  0  0  0  0     0
SFDistSection         11 1.0 1.7558e-01 5.7 0.00e+00 0.0 6.0e+03 2.4e+03 1.1e+01  4  0  1  1  1   4  0  1  1  1     0
SFSectionSF           13 1.0 9.1827e-03 2.0 0.00e+00 0.0 4.2e+03 2.2e+03 0.0e+00  0  0  1  1  0   0  0  1  1  0     0
SFRemoteOff            2 1.0 5.9409e-0331.6 0.00e+00 0.0 1.2e+03 5.0e+02 0.0e+00  0  0  0  0  0   0  0  0  0  0     0
MatMult              593 1.0 7.7114e-01 1.0 1.63e+07 2.1 2.8e+05 4.5e+03 0.0e+00 25  1 60 81  0  25  1 60 81  0  1474
MatMultAdd            95 1.0 4.3157e-02 1.6 4.95e+06 1.2 3.4e+04 2.9e+03 0.0e+00  1  0  7  6  0   1  0  7  6  0  9739
MatMultTranspose      98 1.0 3.7307e-02 1.5 2.20e+06 1.2 3.6e+04 3.0e+03 0.0e+00  1  0  8  7  0   1  0  8  7  0  5168
MatSolve              19 0.0 5.6744e-05 0.0 8.26e+03 0.0 0.0e+00 0.0e+00 0.0e+00  0  0  0  0  0   0  0  0  0  0   146
MatSOR               261 1.0 6.5241e-03 2.4 1.11e+07 2.7 0.0e+00 0.0e+00 0.0e+00  0  1  0  0  0   0  1  0  0  0 112127
MatLUFactorSym         1 1.0 6.5804e-05 5.0 0.00e+00 0.0 0.0e+00 0.0e+00 0.0e+00  0  0  0  0  0   0  0  0  0  0     0
MatLUFactorNum         1 1.0 2.7895e-05 9.8 2.14e+03 0.0 0.0e+00 0.0e+00 0.0e+00  0  0  0  0  0   0  0  0  0  0    77
MatScale               9 1.0 3.0732e-04 3.2 4.04e+04 2.2 1.1e+03 1.5e+02 0.0e+00  0  0  0  0  0   0  0  0  0  0  9175
MatResidual           95 1.0 1.1016e-01 1.1 4.36e+06 1.8 4.3e+04 3.8e+03 0.0e+00  3  0  9 10  0   3  0  9 10  0  2891
MatAssemblyBegin      82 1.0 1.3558e-02 3.1 0.00e+00 0.0 3.0e+03 6.1e+03 0.0e+00  0  0  1  1  0   0  0  1  1  0     0
MatAssemblyEnd        82 1.0 2.0341e-02 1.1 1.62e+04 4.0 1.1e+04 6.1e+01 9.2e+01  1  0  2  0  7   1  0  2  0  7    41
MatGetRowIJ            2 2.0 1.1175e-02 1.4 0.00e+00 0.0 0.0e+00 0.0e+00 0.0e+00  0  0  0  0  0   0  0  0  0  0     0
MatCreateSubMat        6 1.0 5.5518e-03 1.0 0.00e+00 0.0 2.0e+03 6.6e+02 7.2e+01  0  0  0  0  6   0  0  0  0  6     0
MatGetOrdering         1 0.0 4.3154e-05 0.0 0.00e+00 0.0 0.0e+00 0.0e+00 0.0e+00  0  0  0  0  0   0  0  0  0  0     0
MatCoarsen             3 1.0 8.9002e-04 1.1 0.00e+00 0.0 1.0e+04 1.2e+02 1.4e+01  0  0  2  0  1   0  0  2  0  1     0
MatZeroEntries         4 1.0 1.2708e-04 7.4 0.00e+00 0.0 0.0e+00 0.0e+00 0.0e+00  0  0  0  0  0   0  0  0  0  0     0
MatAXPY                3 1.0 3.2616e-04 1.3 3.39e+03 2.3 0.0e+00 0.0e+00 0.0e+00  0  0  0  0  0   0  0  0  0  0   710
MatFDColorCreate       1 1.0 7.9608e-0412.6 0.00e+00 0.0 0.0e+00 0.0e+00 2.0e+00  0  0  0  0  0   0  0  0  0  0     0
MatFDColorSetUp        1 1.0 1.5664e-02 1.0 0.00e+00 0.0 0.0e+00 0.0e+00 4.3e+02  1  0  0  0 34   1  0  0  0 35     0
MatFDColorApply        1 1.0 1.5782e-01 1.0 2.44e+05 2.3 6.4e+04 6.1e+02 2.0e+00  5  0 14  2  0   5  0 14  2  0   102
MatFDColorFunc       108 1.0 1.5695e-01 1.0 0.00e+00 0.0 6.4e+04 6.1e+02 2.0e+00  5  0 14  2  0   5  0 14  2  0     0
MatTranspose           6 1.0 1.9693e-04 1.7 0.00e+00 0.0 0.0e+00 0.0e+00 0.0e+00  0  0  0  0  0   0  0  0  0  0     0
MatMatMult             3 1.0 4.1819e-03 1.0 4.62e+05 2.3 5.7e+03 6.7e+02 2.4e+01  0  0  1  0  2   0  0  1  0  2  7454
MatMatMultSym          3 1.0 3.3040e-03 1.0 0.00e+00 0.0 4.6e+03 5.2e+02 2.4e+01  0  0  1  0  2   0  0  1  0  2     0
MatMatMultNum          3 1.0 8.7309e-04 1.0 4.62e+05 2.3 1.1e+03 1.3e+03 0.0e+00  0  0  0  0  0   0  0  0  0  0 35705
MatPtAP                3 1.0 1.1498e-02 1.0 2.27e+06 2.3 1.0e+04 1.5e+03 3.3e+01  0  0  2  1  3   0  0  2  1  3 13941
MatPtAPSymbolic        3 1.0 7.1590e-03 1.0 0.00e+00 0.0 6.1e+03 1.7e+03 2.1e+01  0  0  1  1  2   0  0  1  1  2     0
MatPtAPNumeric         3 1.0 4.3337e-03 1.0 2.27e+06 2.3 4.0e+03 1.2e+03 1.2e+01  0  0  1  0  1   0  0  1  0  1 36987
MatTrnMatMult          1 1.0 9.5341e-03 1.0 4.64e+05 2.4 3.7e+03 4.5e+03 1.1e+01  0  0  1  1  1   0  0  1  1  1  3101
MatTrnMatMultSym       1 1.0 4.4010e-03 1.0 0.00e+00 0.0 1.8e+03 1.9e+03 7.0e+00  0  0  0  0  1   0  0  0  0  1     0
MatTrnMatMultNum       1 1.0 5.1451e-03 1.0 4.64e+05 2.4 1.9e+03 6.9e+03 4.0e+00  0  0  0  1  0   0  0  0  1  0  5745
MatGetLocalMat        10 1.0 2.8682e-04 1.6 0.00e+00 0.0 0.0e+00 0.0e+00 0.0e+00  0  0  0  0  0   0  0  0  0  0     0
MatGetBrAoCol          9 1.0 1.0135e-03 2.7 0.00e+00 0.0 7.5e+03 1.7e+03 0.0e+00  0  0  2  1  0   0  0  2  1  0     0
MatColoringApply       1 1.0 1.5425e-01 1.0 0.00e+00 0.0 9.5e+01 4.0e+00 3.0e+00  5  0  0  0  0   5  0  0  0  0     0
VecDot                 1 1.0 5.1689e-04 2.9 1.35e+05 1.3 0.0e+00 0.0e+00 1.0e+00  0  0  0  0  0   0  0  0  0  0 22036
VecMDot               80 1.0 1.9353e-02 2.1 8.66e+06 1.3 0.0e+00 0.0e+00 8.0e+01  0  1  0  0  6   0  1  0  0  6 37074
VecTDot               37 1.0 4.0814e-02 3.0 5.01e+06 1.3 0.0e+00 0.0e+00 3.7e+01  1  0  0  0  3   1  0  0  0  3 10326
VecNorm               92 1.0 5.6400e-02 9.9 2.27e+06 1.3 0.0e+00 0.0e+00 9.2e+01  1  0  0  0  7   1  0  0  0  7  3352
VecScale             437 1.0 5.4216e-04 1.4 8.66e+05 1.3 0.0e+00 0.0e+00 0.0e+00  0  0  0  0  0   0  0  0  0  0 132342
VecCopy              330 1.0 6.0217e-03 1.7 0.00e+00 0.0 0.0e+00 0.0e+00 0.0e+00  0  0  0  0  0   0  0  0  0  0     0
VecSet              1775 1.0 6.8312e-02 1.2 0.00e+00 0.0 0.0e+00 0.0e+00 0.0e+00  2  0  0  0  0   2  0  0  0  0     0
VecAXPY              192 1.0 8.8842e-03 1.2 8.46e+06 1.3 0.0e+00 0.0e+00 0.0e+00  0  1  0  0  0   0  1  0  0  0 79241
VecAYPX              663 1.0 2.7317e-02 1.8 1.70e+07 1.3 0.0e+00 0.0e+00 0.0e+00  1  1  0  0  0   1  1  0  0  0 51813
VecAXPBYCZ           266 1.0 2.0839e-02 1.9 2.93e+07 1.3 0.0e+00 0.0e+00 0.0e+00  1  2  0  0  0   1  2  0  0  0 116835
VecWAXPY               2 1.0 4.6515e-04 1.4 1.35e+05 1.3 0.0e+00 0.0e+00 0.0e+00  0  0  0  0  0   0  0  0  0  0 24488
VecMAXPY              88 1.0 6.7897e-03 1.3 1.02e+07 1.3 0.0e+00 0.0e+00 0.0e+00  0  1  0  0  0   0  1  0  0  0 124890
VecAssemblyBegin      37 1.0 1.0760e-03 1.2 0.00e+00 0.0 0.0e+00 0.0e+00 0.0e+00  0  0  0  0  0   0  0  0  0  0     0
VecAssemblyEnd        37 1.0 4.2200e-05 1.9 0.00e+00 0.0 0.0e+00 0.0e+00 0.0e+00  0  0  0  0  0   0  0  0  0  0     0
VecPointwiseMult     363 1.0 4.0425e-02 1.7 1.30e+07 1.2 0.0e+00 0.0e+00 0.0e+00  1  1  0  0  0   1  1  0  0  0 27345
VecScatterBegin      443 1.0 2.9910e-03 4.5 0.00e+00 0.0 1.4e+05 3.8e+02 0.0e+00  0  0 30  3  0   0  0 30  3  0     0
VecScatterEnd        443 1.0 1.5904e-02 2.4 0.00e+00 0.0 0.0e+00 0.0e+00 0.0e+00  0  0  0  0  0   0  0  0  0  0     0
VecSetRandom           3 1.0 3.8862e-05 2.4 0.00e+00 0.0 0.0e+00 0.0e+00 0.0e+00  0  0  0  0  0   0  0  0  0  0     0
VecReduceArith         2 1.0 4.6587e-04 1.8 2.71e+05 1.3 0.0e+00 0.0e+00 0.0e+00  0  0  0  0  0   0  0  0  0  0 48900
VecReduceComm          1 1.0 2.7394e-0414.4 0.00e+00 0.0 0.0e+00 0.0e+00 1.0e+00  0  0  0  0  0   0  0  0  0  0     0
VecNormalize          88 1.0 2.1952e-02 4.6 2.60e+06 1.3 0.0e+00 0.0e+00 8.8e+01  0  0  0  0  7   0  0  0  0  7  9806
SNESSolve              1 1.0 1.6020e+00 1.0 1.51e+08 1.4 4.5e+05 3.3e+03 1.1e+03 53 12 94 94 87  53 12 94 94 88  7835
SNESSetUp              1 1.0 1.9789e-05 2.5 0.00e+00 0.0 0.0e+00 0.0e+00 0.0e+00  0  0  0  0  0   0  0  0  0  0     0
SNESFunctionEval     110 1.0 2.8581e-01 1.1 3.78e+07 2.7 6.5e+04 8.0e+02 1.7e+01  9  3 14  3  1   9  3 14  3  1  9104
SNESJacobianEval       1 1.0 3.2732e-01 1.0 2.44e+05 2.3 6.4e+04 6.1e+02 4.4e+02 11  0 14  2 35  11  0 14  2 35    49
SNESLineSearch         1 1.0 6.4359e-02 1.0 1.97e+07 2.5 1.2e+03 1.1e+04 4.0e+00  2  1  0  1  0   2  1  0  1  0 21364
KSPSetUp              17 1.0 3.9239e-03 1.4 0.00e+00 0.0 0.0e+00 0.0e+00 1.0e+01  0  0  0  0  1   0  0  0  0  1     0
KSPSolve               1 1.0 1.1384e+00 1.0 1.23e+08 1.5 3.8e+05 3.7e+03 6.3e+02 38 10 81 90 51  38 10 81 90 51  8640
KSPGMRESOrthog        80 1.0 2.4621e-02 1.8 1.73e+07 1.3 0.0e+00 0.0e+00 8.0e+01  1  1  0  0  6   1  1  0  0  6 58284
PCGAMGGraph_AGG        3 1.0 1.1971e-02 1.0 8.56e+04 2.3 4.3e+03 7.6e+01 4.8e+01  0  0  1  0  4   0  0  1  0  4   482
PCGAMGCoarse_AGG       3 1.0 1.1075e-02 1.0 4.64e+05 2.4 1.7e+04 1.1e+03 2.9e+01  0  0  4  1  2   0  0  4  1  2  2669
PCGAMGProl_AGG         3 1.0 4.7441e-03 1.0 0.00e+00 0.0 1.3e+04 3.3e+02 8.4e+01  0  0  3  0  7   0  0  3  0  7     0
PCGAMGPOpt_AGG         3 1.0 8.1997e-03 1.0 2.34e+06 2.3 1.6e+04 5.3e+02 1.1e+02  0  0  3  1  9   0  0  3  1  9 19301
GAMG: createProl       3 1.0 3.6070e-02 1.0 2.89e+06 2.3 5.1e+04 6.4e+02 2.7e+02  1  0 11  2 22   1  0 11  2 22  5367
  Graph                6 1.0 1.1837e-02 1.0 8.56e+04 2.3 4.3e+03 7.6e+01 4.8e+01  0  0  1  0  4   0  0  1  0  4   488
  MIS/Agg              3 1.0 9.1910e-04 1.1 0.00e+00 0.0 1.0e+04 1.2e+02 1.4e+01  0  0  2  0  1   0  0  2  0  1     0
  SA: col data         3 1.0 3.0990e-03 1.0 0.00e+00 0.0 1.1e+04 3.0e+02 6.0e+01  0  0  2  0  5   0  0  2  0  5     0
  SA: frmProl0         3 1.0 1.2150e-03 1.0 0.00e+00 0.0 1.3e+03 5.8e+02 1.2e+01  0  0  0  0  1   0  0  0  0  1     0
  SA: smooth           3 1.0 4.7781e-03 1.0 4.89e+05 2.3 5.7e+03 6.7e+02 3.0e+01  0  0  1  0  2   0  0  1  0  2  6921
GAMG: partLevel        3 1.0 1.9663e-02 1.0 2.27e+06 2.3 1.3e+04 1.3e+03 1.8e+02  1  0  3  1 14   1  0  3  1 14  8152
  repartition          3 1.0 8.1699e-03 1.0 0.00e+00 0.0 2.7e+03 5.5e+02 1.4e+02  0  0  1  0 11   0  0  1  0 12     0
  Invert-Sort          3 1.0 6.6113e-04 1.3 0.00e+00 0.0 0.0e+00 0.0e+00 1.8e+01  0  0  0  0  1   0  0  0  0  1     0
  Move A               3 1.0 2.8017e-03 1.1 0.00e+00 0.0 1.1e+03 1.2e+03 3.9e+01  0  0  0  0  3   0  0  0  0  3     0
  Move P               3 1.0 3.3038e-03 1.0 0.00e+00 0.0 9.0e+02 3.5e+01 4.2e+01  0  0  0  0  3   0  0  0  0  3     0
PCSetUp                2 1.0 6.3364e-02 1.0 5.31e+06 2.2 6.5e+04 8.9e+02 4.9e+02  2  0 14  4 39   2  0 14  4 39  5824
PCSetUpOnBlocks       19 1.0 1.7905e-04 1.9 2.14e+03 0.0 0.0e+00 0.0e+00 0.0e+00  0  0  0  0  0   0  0  0  0  0    12
PCApply               19 1.0 9.8940e-01 1.0 1.06e+08 1.5 3.1e+05 4.1e+03 1.1e+02 32  8 65 79  9  32  8 65 79  9  8533
------------------------------------------------------------------------------------------------------------------------

Memory usage is given in bytes:

Object Type          Creations   Destructions     Memory  Descendants' Mem.
Reports information only for process 0.

--- Event Stage 0: Main Stage

           Container    27             27        15552     0.
    Distributed Mesh   101            101       519904     0.
            DM Label   165            165       104280     0.
    GraphPartitioner    32             32        21504     0.
          Quadrature   697            697       412624     0.
           Index Set   928            928      2687804     0.
   IS L to G Mapping     2              2       904100     0.
             Section   202            202       145440     0.
    Section Symmetry     1              1          688     0.
   Star Forest Graph   255            255       235448     0.
     Discrete System   131            131       121580     0.
              Matrix   141            141     63644120     0.
  Matrix FD Coloring     1              1       824664     0.
     Matrix Coloring     1              1          648     0.
      Matrix Coarsen     3              3         1908     0.
         Vec Scatter    26             26        20800     0.
              Vector   333            333     23538160     0.
        Linear Space     4              4         2720     0.
          Dual Space    16             16        12416     0.
            FE Space     4              4         3088     0.
                SNES     2              2         2804     0.
              DMSNES     2              2         1344     0.
      SNESLineSearch     1              1         1000     0.
       Krylov Solver    19             19       259920     0.
     DMKSP interface     1              1          656     0.
      Preconditioner    13             13        13284     0.
       Field over DM     1              1          704     0.
         PetscRandom     6              6         3876     0.
              Viewer     1              0            0     0.
========================================================================================================================
Average time to get PetscTime(): 0.
Average time for MPI_Barrier(): 1.02043e-05
Average time for zero size MPI_Send(): 3.36518e-06
#PETSc Option Table entries:
-boundary mms
-degree 4
-E 1e6
-forcing mms
-log_view
-mesh ./meshes/cylinder8_31280e_4ss_us.exo
-nu .3
#End of PETSc Option Table entries
Compiled without FORTRAN kernels
Compiled with full precision matrices (default)
sizeof(short) 2 sizeof(int) 4 sizeof(long) 8 sizeof(void*) 8 sizeof(PetscScalar) 8 sizeof(PetscInt) 4
Configure options: --with-cc=gcc --with-cxx=g++ --with-fc=gfortran --with-valgrind-dir=/curc/sw/valgrind/3.11.0 --download-make --download-cmake --download-mpich --download-fblaslapack --download-parmetis --download-metis --download-zlib --download-hdf5 --download-netcdf --download-pnetcdf --download-exodusii COPTFLAGS="-O3 -march=native" FOPTFLAGS="-O3 -march=native" CXXOPTFLAGS="-O3 -march=native" --with-debugging=0 --with-shared-libraries=1 --prefix=/projects/arme5062/software/petsc/local
-----------------------------------------
Libraries compiled on 2020-03-04 05:38:54 on shas0137 
Machine characteristics: Linux-3.10.0-957.21.3.el7.x86_64-x86_64-with-redhat-7.4-Maipo
Using PETSc directory: /projects/arme5062/software/petsc/local
Using PETSc arch: 
-----------------------------------------

Using C compiler: /projects/arme5062/software/petsc/local/bin/mpicc  -Wall -Wwrite-strings -Wno-strict-aliasing -Wno-unknown-pragmas -fstack-protector -fvisibility=hidden -O3 -march=native  
Using Fortran compiler: /projects/arme5062/software/petsc/local/bin/mpif90  -Wall -ffree-line-length-0 -Wno-unused-dummy-argument -O3 -march=native   
-----------------------------------------

Using include paths: -I/projects/arme5062/software/petsc/local/include -I/curc/sw/valgrind/3.11.0/include
-----------------------------------------

Using C linker: /projects/arme5062/software/petsc/local/bin/mpicc
Using Fortran linker: /projects/arme5062/software/petsc/local/bin/mpif90
Using libraries: -Wl,-rpath,/projects/arme5062/software/petsc/local/lib -L/projects/arme5062/software/petsc/local/lib -lpetsc -Wl,-rpath,/projects/arme5062/software/petsc/local/lib -L/projects/arme5062/software/petsc/local/lib -Wl,-rpath,/usr/lib/gcc/x86_64-redhat-linux/4.8.5 -L/usr/lib/gcc/x86_64-redhat-linux/4.8.5 -lflapack -lfblas -lpthread -lexodus -lnetcdf -lpnetcdf -lhdf5hl_fortran -lhdf5_fortran -lhdf5_hl -lhdf5 -lparmetis -lmetis -lm -lz -lX11 -lstdc++ -ldl -lmpifort -lmpi -lgfortran -lm -lgfortran -lm -lgcc_s -lquadmath -lstdc++ -ldl
-----------------------------------------

