
-- Elastisticy Example - libCEED + PETSc --
  libCEED:
    libCEED Backend                    : /cpu/self/xsmm/blocked
  Problem:
    Problem Name                       : Linear elasticity
    Forcing Function                   : Manufactured solution
    Boundary Condition                 : Manufactured solution
  Mesh:
    File                               : ./meshes/cylinder8_31280e_4ss_us.exo
    Number of 1D Basis Nodes (p)       : 3
    Number of 1D Quadrature Points (q) : 3
    Global nodes                       : 224420
    Owned nodes                        : 26005
    DoF per node                       : 3
  Multigrid:
    Type                               : P-multigrid, logarithmic coarsening
    Number of Levels                   : 2
    Level 0 (coarse):
      Number of 1D Basis Nodes (p)     : 2
      Global Nodes                     : 24852
      Owned Nodes                      : 2795
    Level 1 (fine):
      Number of 1D Basis Nodes (p)     : 3
      Global Nodes                     : 224420
      Owned Nodes                      : 26005
  SNES:
    SNES Type                          : newtonls
    SNES Convergence                   : CONVERGED_FNORM_RELATIVE
    Total SNES Iterations              : 1
    Final rnorm                        : 3.103749e-04
  Linear Solver:
    KSP Type                           : cg
  P-Multigrid:
    PCMG Type                          : MULTIPLICATIVE
    PCMG Cycle Type                    : v
    Coarse Solve:
      KSP Type                         : preonly
      PC Type                          : gamg
  Performance:
    SNES Solve Time                    : 2.51898 (2.51897) sec
    L2 Error                           : 0.000078
************************************************************************************************************************
***             WIDEN YOUR WINDOW TO 120 CHARACTERS.  Use 'enscript -r -fCourier9' to print this document            ***
************************************************************************************************************************

---------------------------------------------- PETSc Performance Summary: ----------------------------------------------

./elasticity on a  named shas0625.rc.int.colorado.edu with 8 processors, by arme5062 Thu Mar  5 17:38:40 2020
Using Petsc Development GIT revision: v3.12.4-787-gcc5957f  GIT Date: 2020-02-26 21:52:32 -0500

                         Max       Max/Min     Avg       Total 
Time (sec):           4.552e+00     1.000   4.552e+00
Objects:              2.035e+03     1.057   1.958e+03
Flop:                 3.866e+08     1.189   3.539e+08  2.831e+09
Flop/sec:             8.492e+07     1.189   7.774e+07  6.219e+08
MPI Messages:         3.216e+03     1.844   2.460e+03  1.968e+04
MPI Message Lengths:  2.600e+07     2.393   6.439e+03  1.267e+08
MPI Reductions:       1.127e+03     1.000

Flop counting convention: 1 flop = 1 real number operation of type (multiply/divide/add/subtract)
                            e.g., VecAXPY() for real vectors of length N --> 2N flop
                            and VecAXPY() for complex vectors of length N --> 8N flop

Summary of Stages:   ----- Time ------  ----- Flop ------  --- Messages ---  -- Message Lengths --  -- Reductions --
                        Avg     %Total     Avg     %Total    Count   %Total     Avg         %Total    Count   %Total 
 0:      Main Stage: 4.5520e+00 100.0%  2.8310e+09 100.0%  1.968e+04 100.0%  6.439e+03      100.0%  1.120e+03  99.4% 

------------------------------------------------------------------------------------------------------------------------
See the 'Profiling' chapter of the users' manual for details on interpreting output.
Phase summary info:
   Count: number of times phase was executed
   Time and Flop: Max - maximum over all processors
                  Ratio - ratio of maximum to minimum over all processors
   Mess: number of messages sent
   AvgLen: average message length (bytes)
   Reduct: number of global reductions
   Global: entire computation
   Stage: stages of a computation. Set stages with PetscLogStagePush() and PetscLogStagePop().
      %T - percent time in this phase         %F - percent flop in this phase
      %M - percent messages in this phase     %L - percent message lengths in this phase
      %R - percent reductions in this phase
   Total Mflop/s: 10e-6 * (sum of flop over all processors)/(max time over all processors)
------------------------------------------------------------------------------------------------------------------------
Event                Count      Time (sec)     Flop                              --- Global ---  --- Stage ----  Total
                   Max Ratio  Max     Ratio   Max  Ratio  Mess   AvgLen  Reduct  %T %F %M %L %R  %T %F %M %L %R Mflop/s
------------------------------------------------------------------------------------------------------------------------

--- Event Stage 0: Main Stage

PetscBarrier           2 1.0 2.8600e-02 1.1 0.00e+00 0.0 0.0e+00 0.0e+00 2.0e+00  1  0  0  0  0   1  0  0  0  0     0
BuildTwoSided         48 1.0 1.0739e-02 4.2 0.00e+00 0.0 3.9e+02 4.0e+00 0.0e+00  0  0  2  0  0   0  0  2  0  0     0
BuildTwoSidedF        59 1.0 3.5923e-0210.0 0.00e+00 0.0 2.2e+02 2.0e+04 0.0e+00  0  0  1  3  0   0  0  1  3  0     0
DMCreateMat            1 1.0 3.4731e-01 1.0 0.00e+00 0.0 3.2e+02 3.4e+04 1.3e+01  8  0  2  9  1   8  0  2  9  1     0
DMPlexCrFromFile       1 1.0 6.2740e-01 1.2 0.00e+00 0.0 0.0e+00 0.0e+00 5.0e+00 12  0  0  0  0  12  0  0  0  0     0
Mesh Partition         1 1.0 2.0641e-01 1.8 0.00e+00 0.0 2.8e+01 1.5e+05 9.0e+00  4  0  0  3  1   4  0  0  3  1     0
Mesh Migration         1 1.0 7.2939e-02 1.0 0.00e+00 0.0 1.9e+02 1.1e+05 2.4e+01  2  0  1 17  2   2  0  1 17  2     0
DMPlexPartSelf         1 1.0 6.6259e-026616.9 0.00e+00 0.0 0.0e+00 0.0e+00 0.0e+00  0  0  0  0  0   0  0  0  0  0     0
DMPlexPartLblInv       1 1.0 7.1973e-0215.2 0.00e+00 0.0 0.0e+00 0.0e+00 3.0e+00  1  0  0  1  0   1  0  0  1  0     0
DMPlexPartLblSF        1 1.0 8.1282e-03 1.2 0.00e+00 0.0 1.0e+01 9.6e+04 0.0e+00  0  0  0  1  0   0  0  0  1  0     0
DMPlexPartStrtSF       1 1.0 1.4641e-03 1.2 0.00e+00 0.0 7.0e+00 1.4e+05 0.0e+00  0  0  0  1  0   0  0  0  1  0     0
DMPlexPointSF          1 1.0 2.2450e-02 1.0 0.00e+00 0.0 1.4e+01 3.6e+05 0.0e+00  0  0  0  4  0   0  0  0  4  0     0
DMPlexInterp          13 1.0 5.1552e-01 1.0 0.00e+00 0.0 0.0e+00 0.0e+00 1.7e+01 11  0  0  0  2  11  0  0  0  2     0
DMPlexDistribute       1 1.0 3.0198e-01 1.4 0.00e+00 0.0 2.3e+02 1.3e+05 3.3e+01  6  0  1 25  3   6  0  1 25  3     0
DMPlexDistCones        1 1.0 1.7874e-02 1.0 0.00e+00 0.0 3.8e+01 2.8e+05 1.0e+00  0  0  0  8  0   0  0  0  8  0     0
DMPlexDistLabels       1 1.0 1.7464e-02 1.0 0.00e+00 0.0 9.4e+01 6.8e+04 2.1e+01  0  0  0  5  2   0  0  0  5  2     0
DMPlexDistField        1 1.0 3.1287e-02 1.0 0.00e+00 0.0 4.6e+01 6.0e+04 1.0e+00  1  0  0  2  0   1  0  0  2  0     0
DMPlexStratify        25 1.0 5.3312e-0121.6 0.00e+00 0.0 0.0e+00 0.0e+00 2.5e+01 10  0  0  0  2  10  0  0  0  2     0
DMPlexSymmetrize      25 1.0 5.0763e-0221.4 0.00e+00 0.0 0.0e+00 0.0e+00 0.0e+00  0  0  0  0  0   0  0  0  0  0     0
DMPlexPrealloc         1 1.0 3.4619e-01 1.0 0.00e+00 0.0 3.2e+02 3.4e+04 1.1e+01  8  0  2  9  1   8  0  2  9  1     0
SFSetGraph            51 1.0 3.1114e-04 1.8 0.00e+00 0.0 0.0e+00 0.0e+00 0.0e+00  0  0  0  0  0   0  0  0  0  0     0
SFSetUp               48 1.0 2.9948e-02 1.7 0.00e+00 0.0 1.2e+03 8.2e+03 0.0e+00  0  0  6  8  0   0  0  6  8  0     0
SFBcastOpBegin       638 1.0 2.1132e-02 1.9 0.00e+00 0.0 1.2e+04 5.3e+03 0.0e+00  0  0 62 51  0   0  0 62 51  0     0
SFBcastOpEnd         638 1.0 2.6256e-01 3.2 0.00e+00 0.0 0.0e+00 0.0e+00 0.0e+00  3  0  0  0  0   3  0  0  0  0     0
SFReduceBegin        316 1.0 2.8163e-02 1.2 0.00e+00 0.0 5.1e+03 7.9e+03 0.0e+00  1  0 26 32  0   1  0 26 32  0     0
SFReduceEnd          314 1.0 1.4264e-01 6.8 0.00e+00 0.0 0.0e+00 0.0e+00 0.0e+00  2  0  0  0  0   2  0  0  0  0     0
SFFetchOpBegin         2 1.0 6.6042e-05 2.1 0.00e+00 0.0 3.2e+01 3.8e+04 0.0e+00  0  0  0  1  0   0  0  0  1  0     0
SFFetchOpEnd           2 1.0 2.1241e-03 5.9 0.00e+00 0.0 3.2e+01 3.8e+04 0.0e+00  0  0  0  1  0   0  0  0  1  0     0
SFCreateEmbed          3 1.0 3.7562e-0223.0 0.00e+00 0.0 3.9e+01 2.8e+04 0.0e+00  0  0  0  1  0   0  0  0  1  0     0
SFDistSection          9 1.0 4.5256e-02 1.1 0.00e+00 0.0 2.6e+02 3.8e+04 9.0e+00  1  0  1  8  1   1  0  1  8  1     0
SFSectionSF           11 1.0 1.6836e-02 1.4 0.00e+00 0.0 2.0e+02 2.4e+04 0.0e+00  0  0  1  4  0   0  0  1  4  0     0
SFRemoteOff            2 1.0 1.5359e-0216.8 0.00e+00 0.0 6.4e+01 2.3e+03 0.0e+00  0  0  0  0  0   0  0  0  0  0     0
MatMult              370 1.0 8.7121e-01 1.0 1.17e+08 1.2 9.8e+03 5.9e+03 0.0e+00 19 29 50 46  0  19 29 50 46  0   958
MatMultAdd            60 1.0 3.7978e-02 1.1 7.70e+06 1.2 1.2e+03 3.1e+03 0.0e+00  1  2  6  3  0   1  2  6  3  0  1503
MatMultTranspose      62 1.0 4.7265e-02 1.4 5.22e+06 1.2 1.3e+03 3.3e+03 0.0e+00  1  1  7  3  0   1  1  7  3  0   817
MatSolve              15 0.0 6.6519e-05 0.0 1.18e+04 0.0 0.0e+00 0.0e+00 0.0e+00  0  0  0  0  0   0  0  0  0  0   178
MatSOR               213 1.0 8.4258e-02 1.3 9.74e+07 1.2 0.0e+00 0.0e+00 0.0e+00  2 25  0  0  0   2 25  0  0  0  8283
MatLUFactorSym         1 1.0 3.8147e-05 1.2 0.00e+00 0.0 0.0e+00 0.0e+00 0.0e+00  0  0  0  0  0   0  0  0  0  0     0
MatLUFactorNum         1 1.0 1.8120e-05 6.3 4.80e+03 0.0 0.0e+00 0.0e+00 0.0e+00  0  0  0  0  0   0  0  0  0  0   265
MatScale               9 1.0 4.9257e-04 1.1 3.84e+05 1.2 7.0e+01 5.3e+02 0.0e+00  0  0  0  0  0   0  0  0  0  0  5584
MatResidual           60 1.0 1.2141e-01 1.1 2.31e+07 1.2 1.5e+03 5.0e+03 0.0e+00  3  6  8  6  0   3  6  8  6  0  1362
MatAssemblyBegin      77 1.0 3.7066e-02 6.0 0.00e+00 0.0 2.2e+02 2.0e+04 0.0e+00  1  0  1  3  0   1  0  1  3  0     0
MatAssemblyEnd        77 1.0 2.4361e-02 1.1 3.33e+04 1.9 6.3e+02 2.2e+02 8.4e+01  1  0  3  0  7   1  0  3  0  8     8
MatGetRowIJ            2 2.0 9.2800e-03 1.1 0.00e+00 0.0 0.0e+00 0.0e+00 0.0e+00  0  0  0  0  0   0  0  0  0  0     0
MatCreateSubMat        4 1.0 2.0070e-03 1.0 0.00e+00 0.0 7.2e+01 2.1e+03 4.8e+01  0  0  0  0  4   0  0  0  0  4     0
MatGetOrdering         1 0.0 4.4107e-05 0.0 0.00e+00 0.0 0.0e+00 0.0e+00 0.0e+00  0  0  0  0  0   0  0  0  0  0     0
MatCoarsen             3 1.0 7.4983e-04 1.0 0.00e+00 0.0 4.5e+02 4.9e+02 8.0e+00  0  0  2  0  1   0  0  2  0  1     0
MatZeroEntries         4 1.0 1.0839e-03 2.0 0.00e+00 0.0 0.0e+00 0.0e+00 0.0e+00  0  0  0  0  0   0  0  0  0  0     0
MatAXPY                3 1.0 1.9810e-03 1.1 3.23e+04 1.2 0.0e+00 0.0e+00 0.0e+00  0  0  0  0  0   0  0  0  0  0   117
MatFDColorCreate       1 1.0 7.4863e-05 1.2 0.00e+00 0.0 0.0e+00 0.0e+00 2.0e+00  0  0  0  0  0   0  0  0  0  0     0
MatFDColorSetUp        1 1.0 3.9796e-02 1.0 0.00e+00 0.0 0.0e+00 0.0e+00 4.3e+02  1  0  0  0 38   1  0  0  0 39     0
MatFDColorApply        1 1.0 6.3401e-01 1.0 2.26e+06 1.2 3.5e+03 2.7e+03 2.0e+00 14  1 18  8  0  14  1 18  8  0    25
MatFDColorFunc       108 1.0 6.2586e-01 1.0 0.00e+00 0.0 3.5e+03 2.7e+03 2.0e+00 14  0 18  8  0  14  0 18  8  0     0
MatTranspose           6 1.0 2.3079e-03 1.4 0.00e+00 0.0 0.0e+00 0.0e+00 0.0e+00  0  0  0  0  0   0  0  0  0  0     0
MatMatMult             3 1.0 2.0189e-02 1.0 4.35e+06 1.2 3.9e+02 2.3e+03 2.4e+01  0  1  2  1  2   0  1  2  1  2  1538
MatMatMultSym          3 1.0 1.4618e-02 1.0 0.00e+00 0.0 3.2e+02 1.8e+03 2.4e+01  0  0  2  0  2   0  0  2  0  2     0
MatMatMultNum          3 1.0 5.5468e-03 1.0 4.35e+06 1.2 7.0e+01 4.8e+03 0.0e+00  0  1  0  0  0   0  1  0  0  0  5598
MatPtAP                3 1.0 5.9668e-02 1.0 2.11e+07 1.3 6.4e+02 5.5e+03 3.3e+01  1  5  3  3  3   1  5  3  3  3  2531
MatPtAPSymbolic        3 1.0 4.1516e-02 1.0 0.00e+00 0.0 4.2e+02 5.7e+03 2.1e+01  1  0  2  2  2   1  0  2  2  2     0
MatPtAPNumeric         3 1.0 1.8141e-02 1.0 2.11e+07 1.3 2.2e+02 5.1e+03 1.2e+01  0  5  1  1  1   0  5  1  1  1  8323
MatTrnMatMult          1 1.0 4.1652e-02 1.0 4.03e+06 1.3 1.9e+02 2.0e+04 1.1e+01  1  1  1  3  1   1  1  1  3  1   688
MatTrnMatMultSym       1 1.0 2.2072e-02 1.0 0.00e+00 0.0 9.6e+01 8.3e+03 7.0e+00  0  0  0  1  1   0  0  0  1  1     0
MatTrnMatMultNum       1 1.0 1.9596e-02 1.0 4.03e+06 1.3 9.6e+01 3.2e+04 4.0e+00  0  1  0  2  0   0  1  0  2  0  1463
MatGetLocalMat        10 1.0 1.9736e-03 1.3 0.00e+00 0.0 0.0e+00 0.0e+00 0.0e+00  0  0  0  0  0   0  0  0  0  0     0
MatGetBrAoCol          9 1.0 1.2319e-03 1.4 0.00e+00 0.0 4.9e+02 6.2e+03 0.0e+00  0  0  2  2  0   0  0  2  2  0     0
MatColoringApply       1 1.0 1.3178e-01 1.0 0.00e+00 0.0 7.0e+00 4.0e+00 3.0e+00  3  0  0  0  0   3  0  0  0  0     0
VecDot                 1 1.0 9.6202e-04 2.9 1.80e+05 1.2 0.0e+00 0.0e+00 1.0e+00  0  0  0  0  0   0  0  0  0  0  1400
VecMDot               70 1.0 1.9103e-02 3.5 1.23e+07 1.2 0.0e+00 0.0e+00 7.0e+01  0  3  0  0  6   0  3  0  0  6  4763
VecTDot               29 1.0 2.7043e-02 4.6 5.23e+06 1.2 0.0e+00 0.0e+00 2.9e+01  0  1  0  0  3   0  1  0  0  3  1444
VecNorm               81 1.0 3.9512e-02 6.4 3.18e+06 1.2 0.0e+00 0.0e+00 8.1e+01  0  1  0  0  7   0  1  0  0  7   597
VecScale             226 1.0 5.9009e-04 1.1 1.23e+06 1.2 0.0e+00 0.0e+00 0.0e+00  0  0  0  0  0   0  0  0  0  0 15421
VecCopy              270 1.0 4.0803e-03 1.1 0.00e+00 0.0 0.0e+00 0.0e+00 0.0e+00  0  0  0  0  0   0  0  0  0  0     0
VecSet              1078 1.0 4.6786e-02 1.2 0.00e+00 0.0 0.0e+00 0.0e+00 0.0e+00  1  0  0  0  0   1  0  0  0  0     0
VecAXPY              160 1.0 6.5908e-03 1.2 1.06e+07 1.2 0.0e+00 0.0e+00 0.0e+00  0  3  0  0  0   0  3  0  0  0 11888
VecAYPX              403 1.0 1.4122e-02 1.2 1.72e+07 1.2 0.0e+00 0.0e+00 0.0e+00  0  5  0  0  0   0  5  0  0  0  9045
VecAXPBYCZ           150 1.0 9.5699e-03 1.2 2.86e+07 1.2 0.0e+00 0.0e+00 0.0e+00  0  8  0  0  0   0  8  0  0  0 22312
VecWAXPY               2 1.0 3.0279e-04 1.3 1.80e+05 1.2 0.0e+00 0.0e+00 0.0e+00  0  0  0  0  0   0  0  0  0  0  4447
VecMAXPY              77 1.0 4.3640e-03 1.1 1.45e+07 1.2 0.0e+00 0.0e+00 0.0e+00  0  4  0  0  0   0  4  0  0  0 24642
VecAssemblyBegin      36 1.0 7.6842e-04 1.4 0.00e+00 0.0 0.0e+00 0.0e+00 0.0e+00  0  0  0  0  0   0  0  0  0  0     0
VecAssemblyEnd        36 1.0 3.0041e-05 1.4 0.00e+00 0.0 0.0e+00 0.0e+00 0.0e+00  0  0  0  0  0   0  0  0  0  0     0
VecPointwiseMult     167 1.0 2.0901e-02 1.2 1.28e+07 1.1 0.0e+00 0.0e+00 0.0e+00  0  3  0  0  0   0  3  0  0  0  4613
VecScatterBegin      370 1.0 2.1679e-03 1.6 0.00e+00 0.0 8.1e+03 1.3e+03 0.0e+00  0  0 41  8  0   0  0 41  8  0     0
VecScatterEnd        370 1.0 2.1156e-02 6.6 0.00e+00 0.0 0.0e+00 0.0e+00 0.0e+00  0  0  0  0  0   0  0  0  0  0     0
VecSetRandom           3 1.0 3.1209e-04 1.2 0.00e+00 0.0 0.0e+00 0.0e+00 0.0e+00  0  0  0  0  0   0  0  0  0  0     0
VecReduceArith         2 1.0 5.0902e-04 1.2 3.60e+05 1.2 0.0e+00 0.0e+00 0.0e+00  0  0  0  0  0   0  0  0  0  0  5291
VecReduceComm          1 1.0 1.6785e-0427.1 0.00e+00 0.0 0.0e+00 0.0e+00 1.0e+00  0  0  0  0  0   0  0  0  0  0     0
VecNormalize          77 1.0 1.5893e-02 4.4 3.68e+06 1.2 0.0e+00 0.0e+00 7.7e+01  0  1  0  0  7   0  1  0  0  7  1718
SNESSolve              1 1.0 2.5188e+00 1.0 3.73e+08 1.2 1.8e+04 4.5e+03 1.0e+03 55 96 94 65 89  55 96 94 65 89  1081
SNESSetUp              1 1.0 1.5974e-05 1.6 0.00e+00 0.0 0.0e+00 0.0e+00 0.0e+00  0  0  0  0  0   0  0  0  0  0     0
SNESFunctionEval     110 1.0 9.2170e-01 1.0 2.12e+07 1.3 3.5e+03 2.9e+03 1.7e+01 20  5 18  8  2  20  5 18  8  2   160
SNESJacobianEval       1 1.0 8.0411e-01 1.0 2.26e+06 1.2 3.5e+03 2.7e+03 4.4e+02 18  1 18  8 39  18  1 18  8 39    20
SNESLineSearch         1 1.0 1.4373e-01 1.0 1.17e+07 1.2 6.4e+01 1.2e+04 4.0e+00  3  3  0  1  0   3  3  0  1  0   575
KSPSetUp              15 1.0 3.1312e-03 1.3 0.00e+00 0.0 0.0e+00 0.0e+00 8.0e+00  0  0  0  0  1   0  0  0  0  1     0
KSPSolve               1 1.0 1.4078e+00 1.0 3.52e+08 1.2 1.5e+04 4.8e+03 5.4e+02 31 90 76 57 48  31 90 76 57 48  1810
KSPGMRESOrthog        70 1.0 2.2977e-02 2.6 2.46e+07 1.2 0.0e+00 0.0e+00 7.0e+01  0  6  0  0  6   0  6  0  0  6  7921
PCGAMGGraph_AGG        3 1.0 8.1887e-02 1.0 8.05e+05 1.2 2.8e+02 2.7e+02 4.8e+01  2  0  1  0  4   2  0  1  0  4    70
PCGAMGCoarse_AGG       3 1.0 4.3583e-02 1.0 4.03e+06 1.3 8.0e+02 5.5e+03 2.3e+01  1  1  4  3  2   1  1  4  3  2   658
PCGAMGProl_AGG         3 1.0 5.6469e-03 1.0 0.00e+00 0.0 8.4e+02 1.1e+03 8.4e+01  0  0  4  1  7   0  0  4  1  8     0
PCGAMGPOpt_AGG         3 1.0 3.9495e-02 1.0 2.21e+07 1.2 1.1e+03 1.9e+03 1.1e+02  1  6  6  2 10   1  6  6  2 10  3991
GAMG: createProl       3 1.0 1.7072e-01 1.0 2.69e+07 1.2 3.0e+03 2.5e+03 2.7e+02  4  7 15  6 24   4  7 15  6 24  1125
  Graph                6 1.0 8.1714e-02 1.0 8.05e+05 1.2 2.8e+02 2.7e+02 4.8e+01  2  0  1  0  4   2  0  1  0  4    70
  MIS/Agg              3 1.0 7.7796e-04 1.0 0.00e+00 0.0 4.5e+02 4.9e+02 8.0e+00  0  0  2  0  1   0  0  2  0  1     0
  SA: col data         3 1.0 2.0289e-03 1.0 0.00e+00 0.0 7.0e+02 1.0e+03 6.0e+01  0  0  4  1  5   0  0  4  1  5     0
  SA: frmProl0         3 1.0 3.2599e-03 1.0 0.00e+00 0.0 1.4e+02 1.5e+03 1.2e+01  0  0  1  0  1   0  0  1  0  1     0
  SA: smooth           3 1.0 2.3401e-02 1.0 4.60e+06 1.2 3.9e+02 2.3e+03 3.0e+01  1  1  2  1  3   1  1  2  1  3  1405
GAMG: partLevel        3 1.0 6.2447e-02 1.0 2.11e+07 1.3 7.7e+02 4.8e+03 1.3e+02  1  5  4  3 11   1  5  4  3 12  2418
  repartition          2 1.0 2.7499e-03 1.0 0.00e+00 0.0 1.3e+02 1.3e+03 9.6e+01  0  0  1  0  9   0  0  1  0  9     0
  Invert-Sort          2 1.0 1.2708e-04 1.2 0.00e+00 0.0 0.0e+00 0.0e+00 1.2e+01  0  0  0  0  1   0  0  0  0  1     0
  Move A               2 1.0 1.1201e-03 1.0 0.00e+00 0.0 4.4e+01 3.3e+03 2.6e+01  0  0  0  0  2   0  0  0  0  2     0
  Move P               2 1.0 1.0929e-03 1.0 0.00e+00 0.0 2.8e+01 7.0e+01 2.8e+01  0  0  0  0  2   0  0  0  0  2     0
PCSetUp                2 1.0 2.4117e-01 1.0 4.83e+07 1.3 3.8e+03 3.0e+03 4.3e+02  5 12 19  9 38   5 12 19  9 38  1430
PCSetUpOnBlocks       15 1.0 1.3971e-04 1.4 4.80e+03 0.0 0.0e+00 0.0e+00 0.0e+00  0  0  0  0  0   0  0  0  0  0    34
PCApply               15 1.0 1.0609e+00 1.0 2.91e+08 1.2 1.1e+04 5.2e+03 8.6e+01 23 74 54 43  8  23 74 54 43  8  1988
------------------------------------------------------------------------------------------------------------------------

Memory usage is given in bytes:

Object Type          Creations   Destructions     Memory  Descendants' Mem.
Reports information only for process 0.

--- Event Stage 0: Main Stage

           Container    21             21        12096     0.
    Distributed Mesh    77             77       396656     0.
            DM Label   127            127        80264     0.
    GraphPartitioner    25             25        16800     0.
          Quadrature   226            226       133792     0.
           Index Set   596            596      2864876     0.
   IS L to G Mapping     2              2       958232     0.
             Section   157            157       113040     0.
   Star Forest Graph   201            201       186016     0.
     Discrete System   100            100        92808     0.
              Matrix   125            125     78147948     0.
  Matrix FD Coloring     1              1     12468648     0.
     Matrix Coloring     1              1          648     0.
      Matrix Coarsen     3              3         1908     0.
         Vec Scatter    23             23        18400     0.
              Vector   289            289     33003304     0.
        Linear Space     3              3         2040     0.
          Dual Space    12             12         9312     0.
            FE Space     3              3         2316     0.
                SNES     2              2         2804     0.
              DMSNES     2              2         1344     0.
      SNESLineSearch     1              1         1000     0.
       Krylov Solver    17             17       227936     0.
     DMKSP interface     1              1          656     0.
      Preconditioner    12             12        12268     0.
       Field over DM     1              1          704     0.
         PetscRandom     6              6         3876     0.
              Viewer     1              0            0     0.
========================================================================================================================
Average time to get PetscTime(): 0.
Average time for MPI_Barrier(): 3.38554e-06
Average time for zero size MPI_Send(): 4.11272e-06
#PETSc Option Table entries:
-boundary mms
-degree 2
-E 1e6
-forcing mms
-log_view
-mesh ./meshes/cylinder8_31280e_4ss_us.exo
-nu .3
#End of PETSc Option Table entries
Compiled without FORTRAN kernels
Compiled with full precision matrices (default)
sizeof(short) 2 sizeof(int) 4 sizeof(long) 8 sizeof(void*) 8 sizeof(PetscScalar) 8 sizeof(PetscInt) 4
Configure options: --with-cc=gcc --with-cxx=g++ --with-fc=gfortran --with-valgrind-dir=/curc/sw/valgrind/3.11.0 --download-make --download-cmake --download-mpich --download-fblaslapack --download-parmetis --download-metis --download-zlib --download-hdf5 --download-netcdf --download-pnetcdf --download-exodusii COPTFLAGS="-O3 -march=native" FOPTFLAGS="-O3 -march=native" CXXOPTFLAGS="-O3 -march=native" --with-debugging=0 --with-shared-libraries=1 --prefix=/projects/arme5062/software/petsc/local
-----------------------------------------
Libraries compiled on 2020-03-04 05:38:54 on shas0137 
Machine characteristics: Linux-3.10.0-957.21.3.el7.x86_64-x86_64-with-redhat-7.4-Maipo
Using PETSc directory: /projects/arme5062/software/petsc/local
Using PETSc arch: 
-----------------------------------------

Using C compiler: /projects/arme5062/software/petsc/local/bin/mpicc  -Wall -Wwrite-strings -Wno-strict-aliasing -Wno-unknown-pragmas -fstack-protector -fvisibility=hidden -O3 -march=native  
Using Fortran compiler: /projects/arme5062/software/petsc/local/bin/mpif90  -Wall -ffree-line-length-0 -Wno-unused-dummy-argument -O3 -march=native   
-----------------------------------------

Using include paths: -I/projects/arme5062/software/petsc/local/include -I/curc/sw/valgrind/3.11.0/include
-----------------------------------------

Using C linker: /projects/arme5062/software/petsc/local/bin/mpicc
Using Fortran linker: /projects/arme5062/software/petsc/local/bin/mpif90
Using libraries: -Wl,-rpath,/projects/arme5062/software/petsc/local/lib -L/projects/arme5062/software/petsc/local/lib -lpetsc -Wl,-rpath,/projects/arme5062/software/petsc/local/lib -L/projects/arme5062/software/petsc/local/lib -Wl,-rpath,/usr/lib/gcc/x86_64-redhat-linux/4.8.5 -L/usr/lib/gcc/x86_64-redhat-linux/4.8.5 -lflapack -lfblas -lpthread -lexodus -lnetcdf -lpnetcdf -lhdf5hl_fortran -lhdf5_fortran -lhdf5_hl -lhdf5 -lparmetis -lmetis -lm -lz -lX11 -lstdc++ -ldl -lmpifort -lmpi -lgfortran -lm -lgfortran -lm -lgcc_s -lquadmath -lstdc++ -ldl
-----------------------------------------

