
-- Elastisticy Example - libCEED + PETSc --
  libCEED:
    libCEED Backend                    : /cpu/self/xsmm/blocked
  Problem:
    Problem Name                       : Linear elasticity
    Forcing Function                   : Manufactured solution
    Boundary Condition                 : Manufactured solution
  Mesh:
    File                               : ./meshes/cylinder8_31280e_4ss_us.exo
    Number of 1D Basis Nodes (p)       : 5
    Number of 1D Quadrature Points (q) : 5
    Global nodes                       : 1898424
    Owned nodes                        : 78187
    DoF per node                       : 3
  Multigrid:
    Type                               : P-multigrid, logarithmic coarsening
    Number of Levels                   : 3
    Level 0 (coarse):
      Number of 1D Basis Nodes (p)     : 2
      Global Nodes                     : 24852
      Owned Nodes                      : 919
    Level 2 (fine):
      Number of 1D Basis Nodes (p)     : 5
      Global Nodes                     : 1898424
      Owned Nodes                      : 78187
  SNES:
    SNES Type                          : newtonls
    SNES Convergence                   : CONVERGED_FNORM_RELATIVE
    Total SNES Iterations              : 1
    Final rnorm                        : 7.542536e-04
  Linear Solver:
    KSP Type                           : cg
  P-Multigrid:
    PCMG Type                          : MULTIPLICATIVE
    PCMG Cycle Type                    : v
    Coarse Solve:
      KSP Type                         : preonly
      PC Type                          : gamg
  Performance:
    SNES Solve Time                    : 4.59935 (4.59931) sec
    L2 Error                           : 0.000000
************************************************************************************************************************
***             WIDEN YOUR WINDOW TO 120 CHARACTERS.  Use 'enscript -r -fCourier9' to print this document            ***
************************************************************************************************************************

---------------------------------------------- PETSc Performance Summary: ----------------------------------------------

./elasticity on a  named ssky0946.rc.int.colorado.edu with 24 processors, by arme5062 Thu Mar  5 16:49:26 2020
Using Petsc Development GIT revision: v3.12.4-787-gcc5957f  GIT Date: 2020-02-26 21:52:32 -0500

                         Max       Max/Min     Avg       Total 
Time (sec):           5.943e+00     1.000   5.943e+00
Objects:              2.863e+03     1.045   2.773e+03
Flop:                 1.438e+09     1.049   1.403e+09  3.368e+10
Flop/sec:             2.420e+08     1.049   2.361e+08  5.667e+09
MPI Messages:         7.478e+03     2.681   4.787e+03  1.149e+05
MPI Message Lengths:  5.015e+07     2.137   6.637e+03  7.625e+08
MPI Reductions:       1.201e+03     1.000

Flop counting convention: 1 flop = 1 real number operation of type (multiply/divide/add/subtract)
                            e.g., VecAXPY() for real vectors of length N --> 2N flop
                            and VecAXPY() for complex vectors of length N --> 8N flop

Summary of Stages:   ----- Time ------  ----- Flop ------  --- Messages ---  -- Message Lengths --  -- Reductions --
                        Avg     %Total     Avg     %Total    Count   %Total     Avg         %Total    Count   %Total 
 0:      Main Stage: 5.9430e+00 100.0%  3.3678e+10 100.0%  1.149e+05 100.0%  6.637e+03      100.0%  1.194e+03  99.4% 

------------------------------------------------------------------------------------------------------------------------
See the 'Profiling' chapter of the users' manual for details on interpreting output.
Phase summary info:
   Count: number of times phase was executed
   Time and Flop: Max - maximum over all processors
                  Ratio - ratio of maximum to minimum over all processors
   Mess: number of messages sent
   AvgLen: average message length (bytes)
   Reduct: number of global reductions
   Global: entire computation
   Stage: stages of a computation. Set stages with PetscLogStagePush() and PetscLogStagePop().
      %T - percent time in this phase         %F - percent flop in this phase
      %M - percent messages in this phase     %L - percent message lengths in this phase
      %R - percent reductions in this phase
   Total Mflop/s: 10e-6 * (sum of flop over all processors)/(max time over all processors)
------------------------------------------------------------------------------------------------------------------------
Event                Count      Time (sec)     Flop                              --- Global ---  --- Stage ----  Total
                   Max Ratio  Max     Ratio   Max  Ratio  Mess   AvgLen  Reduct  %T %F %M %L %R  %T %F %M %L %R Mflop/s
------------------------------------------------------------------------------------------------------------------------

--- Event Stage 0: Main Stage

PetscBarrier           2 1.0 2.9188e-02 1.1 0.00e+00 0.0 0.0e+00 0.0e+00 2.0e+00  0  0  0  0  0   0  0  0  0  0     0
BuildTwoSided         52 1.0 1.3807e-02 2.4 0.00e+00 0.0 1.8e+03 4.0e+00 0.0e+00  0  0  2  0  0   0  0  2  0  0     0
BuildTwoSidedF        59 1.0 1.6883e-02 3.2 0.00e+00 0.0 8.4e+02 9.9e+03 0.0e+00  0  0  1  1  0   0  0  1  1  0     0
DMCreateMat            1 1.0 9.6284e-02 1.0 0.00e+00 0.0 1.3e+03 1.6e+04 1.3e+01  2  0  1  3  1   2  0  1  3  1     0
DMPlexCrFromFile       1 1.0 3.6267e-01 1.2 0.00e+00 0.0 0.0e+00 0.0e+00 5.0e+00  5  0  0  0  0   5  0  0  0  0     0
Mesh Partition         1 1.0 1.3197e-01 1.8 0.00e+00 0.0 9.2e+01 5.0e+04 9.0e+00  2  0  0  1  1   2  0  0  1  1     0
Mesh Migration         1 1.0 3.5397e-02 1.0 0.00e+00 0.0 6.3e+02 3.9e+04 2.4e+01  1  0  1  3  2   1  0  1  3  2     0
DMPlexPartSelf         1 1.0 3.6509e-027291.9 0.00e+00 0.0 0.0e+00 0.0e+00 0.0e+00  0  0  0  0  0   0  0  0  0  0     0
DMPlexPartLblInv       1 1.0 3.8755e-0223.4 0.00e+00 0.0 0.0e+00 0.0e+00 3.0e+00  1  0  0  0  0   1  0  0  0  0     0
DMPlexPartLblSF        1 1.0 3.5279e-03 1.5 0.00e+00 0.0 3.4e+01 3.3e+04 0.0e+00  0  0  0  0  0   0  0  0  0  0     0
DMPlexPartStrtSF       1 1.0 1.6410e-03 2.5 0.00e+00 0.0 2.3e+01 4.9e+04 0.0e+00  0  0  0  0  0   0  0  0  0  0     0
DMPlexPointSF          1 1.0 1.2200e-02 1.0 0.00e+00 0.0 4.6e+01 1.2e+05 0.0e+00  0  0  0  1  0   0  0  0  1  0     0
DMPlexInterp          17 1.0 2.4511e-01 1.0 0.00e+00 0.0 0.0e+00 0.0e+00 2.2e+01  4  0  0  0  2   4  0  0  0  2     0
DMPlexDistribute       1 1.0 1.7988e-01 1.5 0.00e+00 0.0 7.7e+02 4.5e+04 3.3e+01  3  0  1  5  3   3  0  1  5  3     0
DMPlexDistCones        1 1.0 9.1751e-03 1.1 0.00e+00 0.0 1.3e+02 9.4e+04 1.0e+00  0  0  0  2  0   0  0  0  2  0     0
DMPlexDistLabels       1 1.0 9.2731e-03 1.0 0.00e+00 0.0 3.1e+02 2.3e+04 2.1e+01  0  0  0  1  2   0  0  0  1  2     0
DMPlexDistField        1 1.0 1.5018e-02 1.0 0.00e+00 0.0 1.5e+02 2.1e+04 1.0e+00  0  0  0  0  0   0  0  0  0  0     0
DMPlexStratify        32 1.0 2.4297e-0122.2 0.00e+00 0.0 0.0e+00 0.0e+00 3.2e+01  4  0  0  0  3   4  0  0  0  3     0
DMPlexSymmetrize      32 1.0 2.1097e-0247.1 0.00e+00 0.0 0.0e+00 0.0e+00 0.0e+00  0  0  0  0  0   0  0  0  0  0     0
DMPlexPrealloc         1 1.0 9.5826e-02 1.0 0.00e+00 0.0 1.3e+03 1.6e+04 1.1e+01  2  0  1  3  1   2  0  1  3  1     0
SFSetGraph            55 1.0 2.7323e-04 1.5 0.00e+00 0.0 0.0e+00 0.0e+00 0.0e+00  0  0  0  0  0   0  0  0  0  0     0
SFSetUp               52 1.0 2.2441e-02 1.3 0.00e+00 0.0 5.3e+03 2.8e+03 0.0e+00  0  0  5  2  0   0  0  5  2  0     0
SFBcastOpBegin       907 1.0 1.5065e-01 1.4 0.00e+00 0.0 7.1e+04 5.4e+03 0.0e+00  2  0 62 50  0   2  0 62 50  0     0
SFBcastOpEnd         907 1.0 5.1636e-01 3.0 0.00e+00 0.0 0.0e+00 0.0e+00 0.0e+00  5  0  0  0  0   5  0  0  0  0     0
SFReduceBegin        530 1.0 1.4989e-01 1.2 0.00e+00 0.0 3.4e+04 1.0e+04 0.0e+00  2  0 30 45  0   2  0 30 45  0     0
SFReduceEnd          528 1.0 4.8371e-01 5.3 0.00e+00 0.0 0.0e+00 0.0e+00 0.0e+00  5  0  0  0  0   5  0  0  0  0     0
SFFetchOpBegin         2 1.0 5.9128e-0527.6 0.00e+00 0.0 1.3e+02 1.8e+04 0.0e+00  0  0  0  0  0   0  0  0  0  0     0
SFFetchOpEnd           2 1.0 4.3707e-0329.9 0.00e+00 0.0 1.3e+02 1.8e+04 0.0e+00  0  0  0  0  0   0  0  0  0  0     0
SFCreateEmbed          3 1.0 1.8707e-0227.6 0.00e+00 0.0 1.5e+02 8.4e+03 0.0e+00  0  0  0  0  0   0  0  0  0  0     0
SFDistSection         11 1.0 2.8635e-02 1.3 0.00e+00 0.0 1.3e+03 8.9e+03 1.1e+01  0  0  1  2  1   0  0  1  2  1     0
SFSectionSF           13 1.0 7.2548e-03 1.6 0.00e+00 0.0 9.4e+02 6.7e+03 0.0e+00  0  0  1  1  0   0  0  1  1  0     0
SFRemoteOff            2 1.0 7.3071e-0328.2 0.00e+00 0.0 2.6e+02 1.1e+03 0.0e+00  0  0  0  0  0   0  0  0  0  0     0
MatMult              593 1.0 2.4925e+00 1.0 5.53e+07 1.4 6.9e+04 8.8e+03 0.0e+00 42  3 60 79  0  42  3 60 79  0   453
MatMultAdd            95 1.0 1.3756e-01 1.1 1.82e+07 1.1 8.6e+03 5.3e+03 0.0e+00  2  1  8  6  0   2  1  8  6  0  3009
MatMultTranspose      98 1.0 1.4392e-01 1.3 8.12e+06 1.1 9.0e+03 5.5e+03 0.0e+00  2  1  8  7  0   2  1  8  7  0  1291
MatSolve              19 0.0 9.0361e-05 0.0 7.58e+03 0.0 0.0e+00 0.0e+00 0.0e+00  0  0  0  0  0   0  0  0  0  0    84
MatSOR               261 1.0 4.7233e-02 1.4 4.10e+07 1.4 0.0e+00 0.0e+00 0.0e+00  1  2  0  0  0   1  2  0  0  0 17287
MatLUFactorSym         1 1.0 3.3855e-05 2.3 0.00e+00 0.0 0.0e+00 0.0e+00 0.0e+00  0  0  0  0  0   0  0  0  0  0     0
MatLUFactorNum         1 1.0 1.9073e-05 5.0 1.72e+03 0.0 0.0e+00 0.0e+00 0.0e+00  0  0  0  0  0   0  0  0  0  0    90
MatScale               9 1.0 1.8883e-04 1.4 1.39e+05 1.5 3.1e+02 2.3e+02 0.0e+00  0  0  0  0  0   0  0  0  0  0 14717
MatResidual           95 1.0 3.4760e-01 1.1 1.52e+07 1.3 1.1e+04 7.2e+03 0.0e+00  6  1  9 10  0   6  1  9 10  0   915
MatAssemblyBegin      78 1.0 1.7502e-02 2.8 0.00e+00 0.0 8.4e+02 9.9e+03 0.0e+00  0  0  1  1  0   0  0  1  1  0     0
MatAssemblyEnd        78 1.0 1.6820e-02 1.1 2.08e+04 1.9 2.8e+03 1.0e+02 8.4e+01  0  0  2  0  7   0  0  2  0  7    22
MatGetRowIJ            2 2.0 7.9820e-03 1.3 0.00e+00 0.0 0.0e+00 0.0e+00 0.0e+00  0  0  0  0  0   0  0  0  0  0     0
MatCreateSubMat        4 1.0 1.6832e-03 1.0 0.00e+00 0.0 2.4e+02 8.5e+02 4.8e+01  0  0  0  0  4   0  0  0  0  4     0
MatGetOrdering         1 0.0 4.8161e-05 0.0 0.00e+00 0.0 0.0e+00 0.0e+00 0.0e+00  0  0  0  0  0   0  0  0  0  0     0
MatCoarsen             3 1.0 6.1393e-04 1.1 0.00e+00 0.0 2.0e+03 2.1e+02 9.0e+00  0  0  2  0  1   0  0  2  0  1     0
MatZeroEntries         4 1.0 4.6992e-04 6.5 0.00e+00 0.0 0.0e+00 0.0e+00 0.0e+00  0  0  0  0  0   0  0  0  0  0     0
MatAXPY                3 1.0 6.4778e-04 1.2 1.14e+04 1.4 0.0e+00 0.0e+00 0.0e+00  0  0  0  0  0   0  0  0  0  0   357
MatFDColorCreate       1 1.0 9.2030e-05 1.6 0.00e+00 0.0 0.0e+00 0.0e+00 2.0e+00  0  0  0  0  0   0  0  0  0  0     0
MatFDColorSetUp        1 1.0 1.3189e-02 1.2 0.00e+00 0.0 0.0e+00 0.0e+00 4.3e+02  0  0  0  0 36   0  0  0  0 36     0
MatFDColorApply        1 1.0 4.6830e-01 1.0 7.92e+05 1.4 1.4e+04 1.3e+03 2.0e+00  8  0 12  2  0   8  0 12  2  0    34
MatFDColorFunc       108 1.0 4.6461e-01 1.0 0.00e+00 0.0 1.4e+04 1.3e+03 2.0e+00  8  0 12  2  0   8  0 12  2  0     0
MatTranspose           6 1.0 3.9434e-04 1.8 0.00e+00 0.0 0.0e+00 0.0e+00 0.0e+00  0  0  0  0  0   0  0  0  0  0     0
MatMatMult             3 1.0 6.3601e-03 1.0 1.55e+06 1.4 1.7e+03 1.0e+03 2.4e+01  0  0  1  0  2   0  0  1  0  2  4889
MatMatMultSym          3 1.0 4.7798e-03 1.0 0.00e+00 0.0 1.4e+03 8.1e+02 2.4e+01  0  0  1  0  2   0  0  1  0  2     0
MatMatMultNum          3 1.0 1.5759e-03 1.0 1.55e+06 1.4 3.1e+02 2.1e+03 0.0e+00  0  0  0  0  0   0  0  0  0  0 19732
MatPtAP                3 1.0 2.0445e-02 1.0 7.96e+06 1.7 2.9e+03 2.4e+03 3.3e+01  0  0  3  1  3   0  0  3  1  3  7560
MatPtAPSymbolic        3 1.0 1.3254e-02 1.0 0.00e+00 0.0 1.8e+03 2.6e+03 2.1e+01  0  0  2  1  2   0  0  2  1  2     0
MatPtAPNumeric         3 1.0 7.1788e-03 1.0 7.96e+06 1.7 1.1e+03 2.0e+03 1.2e+01  0  0  1  0  1   0  0  1  0  1 21531
MatTrnMatMult          1 1.0 1.6588e-02 1.0 1.46e+06 1.4 7.8e+02 9.4e+03 1.1e+01  0  0  1  1  1   0  0  1  1  1  1743
MatTrnMatMultSym       1 1.0 8.5092e-03 1.0 0.00e+00 0.0 3.9e+02 3.9e+03 7.0e+00  0  0  0  0  1   0  0  0  0  1     0
MatTrnMatMultNum       1 1.0 8.0819e-03 1.0 1.46e+06 1.4 3.9e+02 1.5e+04 4.0e+00  0  0  0  1  0   0  0  0  1  0  3578
MatGetLocalMat        10 1.0 5.6243e-04 1.4 0.00e+00 0.0 0.0e+00 0.0e+00 0.0e+00  0  0  0  0  0   0  0  0  0  0     0
MatGetBrAoCol          9 1.0 9.9182e-04 1.5 0.00e+00 0.0 2.2e+03 2.7e+03 0.0e+00  0  0  2  1  0   0  0  2  1  0     0
MatColoringApply       1 1.0 1.0511e-01 1.0 0.00e+00 0.0 2.3e+01 4.0e+00 3.0e+00  2  0  0  0  0   2  0  0  0  0     0
VecDot                 1 1.0 2.1989e-03 2.2 5.01e+05 1.1 0.0e+00 0.0e+00 1.0e+00  0  0  0  0  0   0  0  0  0  0  5180
VecMDot               80 1.0 4.6897e-02 2.2 3.17e+07 1.1 0.0e+00 0.0e+00 8.0e+01  0  2  0  0  7   0  2  0  0  7 15299
VecTDot               37 1.0 9.7454e-02 3.9 1.85e+07 1.1 0.0e+00 0.0e+00 3.7e+01  1  1  0  0  3   1  1  0  0  3  4325
VecNorm               92 1.0 7.9546e-0210.1 8.33e+06 1.1 0.0e+00 0.0e+00 9.2e+01  1  1  0  0  8   1  1  0  0  8  2377
VecScale             437 1.0 2.3141e-03 1.1 3.17e+06 1.1 0.0e+00 0.0e+00 0.0e+00  0  0  0  0  0   0  0  0  0  0 31005
VecCopy              330 1.0 2.1656e-02 1.2 0.00e+00 0.0 0.0e+00 0.0e+00 0.0e+00  0  0  0  0  0   0  0  0  0  0     0
VecSet              1772 1.0 2.6578e-01 1.2 0.00e+00 0.0 0.0e+00 0.0e+00 0.0e+00  4  0  0  0  0   4  0  0  0  0     0
VecAXPY              192 1.0 4.1495e-02 1.1 3.10e+07 1.1 0.0e+00 0.0e+00 0.0e+00  1  2  0  0  0   1  2  0  0  0 16966
VecAYPX              663 1.0 1.1923e-01 1.6 6.23e+07 1.1 0.0e+00 0.0e+00 0.0e+00  2  4  0  0  0   2  4  0  0  0 11871
VecAXPBYCZ           266 1.0 8.0460e-02 1.2 1.07e+08 1.1 0.0e+00 0.0e+00 0.0e+00  1  7  0  0  0   1  7  0  0  0 30260
VecWAXPY               2 1.0 1.6499e-03 1.2 5.01e+05 1.1 0.0e+00 0.0e+00 0.0e+00  0  0  0  0  0   0  0  0  0  0  6904
VecMAXPY              88 1.0 2.7076e-02 1.2 3.74e+07 1.1 0.0e+00 0.0e+00 0.0e+00  0  3  0  0  0   0  3  0  0  0 31317
VecAssemblyBegin      36 1.0 8.7094e-04 1.3 0.00e+00 0.0 0.0e+00 0.0e+00 0.0e+00  0  0  0  0  0   0  0  0  0  0     0
VecAssemblyEnd        36 1.0 2.6226e-05 2.1 0.00e+00 0.0 0.0e+00 0.0e+00 0.0e+00  0  0  0  0  0   0  0  0  0  0     0
VecPointwiseMult     363 1.0 1.5646e-01 1.3 4.80e+07 1.1 0.0e+00 0.0e+00 0.0e+00  2  3  0  0  0   2  3  0  0  0  6989
VecScatterBegin      442 1.0 2.7032e-03 2.0 0.00e+00 0.0 4.1e+04 5.7e+02 0.0e+00  0  0 36  3  0   0  0 36  3  0     0
VecScatterEnd        442 1.0 1.9577e-02 4.2 0.00e+00 0.0 0.0e+00 0.0e+00 0.0e+00  0  0  0  0  0   0  0  0  0  0     0
VecSetRandom           3 1.0 1.2374e-04 1.3 0.00e+00 0.0 0.0e+00 0.0e+00 0.0e+00  0  0  0  0  0   0  0  0  0  0     0
VecReduceArith         2 1.0 1.2710e-03 1.2 1.00e+06 1.1 0.0e+00 0.0e+00 0.0e+00  0  0  0  0  0   0  0  0  0  0 17924
VecReduceComm          1 1.0 5.0092e-0445.7 0.00e+00 0.0 0.0e+00 0.0e+00 1.0e+00  0  0  0  0  0   0  0  0  0  0     0
VecNormalize          88 1.0 4.8832e-02 5.7 9.50e+06 1.1 0.0e+00 0.0e+00 8.8e+01  0  1  0  0  7   0  1  0  0  7  4408
SNESSolve              1 1.0 4.5983e+00 1.0 4.96e+08 1.2 1.1e+05 6.4e+03 1.0e+03 77 33 95 92 87  77 33 95 92 87  2407
SNESSetUp              1 1.0 1.8120e-05 1.7 0.00e+00 0.0 0.0e+00 0.0e+00 0.0e+00  0  0  0  0  0   0  0  0  0  0     0
SNESFunctionEval     110 1.0 7.7848e-01 1.1 5.47e+07 1.5 1.4e+04 1.7e+03 1.7e+01 13  3 12  3  1  13  3 12  3  1  1358
SNESJacobianEval       1 1.0 5.8455e-01 1.0 7.92e+05 1.4 1.4e+04 1.3e+03 4.4e+02 10  0 12  2 37  10  0 12  2 37    28
SNESLineSearch         1 1.0 1.7223e-01 1.0 3.06e+07 1.4 2.6e+02 2.4e+04 4.0e+00  3  2  0  1  0   3  2  0  1  0  3499
KSPSetUp              17 1.0 1.5147e-02 1.3 0.00e+00 0.0 0.0e+00 0.0e+00 1.0e+01  0  0  0  0  1   0  0  0  0  1     0
KSPSolve               1 1.0 3.6765e+00 1.0 4.48e+08 1.2 9.5e+04 7.1e+03 5.8e+02 62 29 83 88 48  62 29 83 88 49  2692
KSPGMRESOrthog        80 1.0 6.6663e-02 1.5 6.33e+07 1.1 0.0e+00 0.0e+00 8.0e+01  1  4  0  0  7   1  4  0  0  7 21526
PCGAMGGraph_AGG        3 1.0 2.2547e-02 1.0 2.88e+05 1.4 1.2e+03 1.2e+02 4.8e+01  0  0  1  0  4   0  0  1  0  4   255
PCGAMGCoarse_AGG       3 1.0 1.8032e-02 1.0 1.46e+06 1.4 3.5e+03 2.4e+03 2.4e+01  0  0  3  1  2   0  0  3  1  2  1604
PCGAMGProl_AGG         3 1.0 3.2163e-03 1.0 0.00e+00 0.0 3.5e+03 5.0e+02 8.4e+01  0  0  3  0  7   0  0  3  0  7     0
PCGAMGPOpt_AGG         3 1.0 1.5597e-02 1.0 7.87e+06 1.4 4.8e+03 8.2e+02 1.1e+02  0  0  4  1  9   0  0  4  1  9 10122
GAMG: createProl       3 1.0 5.9400e-02 1.0 9.62e+06 1.4 1.3e+04 1.1e+03 2.7e+02  1  1 11  2 22   1  1 11  2 22  3242
  Graph                6 1.0 2.2358e-02 1.0 2.88e+05 1.4 1.2e+03 1.2e+02 4.8e+01  0  0  1  0  4   0  0  1  0  4   258
  MIS/Agg              3 1.0 6.4015e-04 1.1 0.00e+00 0.0 2.0e+03 2.1e+02 9.0e+00  0  0  2  0  1   0  0  2  0  1     0
  SA: col data         3 1.0 1.4951e-03 1.0 0.00e+00 0.0 3.1e+03 4.6e+02 6.0e+01  0  0  3  0  5   0  0  3  0  5     0
  SA: frmProl0         3 1.0 1.4062e-03 1.0 0.00e+00 0.0 4.2e+02 8.5e+02 1.2e+01  0  0  0  0  1   0  0  0  0  1     0
  SA: smooth           3 1.0 7.3972e-03 1.0 1.65e+06 1.4 1.7e+03 1.0e+03 3.0e+01  0  0  1  0  2   0  0  1  0  3  4455
GAMG: partLevel        3 1.0 2.3228e-02 1.0 7.96e+06 1.7 3.3e+03 2.2e+03 1.3e+02  0  0  3  1 11   0  0  3  1 11  6654
  repartition          2 1.0 2.7101e-03 1.0 0.00e+00 0.0 3.8e+02 5.8e+02 9.6e+01  0  0  0  0  8   0  0  0  0  8     0
  Invert-Sort          2 1.0 2.2197e-04 1.9 0.00e+00 0.0 0.0e+00 0.0e+00 1.2e+01  0  0  0  0  1   0  0  0  0  1     0
  Move A               2 1.0 1.2000e-03 1.1 0.00e+00 0.0 1.4e+02 1.5e+03 2.6e+01  0  0  0  0  2   0  0  0  0  2     0
  Move P               2 1.0 7.7200e-04 1.1 0.00e+00 0.0 1.0e+02 4.0e+01 2.8e+01  0  0  0  0  2   0  0  0  0  2     0
PCSetUp                2 1.0 1.0779e-01 1.0 1.82e+07 1.5 1.7e+04 1.5e+03 4.4e+02  2  1 15  3 36   2  1 15  3 36  3356
PCSetUpOnBlocks       19 1.0 1.8263e-04 1.5 1.72e+03 0.0 0.0e+00 0.0e+00 0.0e+00  0  0  0  0  0   0  0  0  0  0     9
PCApply               19 1.0 3.2859e+00 1.0 3.85e+08 1.2 7.6e+04 7.8e+03 1.1e+02 55 25 66 77  9  55 25 66 77  9  2590
------------------------------------------------------------------------------------------------------------------------

Memory usage is given in bytes:

Object Type          Creations   Destructions     Memory  Descendants' Mem.
Reports information only for process 0.

--- Event Stage 0: Main Stage

           Container    27             27        15552     0.
    Distributed Mesh   101            101       519904     0.
            DM Label   165            165       104280     0.
    GraphPartitioner    32             32        21504     0.
          Quadrature   697            697       412624     0.
           Index Set   696            696      2531060     0.
   IS L to G Mapping     2              2      1008600     0.
             Section   202            202       145440     0.
    Section Symmetry     1              1          688     0.
   Star Forest Graph   252            252       232472     0.
     Discrete System   131            131       121580     0.
              Matrix   133            133     67563708     0.
  Matrix FD Coloring     1              1      4099944     0.
     Matrix Coloring     1              1          648     0.
      Matrix Coarsen     3              3         1908     0.
         Vec Scatter    23             23        18400     0.
              Vector   326            326     91005248     0.
        Linear Space     4              4         2720     0.
          Dual Space    16             16        12416     0.
            FE Space     4              4         3088     0.
                SNES     2              2         2804     0.
              DMSNES     2              2         1344     0.
      SNESLineSearch     1              1         1000     0.
       Krylov Solver    19             19       259920     0.
     DMKSP interface     1              1          656     0.
      Preconditioner    13             13        13284     0.
       Field over DM     1              1          704     0.
         PetscRandom     6              6         3876     0.
              Viewer     1              0            0     0.
========================================================================================================================
Average time to get PetscTime(): 0.
Average time for MPI_Barrier(): 4.00543e-06
Average time for zero size MPI_Send(): 2.66234e-06
#PETSc Option Table entries:
-boundary mms
-degree 4
-E 1e6
-forcing mms
-log_view
-mesh ./meshes/cylinder8_31280e_4ss_us.exo
-nu .3
#End of PETSc Option Table entries
Compiled without FORTRAN kernels
Compiled with full precision matrices (default)
sizeof(short) 2 sizeof(int) 4 sizeof(long) 8 sizeof(void*) 8 sizeof(PetscScalar) 8 sizeof(PetscInt) 4
Configure options: --with-cc=gcc --with-cxx=g++ --with-fc=gfortran --with-valgrind-dir=/curc/sw/valgrind/3.11.0 --download-make --download-cmake --download-mpich --download-fblaslapack --download-parmetis --download-metis --download-zlib --download-hdf5 --download-netcdf --download-pnetcdf --download-exodusii COPTFLAGS="-O3 -march=native" FOPTFLAGS="-O3 -march=native" CXXOPTFLAGS="-O3 -march=native" --with-debugging=0 --with-shared-libraries=1 --prefix=/projects/arme5062/software/petsc/local
-----------------------------------------
Libraries compiled on 2020-03-04 05:38:54 on shas0137 
Machine characteristics: Linux-3.10.0-957.21.3.el7.x86_64-x86_64-with-redhat-7.4-Maipo
Using PETSc directory: /projects/arme5062/software/petsc/local
Using PETSc arch: 
-----------------------------------------

Using C compiler: /projects/arme5062/software/petsc/local/bin/mpicc  -Wall -Wwrite-strings -Wno-strict-aliasing -Wno-unknown-pragmas -fstack-protector -fvisibility=hidden -O3 -march=native  
Using Fortran compiler: /projects/arme5062/software/petsc/local/bin/mpif90  -Wall -ffree-line-length-0 -Wno-unused-dummy-argument -O3 -march=native   
-----------------------------------------

Using include paths: -I/projects/arme5062/software/petsc/local/include -I/curc/sw/valgrind/3.11.0/include
-----------------------------------------

Using C linker: /projects/arme5062/software/petsc/local/bin/mpicc
Using Fortran linker: /projects/arme5062/software/petsc/local/bin/mpif90
Using libraries: -Wl,-rpath,/projects/arme5062/software/petsc/local/lib -L/projects/arme5062/software/petsc/local/lib -lpetsc -Wl,-rpath,/projects/arme5062/software/petsc/local/lib -L/projects/arme5062/software/petsc/local/lib -Wl,-rpath,/usr/lib/gcc/x86_64-redhat-linux/4.8.5 -L/usr/lib/gcc/x86_64-redhat-linux/4.8.5 -lflapack -lfblas -lpthread -lexodus -lnetcdf -lpnetcdf -lhdf5hl_fortran -lhdf5_fortran -lhdf5_hl -lhdf5 -lparmetis -lmetis -lm -lz -lX11 -lstdc++ -ldl -lmpifort -lmpi -lgfortran -lm -lgfortran -lm -lgcc_s -lquadmath -lstdc++ -ldl
-----------------------------------------

