
-- Elastisticy Example - libCEED + PETSc --
  libCEED:
    libCEED Backend                    : /cpu/self/xsmm/blocked
  Problem:
    Problem Name                       : Linear elasticity
    Forcing Function                   : Manufactured solution
    Boundary Condition                 : Manufactured solution
  Mesh:
    File                               : ./meshes/cylinder8_31280e_4ss_us.exo
    Number of 1D Basis Nodes (p)       : 5
    Number of 1D Quadrature Points (q) : 5
    Global nodes                       : 1898424
    Owned nodes                        : 19019
    DoF per node                       : 3
  Multigrid:
    Type                               : P-multigrid, logarithmic coarsening
    Number of Levels                   : 3
    Level 0 (coarse):
      Number of 1D Basis Nodes (p)     : 2
      Global Nodes                     : 24852
      Owned Nodes                      : 185
    Level 2 (fine):
      Number of 1D Basis Nodes (p)     : 5
      Global Nodes                     : 1898424
      Owned Nodes                      : 19019
  SNES:
    SNES Type                          : newtonls
    SNES Convergence                   : CONVERGED_FNORM_RELATIVE
    Total SNES Iterations              : 1
    Final rnorm                        : 7.270488e-04
  Linear Solver:
    KSP Type                           : cg
  P-Multigrid:
    PCMG Type                          : MULTIPLICATIVE
    PCMG Cycle Type                    : v
    Coarse Solve:
      KSP Type                         : preonly
      PC Type                          : gamg
  Performance:
    SNES Solve Time                    : 1.21428 (1.21421) sec
    L2 Error                           : 0.000000
************************************************************************************************************************
***             WIDEN YOUR WINDOW TO 120 CHARACTERS.  Use 'enscript -r -fCourier9' to print this document            ***
************************************************************************************************************************

---------------------------------------------- PETSc Performance Summary: ----------------------------------------------

./elasticity on a  named ssky0946.rc.int.colorado.edu with 96 processors, by arme5062 Thu Mar  5 16:51:28 2020
Using Petsc Development GIT revision: v3.12.4-787-gcc5957f  GIT Date: 2020-02-26 21:52:32 -0500

                         Max       Max/Min     Avg       Total 
Time (sec):           2.189e+00     1.000   2.189e+00
Objects:              3.116e+03     1.132   2.802e+03
Flop:                 1.092e+09     1.037   1.072e+09  1.029e+11
Flop/sec:             4.989e+08     1.037   4.899e+08  4.703e+10
MPI Messages:         9.474e+03     4.713   4.939e+03  4.742e+05
MPI Message Lengths:  3.942e+07     3.945   3.347e+03  1.587e+09
MPI Reductions:       1.254e+03     1.000

Flop counting convention: 1 flop = 1 real number operation of type (multiply/divide/add/subtract)
                            e.g., VecAXPY() for real vectors of length N --> 2N flop
                            and VecAXPY() for complex vectors of length N --> 8N flop

Summary of Stages:   ----- Time ------  ----- Flop ------  --- Messages ---  -- Message Lengths --  -- Reductions --
                        Avg     %Total     Avg     %Total    Count   %Total     Avg         %Total    Count   %Total 
 0:      Main Stage: 2.1887e+00 100.0%  1.0294e+11 100.0%  4.742e+05 100.0%  3.347e+03      100.0%  1.247e+03  99.4% 

------------------------------------------------------------------------------------------------------------------------
See the 'Profiling' chapter of the users' manual for details on interpreting output.
Phase summary info:
   Count: number of times phase was executed
   Time and Flop: Max - maximum over all processors
                  Ratio - ratio of maximum to minimum over all processors
   Mess: number of messages sent
   AvgLen: average message length (bytes)
   Reduct: number of global reductions
   Global: entire computation
   Stage: stages of a computation. Set stages with PetscLogStagePush() and PetscLogStagePop().
      %T - percent time in this phase         %F - percent flop in this phase
      %M - percent messages in this phase     %L - percent message lengths in this phase
      %R - percent reductions in this phase
   Total Mflop/s: 10e-6 * (sum of flop over all processors)/(max time over all processors)
------------------------------------------------------------------------------------------------------------------------
Event                Count      Time (sec)     Flop                              --- Global ---  --- Stage ----  Total
                   Max Ratio  Max     Ratio   Max  Ratio  Mess   AvgLen  Reduct  %T %F %M %L %R  %T %F %M %L %R Mflop/s
------------------------------------------------------------------------------------------------------------------------

--- Event Stage 0: Main Stage

PetscBarrier           2 1.0 3.9338e-02 1.0 0.00e+00 0.0 0.0e+00 0.0e+00 2.0e+00  2  0  0  0  0   2  0  0  0  0     0
BuildTwoSided         55 1.0 2.7786e-02 3.1 0.00e+00 0.0 7.5e+03 4.0e+00 0.0e+00  1  0  2  0  0   1  0  2  0  0     0
BuildTwoSidedF        61 1.0 1.0097e-02 2.5 0.00e+00 0.0 3.0e+03 6.1e+03 0.0e+00  0  0  1  1  0   0  0  1  1  0     0
DMCreateMat            1 1.0 3.7434e-02 1.0 0.00e+00 0.0 5.9e+03 7.3e+03 1.3e+01  2  0  1  3  1   2  0  1  3  1     0
DMPlexCrFromFile       1 1.0 3.2451e-01 1.3 0.00e+00 0.0 0.0e+00 0.0e+00 5.0e+00 12  0  0  0  0  12  0  0  0  0     0
Mesh Partition         1 1.0 1.7994e-01 1.4 0.00e+00 0.0 3.8e+02 1.3e+04 9.0e+00  8  0  0  0  1   8  0  0  0  1     0
Mesh Migration         1 1.0 3.8133e-02 1.0 0.00e+00 0.0 2.6e+03 1.0e+04 2.4e+01  2  0  1  2  2   2  0  1  2  2     0
DMPlexPartSelf         1 1.0 4.2784e-027178.0 0.00e+00 0.0 0.0e+00 0.0e+00 0.0e+00  0  0  0  0  0   0  0  0  0  0     0
DMPlexPartLblInv       1 1.0 4.6666e-0212.1 0.00e+00 0.0 0.0e+00 0.0e+00 3.0e+00  2  0  0  0  0   2  0  0  0  0     0
DMPlexPartLblSF        1 1.0 2.1269e-03 1.9 0.00e+00 0.0 1.4e+02 8.8e+03 0.0e+00  0  0  0  0  0   0  0  0  0  0     0
DMPlexPartStrtSF       1 1.0 8.3208e-04 1.4 0.00e+00 0.0 9.5e+01 1.3e+04 0.0e+00  0  0  0  0  0   0  0  0  0  0     0
DMPlexPointSF          1 1.0 1.3109e-02 1.0 0.00e+00 0.0 1.9e+02 3.3e+04 0.0e+00  1  0  0  0  0   1  0  0  0  0     0
DMPlexInterp          17 1.0 2.1960e-01 1.1 0.00e+00 0.0 0.0e+00 0.0e+00 2.2e+01  9  0  0  0  2   9  0  0  0  2     0
DMPlexDistribute       1 1.0 2.3114e-01 1.3 0.00e+00 0.0 3.2e+03 1.2e+04 3.3e+01 10  0  1  2  3  10  0  1  2  3     0
DMPlexDistCones        1 1.0 9.0849e-03 1.0 0.00e+00 0.0 5.2e+02 2.5e+04 1.0e+00  0  0  0  1  0   0  0  0  1  0     0
DMPlexDistLabels       1 1.0 1.0208e-02 1.0 0.00e+00 0.0 1.3e+03 6.2e+03 2.1e+01  0  0  0  1  2   0  0  0  1  2     0
DMPlexDistField        1 1.0 1.7102e-02 1.0 0.00e+00 0.0 6.2e+02 5.8e+03 1.0e+00  1  0  0  0  0   1  0  0  0  0     0
DMPlexStratify        32 1.0 2.1433e-0112.8 0.00e+00 0.0 0.0e+00 0.0e+00 3.2e+01 10  0  0  0  3  10  0  0  0  3     0
DMPlexSymmetrize      32 1.0 1.8948e-02150.2 0.00e+00 0.0 0.0e+00 0.0e+00 0.0e+00  0  0  0  0  0   0  0  0  0  0     0
DMPlexPrealloc         1 1.0 3.7037e-02 1.0 0.00e+00 0.0 5.9e+03 7.3e+03 1.1e+01  2  0  1  3  1   2  0  1  3  1     0
SFSetGraph            58 1.0 5.2929e-05 1.8 0.00e+00 0.0 0.0e+00 0.0e+00 0.0e+00  0  0  0  0  0   0  0  0  0  0     0
SFSetUp               55 1.0 3.2616e-02 2.2 0.00e+00 0.0 2.3e+04 1.1e+03 0.0e+00  1  0  5  2  0   1  0  5  2  0     0
SFBcastOpBegin       913 1.0 3.2807e-02 1.7 0.00e+00 0.0 2.8e+05 2.8e+03 0.0e+00  1  0 60 50  0   1  0 60 50  0     0
SFBcastOpEnd         913 1.0 1.6230e-01 3.0 0.00e+00 0.0 0.0e+00 0.0e+00 0.0e+00  4  0  0  0  0   4  0  0  0  0     0
SFReduceBegin        530 1.0 3.6648e-02 1.5 0.00e+00 0.0 1.5e+05 4.8e+03 0.0e+00  1  0 32 46  0   1  0 32 46  0     0
SFReduceEnd          528 1.0 1.2826e-01 9.2 0.00e+00 0.0 0.0e+00 0.0e+00 0.0e+00  3  0  0  0  0   3  0  0  0  0     0
SFFetchOpBegin         2 1.0 3.2902e-0511.5 0.00e+00 0.0 5.9e+02 8.2e+03 0.0e+00  0  0  0  0  0   0  0  0  0  0     0
SFFetchOpEnd           2 1.0 3.2589e-0329.9 0.00e+00 0.0 5.9e+02 8.2e+03 0.0e+00  0  0  0  0  0   0  0  0  0  0     0
SFCreateEmbed          3 1.0 1.7727e-0232.0 0.00e+00 0.0 6.8e+02 2.3e+03 0.0e+00  0  0  0  0  0   0  0  0  0  0     0
SFDistSection         11 1.0 3.2682e-02 1.4 0.00e+00 0.0 6.0e+03 2.4e+03 1.1e+01  1  0  1  1  1   1  0  1  1  1     0
SFSectionSF           13 1.0 9.1283e-03 2.0 0.00e+00 0.0 4.2e+03 2.2e+03 0.0e+00  0  0  1  1  0   0  0  1  1  0     0
SFRemoteOff            2 1.0 5.1653e-0332.9 0.00e+00 0.0 1.2e+03 5.0e+02 0.0e+00  0  0  0  0  0   0  0  0  0  0     0
MatMult              593 1.0 5.7276e-01 1.1 1.63e+07 2.1 2.8e+05 4.5e+03 0.0e+00 25  1 60 81  0  25  1 60 81  0  1985
MatMultAdd            95 1.0 3.4431e-02 1.4 4.95e+06 1.2 3.4e+04 2.9e+03 0.0e+00  1  0  7  6  0   1  0  7  6  0 12208
MatMultTranspose      98 1.0 2.9842e-02 1.4 2.20e+06 1.2 3.6e+04 3.0e+03 0.0e+00  1  0  8  7  0   1  0  8  7  0  6461
MatSolve              19 0.0 8.7023e-05 0.0 8.26e+03 0.0 0.0e+00 0.0e+00 0.0e+00  0  0  0  0  0   0  0  0  0  0    95
MatSOR               261 1.0 7.9508e-03 3.3 1.11e+07 2.7 0.0e+00 0.0e+00 0.0e+00  0  1  0  0  0   0  1  0  0  0 92007
MatLUFactorSym         1 1.0 8.5115e-05 7.1 0.00e+00 0.0 0.0e+00 0.0e+00 0.0e+00  0  0  0  0  0   0  0  0  0  0     0
MatLUFactorNum         1 1.0 1.5974e-05 5.6 2.14e+03 0.0 0.0e+00 0.0e+00 0.0e+00  0  0  0  0  0   0  0  0  0  0   134
MatScale               9 1.0 1.7142e-04 3.2 4.04e+04 2.2 1.1e+03 1.5e+02 0.0e+00  0  0  0  0  0   0  0  0  0  0 16448
MatResidual           95 1.0 8.0086e-02 1.1 4.36e+06 1.8 4.3e+04 3.8e+03 0.0e+00  3  0  9 10  0   3  0  9 10  0  3976
MatAssemblyBegin      82 1.0 1.0057e-02 2.3 0.00e+00 0.0 3.0e+03 6.1e+03 0.0e+00  0  0  1  1  0   0  0  1  1  0     0
MatAssemblyEnd        82 1.0 1.6078e-02 1.1 1.62e+04 4.0 1.1e+04 6.1e+01 9.2e+01  1  0  2  0  7   1  0  2  0  7    52
MatGetRowIJ            2 2.0 8.0042e-03 1.3 0.00e+00 0.0 0.0e+00 0.0e+00 0.0e+00  0  0  0  0  0   0  0  0  0  0     0
MatCreateSubMat        6 1.0 4.5624e-03 1.0 0.00e+00 0.0 2.0e+03 6.6e+02 7.2e+01  0  0  0  0  6   0  0  0  0  6     0
MatGetOrdering         1 0.0 4.4107e-05 0.0 0.00e+00 0.0 0.0e+00 0.0e+00 0.0e+00  0  0  0  0  0   0  0  0  0  0     0
MatCoarsen             3 1.0 8.8024e-04 1.1 0.00e+00 0.0 1.0e+04 1.2e+02 1.4e+01  0  0  2  0  1   0  0  2  0  1     0
MatZeroEntries         4 1.0 1.2898e-04 8.6 0.00e+00 0.0 0.0e+00 0.0e+00 0.0e+00  0  0  0  0  0   0  0  0  0  0     0
MatAXPY                3 1.0 3.4118e-04 1.3 3.39e+03 2.3 0.0e+00 0.0e+00 0.0e+00  0  0  0  0  0   0  0  0  0  0   678
MatFDColorCreate       1 1.0 4.9782e-04 8.3 0.00e+00 0.0 0.0e+00 0.0e+00 2.0e+00  0  0  0  0  0   0  0  0  0  0     0
MatFDColorSetUp        1 1.0 1.2394e-02 1.1 0.00e+00 0.0 0.0e+00 0.0e+00 4.3e+02  1  0  0  0 34   1  0  0  0 35     0
MatFDColorApply        1 1.0 1.2034e-01 1.0 2.44e+05 2.3 6.4e+04 6.1e+02 2.0e+00  5  0 14  2  0   5  0 14  2  0   134
MatFDColorFunc       108 1.0 1.1956e-01 1.0 0.00e+00 0.0 6.4e+04 6.1e+02 2.0e+00  5  0 14  2  0   5  0 14  2  0     0
MatTranspose           6 1.0 1.3995e-04 1.5 0.00e+00 0.0 0.0e+00 0.0e+00 0.0e+00  0  0  0  0  0   0  0  0  0  0     0
MatMatMult             3 1.0 3.6130e-03 1.0 4.62e+05 2.3 5.7e+03 6.7e+02 2.4e+01  0  0  1  0  2   0  0  1  0  2  8628
MatMatMultSym          3 1.0 2.9271e-03 1.0 0.00e+00 0.0 4.6e+03 5.2e+02 2.4e+01  0  0  1  0  2   0  0  1  0  2     0
MatMatMultNum          3 1.0 6.7830e-04 1.0 4.62e+05 2.3 1.1e+03 1.3e+03 0.0e+00  0  0  0  0  0   0  0  0  0  0 45958
MatPtAP                3 1.0 9.4361e-03 1.0 2.27e+06 2.3 1.0e+04 1.5e+03 3.3e+01  0  0  2  1  3   0  0  2  1  3 16987
MatPtAPSymbolic        3 1.0 5.7311e-03 1.0 0.00e+00 0.0 6.1e+03 1.7e+03 2.1e+01  0  0  1  1  2   0  0  1  1  2     0
MatPtAPNumeric         3 1.0 3.7057e-03 1.0 2.27e+06 2.3 4.0e+03 1.2e+03 1.2e+01  0  0  1  0  1   0  0  1  0  1 43255
MatTrnMatMult          1 1.0 8.4701e-03 1.0 4.64e+05 2.4 3.7e+03 4.5e+03 1.1e+01  0  0  1  1  1   0  0  1  1  1  3490
MatTrnMatMultSym       1 1.0 3.9420e-03 1.0 0.00e+00 0.0 1.8e+03 1.9e+03 7.0e+00  0  0  0  0  1   0  0  0  0  1     0
MatTrnMatMultNum       1 1.0 4.5660e-03 1.0 4.64e+05 2.4 1.9e+03 6.9e+03 4.0e+00  0  0  0  1  0   0  0  0  1  0  6474
MatGetLocalMat        10 1.0 2.3484e-04 1.5 0.00e+00 0.0 0.0e+00 0.0e+00 0.0e+00  0  0  0  0  0   0  0  0  0  0     0
MatGetBrAoCol          9 1.0 8.6689e-04 2.7 0.00e+00 0.0 7.5e+03 1.7e+03 0.0e+00  0  0  2  1  0   0  0  2  1  0     0
MatColoringApply       1 1.0 1.1815e-01 1.0 0.00e+00 0.0 9.5e+01 4.0e+00 3.0e+00  5  0  0  0  0   5  0  0  0  0     0
VecDot                 1 1.0 4.1604e-04 2.9 1.35e+05 1.3 0.0e+00 0.0e+00 1.0e+00  0  0  0  0  0   0  0  0  0  0 27378
VecMDot               80 1.0 1.3716e-02 1.9 8.66e+06 1.3 0.0e+00 0.0e+00 8.0e+01  0  1  0  0  6   0  1  0  0  6 52309
VecTDot               37 1.0 2.5532e-02 5.0 5.01e+06 1.3 0.0e+00 0.0e+00 3.7e+01  1  0  0  0  3   1  0  0  0  3 16507
VecNorm               92 1.0 3.3861e-02 6.3 2.27e+06 1.3 0.0e+00 0.0e+00 9.2e+01  1  0  0  0  7   1  0  0  0  7  5583
VecScale             437 1.0 3.6073e-04 1.6 8.66e+05 1.3 0.0e+00 0.0e+00 0.0e+00  0  0  0  0  0   0  0  0  0  0 198906
VecCopy              330 1.0 5.5747e-03 1.5 0.00e+00 0.0 0.0e+00 0.0e+00 0.0e+00  0  0  0  0  0   0  0  0  0  0     0
VecSet              1775 1.0 4.9382e-02 1.2 0.00e+00 0.0 0.0e+00 0.0e+00 0.0e+00  2  0  0  0  0   2  0  0  0  0     0
VecAXPY              192 1.0 7.3369e-03 1.3 8.46e+06 1.3 0.0e+00 0.0e+00 0.0e+00  0  1  0  0  0   0  1  0  0  0 95953
VecAYPX              663 1.0 2.0265e-02 1.7 1.70e+07 1.3 0.0e+00 0.0e+00 0.0e+00  1  1  0  0  0   1  1  0  0  0 69843
VecAXPBYCZ           266 1.0 1.7994e-02 1.7 2.93e+07 1.3 0.0e+00 0.0e+00 0.0e+00  1  2  0  0  0   1  2  0  0  0 135308
VecWAXPY               2 1.0 3.0994e-04 1.6 1.35e+05 1.3 0.0e+00 0.0e+00 0.0e+00  0  0  0  0  0   0  0  0  0  0 36750
VecMAXPY              88 1.0 5.2118e-03 1.3 1.02e+07 1.3 0.0e+00 0.0e+00 0.0e+00  0  1  0  0  0   0  1  0  0  0 162700
VecAssemblyBegin      37 1.0 1.0273e-03 1.3 0.00e+00 0.0 0.0e+00 0.0e+00 0.0e+00  0  0  0  0  0   0  0  0  0  0     0
VecAssemblyEnd        37 1.0 2.9087e-05 2.2 0.00e+00 0.0 0.0e+00 0.0e+00 0.0e+00  0  0  0  0  0   0  0  0  0  0     0
VecPointwiseMult     363 1.0 3.1592e-02 1.6 1.30e+07 1.2 0.0e+00 0.0e+00 0.0e+00  1  1  0  0  0   1  1  0  0  0 34990
VecScatterBegin      443 1.0 3.1145e-03 5.3 0.00e+00 0.0 1.4e+05 3.8e+02 0.0e+00  0  0 30  3  0   0  0 30  3  0     0
VecScatterEnd        443 1.0 1.4305e-02 2.2 0.00e+00 0.0 0.0e+00 0.0e+00 0.0e+00  0  0  0  0  0   0  0  0  0  0     0
VecSetRandom           3 1.0 2.6941e-05 2.1 0.00e+00 0.0 0.0e+00 0.0e+00 0.0e+00  0  0  0  0  0   0  0  0  0  0     0
VecReduceArith         2 1.0 2.6703e-04 1.4 2.71e+05 1.3 0.0e+00 0.0e+00 0.0e+00  0  0  0  0  0   0  0  0  0  0 85313
VecReduceComm          1 1.0 1.5306e-04 7.0 0.00e+00 0.0 0.0e+00 0.0e+00 1.0e+00  0  0  0  0  0   0  0  0  0  0     0
VecNormalize          88 1.0 1.2412e-02 3.6 2.60e+06 1.3 0.0e+00 0.0e+00 8.8e+01  0  0  0  0  7   0  0  0  0  7 17343
SNESSolve              1 1.0 1.2142e+00 1.0 1.51e+08 1.4 4.5e+05 3.3e+03 1.1e+03 55 12 94 94 87  55 12 94 94 88 10337
SNESSetUp              1 1.0 1.7166e-05 2.1 0.00e+00 0.0 0.0e+00 0.0e+00 0.0e+00  0  0  0  0  0   0  0  0  0  0     0
SNESFunctionEval     110 1.0 2.1931e-01 1.1 3.78e+07 2.7 6.5e+04 8.0e+02 1.7e+01  9  3 14  3  1   9  3 14  3  1 11864
SNESJacobianEval       1 1.0 2.5028e-01 1.0 2.44e+05 2.3 6.4e+04 6.1e+02 4.4e+02 11  0 14  2 35  11  0 14  2 35    64
SNESLineSearch         1 1.0 4.9950e-02 1.0 1.97e+07 2.5 1.2e+03 1.1e+04 4.0e+00  2  1  0  1  0   2  1  0  1  0 27527
KSPSetUp              17 1.0 3.9663e-03 1.5 0.00e+00 0.0 0.0e+00 0.0e+00 1.0e+01  0  0  0  0  1   0  0  0  0  1     0
KSPSolve               1 1.0 8.5826e-01 1.0 1.23e+08 1.5 3.8e+05 3.7e+03 6.3e+02 39 10 81 90 51  39 10 81 90 51 11461
KSPGMRESOrthog        80 1.0 1.7646e-02 1.5 1.73e+07 1.3 0.0e+00 0.0e+00 8.0e+01  1  1  0  0  6   1  1  0  0  6 81323
PCGAMGGraph_AGG        3 1.0 9.0928e-03 1.0 8.56e+04 2.3 4.3e+03 7.6e+01 4.8e+01  0  0  1  0  4   0  0  1  0  4   635
PCGAMGCoarse_AGG       3 1.0 1.0004e-02 1.0 4.64e+05 2.4 1.7e+04 1.1e+03 2.9e+01  0  0  4  1  2   0  0  4  1  2  2955
PCGAMGProl_AGG         3 1.0 3.3829e-03 1.0 0.00e+00 0.0 1.3e+04 3.3e+02 8.4e+01  0  0  3  0  7   0  0  3  0  7     0
PCGAMGPOpt_AGG         3 1.0 7.3469e-03 1.0 2.34e+06 2.3 1.6e+04 5.3e+02 1.1e+02  0  0  3  1  9   0  0  3  1  9 21542
GAMG: createProl       3 1.0 2.9843e-02 1.0 2.89e+06 2.3 5.1e+04 6.4e+02 2.7e+02  1  0 11  2 22   1  0 11  2 22  6487
  Graph                6 1.0 8.9614e-03 1.0 8.56e+04 2.3 4.3e+03 7.6e+01 4.8e+01  0  0  1  0  4   0  0  1  0  4   644
  MIS/Agg              3 1.0 9.0408e-04 1.1 0.00e+00 0.0 1.0e+04 1.2e+02 1.4e+01  0  0  2  0  1   0  0  2  0  1     0
  SA: col data         3 1.0 1.9898e-03 1.0 0.00e+00 0.0 1.1e+04 3.0e+02 6.0e+01  0  0  2  0  5   0  0  2  0  5     0
  SA: frmProl0         3 1.0 1.0388e-03 1.0 0.00e+00 0.0 1.3e+03 5.8e+02 1.2e+01  0  0  0  0  1   0  0  0  0  1     0
  SA: smooth           3 1.0 4.1456e-03 1.0 4.89e+05 2.3 5.7e+03 6.7e+02 3.0e+01  0  0  1  0  2   0  0  1  0  2  7977
GAMG: partLevel        3 1.0 1.6177e-02 1.0 2.27e+06 2.3 1.3e+04 1.3e+03 1.8e+02  1  0  3  1 14   1  0  3  1 14  9908
  repartition          3 1.0 6.7260e-03 1.0 0.00e+00 0.0 2.7e+03 5.5e+02 1.4e+02  0  0  1  0 11   0  0  1  0 12     0
  Invert-Sort          3 1.0 5.6720e-04 1.2 0.00e+00 0.0 0.0e+00 0.0e+00 1.8e+01  0  0  0  0  1   0  0  0  0  1     0
  Move A               3 1.0 2.3863e-03 1.1 0.00e+00 0.0 1.1e+03 1.2e+03 3.9e+01  0  0  0  0  3   0  0  0  0  3     0
  Move P               3 1.0 2.6259e-03 1.0 0.00e+00 0.0 9.0e+02 3.5e+01 4.2e+01  0  0  0  0  3   0  0  0  0  3     0
PCSetUp                2 1.0 5.2902e-02 1.0 5.31e+06 2.2 6.5e+04 8.9e+02 4.9e+02  2  0 14  4 39   2  0 14  4 39  6976
PCSetUpOnBlocks       19 1.0 1.9288e-04 2.0 2.14e+03 0.0 0.0e+00 0.0e+00 0.0e+00  0  0  0  0  0   0  0  0  0  0    11
PCApply               19 1.0 7.4557e-01 1.0 1.06e+08 1.5 3.1e+05 4.1e+03 1.1e+02 34  8 65 79  9  34  8 65 79  9 11323
------------------------------------------------------------------------------------------------------------------------

Memory usage is given in bytes:

Object Type          Creations   Destructions     Memory  Descendants' Mem.
Reports information only for process 0.

--- Event Stage 0: Main Stage

           Container    27             27        15552     0.
    Distributed Mesh   101            101       519904     0.
            DM Label   165            165       104280     0.
    GraphPartitioner    32             32        21504     0.
          Quadrature   697            697       412624     0.
           Index Set   928            928      2687804     0.
   IS L to G Mapping     2              2       904100     0.
             Section   202            202       145440     0.
    Section Symmetry     1              1          688     0.
   Star Forest Graph   255            255       235448     0.
     Discrete System   131            131       121580     0.
              Matrix   141            141     63644120     0.
  Matrix FD Coloring     1              1       824664     0.
     Matrix Coloring     1              1          648     0.
      Matrix Coarsen     3              3         1908     0.
         Vec Scatter    26             26        20800     0.
              Vector   333            333     23538160     0.
        Linear Space     4              4         2720     0.
          Dual Space    16             16        12416     0.
            FE Space     4              4         3088     0.
                SNES     2              2         2804     0.
              DMSNES     2              2         1344     0.
      SNESLineSearch     1              1         1000     0.
       Krylov Solver    19             19       259920     0.
     DMKSP interface     1              1          656     0.
      Preconditioner    13             13        13284     0.
       Field over DM     1              1          704     0.
         PetscRandom     6              6         3876     0.
              Viewer     1              0            0     0.
========================================================================================================================
Average time to get PetscTime(): 0.
Average time for MPI_Barrier(): 1.00136e-05
Average time for zero size MPI_Send(): 2.45869e-06
#PETSc Option Table entries:
-boundary mms
-degree 4
-E 1e6
-forcing mms
-log_view
-mesh ./meshes/cylinder8_31280e_4ss_us.exo
-nu .3
#End of PETSc Option Table entries
Compiled without FORTRAN kernels
Compiled with full precision matrices (default)
sizeof(short) 2 sizeof(int) 4 sizeof(long) 8 sizeof(void*) 8 sizeof(PetscScalar) 8 sizeof(PetscInt) 4
Configure options: --with-cc=gcc --with-cxx=g++ --with-fc=gfortran --with-valgrind-dir=/curc/sw/valgrind/3.11.0 --download-make --download-cmake --download-mpich --download-fblaslapack --download-parmetis --download-metis --download-zlib --download-hdf5 --download-netcdf --download-pnetcdf --download-exodusii COPTFLAGS="-O3 -march=native" FOPTFLAGS="-O3 -march=native" CXXOPTFLAGS="-O3 -march=native" --with-debugging=0 --with-shared-libraries=1 --prefix=/projects/arme5062/software/petsc/local
-----------------------------------------
Libraries compiled on 2020-03-04 05:38:54 on shas0137 
Machine characteristics: Linux-3.10.0-957.21.3.el7.x86_64-x86_64-with-redhat-7.4-Maipo
Using PETSc directory: /projects/arme5062/software/petsc/local
Using PETSc arch: 
-----------------------------------------

Using C compiler: /projects/arme5062/software/petsc/local/bin/mpicc  -Wall -Wwrite-strings -Wno-strict-aliasing -Wno-unknown-pragmas -fstack-protector -fvisibility=hidden -O3 -march=native  
Using Fortran compiler: /projects/arme5062/software/petsc/local/bin/mpif90  -Wall -ffree-line-length-0 -Wno-unused-dummy-argument -O3 -march=native   
-----------------------------------------

Using include paths: -I/projects/arme5062/software/petsc/local/include -I/curc/sw/valgrind/3.11.0/include
-----------------------------------------

Using C linker: /projects/arme5062/software/petsc/local/bin/mpicc
Using Fortran linker: /projects/arme5062/software/petsc/local/bin/mpif90
Using libraries: -Wl,-rpath,/projects/arme5062/software/petsc/local/lib -L/projects/arme5062/software/petsc/local/lib -lpetsc -Wl,-rpath,/projects/arme5062/software/petsc/local/lib -L/projects/arme5062/software/petsc/local/lib -Wl,-rpath,/usr/lib/gcc/x86_64-redhat-linux/4.8.5 -L/usr/lib/gcc/x86_64-redhat-linux/4.8.5 -lflapack -lfblas -lpthread -lexodus -lnetcdf -lpnetcdf -lhdf5hl_fortran -lhdf5_fortran -lhdf5_hl -lhdf5 -lparmetis -lmetis -lm -lz -lX11 -lstdc++ -ldl -lmpifort -lmpi -lgfortran -lm -lgfortran -lm -lgcc_s -lquadmath -lstdc++ -ldl
-----------------------------------------

