[28]PETSC ERROR: --------------------- Error Message --------------------------------------------------------------
[28]PETSC ERROR: Out of memory. This could be due to allocating
[28]PETSC ERROR: too large an object or bleeding by not properly
[28]PETSC ERROR: destroying unneeded objects.
[29]PETSC ERROR: [48]PETSC ERROR: --------------------- Error Message --------------------------------------------------------------
[48]PETSC ERROR: Out of memory. This could be due to allocating
[48]PETSC ERROR: too large an object or bleeding by not properly
[48]PETSC ERROR: destroying unneeded objects.
[35]PETSC ERROR: --------------------- Error Message --------------------------------------------------------------
[35]PETSC ERROR: Out of memory. This could be due to allocating
[35]PETSC ERROR: too large an object or bleeding by not properly
[35]PETSC ERROR: destroying unneeded objects.
[35]PETSC ERROR: [50]PETSC ERROR: [42]PETSC ERROR: --------------------- Error Message --------------------------------------------------------------
[42]PETSC ERROR: Out of memory. This could be due to allocating
[42]PETSC ERROR: too large an object or bleeding by not properly
[42]PETSC ERROR: destroying unneeded objects.
[42]PETSC ERROR: [56]PETSC ERROR: --------------------- Error Message --------------------------------------------------------------
[56]PETSC ERROR: Out of memory. This could be due to allocating
[56]PETSC ERROR: too large an object or bleeding by not properly
[56]PETSC ERROR: destroying unneeded objects.
[56]PETSC ERROR: Memory allocated 0 Memory used by process 47894528
[56]PETSC ERROR: Try running with -malloc_dump or -malloc_view for info.
[43]PETSC ERROR: --------------------- Error Message --------------------------------------------------------------
[43]PETSC ERROR: Out of memory. This could be due to allocating
[43]PETSC ERROR: too large an object or bleeding by not properly
[43]PETSC ERROR: destroying unneeded objects.
[66]PETSC ERROR: --------------------- Error Message --------------------------------------------------------------
[66]PETSC ERROR: Out of memory. This could be due to allocating
[66]PETSC ERROR: too large an object or bleeding by not properly
[66]PETSC ERROR: destroying unneeded objects.
[66]PETSC ERROR: Memory allocated 0 Memory used by process 47857664
[66]PETSC ERROR: Try running with -malloc_dump or -malloc_view for info.
[66]PETSC ERROR: [46]PETSC ERROR: --------------------- Error Message --------------------------------------------------------------
[46]PETSC ERROR: Out of memory. This could be due to allocating
[46]PETSC ERROR: too large an object or bleeding by not properly
[46]PETSC ERROR: destroying unneeded objects.
[46]PETSC ERROR: Memory allocated 0 Memory used by process 47828992
[46]PETSC ERROR: Try running with -malloc_dump or -malloc_view for info.
[46]PETSC ERROR: Memory requested 18446744071629176832
[46]PETSC ERROR: [67]PETSC ERROR: --------------------- Error Message --------------------------------------------------------------
[67]PETSC ERROR: Out of memory. This could be due to allocating
[67]PETSC ERROR: too large an object or bleeding by not properly
[67]PETSC ERROR: destroying unneeded objects.
[67]PETSC ERROR: Memory allocated 0 Memory used by process 47857664
[67]PETSC ERROR: Try running with -malloc_dump or -malloc_view for info.
[67]PETSC ERROR: Memory requested 18446744071629176832
[67]PETSC ERROR: See https://www.mcs.anl.gov/petsc/documentation/faq.html for trouble shooting.
[67]PETSC ERROR: Petsc Development GIT revision: v3.12.4-787-gcc5957f  GIT Date: 2020-02-26 21:52:32 -0500
[67]PETSC ERROR: [28]PETSC ERROR: Memory allocated 0 Memory used by process 47890432
[28]PETSC ERROR: Try running with -malloc_dump or -malloc_view for info.
[28]PETSC ERROR: Memory requested 18446744071629176832
[28]PETSC ERROR: See https://www.mcs.anl.gov/petsc/documentation/faq.html for trouble shooting.
[28]PETSC ERROR: Petsc Development GIT revision: v3.12.4-787-gcc5957f  GIT Date: 2020-02-26 21:52:32 -0500
[28]PETSC ERROR: ./elasticity on a  named ssky0939.rc.int.colorado.edu by arme5062 Wed Mar 18 14:34:02 2020
[28]PETSC ERROR: Configure options --with-cc=gcc --with-cxx=g++ --with-fc=gfortran --with-valgrind-dir=/curc/sw/valgrind/3.11.0 --download-make --download-cmake --download-mpich --download-fblaslapack --download-parmetis --download-metis --download-zlib --download-hdf5 --download-netcdf --download-pnetcdf --download-exodusii COPTFLAGS="-O3 -march=native" FOPTFLAGS="-O3 -march=native" CXXOPTFLAGS="-O3 -march=native" --with-debugging=0 --with-shared-libraries=1 --prefix=/projects/arme5062/software/petsc/local
[28]PETSC ERROR: #1 DMLabelGather() line 1597 in /projects/arme5062/software/petsc/src/dm/label/dmlabel.c
[28]PETSC ERROR: #2 PetscMallocA() line 415 in /projects/arme5062/software/petsc/src/sys/memory/mal.c
[28]PETSC ERROR: #3 DMLabelGather() line 1597 in /projects/arme5062/software/petsc/src/dm/label/dmlabel.c
[28]PETSC ERROR: #4 DMPlexLabelComplete_Internal() line 118 in /projects/arme5062/software/petsc/src/dm/impls/plex/plexsubmesh.c
[28]PETSC ERROR: #5 DMPlexLabelComplete() line 170 in /projects/arme5062/software/petsc/src/dm/impls/plex/plexsubmesh.c
[28]PETSC ERROR: [71]PETSC ERROR: --------------------- Error Message --------------------------------------------------------------
[71]PETSC ERROR: Out of memory. This could be due to allocating
[71]PETSC ERROR: too large an object or bleeding by not properly
[71]PETSC ERROR: destroying unneeded objects.
[71]PETSC ERROR: Memory allocated 0 Memory used by process 47890432
[71]PETSC ERROR: Try running with -malloc_dump or -malloc_view for info.
[71]PETSC ERROR: Memory requested 18446744071629176832
[71]PETSC ERROR: See https://www.mcs.anl.gov/petsc/documentation/faq.html for trouble shooting.
[71]PETSC ERROR: Petsc Development GIT revision: v3.12.4-787-gcc5957f  GIT Date: 2020-02-26 21:52:32 -0500
[71]PETSC ERROR: ./elasticity on a  named ssky0940.rc.int.colorado.edu by arme5062 Wed Mar 18 14:34:02 2020
Memory allocated 0 Memory used by process 47833088
[35]PETSC ERROR: Try running with -malloc_dump or -malloc_view for info.
[35]PETSC ERROR: Memory requested 18446744071629176832
[35]PETSC ERROR: See https://www.mcs.anl.gov/petsc/documentation/faq.html for trouble shooting.
[35]PETSC ERROR: Petsc Development GIT revision: v3.12.4-787-gcc5957f  GIT Date: 2020-02-26 21:52:32 -0500
[35]PETSC ERROR: ./elasticity on a  named ssky0939.rc.int.colorado.edu by arme5062 Wed Mar 18 14:34:02 2020
[35]PETSC ERROR: Configure options --with-cc=gcc --with-cxx=g++ --with-fc=gfortran --with-valgrind-dir=/curc/sw/valgrind/3.11.0 --download-make --download-cmake --download-mpich --download-fblaslapack --download-parmetis --download-metis --download-zlib --download-hdf5 --download-netcdf --download-pnetcdf --download-exodusii COPTFLAGS="-O3 -march=native" FOPTFLAGS="-O3 -march=native" CXXOPTFLAGS="-O3 -march=native" --with-debugging=0 --with-shared-libraries=1 --prefix=/projects/arme5062/software/petsc/local
[35]PETSC ERROR: #1 DMLabelGather() line 1597 in /projects/arme5062/software/petsc/src/dm/label/dmlabel.c
[35]PETSC ERROR: #2 PetscMallocA() line 415 in /projects/arme5062/software/petsc/src/sys/memory/mal.c
[35]PETSC ERROR: #3 DMLabelGather() line 1597 in /projects/arme5062/software/petsc/src/dm/label/dmlabel.c
[35]PETSC ERROR: #4 DMPlexLabelComplete_Internal() line 118 in /projects/arme5062/software/petsc/src/dm/impls/plex/plexsubmesh.c
[35]PETSC ERROR: #5 DMPlexLabelComplete() line 170 in /projects/arme5062/software/petsc/src/dm/impls/plex/plexsubmesh.c
[35]PETSC ERROR: #6 DMCreateLocalSection_Plex() line 485 in /projects/arme5062/software/petsc/src/dm/impls/plex/plexsection.c
[35]PETSC ERROR: [48]PETSC ERROR: Memory allocated 0 Memory used by process 48066560
[48]PETSC ERROR: Try running with -malloc_dump or -malloc_view for info.
[48]PETSC ERROR: Memory requested 18446744071629176832
[48]PETSC ERROR: See https://www.mcs.anl.gov/petsc/documentation/faq.html for trouble shooting.
[48]PETSC ERROR: Petsc Development GIT revision: v3.12.4-787-gcc5957f  GIT Date: 2020-02-26 21:52:32 -0500
[48]PETSC ERROR: ./elasticity on a  named ssky0940.rc.int.colorado.edu by arme5062 Wed Mar 18 14:34:02 2020
[48]PETSC ERROR: Configure options --with-cc=gcc --with-cxx=g++ --with-fc=gfortran --with-valgrind-dir=/curc/sw/valgrind/3.11.0 --download-make --download-cmake --download-mpich --download-fblaslapack --download-parmetis --download-metis --download-zlib --download-hdf5 --download-netcdf --download-pnetcdf --download-exodusii COPTFLAGS="-O3 -march=native" FOPTFLAGS="-O3 -march=native" CXXOPTFLAGS="-O3 -march=native" --with-debugging=0 --with-shared-libraries=1 --prefix=/projects/arme5062/software/petsc/local
[48]PETSC ERROR: #1 DMLabelGather() line 1597 in /projects/arme5062/software/petsc/src/dm/label/dmlabel.c
[48]PETSC ERROR: #2 PetscMallocA() line 415 in /projects/arme5062/software/petsc/src/sys/memory/mal.c
[48]PETSC ERROR: #3 DMLabelGather() line 1597 in /projects/arme5062/software/petsc/src/dm/label/dmlabel.c
[48]PETSC ERROR: #4 DMPlexLabelComplete_Internal() line 118 in /projects/arme5062/software/petsc/src/dm/impls/plex/plexsubmesh.c
Memory allocated 0 Memory used by process 47890432
[42]PETSC ERROR: Try running with -malloc_dump or -malloc_view for info.
[42]PETSC ERROR: Memory requested 18446744071629176832
[42]PETSC ERROR: See https://www.mcs.anl.gov/petsc/documentation/faq.html for trouble shooting.
[42]PETSC ERROR: Petsc Development GIT revision: v3.12.4-787-gcc5957f  GIT Date: 2020-02-26 21:52:32 -0500
[42]PETSC ERROR: ./elasticity on a  named ssky0939.rc.int.colorado.edu by arme5062 Wed Mar 18 14:34:02 2020
[42]PETSC ERROR: Configure options --with-cc=gcc --with-cxx=g++ --with-fc=gfortran --with-valgrind-dir=/curc/sw/valgrind/3.11.0 --download-make --download-cmake --download-mpich --download-fblaslapack --download-parmetis --download-metis --download-zlib --download-hdf5 --download-netcdf --download-pnetcdf --download-exodusii COPTFLAGS="-O3 -march=native" FOPTFLAGS="-O3 -march=native" CXXOPTFLAGS="-O3 -march=native" --with-debugging=0 --with-shared-libraries=1 --prefix=/projects/arme5062/software/petsc/local
[42]PETSC ERROR: #1 DMLabelGather() line 1597 in /projects/arme5062/software/petsc/src/dm/label/dmlabel.c
[42]PETSC ERROR: #2 PetscMallocA() line 415 in /projects/arme5062/software/petsc/src/sys/memory/mal.c
[42]PETSC ERROR: #3 DMLabelGather() line 1597 in /projects/arme5062/software/petsc/src/dm/label/dmlabel.c
[42]PETSC ERROR: [56]PETSC ERROR: Memory requested 18446744071629176832
[56]PETSC ERROR: See https://www.mcs.anl.gov/petsc/documentation/faq.html for trouble shooting.
[56]PETSC ERROR: Petsc Development GIT revision: v3.12.4-787-gcc5957f  GIT Date: 2020-02-26 21:52:32 -0500
[56]PETSC ERROR: ./elasticity on a  named ssky0940.rc.int.colorado.edu by arme5062 Wed Mar 18 14:34:02 2020
[56]PETSC ERROR: Configure options --with-cc=gcc --with-cxx=g++ --with-fc=gfortran --with-valgrind-dir=/curc/sw/valgrind/3.11.0 --download-make --download-cmake --download-mpich --download-fblaslapack --download-parmetis --download-metis --download-zlib --download-hdf5 --download-netcdf --download-pnetcdf --download-exodusii COPTFLAGS="-O3 -march=native" FOPTFLAGS="-O3 -march=native" CXXOPTFLAGS="-O3 -march=native" --with-debugging=0 --with-shared-libraries=1 --prefix=/projects/arme5062/software/petsc/local
[56]PETSC ERROR: #1 DMLabelGather() line 1597 in /projects/arme5062/software/petsc/src/dm/label/dmlabel.c
[56]PETSC ERROR: #2 PetscMallocA() line 415 in /projects/arme5062/software/petsc/src/sys/memory/mal.c
[56]PETSC ERROR: #3 DMLabelGather() line 1597 in /projects/arme5062/software/petsc/src/dm/label/dmlabel.c
[56]PETSC ERROR: #4 DMPlexLabelComplete_Internal() line 118 in /projects/arme5062/software/petsc/src/dm/impls/plex/plexsubmesh.c
[56]PETSC ERROR: #5 DMPlexLabelComplete() line 170 in /projects/arme5062/software/petsc/src/dm/impls/plex/plexsubmesh.c
[56]PETSC ERROR: #6 DMCreateLocalSection_Plex() line 485 in /projects/arme5062/software/petsc/src/dm/impls/plex/plexsection.c
[43]PETSC ERROR: Memory allocated 0 Memory used by process 47824896
[43]PETSC ERROR: Try running with -malloc_dump or -malloc_view for info.
[43]PETSC ERROR: Memory requested 18446744071629176832
[43]PETSC ERROR: See https://www.mcs.anl.gov/petsc/documentation/faq.html for trouble shooting.
[43]PETSC ERROR: Petsc Development GIT revision: v3.12.4-787-gcc5957f  GIT Date: 2020-02-26 21:52:32 -0500
[43]PETSC ERROR: ./elasticity on a  named ssky0939.rc.int.colorado.edu by arme5062 Wed Mar 18 14:34:02 2020
[43]PETSC ERROR: Configure options --with-cc=gcc --with-cxx=g++ --with-fc=gfortran --with-valgrind-dir=/curc/sw/valgrind/3.11.0 --download-make --download-cmake --download-mpich --download-fblaslapack --download-parmetis --download-metis --download-zlib --download-hdf5 --download-netcdf --download-pnetcdf --download-exodusii COPTFLAGS="-O3 -march=native" FOPTFLAGS="-O3 -march=native" CXXOPTFLAGS="-O3 -march=native" --with-debugging=0 --with-shared-libraries=1 --prefix=/projects/arme5062/software/petsc/local
[43]PETSC ERROR: #1 DMLabelGather() line 1597 in /projects/arme5062/software/petsc/src/dm/label/dmlabel.c
[43]PETSC ERROR: #2 PetscMallocA() line 415 in /projects/arme5062/software/petsc/src/sys/memory/mal.c
[43]PETSC ERROR: #3 DMLabelGather() line 1597 in /projects/arme5062/software/petsc/src/dm/label/dmlabel.c
Memory requested 18446744071629176832
[66]PETSC ERROR: See https://www.mcs.anl.gov/petsc/documentation/faq.html for trouble shooting.
[66]PETSC ERROR: Petsc Development GIT revision: v3.12.4-787-gcc5957f  GIT Date: 2020-02-26 21:52:32 -0500
[66]PETSC ERROR: ./elasticity on a  named ssky0940.rc.int.colorado.edu by arme5062 Wed Mar 18 14:34:02 2020
[66]PETSC ERROR: Configure options --with-cc=gcc --with-cxx=g++ --with-fc=gfortran --with-valgrind-dir=/curc/sw/valgrind/3.11.0 --download-make --download-cmake --download-mpich --download-fblaslapack --download-parmetis --download-metis --download-zlib --download-hdf5 --download-netcdf --download-pnetcdf --download-exodusii COPTFLAGS="-O3 -march=native" FOPTFLAGS="-O3 -march=native" CXXOPTFLAGS="-O3 -march=native" --with-debugging=0 --with-shared-libraries=1 --prefix=/projects/arme5062/software/petsc/local
[66]PETSC ERROR: #1 DMLabelGather() line 1597 in /projects/arme5062/software/petsc/src/dm/label/dmlabel.c
[66]PETSC ERROR: #2 PetscMallocA() line 415 in /projects/arme5062/software/petsc/src/sys/memory/mal.c
[66]PETSC ERROR: #3 DMLabelGather() line 1597 in /projects/arme5062/software/petsc/src/dm/label/dmlabel.c
[66]PETSC ERROR: #4 DMPlexLabelComplete_Internal() line 118 in /projects/arme5062/software/petsc/src/dm/impls/plex/plexsubmesh.c
[66]PETSC ERROR: #5 DMPlexLabelComplete() line 170 in /projects/arme5062/software/petsc/src/dm/impls/plex/plexsubmesh.c
[66]PETSC ERROR: #6 DMCreateLocalSection_Plex() line 485 in /projects/arme5062/software/petsc/src/dm/impls/plex/plexsection.c
[66]PETSC ERROR: #7 DMGetLocalSection() line 4022 in /projects/arme5062/software/petsc/src/dm/interface/dm.c
[66]PETSC ERROR: #8 DMPlexSetClosurePermutationTensor() line 4185 in /projects/arme5062/software/petsc/src/dm/impls/plex/plex.c
[66]PETSC ERROR: #9 SetupDMByDegree() line 171 in /projects/arme5062/software/CeedPetscSolid_sky/src/setupdm.c
See https://www.mcs.anl.gov/petsc/documentation/faq.html for trouble shooting.
[46]PETSC ERROR: Petsc Development GIT revision: v3.12.4-787-gcc5957f  GIT Date: 2020-02-26 21:52:32 -0500
[46]PETSC ERROR: ./elasticity on a  named ssky0939.rc.int.colorado.edu by arme5062 Wed Mar 18 14:34:02 2020
[46]PETSC ERROR: Configure options --with-cc=gcc --with-cxx=g++ --with-fc=gfortran --with-valgrind-dir=/curc/sw/valgrind/3.11.0 --download-make --download-cmake --download-mpich --download-fblaslapack --download-parmetis --download-metis --download-zlib --download-hdf5 --download-netcdf --download-pnetcdf --download-exodusii COPTFLAGS="-O3 -march=native" FOPTFLAGS="-O3 -march=native" CXXOPTFLAGS="-O3 -march=native" --with-debugging=0 --with-shared-libraries=1 --prefix=/projects/arme5062/software/petsc/local
[46]PETSC ERROR: #1 DMLabelGather() line 1597 in /projects/arme5062/software/petsc/src/dm/label/dmlabel.c
[46]PETSC ERROR: #2 PetscMallocA() line 415 in /projects/arme5062/software/petsc/src/sys/memory/mal.c
[46]PETSC ERROR: #3 DMLabelGather() line 1597 in /projects/arme5062/software/petsc/src/dm/label/dmlabel.c
[46]PETSC ERROR: #4 DMPlexLabelComplete_Internal() line 118 in /projects/arme5062/software/petsc/src/dm/impls/plex/plexsubmesh.c
[46]PETSC ERROR: #5 DMPlexLabelComplete() line 170 in /projects/arme5062/software/petsc/src/dm/impls/plex/plexsubmesh.c
[46]PETSC ERROR: #6 DMCreateLocalSection_Plex() line 485 in /projects/arme5062/software/petsc/src/dm/impls/plex/plexsection.c
./elasticity on a  named ssky0940.rc.int.colorado.edu by arme5062 Wed Mar 18 14:34:02 2020
[67]PETSC ERROR: Configure options --with-cc=gcc --with-cxx=g++ --with-fc=gfortran --with-valgrind-dir=/curc/sw/valgrind/3.11.0 --download-make --download-cmake --download-mpich --download-fblaslapack --download-parmetis --download-metis --download-zlib --download-hdf5 --download-netcdf --download-pnetcdf --download-exodusii COPTFLAGS="-O3 -march=native" FOPTFLAGS="-O3 -march=native" CXXOPTFLAGS="-O3 -march=native" --with-debugging=0 --with-shared-libraries=1 --prefix=/projects/arme5062/software/petsc/local
[67]PETSC ERROR: #1 DMLabelGather() line 1597 in /projects/arme5062/software/petsc/src/dm/label/dmlabel.c
[67]PETSC ERROR: #2 PetscMallocA() line 415 in /projects/arme5062/software/petsc/src/sys/memory/mal.c
[67]PETSC ERROR: #3 DMLabelGather() line 1597 in /projects/arme5062/software/petsc/src/dm/label/dmlabel.c
[67]PETSC ERROR: #4 DMPlexLabelComplete_Internal() line 118 in /projects/arme5062/software/petsc/src/dm/impls/plex/plexsubmesh.c
[67]PETSC ERROR: #5 DMPlexLabelComplete() line 170 in /projects/arme5062/software/petsc/src/dm/impls/plex/plexsubmesh.c
[67]PETSC ERROR: #6 DMCreateLocalSection_Plex() line 485 in /projects/arme5062/software/petsc/src/dm/impls/plex/plexsection.c
[67]PETSC ERROR: #7 DMGetLocalSection() line 4022 in /projects/arme5062/software/petsc/src/dm/interface/dm.c
[67]PETSC ERROR: #8 DMPlexSetClosurePermutationTensor() line 4185 in /projects/arme5062/software/petsc/src/dm/impls/plex/plex.c
[67]PETSC ERROR: #9 SetupDMByDegree() line 171 in /projects/arme5062/software/CeedPetscSolid_sky/src/setupdm.c
[67]PETSC ERROR: #10 main() line 116 in elasticity.c
#6 DMCreateLocalSection_Plex() line 485 in /projects/arme5062/software/petsc/src/dm/impls/plex/plexsection.c
[28]PETSC ERROR: #7 DMGetLocalSection() line 4022 in /projects/arme5062/software/petsc/src/dm/interface/dm.c
[28]PETSC ERROR: #8 DMPlexSetClosurePermutationTensor() line 4185 in /projects/arme5062/software/petsc/src/dm/impls/plex/plex.c
[28]PETSC ERROR: #9 SetupDMByDegree() line 171 in /projects/arme5062/software/CeedPetscSolid_sky/src/setupdm.c
[28]PETSC ERROR: #10 main() line 116 in elasticity.c
[28]PETSC ERROR: PETSc Option Table entries:
[28]PETSC ERROR: -boundary wall_weight
[28]PETSC ERROR: -degree 4
[28]PETSC ERROR: -E 1e6
[28]PETSC ERROR: -forcing none
[28]PETSC ERROR: -log_view
[28]PETSC ERROR: [71]PETSC ERROR: Configure options --with-cc=gcc --with-cxx=g++ --with-fc=gfortran --with-valgrind-dir=/curc/sw/valgrind/3.11.0 --download-make --download-cmake --download-mpich --download-fblaslapack --download-parmetis --download-metis --download-zlib --download-hdf5 --download-netcdf --download-pnetcdf --download-exodusii COPTFLAGS="-O3 -march=native" FOPTFLAGS="-O3 -march=native" CXXOPTFLAGS="-O3 -march=native" --with-debugging=0 --with-shared-libraries=1 --prefix=/projects/arme5062/software/petsc/local
[71]PETSC ERROR: #1 DMLabelGather() line 1597 in /projects/arme5062/software/petsc/src/dm/label/dmlabel.c
[71]PETSC ERROR: #2 PetscMallocA() line 415 in /projects/arme5062/software/petsc/src/sys/memory/mal.c
[71]PETSC ERROR: #3 DMLabelGather() line 1597 in /projects/arme5062/software/petsc/src/dm/label/dmlabel.c
[71]PETSC ERROR: #4 DMPlexLabelComplete_Internal() line 118 in /projects/arme5062/software/petsc/src/dm/impls/plex/plexsubmesh.c
[71]PETSC ERROR: #5 DMPlexLabelComplete() line 170 in /projects/arme5062/software/petsc/src/dm/impls/plex/plexsubmesh.c
[71]PETSC ERROR: #6 DMCreateLocalSection_Plex() line 485 in /projects/arme5062/software/petsc/src/dm/impls/plex/plexsection.c
[71]PETSC ERROR: #7 DMGetLocalSection() line 4022 in /projects/arme5062/software/petsc/src/dm/interface/dm.c
[71]PETSC ERROR: #8 DMPlexSetClosurePermutationTensor() line 4185 in /projects/arme5062/software/petsc/src/dm/impls/plex/plex.c
[71]PETSC ERROR: #9 SetupDMByDegree() line 171 in /projects/arme5062/software/CeedPetscSolid_sky/src/setupdm.c
[71]PETSC ERROR: #10 main() line 116 in elasticity.c
[71]PETSC ERROR: PETSc Option Table entries:
#7 DMGetLocalSection() line 4022 in /projects/arme5062/software/petsc/src/dm/interface/dm.c
[35]PETSC ERROR: #8 DMPlexSetClosurePermutationTensor() line 4185 in /projects/arme5062/software/petsc/src/dm/impls/plex/plex.c
[35]PETSC ERROR: #9 SetupDMByDegree() line 171 in /projects/arme5062/software/CeedPetscSolid_sky/src/setupdm.c
[35]PETSC ERROR: #10 main() line 116 in elasticity.c
[35]PETSC ERROR: PETSc Option Table entries:
[35]PETSC ERROR: -boundary wall_weight
[35]PETSC ERROR: -degree 4
[35]PETSC ERROR: -E 1e6
[35]PETSC ERROR: -forcing none
[35]PETSC ERROR: -log_view
[35]PETSC ERROR: -mesh ./meshes/cylinder8_99Ke_2ss_us.exo
[35]PETSC ERROR: -nu .3
[35]PETSC ERROR: [48]PETSC ERROR: #5 DMPlexLabelComplete() line 170 in /projects/arme5062/software/petsc/src/dm/impls/plex/plexsubmesh.c
[48]PETSC ERROR: #6 DMCreateLocalSection_Plex() line 485 in /projects/arme5062/software/petsc/src/dm/impls/plex/plexsection.c
[48]PETSC ERROR: #7 DMGetLocalSection() line 4022 in /projects/arme5062/software/petsc/src/dm/interface/dm.c
[48]PETSC ERROR: #8 DMPlexSetClosurePermutationTensor() line 4185 in /projects/arme5062/software/petsc/src/dm/impls/plex/plex.c
[48]PETSC ERROR: #9 SetupDMByDegree() line 171 in /projects/arme5062/software/CeedPetscSolid_sky/src/setupdm.c
[48]PETSC ERROR: #10 main() line 116 in elasticity.c
[48]PETSC ERROR: PETSc Option Table entries:
[48]PETSC ERROR: -boundary wall_weight
[48]PETSC ERROR: -degree 4
[48]PETSC ERROR: -E 1e6
[48]PETSC ERROR: -forcing none
[48]PETSC ERROR: -log_view
[48]PETSC ERROR: #4 DMPlexLabelComplete_Internal() line 118 in /projects/arme5062/software/petsc/src/dm/impls/plex/plexsubmesh.c
[42]PETSC ERROR: #5 DMPlexLabelComplete() line 170 in /projects/arme5062/software/petsc/src/dm/impls/plex/plexsubmesh.c
[42]PETSC ERROR: #6 DMCreateLocalSection_Plex() line 485 in /projects/arme5062/software/petsc/src/dm/impls/plex/plexsection.c
[42]PETSC ERROR: #7 DMGetLocalSection() line 4022 in /projects/arme5062/software/petsc/src/dm/interface/dm.c
[42]PETSC ERROR: #8 DMPlexSetClosurePermutationTensor() line 4185 in /projects/arme5062/software/petsc/src/dm/impls/plex/plex.c
[42]PETSC ERROR: #9 SetupDMByDegree() line 171 in /projects/arme5062/software/CeedPetscSolid_sky/src/setupdm.c
[42]PETSC ERROR: #10 main() line 116 in elasticity.c
[42]PETSC ERROR: PETSc Option Table entries:
[42]PETSC ERROR: -boundary wall_weight
[42]PETSC ERROR: -degree 4
[42]PETSC ERROR: -E 1e6
[56]PETSC ERROR: #7 DMGetLocalSection() line 4022 in /projects/arme5062/software/petsc/src/dm/interface/dm.c
[56]PETSC ERROR: #8 DMPlexSetClosurePermutationTensor() line 4185 in /projects/arme5062/software/petsc/src/dm/impls/plex/plex.c
[56]PETSC ERROR: #9 SetupDMByDegree() line 171 in /projects/arme5062/software/CeedPetscSolid_sky/src/setupdm.c
[56]PETSC ERROR: #10 main() line 116 in elasticity.c
[56]PETSC ERROR: PETSc Option Table entries:
[56]PETSC ERROR: -boundary wall_weight
[56]PETSC ERROR: -degree 4
[56]PETSC ERROR: -E 1e6
[56]PETSC ERROR: -forcing none
[56]PETSC ERROR: -log_view
[56]PETSC ERROR: -mesh ./meshes/cylinder8_99Ke_2ss_us.exo
[56]PETSC ERROR: [43]PETSC ERROR: #4 DMPlexLabelComplete_Internal() line 118 in /projects/arme5062/software/petsc/src/dm/impls/plex/plexsubmesh.c
[43]PETSC ERROR: #5 DMPlexLabelComplete() line 170 in /projects/arme5062/software/petsc/src/dm/impls/plex/plexsubmesh.c
[43]PETSC ERROR: #6 DMCreateLocalSection_Plex() line 485 in /projects/arme5062/software/petsc/src/dm/impls/plex/plexsection.c
[43]PETSC ERROR: #7 DMGetLocalSection() line 4022 in /projects/arme5062/software/petsc/src/dm/interface/dm.c
[43]PETSC ERROR: #8 DMPlexSetClosurePermutationTensor() line 4185 in /projects/arme5062/software/petsc/src/dm/impls/plex/plex.c
[43]PETSC ERROR: #9 SetupDMByDegree() line 171 in /projects/arme5062/software/CeedPetscSolid_sky/src/setupdm.c
[43]PETSC ERROR: #10 main() line 116 in elasticity.c
[43]PETSC ERROR: PETSc Option Table entries:
[66]PETSC ERROR: #10 main() line 116 in elasticity.c
[66]PETSC ERROR: PETSc Option Table entries:
[66]PETSC ERROR: -boundary wall_weight
[66]PETSC ERROR: -degree 4
[66]PETSC ERROR: -E 1e6
[66]PETSC ERROR: -forcing none
[66]PETSC ERROR: -log_view
[66]PETSC ERROR: -mesh ./meshes/cylinder8_99Ke_2ss_us.exo
[66]PETSC ERROR: -nu .3
[66]PETSC ERROR: ----------------End of Error Message -------send entire error message to petsc-maint@mcs.anl.gov----------
[46]PETSC ERROR: #7 DMGetLocalSection() line 4022 in /projects/arme5062/software/petsc/src/dm/interface/dm.c
[46]PETSC ERROR: #8 DMPlexSetClosurePermutationTensor() line 4185 in /projects/arme5062/software/petsc/src/dm/impls/plex/plex.c
[46]PETSC ERROR: #9 SetupDMByDegree() line 171 in /projects/arme5062/software/CeedPetscSolid_sky/src/setupdm.c
[46]PETSC ERROR: #10 main() line 116 in elasticity.c
[46]PETSC ERROR: PETSc Option Table entries:
[46]PETSC ERROR: -boundary wall_weight
[46]PETSC ERROR: -degree 4
[46]PETSC ERROR: -E 1e6
[46]PETSC ERROR: -forcing none
[46]PETSC ERROR: [67]PETSC ERROR: PETSc Option Table entries:
[67]PETSC ERROR: -boundary wall_weight
[67]PETSC ERROR: -degree 4
[67]PETSC ERROR: -E 1e6
[67]PETSC ERROR: -forcing none
[67]PETSC ERROR: -log_view
[67]PETSC ERROR: -mesh ./meshes/cylinder8_99Ke_2ss_us.exo
[67]PETSC ERROR: -nu .3
[67]PETSC ERROR: ----------------End of Error Message -------send entire error message to petsc-maint@mcs.anl.gov----------
-mesh ./meshes/cylinder8_99Ke_2ss_us.exo
[28]PETSC ERROR: -nu .3
[28]PETSC ERROR: ----------------End of Error Message -------send entire error message to petsc-maint@mcs.anl.gov----------
application called MPI_Abort(MPI_COMM_SELF, 116055) - process 0
[71]PETSC ERROR: -boundary wall_weight
[71]PETSC ERROR: -degree 4
[71]PETSC ERROR: -E 1e6
[71]PETSC ERROR: -forcing none
[71]PETSC ERROR: -log_view
[71]PETSC ERROR: -mesh ./meshes/cylinder8_99Ke_2ss_us.exo
[71]PETSC ERROR: -nu .3
[71]PETSC ERROR: ----------------End of Error Message -------send entire error message to petsc-maint@mcs.anl.gov----------
----------------End of Error Message -------send entire error message to petsc-maint@mcs.anl.gov----------
application called MPI_Abort(MPI_COMM_SELF, 116055) - process 0
-mesh ./meshes/cylinder8_99Ke_2ss_us.exo
[48]PETSC ERROR: -nu .3
[48]PETSC ERROR: ----------------End of Error Message -------send entire error message to petsc-maint@mcs.anl.gov----------
[42]PETSC ERROR: -forcing none
[42]PETSC ERROR: -log_view
[42]PETSC ERROR: -mesh ./meshes/cylinder8_99Ke_2ss_us.exo
[42]PETSC ERROR: -nu .3
[42]PETSC ERROR: ----------------End of Error Message -------send entire error message to petsc-maint@mcs.anl.gov----------
application called MPI_Abort(MPI_COMM_SELF, 116055) - process 0
-nu .3
[56]PETSC ERROR: ----------------End of Error Message -------send entire error message to petsc-maint@mcs.anl.gov----------
application called MPI_Abort(MPI_COMM_SELF, 116055) - process 0
[43]PETSC ERROR: -boundary wall_weight
[43]PETSC ERROR: -degree 4
[43]PETSC ERROR: -E 1e6
[43]PETSC ERROR: -forcing none
[43]PETSC ERROR: -log_view
[43]PETSC ERROR: -mesh ./meshes/cylinder8_99Ke_2ss_us.exo
[43]PETSC ERROR: -nu .3
[43]PETSC ERROR: ----------------End of Error Message -------send entire error message to petsc-maint@mcs.anl.gov----------
application called MPI_Abort(MPI_COMM_SELF, 116055) - process 0
application called MPI_Abort(MPI_COMM_SELF, 116055) - process 0
-log_view
[46]PETSC ERROR: -mesh ./meshes/cylinder8_99Ke_2ss_us.exo
[46]PETSC ERROR: -nu .3
[46]PETSC ERROR: ----------------End of Error Message -------send entire error message to petsc-maint@mcs.anl.gov----------
application called MPI_Abort(MPI_COMM_SELF, 116055) - process 0
application called MPI_Abort(MPI_COMM_SELF, 116055) - process 0
--------------------- Error Message --------------------------------------------------------------
application called MPI_Abort(MPI_COMM_SELF, 116055) - process 0
[29]PETSC ERROR: Out of memory. This could be due to allocating
[29]PETSC ERROR: too large an object or bleeding by not properly
[29]PETSC ERROR: destroying unneeded objects.
application called MPI_Abort(MPI_COMM_SELF, 116055) - process 0
[29]PETSC ERROR: Memory allocated 0 Memory used by process 47869952
[29]PETSC ERROR: Try running with -malloc_dump or -malloc_view for info.
[29]PETSC ERROR: --------------------- Error Message --------------------------------------------------------------
Memory requested 18446744071629176832
[29]PETSC ERROR: See https://www.mcs.anl.gov/petsc/documentation/faq.html for trouble shooting.
[29]PETSC ERROR: Petsc Development GIT revision: v3.12.4-787-gcc5957f  GIT Date: 2020-02-26 21:52:32 -0500
[29]PETSC ERROR: ./elasticity on a  named ssky0939.rc.int.colorado.edu by arme5062 Wed Mar 18 14:34:02 2020
[29]PETSC ERROR: [50]PETSC ERROR: Configure options --with-cc=gcc --with-cxx=g++ --with-fc=gfortran --with-valgrind-dir=/curc/sw/valgrind/3.11.0 --download-make --download-cmake --download-mpich --download-fblaslapack --download-parmetis --download-metis --download-zlib --download-hdf5 --download-netcdf --download-pnetcdf --download-exodusii COPTFLAGS="-O3 -march=native" FOPTFLAGS="-O3 -march=native" CXXOPTFLAGS="-O3 -march=native" --with-debugging=0 --with-shared-libraries=1 --prefix=/projects/arme5062/software/petsc/local
[29]PETSC ERROR: #1 DMLabelGather() line 1597 in /projects/arme5062/software/petsc/src/dm/label/dmlabel.c
[29]PETSC ERROR: #2 PetscMallocA() line 415 in /projects/arme5062/software/petsc/src/sys/memory/mal.c
[29]PETSC ERROR: Out of memory. This could be due to allocating
#3 DMLabelGather() line 1597 in /projects/arme5062/software/petsc/src/dm/label/dmlabel.c
[29]PETSC ERROR: #4 DMPlexLabelComplete_Internal() line 118 in /projects/arme5062/software/petsc/src/dm/impls/plex/plexsubmesh.c
[29]PETSC ERROR: #5 DMPlexLabelComplete() line 170 in /projects/arme5062/software/petsc/src/dm/impls/plex/plexsubmesh.c
[29]PETSC ERROR: #6 DMCreateLocalSection_Plex() line 485 in /projects/arme5062/software/petsc/src/dm/impls/plex/plexsection.c
[29]PETSC ERROR: #7 DMGetLocalSection() line 4022 in /projects/arme5062/software/petsc/src/dm/interface/dm.c
[29]PETSC ERROR: #8 DMPlexSetClosurePermutationTensor() line 4185 in /projects/arme5062/software/petsc/src/dm/impls/plex/plex.c
[29]PETSC ERROR: #9 SetupDMByDegree() line 171 in /projects/arme5062/software/CeedPetscSolid_sky/src/setupdm.c
[29]PETSC ERROR: #10 main() line 116 in elasticity.c
[29]PETSC ERROR: PETSc Option Table entries:
[29]PETSC ERROR: -boundary wall_weight
[29]PETSC ERROR: -degree 4
[29]PETSC ERROR: -E 1e6
[29]PETSC ERROR: -forcing none
[29]PETSC ERROR: -log_view
[29]PETSC ERROR: -mesh ./meshes/cylinder8_99Ke_2ss_us.exo
[29]PETSC ERROR: -nu .3
[29]PETSC ERROR: ----------------End of Error Message -------send entire error message to petsc-maint@mcs.anl.gov----------
[50]PETSC ERROR: application called MPI_Abort(MPI_COMM_SELF, 116055) - process 0
too large an object or bleeding by not properly
[50]PETSC ERROR: destroying unneeded objects.
[50]PETSC ERROR: Memory allocated 0 Memory used by process 49905664
[50]PETSC ERROR: Try running with -malloc_dump or -malloc_view for info.
[50]PETSC ERROR: Memory requested 18446744071629176832
[50]PETSC ERROR: See https://www.mcs.anl.gov/petsc/documentation/faq.html for trouble shooting.
[50]PETSC ERROR: Petsc Development GIT revision: v3.12.4-787-gcc5957f  GIT Date: 2020-02-26 21:52:32 -0500
[50]PETSC ERROR: ./elasticity on a  named ssky0940.rc.int.colorado.edu by arme5062 Wed Mar 18 14:34:02 2020
[50]PETSC ERROR: Configure options --with-cc=gcc --with-cxx=g++ --with-fc=gfortran --with-valgrind-dir=/curc/sw/valgrind/3.11.0 --download-make --download-cmake --download-mpich --download-fblaslapack --download-parmetis --download-metis --download-zlib --download-hdf5 --download-netcdf --download-pnetcdf --download-exodusii COPTFLAGS="-O3 -march=native" FOPTFLAGS="-O3 -march=native" CXXOPTFLAGS="-O3 -march=native" --with-debugging=0 --with-shared-libraries=1 --prefix=/projects/arme5062/software/petsc/local
[50]PETSC ERROR: #1 DMLabelGather() line 1597 in /projects/arme5062/software/petsc/src/dm/label/dmlabel.c
[50]PETSC ERROR: #2 PetscMallocA() line 415 in /projects/arme5062/software/petsc/src/sys/memory/mal.c
[50]PETSC ERROR: #3 DMLabelGather() line 1597 in /projects/arme5062/software/petsc/src/dm/label/dmlabel.c
[50]PETSC ERROR: #4 DMPlexLabelComplete_Internal() line 118 in /projects/arme5062/software/petsc/src/dm/impls/plex/plexsubmesh.c
[50]PETSC ERROR: #5 DMPlexLabelComplete() line 170 in /projects/arme5062/software/petsc/src/dm/impls/plex/plexsubmesh.c
[50]PETSC ERROR: #6 DMCreateLocalSection_Plex() line 485 in /projects/arme5062/software/petsc/src/dm/impls/plex/plexsection.c
[50]PETSC ERROR: #7 DMGetLocalSection() line 4022 in /projects/arme5062/software/petsc/src/dm/interface/dm.c
[50]PETSC ERROR: #8 DMPlexSetClosurePermutationTensor() line 4185 in /projects/arme5062/software/petsc/src/dm/impls/plex/plex.c
[50]PETSC ERROR: #9 SetupDMByDegree() line 171 in /projects/arme5062/software/CeedPetscSolid_sky/src/setupdm.c
[50]PETSC ERROR: #10 main() line 116 in elasticity.c
[50]PETSC ERROR: PETSc Option Table entries:
[50]PETSC ERROR: -boundary wall_weight
[50]PETSC ERROR: -degree 4
[50]PETSC ERROR: -E 1e6
[50]PETSC ERROR: -forcing none
[50]PETSC ERROR: -log_view
[50]PETSC ERROR: -mesh ./meshes/cylinder8_99Ke_2ss_us.exo
[50]PETSC ERROR: -nu .3
[50]PETSC ERROR: ----------------End of Error Message -------send entire error message to petsc-maint@mcs.anl.gov----------
application called MPI_Abort(MPI_COMM_SELF, 116055) - process 0
