
-- Elastisticy Example - libCEED + PETSc --
  libCEED:
    libCEED Backend                    : /cpu/self/xsmm/blocked
  Problem:
    Problem Name                       : Linear elasticity
    Forcing Function                   : Manufactured solution
    Boundary Condition                 : Manufactured solution
  Mesh:
    File                               : ./meshes/cylinder8_399Ke_4ss_us.exo
    Number of 1D Basis Nodes (p)       : 5
    Number of 1D Quadrature Points (q) : 5
    Global nodes                       : 24990840
    Owned nodes                        : 12482880
    DoF per node                       : 3
  Multigrid:
    Type                               : P-multigrid, logarithmic coarsening
    Number of Levels                   : 3
    Level 0 (coarse):
      Number of 1D Basis Nodes (p)     : 2
      Global Nodes                     : 364518
      Owned Nodes                      : 181461
    Level 2 (fine):
      Number of 1D Basis Nodes (p)     : 5
      Global Nodes                     : 24990840
      Owned Nodes                      : 12482880

===================================================================================
=   BAD TERMINATION OF ONE OF YOUR APPLICATION PROCESSES
=   PID 160431 RUNNING AT ssky0943
=   EXIT CODE: 9
=   CLEANING UP REMAINING PROCESSES
=   YOU CAN IGNORE THE BELOW CLEANUP MESSAGES
===================================================================================

===================================================================================
=   BAD TERMINATION OF ONE OF YOUR APPLICATION PROCESSES
=   PID 160431 RUNNING AT ssky0943
=   EXIT CODE: 9
=   CLEANING UP REMAINING PROCESSES
=   YOU CAN IGNORE THE BELOW CLEANUP MESSAGES
===================================================================================
