
-- Elastisticy Example - libCEED + PETSc --
  libCEED:
    libCEED Backend                    : /cpu/self/xsmm/blocked
  Problem:
    Problem Name                       : Linear elasticity
    Forcing Function                   : Manufactured solution
    Boundary Condition                 : Manufactured solution
  Mesh:
    File                               : ./meshes/cylinder8_31280e_4ss_us.exo
    Number of 1D Basis Nodes (p)       : 5
    Number of 1D Quadrature Points (q) : 5
    Global nodes                       : 1898424
    Owned nodes                        : 472056
    DoF per node                       : 3
  Multigrid:
    Type                               : P-multigrid, logarithmic coarsening
    Number of Levels                   : 3
    Level 0 (coarse):
      Number of 1D Basis Nodes (p)     : 2
      Global Nodes                     : 24852
      Owned Nodes                      : 6021
    Level 2 (fine):
      Number of 1D Basis Nodes (p)     : 5
      Global Nodes                     : 1898424
      Owned Nodes                      : 472056
  SNES:
    SNES Type                          : newtonls
    SNES Convergence                   : CONVERGED_FNORM_RELATIVE
    Total SNES Iterations              : 1
    Final rnorm                        : 7.664840e-04
  Linear Solver:
    KSP Type                           : cg
  P-Multigrid:
    PCMG Type                          : MULTIPLICATIVE
    PCMG Cycle Type                    : v
    Coarse Solve:
      KSP Type                         : preonly
      PC Type                          : gamg
  Performance:
    SNES Solve Time                    : 18.007 (18.007) sec
    L2 Error                           : 0.000000
************************************************************************************************************************
***             WIDEN YOUR WINDOW TO 120 CHARACTERS.  Use 'enscript -r -fCourier9' to print this document            ***
************************************************************************************************************************

---------------------------------------------- PETSc Performance Summary: ----------------------------------------------

./elasticity on a  named ssky0943.rc.int.colorado.edu with 4 processors, by arme5062 Thu Mar  5 16:47:40 2020
Using Petsc Development GIT revision: v3.12.4-787-gcc5957f  GIT Date: 2020-02-26 21:52:32 -0500

                         Max       Max/Min     Avg       Total 
Time (sec):           2.019e+01     1.000   2.019e+01
Objects:              2.766e+03     1.021   2.738e+03
Flop:                 3.656e+09     1.025   3.606e+09  1.442e+10
Flop/sec:             1.811e+08     1.025   1.786e+08  7.143e+08
MPI Messages:         2.128e+03     2.087   1.593e+03  6.372e+03
MPI Message Lengths:  6.981e+07     2.215   3.084e+04  1.965e+08
MPI Reductions:       1.149e+03     1.000

Flop counting convention: 1 flop = 1 real number operation of type (multiply/divide/add/subtract)
                            e.g., VecAXPY() for real vectors of length N --> 2N flop
                            and VecAXPY() for complex vectors of length N --> 8N flop

Summary of Stages:   ----- Time ------  ----- Flop ------  --- Messages ---  -- Message Lengths --  -- Reductions --
                        Avg     %Total     Avg     %Total    Count   %Total     Avg         %Total    Count   %Total 
 0:      Main Stage: 2.0194e+01 100.0%  1.4424e+10 100.0%  6.372e+03 100.0%  3.084e+04      100.0%  1.142e+03  99.4% 

------------------------------------------------------------------------------------------------------------------------
See the 'Profiling' chapter of the users' manual for details on interpreting output.
Phase summary info:
   Count: number of times phase was executed
   Time and Flop: Max - maximum over all processors
                  Ratio - ratio of maximum to minimum over all processors
   Mess: number of messages sent
   AvgLen: average message length (bytes)
   Reduct: number of global reductions
   Global: entire computation
   Stage: stages of a computation. Set stages with PetscLogStagePush() and PetscLogStagePop().
      %T - percent time in this phase         %F - percent flop in this phase
      %M - percent messages in this phase     %L - percent message lengths in this phase
      %R - percent reductions in this phase
   Total Mflop/s: 10e-6 * (sum of flop over all processors)/(max time over all processors)
------------------------------------------------------------------------------------------------------------------------
Event                Count      Time (sec)     Flop                              --- Global ---  --- Stage ----  Total
                   Max Ratio  Max     Ratio   Max  Ratio  Mess   AvgLen  Reduct  %T %F %M %L %R  %T %F %M %L %R Mflop/s
------------------------------------------------------------------------------------------------------------------------

--- Event Stage 0: Main Stage

PetscBarrier           2 1.0 2.0364e-02 1.1 0.00e+00 0.0 0.0e+00 0.0e+00 2.0e+00  0  0  0  0  0   0  0  0  0  0     0
BuildTwoSided         49 1.0 1.6066e-02 3.7 0.00e+00 0.0 1.0e+02 4.0e+00 0.0e+00  0  0  2  0  0   0  0  2  0  0     0
BuildTwoSidedF        57 1.0 2.6031e-0213.8 0.00e+00 0.0 5.4e+01 3.4e+04 0.0e+00  0  0  1  1  0   0  0  1  1  0     0
DMCreateMat            1 1.0 3.9266e-01 1.0 0.00e+00 0.0 6.0e+01 8.0e+04 1.3e+01  2  0  1  2  1   2  0  1  2  1     0
DMPlexCrFromFile       1 1.0 2.5984e-01 1.3 0.00e+00 0.0 0.0e+00 0.0e+00 5.0e+00  1  0  0  0  0   1  0  0  0  0     0
Mesh Partition         1 1.0 1.2689e-01 1.8 0.00e+00 0.0 1.2e+01 3.0e+05 9.0e+00  1  0  0  2  1   1  0  0  2  1     0
Mesh Migration         1 1.0 4.6572e-02 1.0 0.00e+00 0.0 8.2e+01 2.2e+05 2.4e+01  0  0  1  9  2   0  0  1  9  2     0
DMPlexPartSelf         1 1.0 3.7305e-023725.4 0.00e+00 0.0 0.0e+00 0.0e+00 0.0e+00  0  0  0  0  0   0  0  0  0  0     0
DMPlexPartLblInv       1 1.0 4.2682e-02 9.1 0.00e+00 0.0 0.0e+00 0.0e+00 3.0e+00  0  0  0  1  0   0  0  0  1  0     0
DMPlexPartLblSF        1 1.0 8.5201e-03 1.1 0.00e+00 0.0 4.5e+00 1.9e+05 0.0e+00  0  0  0  0  0   0  0  0  0  0     0
DMPlexPartStrtSF       1 1.0 1.2500e-03 1.2 0.00e+00 0.0 3.0e+00 2.8e+05 0.0e+00  0  0  0  0  0   0  0  0  0  0     0
DMPlexPointSF          1 1.0 1.3588e-02 1.0 0.00e+00 0.0 6.0e+00 7.0e+05 0.0e+00  0  0  0  2  0   0  0  0  2  0     0
DMPlexInterp          17 1.0 1.8608e-01 1.0 0.00e+00 0.0 0.0e+00 0.0e+00 2.2e+01  1  0  0  0  2   1  0  0  0  2     0
DMPlexDistribute       1 1.0 1.8698e-01 1.4 0.00e+00 0.0 1.0e+02 2.6e+05 3.3e+01  1  0  2 13  3   1  0  2 13  3     0
DMPlexDistCones        1 1.0 1.4889e-02 1.0 0.00e+00 0.0 1.6e+01 5.4e+05 1.0e+00  0  0  0  5  0   0  0  0  5  0     0
DMPlexDistLabels       1 1.0 1.1754e-02 1.0 0.00e+00 0.0 4.0e+01 1.3e+05 2.1e+01  0  0  1  3  2   0  0  1  3  2     0
DMPlexDistField        1 1.0 1.4526e-02 1.0 0.00e+00 0.0 2.0e+01 1.2e+05 1.0e+00  0  0  0  1  0   0  0  0  1  0     0
DMPlexStratify        32 1.0 1.9913e-0118.6 0.00e+00 0.0 0.0e+00 0.0e+00 3.2e+01  1  0  0  0  3   1  0  0  0  3     0
DMPlexSymmetrize      32 1.0 1.9568e-02 8.1 0.00e+00 0.0 0.0e+00 0.0e+00 0.0e+00  0  0  0  0  0   0  0  0  0  0     0
DMPlexPrealloc         1 1.0 3.9132e-01 1.0 0.00e+00 0.0 6.0e+01 8.0e+04 1.1e+01  2  0  1  2  1   2  0  1  2  1     0
SFSetGraph            52 1.0 9.5439e-04 1.3 0.00e+00 0.0 0.0e+00 0.0e+00 0.0e+00  0  0  0  0  0   0  0  0  0  0     0
SFSetUp               49 1.0 5.2055e-02 1.2 0.00e+00 0.0 3.1e+02 2.2e+04 0.0e+00  0  0  5  3  0   0  0  5  3  0     0
SFBcastOpBegin       902 1.0 4.4046e-01 1.1 0.00e+00 0.0 4.1e+03 2.5e+04 0.0e+00  2  0 64 51  0   2  0 64 51  0     0
SFBcastOpEnd         902 1.0 1.1660e+00 1.7 0.00e+00 0.0 0.0e+00 0.0e+00 0.0e+00  4  0  0  0  0   4  0  0  0  0     0
SFReduceBegin        530 1.0 5.3897e-01 1.1 0.00e+00 0.0 1.7e+03 4.9e+04 0.0e+00  3  0 27 42  0   3  0 27 42  0     0
SFReduceEnd          528 1.0 1.2990e+00 3.5 0.00e+00 0.0 0.0e+00 0.0e+00 0.0e+00  4  0  0  0  0   4  0  0  0  0     0
SFFetchOpBegin         2 1.0 6.6042e-0530.8 0.00e+00 0.0 6.0e+00 9.0e+04 0.0e+00  0  0  0  0  0   0  0  0  0  0     0
SFFetchOpEnd           2 1.0 7.2060e-0328.5 0.00e+00 0.0 6.0e+00 9.0e+04 0.0e+00  0  0  0  0  0   0  0  0  0  0     0
SFCreateEmbed          3 1.0 2.1520e-0222.3 0.00e+00 0.0 9.0e+00 9.7e+04 0.0e+00  0  0  0  0  0   0  0  0  0  0     0
SFDistSection         11 1.0 2.8479e-02 1.4 0.00e+00 0.0 8.6e+01 9.6e+04 1.1e+01  0  0  1  4  1   0  0  1  4  1     0
SFSectionSF           13 1.0 1.7066e-02 1.4 0.00e+00 0.0 5.8e+01 6.0e+04 0.0e+00  0  0  1  2  0   0  0  1  2  0     0
SFRemoteOff            2 1.0 1.5448e-0226.7 0.00e+00 0.0 1.2e+01 5.4e+03 0.0e+00  0  0  0  0  0   0  0  0  0  0     0
MatMult              593 1.0 9.9171e+00 1.0 2.96e+08 1.1 3.8e+03 3.8e+04 0.0e+00 49  8 59 72  0  49  8 59 72  0   113
MatMultAdd            95 1.0 5.0839e-01 1.1 1.04e+08 1.0 5.1e+02 2.1e+04 0.0e+00  2  3  8  5  0   2  3  8  5  0   805
MatMultTranspose      98 1.0 4.5866e-01 1.2 4.57e+07 1.0 5.3e+02 2.2e+04 0.0e+00  2  1  8  6  0   2  1  8  6  0   395
MatSolve              19 0.0 6.3658e-05 0.0 1.13e+04 0.0 0.0e+00 0.0e+00 0.0e+00  0  0  0  0  0   0  0  0  0  0   177
MatSOR               261 1.0 2.6327e-01 1.2 2.32e+08 1.1 0.0e+00 0.0e+00 0.0e+00  1  6  0  0  0   1  6  0  0  0  3343
MatLUFactorSym         1 1.0 2.5034e-05 1.7 0.00e+00 0.0 0.0e+00 0.0e+00 0.0e+00  0  0  0  0  0   0  0  0  0  0     0
MatLUFactorNum         1 1.0 1.4067e-05 3.5 3.21e+03 0.0 0.0e+00 0.0e+00 0.0e+00  0  0  0  0  0   0  0  0  0  0   228
MatScale               9 1.0 6.3682e-04 1.1 7.24e+05 1.1 2.0e+01 7.8e+02 0.0e+00  0  0  0  0  0   0  0  0  0  0  4326
MatResidual           95 1.0 1.3775e+00 1.0 8.29e+07 1.1 6.1e+02 3.0e+04 0.0e+00  7  2 10  9  0   7  2 10  9  0   231
MatAssemblyBegin      74 1.0 2.7042e-02 8.8 0.00e+00 0.0 5.4e+01 3.4e+04 0.0e+00  0  0  1  1  0   0  0  1  1  0     0
MatAssemblyEnd        74 1.0 1.9108e-02 1.1 2.90e+04 2.3 1.6e+02 3.5e+02 7.6e+01  0  0  2  0  7   0  0  2  0  7     4
MatGetRowIJ            2 2.0 6.4249e-03 1.2 0.00e+00 0.0 0.0e+00 0.0e+00 0.0e+00  0  0  0  0  0   0  0  0  0  0     0
MatCreateSubMat        2 1.0 4.1914e-04 1.0 0.00e+00 0.0 2.0e+01 2.1e+02 2.4e+01  0  0  0  0  2   0  0  0  0  2     0
MatGetOrdering         1 0.0 4.6015e-05 0.0 0.00e+00 0.0 0.0e+00 0.0e+00 0.0e+00  0  0  0  0  0   0  0  0  0  0     0
MatCoarsen             3 1.0 7.7295e-04 1.0 0.00e+00 0.0 1.0e+02 7.0e+02 5.0e+00  0  0  2  0  0   0  0  2  0  0     0
MatZeroEntries         4 1.0 1.8291e-03 4.5 0.00e+00 0.0 0.0e+00 0.0e+00 0.0e+00  0  0  0  0  0   0  0  0  0  0     0
MatAXPY                3 1.0 2.4502e-03 1.2 6.09e+04 1.1 0.0e+00 0.0e+00 0.0e+00  0  0  0  0  0   0  0  0  0  0    94
MatFDColorCreate       1 1.0 5.6028e-05 1.0 0.00e+00 0.0 0.0e+00 0.0e+00 2.0e+00  0  0  0  0  0   0  0  0  0  0     0
MatFDColorSetUp        1 1.0 4.6048e-02 1.1 0.00e+00 0.0 0.0e+00 0.0e+00 4.3e+02  0  0  0  0 38   0  0  0  0 38     0
MatFDColorApply        1 1.0 1.9579e+00 1.0 4.24e+06 1.1 6.5e+02 6.4e+03 2.0e+00 10  0 10  2  0  10  0 10  2  0     8
MatFDColorFunc       108 1.0 1.9438e+00 1.0 0.00e+00 0.0 6.5e+02 6.4e+03 2.0e+00 10  0 10  2  0  10  0 10  2  0     0
MatTranspose           6 1.0 2.0041e-03 1.2 0.00e+00 0.0 0.0e+00 0.0e+00 0.0e+00  0  0  0  0  0   0  0  0  0  0     0
MatMatMult             3 1.0 2.2825e-02 1.0 8.24e+06 1.1 1.1e+02 3.5e+03 2.4e+01  0  0  2  0  2   0  0  2  0  2  1361
MatMatMultSym          3 1.0 1.6825e-02 1.0 0.00e+00 0.0 8.7e+01 2.7e+03 2.4e+01  0  0  1  0  2   0  0  1  0  2     0
MatMatMultNum          3 1.0 5.9941e-03 1.0 8.24e+06 1.1 2.0e+01 7.0e+03 0.0e+00  0  0  0  0  0   0  0  0  0  0  5181
MatPtAP                3 1.0 7.7057e-02 1.0 3.96e+07 1.1 1.7e+02 8.3e+03 3.3e+01  0  1  3  1  3   0  1  3  1  3  1964
MatPtAPSymbolic        3 1.0 5.3831e-02 1.0 0.00e+00 0.0 1.1e+02 8.7e+03 2.1e+01  0  0  2  1  2   0  0  2  1  2     0
MatPtAPNumeric         3 1.0 2.3214e-02 1.0 3.96e+07 1.1 5.7e+01 7.5e+03 1.2e+01  0  1  1  0  1   0  1  1  0  1  6518
MatTrnMatMult          1 1.0 5.0174e-02 1.0 7.59e+06 1.1 3.6e+01 4.6e+04 1.1e+01  0  0  1  1  1   0  0  1  1  1   568
MatTrnMatMultSym       1 1.0 2.9763e-02 1.0 0.00e+00 0.0 1.8e+01 1.9e+04 7.0e+00  0  0  0  0  1   0  0  0  0  1     0
MatTrnMatMultNum       1 1.0 2.0428e-02 1.0 7.59e+06 1.1 1.8e+01 7.4e+04 4.0e+00  0  0  0  1  0   0  0  0  1  0  1396
MatGetLocalMat        10 1.0 1.9879e-03 1.2 0.00e+00 0.0 0.0e+00 0.0e+00 0.0e+00  0  0  0  0  0   0  0  0  0  0     0
MatGetBrAoCol          9 1.0 8.6713e-04 1.1 0.00e+00 0.0 1.4e+02 8.9e+03 0.0e+00  0  0  2  1  0   0  0  2  1  0     0
MatColoringApply       1 1.0 8.9945e-02 1.0 0.00e+00 0.0 3.0e+00 4.0e+00 3.0e+00  0  0  0  0  0   0  0  0  0  0     0
VecDot                 1 1.0 5.0840e-03 2.0 2.89e+06 1.0 0.0e+00 0.0e+00 1.0e+00  0  0  0  0  0   0  0  0  0  0  2240
VecMDot               80 1.0 1.6701e-01 2.2 1.82e+08 1.0 0.0e+00 0.0e+00 8.0e+01  1  5  0  0  7   1  5  0  0  7  4296
VecTDot               37 1.0 1.8253e-01 2.2 1.07e+08 1.0 0.0e+00 0.0e+00 3.7e+01  1  3  0  0  3   1  3  0  0  3  2309
VecNorm               92 1.0 2.9053e-01 8.8 4.80e+07 1.0 0.0e+00 0.0e+00 9.2e+01  1  1  0  0  8   1  1  0  0  8   651
VecScale             437 1.0 1.1476e-02 1.1 1.82e+07 1.0 0.0e+00 0.0e+00 0.0e+00  0  0  0  0  0   0  0  0  0  0  6252
VecCopy              330 1.0 7.1786e-02 1.1 0.00e+00 0.0 0.0e+00 0.0e+00 0.0e+00  0  0  0  0  0   0  0  0  0  0     0
VecSet              1769 1.0 7.3716e-01 1.1 0.00e+00 0.0 0.0e+00 0.0e+00 0.0e+00  3  0  0  0  0   3  0  0  0  0     0
VecAXPY              192 1.0 1.1813e-01 1.1 1.79e+08 1.0 0.0e+00 0.0e+00 0.0e+00  1  5  0  0  0   1  5  0  0  0  5960
VecAYPX              663 1.0 3.5499e-01 1.1 3.59e+08 1.0 0.0e+00 0.0e+00 0.0e+00  2 10  0  0  0   2 10  0  0  0  3987
VecAXPBYCZ           266 1.0 2.4056e-01 1.1 6.18e+08 1.0 0.0e+00 0.0e+00 0.0e+00  1 17  0  0  0   1 17  0  0  0 10121
VecWAXPY               2 1.0 5.5759e-03 1.2 2.89e+06 1.0 0.0e+00 0.0e+00 0.0e+00  0  0  0  0  0   0  0  0  0  0  2043
VecMAXPY              88 1.0 8.8514e-02 1.1 2.15e+08 1.0 0.0e+00 0.0e+00 0.0e+00  0  6  0  0  0   0  6  0  0  0  9580
VecAssemblyBegin      35 1.0 7.8034e-04 1.3 0.00e+00 0.0 0.0e+00 0.0e+00 0.0e+00  0  0  0  0  0   0  0  0  0  0     0
VecAssemblyEnd        35 1.0 2.1458e-05 2.0 0.00e+00 0.0 0.0e+00 0.0e+00 0.0e+00  0  0  0  0  0   0  0  0  0  0     0
VecPointwiseMult     363 1.0 4.7435e-01 1.1 2.74e+08 1.0 0.0e+00 0.0e+00 0.0e+00  2  8  0  0  0   2  8  0  0  0  2288
VecScatterBegin      441 1.0 2.0473e-03 1.9 0.00e+00 0.0 2.7e+03 1.9e+03 0.0e+00  0  0 43  3  0   0  0 43  3  0     0
VecScatterEnd        441 1.0 2.9292e-0215.7 0.00e+00 0.0 0.0e+00 0.0e+00 0.0e+00  0  0  0  0  0   0  0  0  0  0     0
VecSetRandom           3 1.0 5.6601e-04 1.6 0.00e+00 0.0 0.0e+00 0.0e+00 0.0e+00  0  0  0  0  0   0  0  0  0  0     0
VecReduceArith         2 1.0 4.5469e-03 1.3 5.77e+06 1.0 0.0e+00 0.0e+00 0.0e+00  0  0  0  0  0   0  0  0  0  0  5010
VecReduceComm          1 1.0 1.6499e-03209.7 0.00e+00 0.0 0.0e+00 0.0e+00 1.0e+00  0  0  0  0  0   0  0  0  0  0     0
VecNormalize          88 1.0 1.5899e-01 4.4 5.47e+07 1.0 0.0e+00 0.0e+00 8.8e+01  0  1  0  0  8   0  1  0  0  8  1354
SNESSolve              1 1.0 1.8004e+01 1.0 2.71e+09 1.0 6.0e+03 2.7e+04 9.9e+02 89 74 95 83 86  89 74 95 83 87   591
SNESSetUp              1 1.0 1.9073e-05 1.6 0.00e+00 0.0 0.0e+00 0.0e+00 0.0e+00  0  0  0  0  0   0  0  0  0  0     0
SNESFunctionEval     110 1.0 3.4769e+00 1.0 1.57e+08 1.2 6.6e+02 8.5e+03 1.7e+01 17  4 10  3  1  17  4 10  3  1   167
SNESJacobianEval       1 1.0 2.0915e+00 1.0 4.24e+06 1.1 6.6e+02 6.4e+03 4.4e+02 10  0 10  2 38  10  0 10  2 38     8
SNESLineSearch         1 1.0 8.1591e-01 1.0 9.70e+07 1.1 1.2e+01 1.2e+05 4.0e+00  4  3  0  1  0   4  3  0  1  0   446
KSPSetUp              17 1.0 4.0376e-02 1.1 0.00e+00 0.0 0.0e+00 0.0e+00 1.0e+01  0  0  0  0  1   0  0  0  0  1     0
KSPSolve               1 1.0 1.4299e+01 1.0 2.55e+09 1.0 5.4e+03 2.9e+04 5.3e+02 71 69 84 80 46  71 69 84 80 46   696
KSPGMRESOrthog        80 1.0 2.3516e-01 1.6 3.65e+08 1.0 0.0e+00 0.0e+00 8.0e+01  1 10  0  0  7   1 10  0  0  7  6102
PCGAMGGraph_AGG        3 1.0 9.1610e-02 1.0 1.53e+06 1.1 8.0e+01 3.9e+02 4.8e+01  0  0  1  0  4   0  0  1  0  4    63
PCGAMGCoarse_AGG       3 1.0 5.2379e-02 1.0 7.59e+06 1.1 1.7e+02 1.1e+04 2.0e+01  0  0  3  1  2   0  0  3  1  2   545
PCGAMGProl_AGG         3 1.0 6.3567e-03 1.0 0.00e+00 0.0 2.4e+02 1.6e+03 8.4e+01  0  0  4  0  7   0  0  4  0  7     0
PCGAMGPOpt_AGG         3 1.0 5.4335e-02 1.0 4.18e+07 1.1 3.1e+02 2.7e+03 1.1e+02  0  1  5  0 10   0  1  5  0 10  2902
GAMG: createProl       3 1.0 2.0479e-01 1.0 5.09e+07 1.1 7.9e+02 3.9e+03 2.6e+02  1  1 12  2 23   1  1 12  2 23   937
  Graph                6 1.0 9.1450e-02 1.0 1.53e+06 1.1 8.0e+01 3.9e+02 4.8e+01  0  0  1  0  4   0  0  1  0  4    63
  MIS/Agg              3 1.0 8.0013e-04 1.0 0.00e+00 0.0 1.0e+02 7.0e+02 5.0e+00  0  0  2  0  0   0  0  2  0  0     0
  SA: col data         3 1.0 2.1663e-03 1.0 0.00e+00 0.0 2.0e+02 1.4e+03 6.0e+01  0  0  3  0  5   0  0  3  0  5     0
  SA: frmProl0         3 1.0 3.8638e-03 1.0 0.00e+00 0.0 3.6e+01 2.3e+03 1.2e+01  0  0  1  0  1   0  0  1  0  1     0
  SA: smooth           3 1.0 2.6947e-02 1.0 8.72e+06 1.1 1.1e+02 3.5e+03 3.0e+01  0  0  2  0  3   0  0  2  0  3  1221
GAMG: partLevel        3 1.0 7.7767e-02 1.0 3.96e+07 1.1 2.1e+02 6.9e+03 8.1e+01  0  1  3  1  7   0  1  3  1  7  1946
  repartition          1 1.0 6.9189e-04 1.0 0.00e+00 0.0 3.6e+01 1.4e+02 4.8e+01  0  0  1  0  4   0  0  1  0  4     0
  Invert-Sort          1 1.0 4.6015e-05 1.2 0.00e+00 0.0 0.0e+00 0.0e+00 6.0e+00  0  0  0  0  1   0  0  0  0  1     0
  Move A               1 1.0 2.3794e-04 1.0 0.00e+00 0.0 1.5e+01 2.6e+02 1.3e+01  0  0  0  0  1   0  0  0  0  1     0
  Move P               1 1.0 2.3413e-04 1.0 0.00e+00 0.0 4.5e+00 3.3e+01 1.4e+01  0  0  0  0  1   0  0  0  0  1     0
PCSetUp                2 1.0 3.5056e-01 1.0 9.40e+07 1.1 1.0e+03 5.5e+03 3.8e+02  2  2 16  3 33   2  2 16  3 34  1020
PCSetUpOnBlocks       19 1.0 1.4734e-04 1.5 3.21e+03 0.0 0.0e+00 0.0e+00 0.0e+00  0  0  0  0  0   0  0  0  0  0    22
PCApply               19 1.0 1.2935e+01 1.0 2.19e+09 1.0 4.2e+03 3.3e+04 1.1e+02 64 59 67 70  9  64 59 67 70 10   662
------------------------------------------------------------------------------------------------------------------------

Memory usage is given in bytes:

Object Type          Creations   Destructions     Memory  Descendants' Mem.
Reports information only for process 0.

--- Event Stage 0: Main Stage

           Container    27             27        15552     0.
    Distributed Mesh   101            101       519904     0.
            DM Label   165            165       104280     0.
    GraphPartitioner    32             32        21504     0.
          Quadrature   697            697       412624     0.
           Index Set   620            620      3479752     0.
   IS L to G Mapping     2              2      1194440     0.
             Section   202            202       145440     0.
    Section Symmetry     1              1          688     0.
   Star Forest Graph   249            249       229496     0.
     Discrete System   131            131       121580     0.
              Matrix   125            125     96070252     0.
  Matrix FD Coloring     1              1     26908968     0.
     Matrix Coloring     1              1          648     0.
      Matrix Coarsen     3              3         1908     0.
         Vec Scatter    20             20        16000     0.
              Vector   319            319    538774208     0.
        Linear Space     4              4         2720     0.
          Dual Space    16             16        12416     0.
            FE Space     4              4         3088     0.
                SNES     2              2         2804     0.
              DMSNES     2              2         1344     0.
      SNESLineSearch     1              1         1000     0.
       Krylov Solver    19             19       259920     0.
     DMKSP interface     1              1          656     0.
      Preconditioner    13             13        13284     0.
       Field over DM     1              1          704     0.
         PetscRandom     6              6         3876     0.
              Viewer     1              0            0     0.
========================================================================================================================
Average time to get PetscTime(): 9.53674e-08
Average time for MPI_Barrier(): 1.19209e-06
Average time for zero size MPI_Send(): 3.45707e-06
#PETSc Option Table entries:
-boundary mms
-degree 4
-E 1e6
-forcing mms
-log_view
-mesh ./meshes/cylinder8_31280e_4ss_us.exo
-nu .3
#End of PETSc Option Table entries
Compiled without FORTRAN kernels
Compiled with full precision matrices (default)
sizeof(short) 2 sizeof(int) 4 sizeof(long) 8 sizeof(void*) 8 sizeof(PetscScalar) 8 sizeof(PetscInt) 4
Configure options: --with-cc=gcc --with-cxx=g++ --with-fc=gfortran --with-valgrind-dir=/curc/sw/valgrind/3.11.0 --download-make --download-cmake --download-mpich --download-fblaslapack --download-parmetis --download-metis --download-zlib --download-hdf5 --download-netcdf --download-pnetcdf --download-exodusii COPTFLAGS="-O3 -march=native" FOPTFLAGS="-O3 -march=native" CXXOPTFLAGS="-O3 -march=native" --with-debugging=0 --with-shared-libraries=1 --prefix=/projects/arme5062/software/petsc/local
-----------------------------------------
Libraries compiled on 2020-03-04 05:38:54 on shas0137 
Machine characteristics: Linux-3.10.0-957.21.3.el7.x86_64-x86_64-with-redhat-7.4-Maipo
Using PETSc directory: /projects/arme5062/software/petsc/local
Using PETSc arch: 
-----------------------------------------

Using C compiler: /projects/arme5062/software/petsc/local/bin/mpicc  -Wall -Wwrite-strings -Wno-strict-aliasing -Wno-unknown-pragmas -fstack-protector -fvisibility=hidden -O3 -march=native  
Using Fortran compiler: /projects/arme5062/software/petsc/local/bin/mpif90  -Wall -ffree-line-length-0 -Wno-unused-dummy-argument -O3 -march=native   
-----------------------------------------

Using include paths: -I/projects/arme5062/software/petsc/local/include -I/curc/sw/valgrind/3.11.0/include
-----------------------------------------

Using C linker: /projects/arme5062/software/petsc/local/bin/mpicc
Using Fortran linker: /projects/arme5062/software/petsc/local/bin/mpif90
Using libraries: -Wl,-rpath,/projects/arme5062/software/petsc/local/lib -L/projects/arme5062/software/petsc/local/lib -lpetsc -Wl,-rpath,/projects/arme5062/software/petsc/local/lib -L/projects/arme5062/software/petsc/local/lib -Wl,-rpath,/usr/lib/gcc/x86_64-redhat-linux/4.8.5 -L/usr/lib/gcc/x86_64-redhat-linux/4.8.5 -lflapack -lfblas -lpthread -lexodus -lnetcdf -lpnetcdf -lhdf5hl_fortran -lhdf5_fortran -lhdf5_hl -lhdf5 -lparmetis -lmetis -lm -lz -lX11 -lstdc++ -ldl -lmpifort -lmpi -lgfortran -lm -lgfortran -lm -lgcc_s -lquadmath -lstdc++ -ldl
-----------------------------------------

