[24]PETSC ERROR: [48]PETSC ERROR: --------------------- Error Message --------------------------------------------------------------
[48]PETSC ERROR: Out of memory. This could be due to allocating
[48]PETSC ERROR: too large an object or bleeding by not properly
[48]PETSC ERROR: destroying unneeded objects.
[25]PETSC ERROR: --------------------- Error Message --------------------------------------------------------------
[25]PETSC ERROR: Out of memory. This could be due to allocating
[25]PETSC ERROR: too large an object or bleeding by not properly
[25]PETSC ERROR: destroying unneeded objects.
[25]PETSC ERROR: Memory allocated 0 Memory used by process 47267840
[25]PETSC ERROR: Try running with -malloc_dump or -malloc_view for info.
[25]PETSC ERROR: [51]PETSC ERROR: [28]PETSC ERROR: --------------------- Error Message --------------------------------------------------------------
[28]PETSC ERROR: Out of memory. This could be due to allocating
[28]PETSC ERROR: too large an object or bleeding by not properly
[28]PETSC ERROR: destroying unneeded objects.
[28]PETSC ERROR: Memory allocated 0 Memory used by process 47239168
[28]PETSC ERROR: Try running with -malloc_dump or -malloc_view for info.
[28]PETSC ERROR: [53]PETSC ERROR: --------------------- Error Message --------------------------------------------------------------
[53]PETSC ERROR: Out of memory. This could be due to allocating
[53]PETSC ERROR: too large an object or bleeding by not properly
[53]PETSC ERROR: destroying unneeded objects.
[29]PETSC ERROR: --------------------- Error Message --------------------------------------------------------------
[29]PETSC ERROR: Out of memory. This could be due to allocating
[29]PETSC ERROR: too large an object or bleeding by not properly
[29]PETSC ERROR: destroying unneeded objects.
[29]PETSC ERROR: Memory allocated 0 Memory used by process 47288320
[29]PETSC ERROR: Try running with -malloc_dump or -malloc_view for info.
[29]PETSC ERROR: Memory requested 18446744071629176832
[29]PETSC ERROR: [54]PETSC ERROR: --------------------- Error Message --------------------------------------------------------------
[54]PETSC ERROR: Out of memory. This could be due to allocating
[54]PETSC ERROR: too large an object or bleeding by not properly
[54]PETSC ERROR: destroying unneeded objects.
[54]PETSC ERROR: Memory allocated 0 Memory used by process 49332224
[54]PETSC ERROR: [42]PETSC ERROR: --------------------- Error Message --------------------------------------------------------------
[42]PETSC ERROR: Out of memory. This could be due to allocating
[42]PETSC ERROR: too large an object or bleeding by not properly
[42]PETSC ERROR: destroying unneeded objects.
[42]PETSC ERROR: Memory allocated 0 Memory used by process 49315840
[42]PETSC ERROR: Try running with -malloc_dump or -malloc_view for info.
[42]PETSC ERROR: Memory requested 18446744071629176832
[42]PETSC ERROR: See https://www.mcs.anl.gov/petsc/documentation/faq.html for trouble shooting.
[42]PETSC ERROR: Petsc Development GIT revision: v3.12.4-787-gcc5957f  GIT Date: 2020-02-26 21:52:32 -0500
[42]PETSC ERROR: ./elasticity on a  named ssky0939.rc.int.colorado.edu by arme5062 Wed Mar 18 14:45:02 2020
[42]PETSC ERROR: [66]PETSC ERROR: --------------------- Error Message --------------------------------------------------------------
[66]PETSC ERROR: Out of memory. This could be due to allocating
[66]PETSC ERROR: too large an object or bleeding by not properly
[66]PETSC ERROR: destroying unneeded objects.
[66]PETSC ERROR: [43]PETSC ERROR: --------------------- Error Message --------------------------------------------------------------
[43]PETSC ERROR: Out of memory. This could be due to allocating
[43]PETSC ERROR: too large an object or bleeding by not properly
[43]PETSC ERROR: destroying unneeded objects.
[43]PETSC ERROR: Memory allocated 0 Memory used by process 47271936
[43]PETSC ERROR: Try running with -malloc_dump or -malloc_view for info.
[43]PETSC ERROR: Memory requested 18446744071629176832
[43]PETSC ERROR: See https://www.mcs.anl.gov/petsc/documentation/faq.html for trouble shooting.
[43]PETSC ERROR: Petsc Development GIT revision: v3.12.4-787-gcc5957f  GIT Date: 2020-02-26 21:52:32 -0500
[43]PETSC ERROR: ./elasticity on a  named ssky0939.rc.int.colorado.edu by arme5062 Wed Mar 18 14:45:02 2020
[43]PETSC ERROR: Configure options --with-cc=gcc --with-cxx=g++ --with-fc=gfortran --with-valgrind-dir=/curc/sw/valgrind/3.11.0 --download-make --download-cmake --download-mpich --download-fblaslapack --download-parmetis --download-metis --download-zlib --download-hdf5 --download-netcdf --download-pnetcdf --download-exodusii COPTFLAGS="-O3 -march=native" FOPTFLAGS="-O3 -march=native" CXXOPTFLAGS="-O3 -march=native" --with-debugging=0 --with-shared-libraries=1 --prefix=/projects/arme5062/software/petsc/local
[43]PETSC ERROR: #1 DMLabelGather() line 1597 in /projects/arme5062/software/petsc/src/dm/label/dmlabel.c
[43]PETSC ERROR: [69]PETSC ERROR: --------------------- Error Message --------------------------------------------------------------
[69]PETSC ERROR: Out of memory. This could be due to allocating
[69]PETSC ERROR: too large an object or bleeding by not properly
[69]PETSC ERROR: destroying unneeded objects.
[69]PETSC ERROR: Memory allocated 0 Memory used by process 49352704
[69]PETSC ERROR: Try running with -malloc_dump or -malloc_view for info.
[44]PETSC ERROR: --------------------- Error Message --------------------------------------------------------------
[44]PETSC ERROR: Out of memory. This could be due to allocating
[44]PETSC ERROR: too large an object or bleeding by not properly
[44]PETSC ERROR: destroying unneeded objects.
[44]PETSC ERROR: Memory allocated 0 Memory used by process 47247360
[44]PETSC ERROR: Try running with -malloc_dump or -malloc_view for info.
[44]PETSC ERROR: Memory requested 18446744071629176832
[44]PETSC ERROR: See https://www.mcs.anl.gov/petsc/documentation/faq.html for trouble shooting.
[44]PETSC ERROR: Petsc Development GIT revision: v3.12.4-787-gcc5957f  GIT Date: 2020-02-26 21:52:32 -0500
[44]PETSC ERROR: ./elasticity on a  named ssky0939.rc.int.colorado.edu by arme5062 Wed Mar 18 14:45:02 2020
[44]PETSC ERROR: Configure options --with-cc=gcc --with-cxx=g++ --with-fc=gfortran --with-valgrind-dir=/curc/sw/valgrind/3.11.0 --download-make --download-cmake --download-mpich --download-fblaslapack --download-parmetis --download-metis --download-zlib --download-hdf5 --download-netcdf --download-pnetcdf --download-exodusii COPTFLAGS="-O3 -march=native" FOPTFLAGS="-O3 -march=native" CXXOPTFLAGS="-O3 -march=native" --with-debugging=0 --with-shared-libraries=1 --prefix=/projects/arme5062/software/petsc/local
[44]PETSC ERROR: [70]PETSC ERROR: --------------------- Error Message --------------------------------------------------------------
[70]PETSC ERROR: Out of memory. This could be due to allocating
[70]PETSC ERROR: too large an object or bleeding by not properly
[70]PETSC ERROR: destroying unneeded objects.
[70]PETSC ERROR: Memory allocated 0 Memory used by process 47263744
[70]PETSC ERROR: Try running with -malloc_dump or -malloc_view for info.
[70]PETSC ERROR: Memory requested 18446744071629176832
[70]PETSC ERROR: See https://www.mcs.anl.gov/petsc/documentation/faq.html for trouble shooting.
[70]PETSC ERROR: Petsc Development GIT revision: v3.12.4-787-gcc5957f  GIT Date: 2020-02-26 21:52:32 -0500
[70]PETSC ERROR: [45]PETSC ERROR: --------------------- Error Message --------------------------------------------------------------
[45]PETSC ERROR: Out of memory. This could be due to allocating
[45]PETSC ERROR: too large an object or bleeding by not properly
[45]PETSC ERROR: destroying unneeded objects.
[45]PETSC ERROR: Memory allocated 0 Memory used by process 47267840
[45]PETSC ERROR: Try running with -malloc_dump or -malloc_view for info.
[45]PETSC ERROR: Memory requested 18446744071629176832
[45]PETSC ERROR: See https://www.mcs.anl.gov/petsc/documentation/faq.html for trouble shooting.
[45]PETSC ERROR: Petsc Development GIT revision: v3.12.4-787-gcc5957f  GIT Date: 2020-02-26 21:52:32 -0500
[45]PETSC ERROR: ./elasticity on a  named ssky0939.rc.int.colorado.edu by arme5062 Wed Mar 18 14:45:02 2020
[45]PETSC ERROR: Configure options --with-cc=gcc --with-cxx=g++ --with-fc=gfortran --with-valgrind-dir=/curc/sw/valgrind/3.11.0 --download-make --download-cmake --download-mpich --download-fblaslapack --download-parmetis --download-metis --download-zlib --download-hdf5 --download-netcdf --download-pnetcdf --download-exodusii COPTFLAGS="-O3 -march=native" FOPTFLAGS="-O3 -march=native" CXXOPTFLAGS="-O3 -march=native" --with-debugging=0 --with-shared-libraries=1 --prefix=/projects/arme5062/software/petsc/local
[45]PETSC ERROR: #1 DMLabelGather() line 1597 in /projects/arme5062/software/petsc/src/dm/label/dmlabel.c
[45]PETSC ERROR: #2 PetscMallocA() line 415 in /projects/arme5062/software/petsc/src/sys/memory/mal.c
[45]PETSC ERROR: #3 DMLabelGather() line 1597 in /projects/arme5062/software/petsc/src/dm/label/dmlabel.c
[45]PETSC ERROR: [71]PETSC ERROR: --------------------- Error Message --------------------------------------------------------------
[71]PETSC ERROR: Out of memory. This could be due to allocating
[71]PETSC ERROR: too large an object or bleeding by not properly
[71]PETSC ERROR: destroying unneeded objects.
[71]PETSC ERROR: Memory allocated 0 Memory used by process 47255552
[71]PETSC ERROR: Try running with -malloc_dump or -malloc_view for info.
[71]PETSC ERROR: Memory requested 18446744071629176832
[71]PETSC ERROR: See https://www.mcs.anl.gov/petsc/documentation/faq.html for trouble shooting.
[71]PETSC ERROR: Petsc Development GIT revision: v3.12.4-787-gcc5957f  GIT Date: 2020-02-26 21:52:32 -0500
[71]PETSC ERROR: ./elasticity on a  named ssky0940.rc.int.colorado.edu by arme5062 Wed Mar 18 14:45:02 2020
[71]PETSC ERROR: [48]PETSC ERROR: Memory allocated 0 Memory used by process 47570944
[48]PETSC ERROR: Try running with -malloc_dump or -malloc_view for info.
[48]PETSC ERROR: Memory requested 18446744071629176832
[48]PETSC ERROR: See https://www.mcs.anl.gov/petsc/documentation/faq.html for trouble shooting.
[48]PETSC ERROR: Petsc Development GIT revision: v3.12.4-787-gcc5957f  GIT Date: 2020-02-26 21:52:32 -0500
[48]PETSC ERROR: ./elasticity on a  named ssky0940.rc.int.colorado.edu by arme5062 Wed Mar 18 14:45:02 2020
[48]PETSC ERROR: Configure options --with-cc=gcc --with-cxx=g++ --with-fc=gfortran --with-valgrind-dir=/curc/sw/valgrind/3.11.0 --download-make --download-cmake --download-mpich --download-fblaslapack --download-parmetis --download-metis --download-zlib --download-hdf5 --download-netcdf --download-pnetcdf --download-exodusii COPTFLAGS="-O3 -march=native" FOPTFLAGS="-O3 -march=native" CXXOPTFLAGS="-O3 -march=native" --with-debugging=0 --with-shared-libraries=1 --prefix=/projects/arme5062/software/petsc/local
[48]PETSC ERROR: #1 DMLabelGather() line 1597 in /projects/arme5062/software/petsc/src/dm/label/dmlabel.c
[48]PETSC ERROR: #2 PetscMallocA() line 415 in /projects/arme5062/software/petsc/src/sys/memory/mal.c
[48]PETSC ERROR: #3 DMLabelGather() line 1597 in /projects/arme5062/software/petsc/src/dm/label/dmlabel.c
[53]PETSC ERROR: Memory allocated 0 Memory used by process 47308800
[53]PETSC ERROR: Try running with -malloc_dump or -malloc_view for info.
[53]PETSC ERROR: Memory requested 18446744071629176832
[53]PETSC ERROR: See https://www.mcs.anl.gov/petsc/documentation/faq.html for trouble shooting.
[53]PETSC ERROR: Petsc Development GIT revision: v3.12.4-787-gcc5957f  GIT Date: 2020-02-26 21:52:32 -0500
[53]PETSC ERROR: ./elasticity on a  named ssky0940.rc.int.colorado.edu by arme5062 Wed Mar 18 14:45:02 2020
[53]PETSC ERROR: Configure options --with-cc=gcc --with-cxx=g++ --with-fc=gfortran --with-valgrind-dir=/curc/sw/valgrind/3.11.0 --download-make --download-cmake --download-mpich --download-fblaslapack --download-parmetis --download-metis --download-zlib --download-hdf5 --download-netcdf --download-pnetcdf --download-exodusii COPTFLAGS="-O3 -march=native" FOPTFLAGS="-O3 -march=native" CXXOPTFLAGS="-O3 -march=native" --with-debugging=0 --with-shared-libraries=1 --prefix=/projects/arme5062/software/petsc/local
[53]PETSC ERROR: #1 DMLabelGather() line 1597 in /projects/arme5062/software/petsc/src/dm/label/dmlabel.c
[53]PETSC ERROR: #2 PetscMallocA() line 415 in /projects/arme5062/software/petsc/src/sys/memory/mal.c
[53]PETSC ERROR: #3 DMLabelGather() line 1597 in /projects/arme5062/software/petsc/src/dm/label/dmlabel.c
[53]PETSC ERROR: #4 DMPlexLabelComplete_Internal() line 118 in /projects/arme5062/software/petsc/src/dm/impls/plex/plexsubmesh.c
[46]PETSC ERROR: --------------------- Error Message --------------------------------------------------------------
[46]PETSC ERROR: Out of memory. This could be due to allocating
[46]PETSC ERROR: too large an object or bleeding by not properly
[46]PETSC ERROR: destroying unneeded objects.
[46]PETSC ERROR: Memory allocated 0 Memory used by process 47235072
[46]PETSC ERROR: Try running with -malloc_dump or -malloc_view for info.
[46]PETSC ERROR: Memory requested 18446744071629176832
[46]PETSC ERROR: See https://www.mcs.anl.gov/petsc/documentation/faq.html for trouble shooting.
[46]PETSC ERROR: Petsc Development GIT revision: v3.12.4-787-gcc5957f  GIT Date: 2020-02-26 21:52:32 -0500
[46]PETSC ERROR: ./elasticity on a  named ssky0939.rc.int.colorado.edu by arme5062 Wed Mar 18 14:45:02 2020
[46]PETSC ERROR: Configure options --with-cc=gcc --with-cxx=g++ --with-fc=gfortran --with-valgrind-dir=/curc/sw/valgrind/3.11.0 --download-make --download-cmake --download-mpich --download-fblaslapack --download-parmetis --download-metis --download-zlib --download-hdf5 --download-netcdf --download-pnetcdf --download-exodusii COPTFLAGS="-O3 -march=native" FOPTFLAGS="-O3 -march=native" CXXOPTFLAGS="-O3 -march=native" --with-debugging=0 --with-shared-libraries=1 --prefix=/projects/arme5062/software/petsc/local
[46]PETSC ERROR: #1 DMLabelGather() line 1597 in /projects/arme5062/software/petsc/src/dm/label/dmlabel.c
[46]PETSC ERROR: #2 PetscMallocA() line 415 in /projects/arme5062/software/petsc/src/sys/memory/mal.c
[46]PETSC ERROR: #3 DMLabelGather() line 1597 in /projects/arme5062/software/petsc/src/dm/label/dmlabel.c
[46]PETSC ERROR: #4 DMPlexLabelComplete_Internal() line 118 in /projects/arme5062/software/petsc/src/dm/impls/plex/plexsubmesh.c
[46]PETSC ERROR: #5 DMPlexLabelComplete() line 170 in /projects/arme5062/software/petsc/src/dm/impls/plex/plexsubmesh.c
[46]PETSC ERROR: Try running with -malloc_dump or -malloc_view for info.
[54]PETSC ERROR: Memory requested 18446744071629176832
[54]PETSC ERROR: See https://www.mcs.anl.gov/petsc/documentation/faq.html for trouble shooting.
[54]PETSC ERROR: Petsc Development GIT revision: v3.12.4-787-gcc5957f  GIT Date: 2020-02-26 21:52:32 -0500
[54]PETSC ERROR: ./elasticity on a  named ssky0940.rc.int.colorado.edu by arme5062 Wed Mar 18 14:45:02 2020
[54]PETSC ERROR: Configure options --with-cc=gcc --with-cxx=g++ --with-fc=gfortran --with-valgrind-dir=/curc/sw/valgrind/3.11.0 --download-make --download-cmake --download-mpich --download-fblaslapack --download-parmetis --download-metis --download-zlib --download-hdf5 --download-netcdf --download-pnetcdf --download-exodusii COPTFLAGS="-O3 -march=native" FOPTFLAGS="-O3 -march=native" CXXOPTFLAGS="-O3 -march=native" --with-debugging=0 --with-shared-libraries=1 --prefix=/projects/arme5062/software/petsc/local
[54]PETSC ERROR: #1 DMLabelGather() line 1597 in /projects/arme5062/software/petsc/src/dm/label/dmlabel.c
[54]PETSC ERROR: #2 PetscMallocA() line 415 in /projects/arme5062/software/petsc/src/sys/memory/mal.c
[54]PETSC ERROR: #3 DMLabelGather() line 1597 in /projects/arme5062/software/petsc/src/dm/label/dmlabel.c
[54]PETSC ERROR: #4 DMPlexLabelComplete_Internal() line 118 in /projects/arme5062/software/petsc/src/dm/impls/plex/plexsubmesh.c
[54]PETSC ERROR: #5 DMPlexLabelComplete() line 170 in /projects/arme5062/software/petsc/src/dm/impls/plex/plexsubmesh.c
[54]PETSC ERROR: #6 DMCreateLocalSection_Plex() line 485 in /projects/arme5062/software/petsc/src/dm/impls/plex/plexsection.c
[54]PETSC ERROR: #7 DMGetLocalSection() line 4022 in /projects/arme5062/software/petsc/src/dm/interface/dm.c
[54]PETSC ERROR: Memory requested 18446744071629176832
[25]PETSC ERROR: See https://www.mcs.anl.gov/petsc/documentation/faq.html for trouble shooting.
[25]PETSC ERROR: Petsc Development GIT revision: v3.12.4-787-gcc5957f  GIT Date: 2020-02-26 21:52:32 -0500
[25]PETSC ERROR: ./elasticity on a  named ssky0939.rc.int.colorado.edu by arme5062 Wed Mar 18 14:45:02 2020
[25]PETSC ERROR: Configure options --with-cc=gcc --with-cxx=g++ --with-fc=gfortran --with-valgrind-dir=/curc/sw/valgrind/3.11.0 --download-make --download-cmake --download-mpich --download-fblaslapack --download-parmetis --download-metis --download-zlib --download-hdf5 --download-netcdf --download-pnetcdf --download-exodusii COPTFLAGS="-O3 -march=native" FOPTFLAGS="-O3 -march=native" CXXOPTFLAGS="-O3 -march=native" --with-debugging=0 --with-shared-libraries=1 --prefix=/projects/arme5062/software/petsc/local
[25]PETSC ERROR: #1 DMLabelGather() line 1597 in /projects/arme5062/software/petsc/src/dm/label/dmlabel.c
[25]PETSC ERROR: #2 PetscMallocA() line 415 in /projects/arme5062/software/petsc/src/sys/memory/mal.c
[25]PETSC ERROR: #3 DMLabelGather() line 1597 in /projects/arme5062/software/petsc/src/dm/label/dmlabel.c
[25]PETSC ERROR: #4 DMPlexLabelComplete_Internal() line 118 in /projects/arme5062/software/petsc/src/dm/impls/plex/plexsubmesh.c
[25]PETSC ERROR: #5 DMPlexLabelComplete() line 170 in /projects/arme5062/software/petsc/src/dm/impls/plex/plexsubmesh.c
[25]PETSC ERROR: #6 DMCreateLocalSection_Plex() line 485 in /projects/arme5062/software/petsc/src/dm/impls/plex/plexsection.c
[25]PETSC ERROR: #7 DMGetLocalSection() line 4022 in /projects/arme5062/software/petsc/src/dm/interface/dm.c
[25]PETSC ERROR: #8 DMPlexSetClosurePermutationTensor() line 4185 in /projects/arme5062/software/petsc/src/dm/impls/plex/plex.c
[25]PETSC ERROR: #9 SetupDMByDegree() line 171 in /projects/arme5062/software/CeedPetscSolid_sky/src/setupdm.c
[25]PETSC ERROR: #10 main() line 116 in elasticity.c
[25]PETSC ERROR: PETSc Option Table entries:
[25]PETSC ERROR: -boundary wall_weight
[25]PETSC ERROR: Memory allocated 0 Memory used by process 49369088
[66]PETSC ERROR: Try running with -malloc_dump or -malloc_view for info.
[66]PETSC ERROR: Memory requested 18446744071629176832
[66]PETSC ERROR: See https://www.mcs.anl.gov/petsc/documentation/faq.html for trouble shooting.
[66]PETSC ERROR: Petsc Development GIT revision: v3.12.4-787-gcc5957f  GIT Date: 2020-02-26 21:52:32 -0500
[66]PETSC ERROR: ./elasticity on a  named ssky0940.rc.int.colorado.edu by arme5062 Wed Mar 18 14:45:02 2020
[66]PETSC ERROR: Configure options --with-cc=gcc --with-cxx=g++ --with-fc=gfortran --with-valgrind-dir=/curc/sw/valgrind/3.11.0 --download-make --download-cmake --download-mpich --download-fblaslapack --download-parmetis --download-metis --download-zlib --download-hdf5 --download-netcdf --download-pnetcdf --download-exodusii COPTFLAGS="-O3 -march=native" FOPTFLAGS="-O3 -march=native" CXXOPTFLAGS="-O3 -march=native" --with-debugging=0 --with-shared-libraries=1 --prefix=/projects/arme5062/software/petsc/local
[66]PETSC ERROR: #1 DMLabelGather() line 1597 in /projects/arme5062/software/petsc/src/dm/label/dmlabel.c
[66]PETSC ERROR: #2 PetscMallocA() line 415 in /projects/arme5062/software/petsc/src/sys/memory/mal.c
[66]PETSC ERROR: #3 DMLabelGather() line 1597 in /projects/arme5062/software/petsc/src/dm/label/dmlabel.c
[66]PETSC ERROR: #4 DMPlexLabelComplete_Internal() line 118 in /projects/arme5062/software/petsc/src/dm/impls/plex/plexsubmesh.c
[66]PETSC ERROR: #5 DMPlexLabelComplete() line 170 in /projects/arme5062/software/petsc/src/dm/impls/plex/plexsubmesh.c
[66]PETSC ERROR: #6 DMCreateLocalSection_Plex() line 485 in /projects/arme5062/software/petsc/src/dm/impls/plex/plexsection.c
[66]PETSC ERROR: #7 DMGetLocalSection() line 4022 in /projects/arme5062/software/petsc/src/dm/interface/dm.c
[66]PETSC ERROR: #8 DMPlexSetClosurePermutationTensor() line 4185 in /projects/arme5062/software/petsc/src/dm/impls/plex/plex.c
[66]PETSC ERROR: Memory requested 18446744071629176832
[28]PETSC ERROR: See https://www.mcs.anl.gov/petsc/documentation/faq.html for trouble shooting.
[28]PETSC ERROR: Petsc Development GIT revision: v3.12.4-787-gcc5957f  GIT Date: 2020-02-26 21:52:32 -0500
[28]PETSC ERROR: ./elasticity on a  named ssky0939.rc.int.colorado.edu by arme5062 Wed Mar 18 14:45:02 2020
[28]PETSC ERROR: Configure options --with-cc=gcc --with-cxx=g++ --with-fc=gfortran --with-valgrind-dir=/curc/sw/valgrind/3.11.0 --download-make --download-cmake --download-mpich --download-fblaslapack --download-parmetis --download-metis --download-zlib --download-hdf5 --download-netcdf --download-pnetcdf --download-exodusii COPTFLAGS="-O3 -march=native" FOPTFLAGS="-O3 -march=native" CXXOPTFLAGS="-O3 -march=native" --with-debugging=0 --with-shared-libraries=1 --prefix=/projects/arme5062/software/petsc/local
[28]PETSC ERROR: #1 DMLabelGather() line 1597 in /projects/arme5062/software/petsc/src/dm/label/dmlabel.c
[28]PETSC ERROR: #2 PetscMallocA() line 415 in /projects/arme5062/software/petsc/src/sys/memory/mal.c
[28]PETSC ERROR: #3 DMLabelGather() line 1597 in /projects/arme5062/software/petsc/src/dm/label/dmlabel.c
[28]PETSC ERROR: #4 DMPlexLabelComplete_Internal() line 118 in /projects/arme5062/software/petsc/src/dm/impls/plex/plexsubmesh.c
[28]PETSC ERROR: #5 DMPlexLabelComplete() line 170 in /projects/arme5062/software/petsc/src/dm/impls/plex/plexsubmesh.c
[28]PETSC ERROR: #6 DMCreateLocalSection_Plex() line 485 in /projects/arme5062/software/petsc/src/dm/impls/plex/plexsection.c
[28]PETSC ERROR: #7 DMGetLocalSection() line 4022 in /projects/arme5062/software/petsc/src/dm/interface/dm.c
[28]PETSC ERROR: #8 DMPlexSetClosurePermutationTensor() line 4185 in /projects/arme5062/software/petsc/src/dm/impls/plex/plex.c
[28]PETSC ERROR: #9 SetupDMByDegree() line 171 in /projects/arme5062/software/CeedPetscSolid_sky/src/setupdm.c
[28]PETSC ERROR: #10 main() line 116 in elasticity.c
[28]PETSC ERROR: PETSc Option Table entries:
[28]PETSC ERROR: -boundary wall_weight
[28]PETSC ERROR: -degree 4
[69]PETSC ERROR: Memory requested 18446744071629176832
[69]PETSC ERROR: See https://www.mcs.anl.gov/petsc/documentation/faq.html for trouble shooting.
[69]PETSC ERROR: Petsc Development GIT revision: v3.12.4-787-gcc5957f  GIT Date: 2020-02-26 21:52:32 -0500
[69]PETSC ERROR: ./elasticity on a  named ssky0940.rc.int.colorado.edu by arme5062 Wed Mar 18 14:45:02 2020
[69]PETSC ERROR: Configure options --with-cc=gcc --with-cxx=g++ --with-fc=gfortran --with-valgrind-dir=/curc/sw/valgrind/3.11.0 --download-make --download-cmake --download-mpich --download-fblaslapack --download-parmetis --download-metis --download-zlib --download-hdf5 --download-netcdf --download-pnetcdf --download-exodusii COPTFLAGS="-O3 -march=native" FOPTFLAGS="-O3 -march=native" CXXOPTFLAGS="-O3 -march=native" --with-debugging=0 --with-shared-libraries=1 --prefix=/projects/arme5062/software/petsc/local
[69]PETSC ERROR: #1 DMLabelGather() line 1597 in /projects/arme5062/software/petsc/src/dm/label/dmlabel.c
[69]PETSC ERROR: #2 PetscMallocA() line 415 in /projects/arme5062/software/petsc/src/sys/memory/mal.c
[69]PETSC ERROR: #3 DMLabelGather() line 1597 in /projects/arme5062/software/petsc/src/dm/label/dmlabel.c
[69]PETSC ERROR: #4 DMPlexLabelComplete_Internal() line 118 in /projects/arme5062/software/petsc/src/dm/impls/plex/plexsubmesh.c
[69]PETSC ERROR: #5 DMPlexLabelComplete() line 170 in /projects/arme5062/software/petsc/src/dm/impls/plex/plexsubmesh.c
[69]PETSC ERROR: #6 DMCreateLocalSection_Plex() line 485 in /projects/arme5062/software/petsc/src/dm/impls/plex/plexsection.c
[69]PETSC ERROR: #7 DMGetLocalSection() line 4022 in /projects/arme5062/software/petsc/src/dm/interface/dm.c
[69]PETSC ERROR: #8 DMPlexSetClosurePermutationTensor() line 4185 in /projects/arme5062/software/petsc/src/dm/impls/plex/plex.c
[69]PETSC ERROR: #9 SetupDMByDegree() line 171 in /projects/arme5062/software/CeedPetscSolid_sky/src/setupdm.c
See https://www.mcs.anl.gov/petsc/documentation/faq.html for trouble shooting.
[29]PETSC ERROR: Petsc Development GIT revision: v3.12.4-787-gcc5957f  GIT Date: 2020-02-26 21:52:32 -0500
[29]PETSC ERROR: ./elasticity on a  named ssky0939.rc.int.colorado.edu by arme5062 Wed Mar 18 14:45:02 2020
[29]PETSC ERROR: Configure options --with-cc=gcc --with-cxx=g++ --with-fc=gfortran --with-valgrind-dir=/curc/sw/valgrind/3.11.0 --download-make --download-cmake --download-mpich --download-fblaslapack --download-parmetis --download-metis --download-zlib --download-hdf5 --download-netcdf --download-pnetcdf --download-exodusii COPTFLAGS="-O3 -march=native" FOPTFLAGS="-O3 -march=native" CXXOPTFLAGS="-O3 -march=native" --with-debugging=0 --with-shared-libraries=1 --prefix=/projects/arme5062/software/petsc/local
[29]PETSC ERROR: #1 DMLabelGather() line 1597 in /projects/arme5062/software/petsc/src/dm/label/dmlabel.c
[29]PETSC ERROR: #2 PetscMallocA() line 415 in /projects/arme5062/software/petsc/src/sys/memory/mal.c
[29]PETSC ERROR: #3 DMLabelGather() line 1597 in /projects/arme5062/software/petsc/src/dm/label/dmlabel.c
[29]PETSC ERROR: #4 DMPlexLabelComplete_Internal() line 118 in /projects/arme5062/software/petsc/src/dm/impls/plex/plexsubmesh.c
[29]PETSC ERROR: #5 DMPlexLabelComplete() line 170 in /projects/arme5062/software/petsc/src/dm/impls/plex/plexsubmesh.c
[29]PETSC ERROR: #6 DMCreateLocalSection_Plex() line 485 in /projects/arme5062/software/petsc/src/dm/impls/plex/plexsection.c
[29]PETSC ERROR: #7 DMGetLocalSection() line 4022 in /projects/arme5062/software/petsc/src/dm/interface/dm.c
[29]PETSC ERROR: #8 DMPlexSetClosurePermutationTensor() line 4185 in /projects/arme5062/software/petsc/src/dm/impls/plex/plex.c
[29]PETSC ERROR: #9 SetupDMByDegree() line 171 in /projects/arme5062/software/CeedPetscSolid_sky/src/setupdm.c
[29]PETSC ERROR: #10 main() line 116 in elasticity.c
[29]PETSC ERROR: PETSc Option Table entries:
[29]PETSC ERROR: -boundary wall_weight
[29]PETSC ERROR: -degree 4
./elasticity on a  named ssky0940.rc.int.colorado.edu by arme5062 Wed Mar 18 14:45:02 2020
[70]PETSC ERROR: Configure options --with-cc=gcc --with-cxx=g++ --with-fc=gfortran --with-valgrind-dir=/curc/sw/valgrind/3.11.0 --download-make --download-cmake --download-mpich --download-fblaslapack --download-parmetis --download-metis --download-zlib --download-hdf5 --download-netcdf --download-pnetcdf --download-exodusii COPTFLAGS="-O3 -march=native" FOPTFLAGS="-O3 -march=native" CXXOPTFLAGS="-O3 -march=native" --with-debugging=0 --with-shared-libraries=1 --prefix=/projects/arme5062/software/petsc/local
[70]PETSC ERROR: #1 DMLabelGather() line 1597 in /projects/arme5062/software/petsc/src/dm/label/dmlabel.c
[70]PETSC ERROR: #2 PetscMallocA() line 415 in /projects/arme5062/software/petsc/src/sys/memory/mal.c
[70]PETSC ERROR: #3 DMLabelGather() line 1597 in /projects/arme5062/software/petsc/src/dm/label/dmlabel.c
[70]PETSC ERROR: #4 DMPlexLabelComplete_Internal() line 118 in /projects/arme5062/software/petsc/src/dm/impls/plex/plexsubmesh.c
[70]PETSC ERROR: #5 DMPlexLabelComplete() line 170 in /projects/arme5062/software/petsc/src/dm/impls/plex/plexsubmesh.c
[70]PETSC ERROR: #6 DMCreateLocalSection_Plex() line 485 in /projects/arme5062/software/petsc/src/dm/impls/plex/plexsection.c
[70]PETSC ERROR: #7 DMGetLocalSection() line 4022 in /projects/arme5062/software/petsc/src/dm/interface/dm.c
[70]PETSC ERROR: #8 DMPlexSetClosurePermutationTensor() line 4185 in /projects/arme5062/software/petsc/src/dm/impls/plex/plex.c
[70]PETSC ERROR: #9 SetupDMByDegree() line 171 in /projects/arme5062/software/CeedPetscSolid_sky/src/setupdm.c
[70]PETSC ERROR: #10 main() line 116 in elasticity.c
[70]PETSC ERROR: Configure options --with-cc=gcc --with-cxx=g++ --with-fc=gfortran --with-valgrind-dir=/curc/sw/valgrind/3.11.0 --download-make --download-cmake --download-mpich --download-fblaslapack --download-parmetis --download-metis --download-zlib --download-hdf5 --download-netcdf --download-pnetcdf --download-exodusii COPTFLAGS="-O3 -march=native" FOPTFLAGS="-O3 -march=native" CXXOPTFLAGS="-O3 -march=native" --with-debugging=0 --with-shared-libraries=1 --prefix=/projects/arme5062/software/petsc/local
[42]PETSC ERROR: #1 DMLabelGather() line 1597 in /projects/arme5062/software/petsc/src/dm/label/dmlabel.c
[42]PETSC ERROR: #2 PetscMallocA() line 415 in /projects/arme5062/software/petsc/src/sys/memory/mal.c
[42]PETSC ERROR: #3 DMLabelGather() line 1597 in /projects/arme5062/software/petsc/src/dm/label/dmlabel.c
[42]PETSC ERROR: #4 DMPlexLabelComplete_Internal() line 118 in /projects/arme5062/software/petsc/src/dm/impls/plex/plexsubmesh.c
[42]PETSC ERROR: #5 DMPlexLabelComplete() line 170 in /projects/arme5062/software/petsc/src/dm/impls/plex/plexsubmesh.c
[42]PETSC ERROR: #6 DMCreateLocalSection_Plex() line 485 in /projects/arme5062/software/petsc/src/dm/impls/plex/plexsection.c
[42]PETSC ERROR: #7 DMGetLocalSection() line 4022 in /projects/arme5062/software/petsc/src/dm/interface/dm.c
[42]PETSC ERROR: #8 DMPlexSetClosurePermutationTensor() line 4185 in /projects/arme5062/software/petsc/src/dm/impls/plex/plex.c
[42]PETSC ERROR: #9 SetupDMByDegree() line 171 in /projects/arme5062/software/CeedPetscSolid_sky/src/setupdm.c
[42]PETSC ERROR: #10 main() line 116 in elasticity.c
[42]PETSC ERROR: PETSc Option Table entries:
[42]PETSC ERROR: -boundary wall_weight
[42]PETSC ERROR: -degree 4
[42]PETSC ERROR: -E 1e6
[42]PETSC ERROR: -forcing none
[42]PETSC ERROR: Configure options --with-cc=gcc --with-cxx=g++ --with-fc=gfortran --with-valgrind-dir=/curc/sw/valgrind/3.11.0 --download-make --download-cmake --download-mpich --download-fblaslapack --download-parmetis --download-metis --download-zlib --download-hdf5 --download-netcdf --download-pnetcdf --download-exodusii COPTFLAGS="-O3 -march=native" FOPTFLAGS="-O3 -march=native" CXXOPTFLAGS="-O3 -march=native" --with-debugging=0 --with-shared-libraries=1 --prefix=/projects/arme5062/software/petsc/local
[71]PETSC ERROR: #1 DMLabelGather() line 1597 in /projects/arme5062/software/petsc/src/dm/label/dmlabel.c
[71]PETSC ERROR: #2 PetscMallocA() line 415 in /projects/arme5062/software/petsc/src/sys/memory/mal.c
[71]PETSC ERROR: #3 DMLabelGather() line 1597 in /projects/arme5062/software/petsc/src/dm/label/dmlabel.c
[71]PETSC ERROR: #4 DMPlexLabelComplete_Internal() line 118 in /projects/arme5062/software/petsc/src/dm/impls/plex/plexsubmesh.c
[71]PETSC ERROR: #5 DMPlexLabelComplete() line 170 in /projects/arme5062/software/petsc/src/dm/impls/plex/plexsubmesh.c
[71]PETSC ERROR: #6 DMCreateLocalSection_Plex() line 485 in /projects/arme5062/software/petsc/src/dm/impls/plex/plexsection.c
[71]PETSC ERROR: #7 DMGetLocalSection() line 4022 in /projects/arme5062/software/petsc/src/dm/interface/dm.c
[71]PETSC ERROR: #8 DMPlexSetClosurePermutationTensor() line 4185 in /projects/arme5062/software/petsc/src/dm/impls/plex/plex.c
[71]PETSC ERROR: #9 SetupDMByDegree() line 171 in /projects/arme5062/software/CeedPetscSolid_sky/src/setupdm.c
[71]PETSC ERROR: #10 main() line 116 in elasticity.c
[71]PETSC ERROR: PETSc Option Table entries:
[71]PETSC ERROR: -boundary wall_weight
[71]PETSC ERROR: #2 PetscMallocA() line 415 in /projects/arme5062/software/petsc/src/sys/memory/mal.c
[43]PETSC ERROR: #3 DMLabelGather() line 1597 in /projects/arme5062/software/petsc/src/dm/label/dmlabel.c
[43]PETSC ERROR: #4 DMPlexLabelComplete_Internal() line 118 in /projects/arme5062/software/petsc/src/dm/impls/plex/plexsubmesh.c
[43]PETSC ERROR: #5 DMPlexLabelComplete() line 170 in /projects/arme5062/software/petsc/src/dm/impls/plex/plexsubmesh.c
[43]PETSC ERROR: #6 DMCreateLocalSection_Plex() line 485 in /projects/arme5062/software/petsc/src/dm/impls/plex/plexsection.c
[43]PETSC ERROR: #7 DMGetLocalSection() line 4022 in /projects/arme5062/software/petsc/src/dm/interface/dm.c
[43]PETSC ERROR: #8 DMPlexSetClosurePermutationTensor() line 4185 in /projects/arme5062/software/petsc/src/dm/impls/plex/plex.c
[43]PETSC ERROR: #9 SetupDMByDegree() line 171 in /projects/arme5062/software/CeedPetscSolid_sky/src/setupdm.c
[43]PETSC ERROR: #10 main() line 116 in elasticity.c
[43]PETSC ERROR: PETSc Option Table entries:
[43]PETSC ERROR: -boundary wall_weight
[43]PETSC ERROR: -degree 4
[43]PETSC ERROR: -E 1e6
[43]PETSC ERROR: -forcing none
[43]PETSC ERROR: -log_view
[43]PETSC ERROR: -mesh ./meshes/cylinder8_44928e_2ss_us.exo
[43]PETSC ERROR: [48]PETSC ERROR: #4 DMPlexLabelComplete_Internal() line 118 in /projects/arme5062/software/petsc/src/dm/impls/plex/plexsubmesh.c
[48]PETSC ERROR: #5 DMPlexLabelComplete() line 170 in /projects/arme5062/software/petsc/src/dm/impls/plex/plexsubmesh.c
[48]PETSC ERROR: #6 DMCreateLocalSection_Plex() line 485 in /projects/arme5062/software/petsc/src/dm/impls/plex/plexsection.c
[48]PETSC ERROR: #7 DMGetLocalSection() line 4022 in /projects/arme5062/software/petsc/src/dm/interface/dm.c
[48]PETSC ERROR: #8 DMPlexSetClosurePermutationTensor() line 4185 in /projects/arme5062/software/petsc/src/dm/impls/plex/plex.c
[48]PETSC ERROR: #9 SetupDMByDegree() line 171 in /projects/arme5062/software/CeedPetscSolid_sky/src/setupdm.c
[48]PETSC ERROR: #10 main() line 116 in elasticity.c
[48]PETSC ERROR: PETSc Option Table entries:
[48]PETSC ERROR: -boundary wall_weight
[48]PETSC ERROR: -degree 4
[48]PETSC ERROR: -E 1e6
[48]PETSC ERROR: -forcing none
[48]PETSC ERROR: -log_view
[48]PETSC ERROR: -mesh ./meshes/cylinder8_44928e_2ss_us.exo
[48]PETSC ERROR: -nu .3
#1 DMLabelGather() line 1597 in /projects/arme5062/software/petsc/src/dm/label/dmlabel.c
[44]PETSC ERROR: #2 PetscMallocA() line 415 in /projects/arme5062/software/petsc/src/sys/memory/mal.c
[44]PETSC ERROR: #3 DMLabelGather() line 1597 in /projects/arme5062/software/petsc/src/dm/label/dmlabel.c
[44]PETSC ERROR: #4 DMPlexLabelComplete_Internal() line 118 in /projects/arme5062/software/petsc/src/dm/impls/plex/plexsubmesh.c
[44]PETSC ERROR: #5 DMPlexLabelComplete() line 170 in /projects/arme5062/software/petsc/src/dm/impls/plex/plexsubmesh.c
[44]PETSC ERROR: #6 DMCreateLocalSection_Plex() line 485 in /projects/arme5062/software/petsc/src/dm/impls/plex/plexsection.c
[44]PETSC ERROR: #7 DMGetLocalSection() line 4022 in /projects/arme5062/software/petsc/src/dm/interface/dm.c
[44]PETSC ERROR: #8 DMPlexSetClosurePermutationTensor() line 4185 in /projects/arme5062/software/petsc/src/dm/impls/plex/plex.c
[44]PETSC ERROR: #9 SetupDMByDegree() line 171 in /projects/arme5062/software/CeedPetscSolid_sky/src/setupdm.c
[44]PETSC ERROR: #10 main() line 116 in elasticity.c
[44]PETSC ERROR: PETSc Option Table entries:
[44]PETSC ERROR: -boundary wall_weight
[44]PETSC ERROR: -degree 4
[44]PETSC ERROR: -E 1e6
[44]PETSC ERROR: -forcing none
[44]PETSC ERROR: -log_view
[44]PETSC ERROR: -mesh ./meshes/cylinder8_44928e_2ss_us.exo
[53]PETSC ERROR: #5 DMPlexLabelComplete() line 170 in /projects/arme5062/software/petsc/src/dm/impls/plex/plexsubmesh.c
[53]PETSC ERROR: #6 DMCreateLocalSection_Plex() line 485 in /projects/arme5062/software/petsc/src/dm/impls/plex/plexsection.c
[53]PETSC ERROR: #7 DMGetLocalSection() line 4022 in /projects/arme5062/software/petsc/src/dm/interface/dm.c
[53]PETSC ERROR: #8 DMPlexSetClosurePermutationTensor() line 4185 in /projects/arme5062/software/petsc/src/dm/impls/plex/plex.c
[53]PETSC ERROR: #9 SetupDMByDegree() line 171 in /projects/arme5062/software/CeedPetscSolid_sky/src/setupdm.c
[53]PETSC ERROR: #10 main() line 116 in elasticity.c
[53]PETSC ERROR: PETSc Option Table entries:
[53]PETSC ERROR: -boundary wall_weight
[53]PETSC ERROR: -degree 4
[53]PETSC ERROR: -E 1e6
[53]PETSC ERROR: -forcing none
[53]PETSC ERROR: -log_view
[53]PETSC ERROR: -mesh ./meshes/cylinder8_44928e_2ss_us.exo
[53]PETSC ERROR: -nu .3
[53]PETSC ERROR: ----------------End of Error Message -------send entire error message to petsc-maint@mcs.anl.gov----------
#4 DMPlexLabelComplete_Internal() line 118 in /projects/arme5062/software/petsc/src/dm/impls/plex/plexsubmesh.c
[45]PETSC ERROR: #5 DMPlexLabelComplete() line 170 in /projects/arme5062/software/petsc/src/dm/impls/plex/plexsubmesh.c
[45]PETSC ERROR: #6 DMCreateLocalSection_Plex() line 485 in /projects/arme5062/software/petsc/src/dm/impls/plex/plexsection.c
[45]PETSC ERROR: #7 DMGetLocalSection() line 4022 in /projects/arme5062/software/petsc/src/dm/interface/dm.c
[45]PETSC ERROR: #8 DMPlexSetClosurePermutationTensor() line 4185 in /projects/arme5062/software/petsc/src/dm/impls/plex/plex.c
[45]PETSC ERROR: #9 SetupDMByDegree() line 171 in /projects/arme5062/software/CeedPetscSolid_sky/src/setupdm.c
[45]PETSC ERROR: #10 main() line 116 in elasticity.c
[45]PETSC ERROR: PETSc Option Table entries:
[45]PETSC ERROR: -boundary wall_weight
[45]PETSC ERROR: -degree 4
[45]PETSC ERROR: -E 1e6
[45]PETSC ERROR: -forcing none
[45]PETSC ERROR: -log_view
[45]PETSC ERROR: -mesh ./meshes/cylinder8_44928e_2ss_us.exo
[45]PETSC ERROR: -nu .3
[45]PETSC ERROR: #8 DMPlexSetClosurePermutationTensor() line 4185 in /projects/arme5062/software/petsc/src/dm/impls/plex/plex.c
[54]PETSC ERROR: #9 SetupDMByDegree() line 171 in /projects/arme5062/software/CeedPetscSolid_sky/src/setupdm.c
[54]PETSC ERROR: #10 main() line 116 in elasticity.c
[54]PETSC ERROR: PETSc Option Table entries:
[54]PETSC ERROR: -boundary wall_weight
[54]PETSC ERROR: -degree 4
[54]PETSC ERROR: -E 1e6
[54]PETSC ERROR: -forcing none
[54]PETSC ERROR: -log_view
[54]PETSC ERROR: -mesh ./meshes/cylinder8_44928e_2ss_us.exo
[54]PETSC ERROR: -nu .3
[54]PETSC ERROR: ----------------End of Error Message -------send entire error message to petsc-maint@mcs.anl.gov----------
#6 DMCreateLocalSection_Plex() line 485 in /projects/arme5062/software/petsc/src/dm/impls/plex/plexsection.c
[46]PETSC ERROR: #7 DMGetLocalSection() line 4022 in /projects/arme5062/software/petsc/src/dm/interface/dm.c
[46]PETSC ERROR: #8 DMPlexSetClosurePermutationTensor() line 4185 in /projects/arme5062/software/petsc/src/dm/impls/plex/plex.c
[46]PETSC ERROR: #9 SetupDMByDegree() line 171 in /projects/arme5062/software/CeedPetscSolid_sky/src/setupdm.c
[46]PETSC ERROR: #10 main() line 116 in elasticity.c
[46]PETSC ERROR: PETSc Option Table entries:
[46]PETSC ERROR: -boundary wall_weight
[46]PETSC ERROR: -degree 4
[46]PETSC ERROR: -E 1e6
[46]PETSC ERROR: -forcing none
[46]PETSC ERROR: -log_view
[46]PETSC ERROR: -mesh ./meshes/cylinder8_44928e_2ss_us.exo
[46]PETSC ERROR: -nu .3
[46]PETSC ERROR: ----------------End of Error Message -------send entire error message to petsc-maint@mcs.anl.gov----------
#9 SetupDMByDegree() line 171 in /projects/arme5062/software/CeedPetscSolid_sky/src/setupdm.c
[66]PETSC ERROR: #10 main() line 116 in elasticity.c
[66]PETSC ERROR: PETSc Option Table entries:
[66]PETSC ERROR: -boundary wall_weight
[66]PETSC ERROR: -degree 4
[66]PETSC ERROR: -E 1e6
[66]PETSC ERROR: -forcing none
[66]PETSC ERROR: -log_view
[66]PETSC ERROR: -mesh ./meshes/cylinder8_44928e_2ss_us.exo
[66]PETSC ERROR: -nu .3
[66]PETSC ERROR: ----------------End of Error Message -------send entire error message to petsc-maint@mcs.anl.gov----------
-degree 4
[25]PETSC ERROR: -E 1e6
[25]PETSC ERROR: -forcing none
[25]PETSC ERROR: -log_view
[25]PETSC ERROR: -mesh ./meshes/cylinder8_44928e_2ss_us.exo
[25]PETSC ERROR: -nu .3
[25]PETSC ERROR: ----------------End of Error Message -------send entire error message to petsc-maint@mcs.anl.gov----------
application called MPI_Abort(MPI_COMM_SELF, 116055) - process 0
[69]PETSC ERROR: #10 main() line 116 in elasticity.c
[69]PETSC ERROR: PETSc Option Table entries:
[69]PETSC ERROR: -boundary wall_weight
[69]PETSC ERROR: -degree 4
[69]PETSC ERROR: -E 1e6
[69]PETSC ERROR: -forcing none
[69]PETSC ERROR: -log_view
[69]PETSC ERROR: -mesh ./meshes/cylinder8_44928e_2ss_us.exo
[69]PETSC ERROR: -nu .3
[69]PETSC ERROR: ----------------End of Error Message -------send entire error message to petsc-maint@mcs.anl.gov----------
[28]PETSC ERROR: -E 1e6
[28]PETSC ERROR: -forcing none
[28]PETSC ERROR: -log_view
[28]PETSC ERROR: -mesh ./meshes/cylinder8_44928e_2ss_us.exo
[28]PETSC ERROR: -nu .3
[28]PETSC ERROR: ----------------End of Error Message -------send entire error message to petsc-maint@mcs.anl.gov----------
application called MPI_Abort(MPI_COMM_SELF, 116055) - process 0
PETSc Option Table entries:
[70]PETSC ERROR: -boundary wall_weight
[70]PETSC ERROR: -degree 4
[70]PETSC ERROR: -E 1e6
[70]PETSC ERROR: -forcing none
[70]PETSC ERROR: -log_view
[70]PETSC ERROR: -mesh ./meshes/cylinder8_44928e_2ss_us.exo
[70]PETSC ERROR: -nu .3
[70]PETSC ERROR: ----------------End of Error Message -------send entire error message to petsc-maint@mcs.anl.gov----------
[29]PETSC ERROR: -E 1e6
[29]PETSC ERROR: -forcing none
[29]PETSC ERROR: -log_view
[29]PETSC ERROR: -mesh ./meshes/cylinder8_44928e_2ss_us.exo
[29]PETSC ERROR: -nu .3
[29]PETSC ERROR: ----------------End of Error Message -------send entire error message to petsc-maint@mcs.anl.gov----------
application called MPI_Abort(MPI_COMM_SELF, 116055) - process 0
-degree 4
[71]PETSC ERROR: -E 1e6
[71]PETSC ERROR: -forcing none
[71]PETSC ERROR: -log_view
[71]PETSC ERROR: -mesh ./meshes/cylinder8_44928e_2ss_us.exo
[71]PETSC ERROR: -nu .3
[71]PETSC ERROR: ----------------End of Error Message -------send entire error message to petsc-maint@mcs.anl.gov----------
application called MPI_Abort(MPI_COMM_SELF, 116055) - process 0
-log_view
[42]PETSC ERROR: -mesh ./meshes/cylinder8_44928e_2ss_us.exo
[42]PETSC ERROR: -nu .3
[42]PETSC ERROR: ----------------End of Error Message -------send entire error message to petsc-maint@mcs.anl.gov----------
application called MPI_Abort(MPI_COMM_SELF, 116055) - process 0
[48]PETSC ERROR: ----------------End of Error Message -------send entire error message to petsc-maint@mcs.anl.gov----------
application called MPI_Abort(MPI_COMM_SELF, 116055) - process 0
-nu .3
[43]PETSC ERROR: ----------------End of Error Message -------send entire error message to petsc-maint@mcs.anl.gov----------
application called MPI_Abort(MPI_COMM_SELF, 116055) - process 0
application called MPI_Abort(MPI_COMM_SELF, 116055) - process 0
[44]PETSC ERROR: -nu .3
[44]PETSC ERROR: ----------------End of Error Message -------send entire error message to petsc-maint@mcs.anl.gov----------
application called MPI_Abort(MPI_COMM_SELF, 116055) - process 0
application called MPI_Abort(MPI_COMM_SELF, 116055) - process 0
----------------End of Error Message -------send entire error message to petsc-maint@mcs.anl.gov----------
application called MPI_Abort(MPI_COMM_SELF, 116055) - process 0
application called MPI_Abort(MPI_COMM_SELF, 116055) - process 0
application called MPI_Abort(MPI_COMM_SELF, 116055) - process 0
application called MPI_Abort(MPI_COMM_SELF, 116055) - process 0
--------------------- Error Message --------------------------------------------------------------
application called MPI_Abort(MPI_COMM_SELF, 116055) - process 0
[24]PETSC ERROR: --------------------- Error Message --------------------------------------------------------------
[51]PETSC ERROR: Out of memory. This could be due to allocating
[51]PETSC ERROR: too large an object or bleeding by not properly
[51]PETSC ERROR: destroying unneeded objects.
Out of memory. This could be due to allocating
[51]PETSC ERROR: Memory allocated 0 Memory used by process 49344512
[51]PETSC ERROR: Try running with -malloc_dump or -malloc_view for info.
[51]PETSC ERROR: Memory requested 18446744071629176832
[51]PETSC ERROR: [24]PETSC ERROR: See https://www.mcs.anl.gov/petsc/documentation/faq.html for trouble shooting.
[51]PETSC ERROR: Petsc Development GIT revision: v3.12.4-787-gcc5957f  GIT Date: 2020-02-26 21:52:32 -0500
[51]PETSC ERROR: ./elasticity on a  named ssky0940.rc.int.colorado.edu by arme5062 Wed Mar 18 14:45:02 2020
[51]PETSC ERROR: Configure options --with-cc=gcc --with-cxx=g++ --with-fc=gfortran --with-valgrind-dir=/curc/sw/valgrind/3.11.0 --download-make --download-cmake --download-mpich --download-fblaslapack --download-parmetis --download-metis --download-zlib --download-hdf5 --download-netcdf --download-pnetcdf --download-exodusii COPTFLAGS="-O3 -march=native" FOPTFLAGS="-O3 -march=native" CXXOPTFLAGS="-O3 -march=native" --with-debugging=0 --with-shared-libraries=1 --prefix=/projects/arme5062/software/petsc/local
too large an object or bleeding by not properly
[51]PETSC ERROR: #1 DMLabelGather() line 1597 in /projects/arme5062/software/petsc/src/dm/label/dmlabel.c
[51]PETSC ERROR: #2 PetscMallocA() line 415 in /projects/arme5062/software/petsc/src/sys/memory/mal.c
[51]PETSC ERROR: #3 DMLabelGather() line 1597 in /projects/arme5062/software/petsc/src/dm/label/dmlabel.c
[24]PETSC ERROR: [51]PETSC ERROR: #4 DMPlexLabelComplete_Internal() line 118 in /projects/arme5062/software/petsc/src/dm/impls/plex/plexsubmesh.c
[51]PETSC ERROR: #5 DMPlexLabelComplete() line 170 in /projects/arme5062/software/petsc/src/dm/impls/plex/plexsubmesh.c
[51]PETSC ERROR: #6 DMCreateLocalSection_Plex() line 485 in /projects/arme5062/software/petsc/src/dm/impls/plex/plexsection.c
[51]PETSC ERROR: #7 DMGetLocalSection() line 4022 in /projects/arme5062/software/petsc/src/dm/interface/dm.c
[51]PETSC ERROR: #8 DMPlexSetClosurePermutationTensor() line 4185 in /projects/arme5062/software/petsc/src/dm/impls/plex/plex.c
destroying unneeded objects.
[51]PETSC ERROR: #9 SetupDMByDegree() line 171 in /projects/arme5062/software/CeedPetscSolid_sky/src/setupdm.c
[51]PETSC ERROR: #10 main() line 116 in elasticity.c
[51]PETSC ERROR: PETSc Option Table entries:
[51]PETSC ERROR: -boundary wall_weight
[51]PETSC ERROR: [24]PETSC ERROR: Memory allocated 0 Memory used by process 49643520
[24]PETSC ERROR: Try running with -malloc_dump or -malloc_view for info.
[24]PETSC ERROR: Memory requested 18446744071629176832
[24]PETSC ERROR: See https://www.mcs.anl.gov/petsc/documentation/faq.html for trouble shooting.
[24]PETSC ERROR: Petsc Development GIT revision: v3.12.4-787-gcc5957f  GIT Date: 2020-02-26 21:52:32 -0500
[24]PETSC ERROR: ./elasticity on a  named ssky0939.rc.int.colorado.edu by arme5062 Wed Mar 18 14:45:02 2020
[24]PETSC ERROR: Configure options --with-cc=gcc --with-cxx=g++ --with-fc=gfortran --with-valgrind-dir=/curc/sw/valgrind/3.11.0 --download-make --download-cmake --download-mpich --download-fblaslapack --download-parmetis --download-metis --download-zlib --download-hdf5 --download-netcdf --download-pnetcdf --download-exodusii COPTFLAGS="-O3 -march=native" FOPTFLAGS="-O3 -march=native" CXXOPTFLAGS="-O3 -march=native" --with-debugging=0 --with-shared-libraries=1 --prefix=/projects/arme5062/software/petsc/local
[24]PETSC ERROR: #1 DMLabelGather() line 1597 in /projects/arme5062/software/petsc/src/dm/label/dmlabel.c
[24]PETSC ERROR: -degree 4
[51]PETSC ERROR: -E 1e6
[51]PETSC ERROR: -forcing none
[51]PETSC ERROR: -log_view
[51]PETSC ERROR: -mesh ./meshes/cylinder8_44928e_2ss_us.exo
[51]PETSC ERROR: -nu .3
#2 PetscMallocA() line 415 in /projects/arme5062/software/petsc/src/sys/memory/mal.c
[24]PETSC ERROR: #3 DMLabelGather() line 1597 in /projects/arme5062/software/petsc/src/dm/label/dmlabel.c
[24]PETSC ERROR: #4 DMPlexLabelComplete_Internal() line 118 in /projects/arme5062/software/petsc/src/dm/impls/plex/plexsubmesh.c
[24]PETSC ERROR: #5 DMPlexLabelComplete() line 170 in /projects/arme5062/software/petsc/src/dm/impls/plex/plexsubmesh.c
[24]PETSC ERROR: #6 DMCreateLocalSection_Plex() line 485 in /projects/arme5062/software/petsc/src/dm/impls/plex/plexsection.c
[24]PETSC ERROR: [51]PETSC ERROR: ----------------End of Error Message -------send entire error message to petsc-maint@mcs.anl.gov----------
application called MPI_Abort(MPI_COMM_SELF, 116055) - process 0
#7 DMGetLocalSection() line 4022 in /projects/arme5062/software/petsc/src/dm/interface/dm.c
[24]PETSC ERROR: #8 DMPlexSetClosurePermutationTensor() line 4185 in /projects/arme5062/software/petsc/src/dm/impls/plex/plex.c
[24]PETSC ERROR: #9 SetupDMByDegree() line 171 in /projects/arme5062/software/CeedPetscSolid_sky/src/setupdm.c
[24]PETSC ERROR: #10 main() line 116 in elasticity.c
[24]PETSC ERROR: PETSc Option Table entries:
[24]PETSC ERROR: -boundary wall_weight
[24]PETSC ERROR: -degree 4
[24]PETSC ERROR: -E 1e6
[24]PETSC ERROR: -forcing none
[24]PETSC ERROR: -log_view
[24]PETSC ERROR: -mesh ./meshes/cylinder8_44928e_2ss_us.exo
[24]PETSC ERROR: -nu .3
[24]PETSC ERROR: ----------------End of Error Message -------send entire error message to petsc-maint@mcs.anl.gov----------
application called MPI_Abort(MPI_COMM_SELF, 116055) - process 0
