
-- Elastisticy Example - libCEED + PETSc --
  libCEED:
    libCEED Backend                    : /cpu/self/xsmm/blocked
  Problem:
    Problem Name                       : Linear elasticity
    Forcing Function                   : Manufactured solution
    Boundary Condition                 : Manufactured solution
  Mesh:
    File                               : ./meshes/cylinder8_31280e_4ss_us.exo
    Number of 1D Basis Nodes (p)       : 5
    Number of 1D Quadrature Points (q) : 5
    Global nodes                       : 1898424
    Owned nodes                        : 147107
    DoF per node                       : 3
  Multigrid:
    Type                               : P-multigrid, logarithmic coarsening
    Number of Levels                   : 3
    Level 0 (coarse):
      Number of 1D Basis Nodes (p)     : 2
      Global Nodes                     : 24852
      Owned Nodes                      : 1784
    Level 2 (fine):
      Number of 1D Basis Nodes (p)     : 5
      Global Nodes                     : 1898424
      Owned Nodes                      : 147107
  SNES:
    SNES Type                          : newtonls
    SNES Convergence                   : CONVERGED_FNORM_RELATIVE
    Total SNES Iterations              : 1
    Final rnorm                        : 7.566846e-04
  Linear Solver:
    KSP Type                           : cg
  P-Multigrid:
    PCMG Type                          : MULTIPLICATIVE
    PCMG Cycle Type                    : v
    Coarse Solve:
      KSP Type                         : preonly
      PC Type                          : gamg
  Performance:
    SNES Solve Time                    : 7.21165 (7.21163) sec
    L2 Error                           : 0.000000
************************************************************************************************************************
***             WIDEN YOUR WINDOW TO 120 CHARACTERS.  Use 'enscript -r -fCourier9' to print this document            ***
************************************************************************************************************************

---------------------------------------------- PETSc Performance Summary: ----------------------------------------------

./elasticity on a  named ssky0943.rc.int.colorado.edu with 12 processors, by arme5062 Thu Mar  5 16:49:28 2020
Using Petsc Development GIT revision: v3.12.4-787-gcc5957f  GIT Date: 2020-02-26 21:52:32 -0500

                         Max       Max/Min     Avg       Total 
Time (sec):           8.475e+00     1.000   8.475e+00
Objects:              2.865e+03     1.045   2.780e+03
Flop:                 1.881e+09     1.059   1.845e+09  2.214e+10
Flop/sec:             2.220e+08     1.059   2.177e+08  2.612e+09
MPI Messages:         5.676e+03     1.714   4.512e+03  5.415e+04
MPI Message Lengths:  5.315e+07     1.533   9.934e+03  5.379e+08
MPI Reductions:       1.189e+03     1.000

Flop counting convention: 1 flop = 1 real number operation of type (multiply/divide/add/subtract)
                            e.g., VecAXPY() for real vectors of length N --> 2N flop
                            and VecAXPY() for complex vectors of length N --> 8N flop

Summary of Stages:   ----- Time ------  ----- Flop ------  --- Messages ---  -- Message Lengths --  -- Reductions --
                        Avg     %Total     Avg     %Total    Count   %Total     Avg         %Total    Count   %Total 
 0:      Main Stage: 8.4747e+00 100.0%  2.2137e+10 100.0%  5.415e+04 100.0%  9.934e+03      100.0%  1.182e+03  99.4% 

------------------------------------------------------------------------------------------------------------------------
See the 'Profiling' chapter of the users' manual for details on interpreting output.
Phase summary info:
   Count: number of times phase was executed
   Time and Flop: Max - maximum over all processors
                  Ratio - ratio of maximum to minimum over all processors
   Mess: number of messages sent
   AvgLen: average message length (bytes)
   Reduct: number of global reductions
   Global: entire computation
   Stage: stages of a computation. Set stages with PetscLogStagePush() and PetscLogStagePop().
      %T - percent time in this phase         %F - percent flop in this phase
      %M - percent messages in this phase     %L - percent message lengths in this phase
      %R - percent reductions in this phase
   Total Mflop/s: 10e-6 * (sum of flop over all processors)/(max time over all processors)
------------------------------------------------------------------------------------------------------------------------
Event                Count      Time (sec)     Flop                              --- Global ---  --- Stage ----  Total
                   Max Ratio  Max     Ratio   Max  Ratio  Mess   AvgLen  Reduct  %T %F %M %L %R  %T %F %M %L %R Mflop/s
------------------------------------------------------------------------------------------------------------------------

--- Event Stage 0: Main Stage

PetscBarrier           2 1.0 2.4986e-02 1.2 0.00e+00 0.0 0.0e+00 0.0e+00 2.0e+00  0  0  0  0  0   0  0  0  0  0     0
BuildTwoSided         52 1.0 5.4781e-03 2.2 0.00e+00 0.0 8.2e+02 4.0e+00 0.0e+00  0  0  2  0  0   0  0  2  0  0     0
BuildTwoSidedF        59 1.0 1.6408e-02 6.3 0.00e+00 0.0 4.1e+02 1.4e+04 0.0e+00  0  0  1  1  0   0  0  1  1  0     0
DMCreateMat            1 1.0 1.5630e-01 1.0 0.00e+00 0.0 6.0e+02 2.4e+04 1.3e+01  2  0  1  3  1   2  0  1  3  1     0
DMPlexCrFromFile       1 1.0 2.4301e-01 1.2 0.00e+00 0.0 0.0e+00 0.0e+00 5.0e+00  2  0  0  0  0   2  0  0  0  0     0
Mesh Partition         1 1.0 1.1120e-01 1.7 0.00e+00 0.0 4.4e+01 9.9e+04 9.0e+00  1  0  0  1  1   1  0  0  1  1     0
Mesh Migration         1 1.0 3.6523e-02 1.0 0.00e+00 0.0 3.0e+02 7.6e+04 2.4e+01  0  0  1  4  2   0  0  1  4  2     0
DMPlexPartSelf         1 1.0 3.5451e-025718.9 0.00e+00 0.0 0.0e+00 0.0e+00 0.0e+00  0  0  0  0  0   0  0  0  0  0     0
DMPlexPartLblInv       1 1.0 3.7585e-0219.1 0.00e+00 0.0 0.0e+00 0.0e+00 3.0e+00  0  0  0  0  0   0  0  0  0  0     0
DMPlexPartLblSF        1 1.0 2.9681e-03 1.2 0.00e+00 0.0 1.6e+01 6.5e+04 0.0e+00  0  0  0  0  0   0  0  0  0  0     0
DMPlexPartStrtSF       1 1.0 8.0800e-04 1.1 0.00e+00 0.0 1.1e+01 9.7e+04 0.0e+00  0  0  0  0  0   0  0  0  0  0     0
DMPlexPointSF          1 1.0 1.1358e-02 1.0 0.00e+00 0.0 2.2e+01 2.4e+05 0.0e+00  0  0  0  1  0   0  0  0  1  0     0
DMPlexInterp          17 1.0 1.9038e-01 1.0 0.00e+00 0.0 0.0e+00 0.0e+00 2.2e+01  2  0  0  0  2   2  0  0  0  2     0
DMPlexDistribute       1 1.0 1.5922e-01 1.4 0.00e+00 0.0 3.7e+02 8.9e+04 3.3e+01  2  0  1  6  3   2  0  1  6  3     0
DMPlexDistCones        1 1.0 9.8939e-03 1.0 0.00e+00 0.0 6.0e+01 1.9e+05 1.0e+00  0  0  0  2  0   0  0  0  2  0     0
DMPlexDistLabels       1 1.0 9.1560e-03 1.0 0.00e+00 0.0 1.5e+02 4.6e+04 2.1e+01  0  0  0  1  2   0  0  0  1  2     0
DMPlexDistField        1 1.0 1.4974e-02 1.0 0.00e+00 0.0 7.2e+01 4.1e+04 1.0e+00  0  0  0  1  0   0  0  0  1  0     0
DMPlexStratify        32 1.0 1.9322e-0119.4 0.00e+00 0.0 0.0e+00 0.0e+00 3.2e+01  2  0  0  0  3   2  0  0  0  3     0
DMPlexSymmetrize      32 1.0 1.8829e-0221.5 0.00e+00 0.0 0.0e+00 0.0e+00 0.0e+00  0  0  0  0  0   0  0  0  0  0     0
DMPlexPrealloc         1 1.0 1.5573e-01 1.0 0.00e+00 0.0 6.0e+02 2.4e+04 1.1e+01  2  0  1  3  1   2  0  1  3  1     0
SFSetGraph            55 1.0 3.3283e-04 1.3 0.00e+00 0.0 0.0e+00 0.0e+00 0.0e+00  0  0  0  0  0   0  0  0  0  0     0
SFSetUp               52 1.0 2.2183e-02 1.2 0.00e+00 0.0 2.5e+03 4.8e+03 0.0e+00  0  0  5  2  0   0  0  5  2  0     0
SFBcastOpBegin       904 1.0 1.7210e-01 1.2 0.00e+00 0.0 3.3e+04 8.1e+03 0.0e+00  2  0 62 50  0   2  0 62 50  0     0
SFBcastOpEnd         904 1.0 6.7416e-01 3.0 0.00e+00 0.0 0.0e+00 0.0e+00 0.0e+00  5  0  0  0  0   5  0  0  0  0     0
SFReduceBegin        527 1.0 2.0302e-01 1.1 0.00e+00 0.0 1.6e+04 1.5e+04 0.0e+00  2  0 30 45  0   2  0 30 45  0     0
SFReduceEnd          525 1.0 4.2147e-01 3.1 0.00e+00 0.0 0.0e+00 0.0e+00 0.0e+00  3  0  0  0  0   3  0  0  0  0     0
SFFetchOpBegin         2 1.0 4.6968e-05 2.9 0.00e+00 0.0 6.0e+01 2.7e+04 0.0e+00  0  0  0  0  0   0  0  0  0  0     0
SFFetchOpEnd           2 1.0 1.6289e-03 8.2 0.00e+00 0.0 6.0e+01 2.7e+04 0.0e+00  0  0  0  0  0   0  0  0  0  0     0
SFCreateEmbed          3 1.0 1.8120e-0223.1 0.00e+00 0.0 7.1e+01 1.6e+04 0.0e+00  0  0  0  0  0   0  0  0  0  0     0
SFDistSection         11 1.0 2.4155e-02 1.2 0.00e+00 0.0 6.3e+02 1.7e+04 1.1e+01  0  0  1  2  1   0  0  1  2  1     0
SFSectionSF           13 1.0 7.6213e-03 1.5 0.00e+00 0.0 4.4e+02 1.2e+04 0.0e+00  0  0  1  1  0   0  0  1  1  0     0
SFRemoteOff            2 1.0 7.1418e-0313.8 0.00e+00 0.0 1.2e+02 1.6e+03 0.0e+00  0  0  0  0  0   0  0  0  0  0     0
MatMult              593 1.0 3.9678e+00 1.0 1.02e+08 1.3 3.2e+04 1.3e+04 0.0e+00 46  5 60 78  0  46  5 60 78  0   284
MatMultAdd            95 1.0 2.0605e-01 1.1 3.54e+07 1.1 4.3e+03 7.4e+03 0.0e+00  2  2  8  6  0   2  2  8  6  0  2002
MatMultTranspose      98 1.0 2.1527e-01 1.3 1.59e+07 1.1 4.4e+03 7.8e+03 0.0e+00  2  1  8  6  0   2  1  8  6  0   856
MatSolve              19 0.0 6.3896e-05 0.0 8.26e+03 0.0 0.0e+00 0.0e+00 0.0e+00  0  0  0  0  0   0  0  0  0  0   129
MatSOR               261 1.0 9.1509e-02 1.4 7.68e+07 1.3 0.0e+00 0.0e+00 0.0e+00  1  4  0  0  0   1  4  0  0  0  9199
MatLUFactorSym         1 1.0 4.4107e-05 2.3 0.00e+00 0.0 0.0e+00 0.0e+00 0.0e+00  0  0  0  0  0   0  0  0  0  0     0
MatLUFactorNum         1 1.0 2.0981e-05 5.2 2.14e+03 0.0 0.0e+00 0.0e+00 0.0e+00  0  0  0  0  0   0  0  0  0  0   102
MatScale               9 1.0 2.7418e-04 1.3 2.53e+05 1.2 1.5e+02 3.4e+02 0.0e+00  0  0  0  0  0   0  0  0  0  0 10194
MatResidual           95 1.0 5.4777e-01 1.0 2.83e+07 1.2 5.1e+03 1.1e+04 0.0e+00  6  1  9 10  0   6  1  9 10  0   581
MatAssemblyBegin      78 1.0 1.6999e-02 4.9 0.00e+00 0.0 4.1e+02 1.4e+04 0.0e+00  0  0  1  1  0   0  0  1  1  0     0
MatAssemblyEnd        78 1.0 1.6759e-02 1.1 2.88e+04 1.9 1.3e+03 1.5e+02 8.4e+01  0  0  2  0  7   0  0  2  0  7    16
MatGetRowIJ            2 2.0 7.2410e-03 1.3 0.00e+00 0.0 0.0e+00 0.0e+00 0.0e+00  0  0  0  0  0   0  0  0  0  0     0
MatCreateSubMat        4 1.0 1.5080e-03 1.0 0.00e+00 0.0 1.5e+02 8.9e+02 4.8e+01  0  0  0  0  4   0  0  0  0  4     0
MatGetOrdering         1 0.0 4.6968e-05 0.0 0.00e+00 0.0 0.0e+00 0.0e+00 0.0e+00  0  0  0  0  0   0  0  0  0  0     0
MatCoarsen             3 1.0 7.5912e-04 1.1 0.00e+00 0.0 9.5e+02 3.1e+02 9.0e+00  0  0  2  0  1   0  0  2  0  1     0
MatZeroEntries         4 1.0 8.0323e-04 6.1 0.00e+00 0.0 0.0e+00 0.0e+00 0.0e+00  0  0  0  0  0   0  0  0  0  0     0
MatAXPY                3 1.0 9.8801e-04 1.2 2.10e+04 1.3 0.0e+00 0.0e+00 0.0e+00  0  0  0  0  0   0  0  0  0  0   234
MatFDColorCreate       1 1.0 8.5831e-05 1.1 0.00e+00 0.0 0.0e+00 0.0e+00 2.0e+00  0  0  0  0  0   0  0  0  0  0     0
MatFDColorSetUp        1 1.0 2.0620e-02 1.1 0.00e+00 0.0 0.0e+00 0.0e+00 4.2e+02  0  0  0  0 35   0  0  0  0 36     0
MatFDColorApply        1 1.0 7.6227e-01 1.0 1.42e+06 1.3 6.3e+03 1.9e+03 2.0e+00  9  0 12  2  0   9  0 12  2  0    21
MatFDColorFunc       105 1.0 7.5613e-01 1.0 0.00e+00 0.0 6.3e+03 1.9e+03 2.0e+00  9  0 12  2  0   9  0 12  2  0     0
MatTranspose           6 1.0 6.7210e-04 1.6 0.00e+00 0.0 0.0e+00 0.0e+00 0.0e+00  0  0  0  0  0   0  0  0  0  0     0
MatMatMult             3 1.0 9.9633e-03 1.0 2.85e+06 1.3 7.9e+02 1.5e+03 2.4e+01  0  0  1  0  2   0  0  1  0  2  3124
MatMatMultSym          3 1.0 7.6430e-03 1.0 0.00e+00 0.0 6.4e+02 1.2e+03 2.4e+01  0  0  1  0  2   0  0  1  0  2     0
MatMatMultNum          3 1.0 2.3162e-03 1.0 2.85e+06 1.3 1.5e+02 3.1e+03 0.0e+00  0  0  0  0  0   0  0  0  0  0 13436
MatPtAP                3 1.0 3.0964e-02 1.0 1.43e+07 1.3 1.3e+03 3.8e+03 3.3e+01  0  1  2  1  3   0  1  2  1  3  5057
MatPtAPSymbolic        3 1.0 2.0913e-02 1.0 0.00e+00 0.0 8.5e+02 3.9e+03 2.1e+01  0  0  2  1  2   0  0  2  1  2     0
MatPtAPNumeric         3 1.0 1.0038e-02 1.0 1.43e+07 1.3 4.4e+02 3.5e+03 1.2e+01  0  1  1  0  1   0  1  1  0  1 15600
MatTrnMatMult          1 1.0 2.3394e-02 1.0 2.65e+06 1.3 3.6e+02 1.4e+04 1.1e+01  0  0  1  1  1   0  0  1  1  1  1229
MatTrnMatMultSym       1 1.0 1.2290e-02 1.0 0.00e+00 0.0 1.8e+02 5.9e+03 7.0e+00  0  0  0  0  1   0  0  0  0  1     0
MatTrnMatMultNum       1 1.0 1.1106e-02 1.0 2.65e+06 1.3 1.8e+02 2.3e+04 4.0e+00  0  0  0  1  0   0  0  0  1  0  2590
MatGetLocalMat        10 1.0 8.4877e-04 1.2 0.00e+00 0.0 0.0e+00 0.0e+00 0.0e+00  0  0  0  0  0   0  0  0  0  0     0
MatGetBrAoCol          9 1.0 9.9683e-04 1.3 0.00e+00 0.0 1.0e+03 4.0e+03 0.0e+00  0  0  2  1  0   0  0  2  1  0     0
MatColoringApply       1 1.0 9.6262e-02 1.0 0.00e+00 0.0 1.1e+01 4.0e+00 3.0e+00  1  0  0  0  0   1  0  0  0  0     0
VecDot                 1 1.0 3.0601e-03 2.4 9.77e+05 1.1 0.0e+00 0.0e+00 1.0e+00  0  0  0  0  0   0  0  0  0  0  3722
VecMDot               80 1.0 6.4931e-02 2.3 6.16e+07 1.1 0.0e+00 0.0e+00 8.0e+01  0  3  0  0  7   0  3  0  0  7 11050
VecTDot               37 1.0 1.6213e-01 5.3 3.61e+07 1.1 0.0e+00 0.0e+00 3.7e+01  1  2  0  0  3   1  2  0  0  3  2599
VecNorm               92 1.0 1.2645e-01 9.8 1.62e+07 1.1 0.0e+00 0.0e+00 9.2e+01  1  1  0  0  8   1  1  0  0  8  1495
VecScale             437 1.0 4.6911e-03 1.1 6.16e+06 1.1 0.0e+00 0.0e+00 0.0e+00  0  0  0  0  0   0  0  0  0  0 15295
VecCopy              327 1.0 2.5717e-02 1.1 0.00e+00 0.0 0.0e+00 0.0e+00 0.0e+00  0  0  0  0  0   0  0  0  0  0     0
VecSet              1763 1.0 3.5417e-01 1.3 0.00e+00 0.0 0.0e+00 0.0e+00 0.0e+00  4  0  0  0  0   4  0  0  0  0     0
VecAXPY              189 1.0 5.3169e-02 1.2 6.04e+07 1.1 0.0e+00 0.0e+00 0.0e+00  1  3  0  0  0   1  3  0  0  0 13232
VecAYPX              663 1.0 1.5546e-01 1.3 1.21e+08 1.1 0.0e+00 0.0e+00 0.0e+00  2  6  0  0  0   2  6  0  0  0  9104
VecAXPBYCZ           266 1.0 1.0367e-01 1.2 2.09e+08 1.1 0.0e+00 0.0e+00 0.0e+00  1 11  0  0  0   1 11  0  0  0 23485
VecWAXPY               2 1.0 2.1489e-03 1.2 9.77e+05 1.1 0.0e+00 0.0e+00 0.0e+00  0  0  0  0  0   0  0  0  0  0  5301
VecMAXPY              88 1.0 3.4975e-02 1.1 7.28e+07 1.1 0.0e+00 0.0e+00 0.0e+00  0  4  0  0  0   0  4  0  0  0 24245
VecAssemblyBegin      36 1.0 8.4209e-04 1.1 0.00e+00 0.0 0.0e+00 0.0e+00 0.0e+00  0  0  0  0  0   0  0  0  0  0     0
VecAssemblyEnd        36 1.0 2.2411e-05 1.9 0.00e+00 0.0 0.0e+00 0.0e+00 0.0e+00  0  0  0  0  0   0  0  0  0  0     0
VecPointwiseMult     363 1.0 2.0073e-01 1.3 9.34e+07 1.1 0.0e+00 0.0e+00 0.0e+00  2  5  0  0  0   2  5  0  0  0  5431
VecScatterBegin      442 1.0 2.2554e-03 1.7 0.00e+00 0.0 2.0e+04 8.3e+02 0.0e+00  0  0 37  3  0   0  0 37  3  0     0
VecScatterEnd        442 1.0 2.8308e-02 9.4 0.00e+00 0.0 0.0e+00 0.0e+00 0.0e+00  0  0  0  0  0   0  0  0  0  0     0
VecSetRandom           3 1.0 2.0099e-04 1.2 0.00e+00 0.0 0.0e+00 0.0e+00 0.0e+00  0  0  0  0  0   0  0  0  0  0     0
VecReduceArith         2 1.0 2.2299e-03 1.5 1.95e+06 1.1 0.0e+00 0.0e+00 0.0e+00  0  0  0  0  0   0  0  0  0  0 10216
VecReduceComm          1 1.0 1.0800e-03133.2 0.00e+00 0.0 0.0e+00 0.0e+00 1.0e+00  0  0  0  0  0   0  0  0  0  0     0
VecNormalize          88 1.0 1.0333e-01 7.3 1.85e+07 1.1 0.0e+00 0.0e+00 8.8e+01  0  1  0  0  7   0  1  0  0  7  2083
SNESSolve              1 1.0 7.2101e+00 1.0 9.39e+08 1.1 5.1e+04 9.4e+03 1.0e+03 85 49 95 90 86  85 49 95 90 87  1501
SNESSetUp              1 1.0 2.5988e-05 2.6 0.00e+00 0.0 0.0e+00 0.0e+00 0.0e+00  0  0  0  0  0   0  0  0  0  0     0
SNESFunctionEval     107 1.0 1.2998e+00 1.0 7.49e+07 1.3 6.5e+03 2.5e+03 1.7e+01 15  4 12  3  1  15  4 12  3  1   606
SNESJacobianEval       1 1.0 8.7811e-01 1.0 1.42e+06 1.3 6.4e+03 1.9e+03 4.3e+02 10  0 12  2 36  10  0 12  2 36    18
SNESLineSearch         1 1.0 2.9553e-01 1.0 4.35e+07 1.3 1.2e+02 3.6e+04 4.0e+00  3  2  0  1  0   3  2  0  1  0  1583
KSPSetUp              17 1.0 2.0254e-02 1.2 0.00e+00 0.0 0.0e+00 0.0e+00 1.0e+01  0  0  0  0  1   0  0  0  0  1     0
KSPSolve               1 1.0 5.7557e+00 1.0 8.57e+08 1.1 4.5e+04 1.0e+04 5.8e+02 68 45 83 87 49  68 45 83 87 49  1724
KSPGMRESOrthog        80 1.0 9.1153e-02 1.6 1.23e+08 1.1 0.0e+00 0.0e+00 8.0e+01  1  6  0  0  7   1  6  0  0  7 15743
PCGAMGGraph_AGG        3 1.0 3.4688e-02 1.0 5.28e+05 1.3 5.8e+02 1.7e+02 4.8e+01  0  0  1  0  4   0  0  1  0  4   166
PCGAMGCoarse_AGG       3 1.0 2.4998e-02 1.0 2.65e+06 1.3 1.6e+03 3.6e+03 2.4e+01  0  0  3  1  2   0  0  3  1  2  1151
PCGAMGProl_AGG         3 1.0 3.7091e-03 1.0 0.00e+00 0.0 1.7e+03 7.2e+02 8.4e+01  0  0  3  0  7   0  0  3  0  7     0
PCGAMGPOpt_AGG         3 1.0 2.2843e-02 1.0 1.44e+07 1.3 2.2e+03 1.2e+03 1.1e+02  0  1  4  1  9   0  1  4  1  9  6917
GAMG: createProl       3 1.0 8.6415e-02 1.0 1.76e+07 1.3 6.1e+03 1.6e+03 2.7e+02  1  1 11  2 22   1  1 11  2 23  2228
  Graph                6 1.0 3.4391e-02 1.0 5.28e+05 1.3 5.8e+02 1.7e+02 4.8e+01  0  0  1  0  4   0  0  1  0  4   168
  MIS/Agg              3 1.0 7.8011e-04 1.1 0.00e+00 0.0 9.5e+02 3.1e+02 9.0e+00  0  0  2  0  1   0  0  2  0  1     0
  SA: col data         3 1.0 1.6053e-03 1.0 0.00e+00 0.0 1.5e+03 6.7e+02 6.0e+01  0  0  3  0  5   0  0  3  0  5     0
  SA: frmProl0         3 1.0 1.7607e-03 1.0 0.00e+00 0.0 2.3e+02 1.0e+03 1.2e+01  0  0  0  0  1   0  0  0  0  1     0
  SA: smooth           3 1.0 1.1580e-02 1.0 3.02e+06 1.3 7.9e+02 1.5e+03 3.0e+01  0  0  1  0  3   0  0  1  0  3  2849
GAMG: partLevel        3 1.0 3.3185e-02 1.0 1.43e+07 1.3 1.5e+03 3.3e+03 1.3e+02  0  1  3  1 11   0  1  3  1 11  4719
  repartition          2 1.0 2.1780e-03 1.0 0.00e+00 0.0 2.2e+02 6.5e+02 9.6e+01  0  0  0  0  8   0  0  0  0  8     0
  Invert-Sort          2 1.0 1.4615e-04 1.7 0.00e+00 0.0 0.0e+00 0.0e+00 1.2e+01  0  0  0  0  1   0  0  0  0  1     0
  Move A               2 1.0 8.6188e-04 1.0 0.00e+00 0.0 8.3e+01 1.6e+03 2.6e+01  0  0  0  0  2   0  0  0  0  2     0
  Move P               2 1.0 7.6890e-04 1.0 0.00e+00 0.0 6.8e+01 4.1e+01 2.8e+01  0  0  0  0  2   0  0  0  0  2     0
PCSetUp                2 1.0 1.5400e-01 1.0 3.31e+07 1.3 7.8e+03 2.3e+03 4.4e+02  2  2 14  3 37   2  2 14  3 37  2361
PCSetUpOnBlocks       19 1.0 1.5092e-04 1.3 2.14e+03 0.0 0.0e+00 0.0e+00 0.0e+00  0  0  0  0  0   0  0  0  0  0    14
PCApply               19 1.0 5.1832e+00 1.0 7.38e+08 1.1 3.6e+04 1.1e+04 1.1e+02 61 39 66 76  9  61 39 66 76  9  1647
------------------------------------------------------------------------------------------------------------------------

Memory usage is given in bytes:

Object Type          Creations   Destructions     Memory  Descendants' Mem.
Reports information only for process 0.

--- Event Stage 0: Main Stage

           Container    27             27        15552     0.
    Distributed Mesh   101            101       519904     0.
            DM Label   165            165       104280     0.
    GraphPartitioner    32             32        21504     0.
          Quadrature   699            699       413808     0.
           Index Set   696            696      2814564     0.
   IS L to G Mapping     2              2      1116796     0.
             Section   202            202       145440     0.
    Section Symmetry     1              1          688     0.
   Star Forest Graph   252            252       232472     0.
     Discrete System   131            131       121580     0.
              Matrix   133            133     72326628     0.
  Matrix FD Coloring     1              1      7837020     0.
     Matrix Coloring     1              1          648     0.
      Matrix Coarsen     3              3         1908     0.
         Vec Scatter    23             23        18400     0.
              Vector   326            326    169537528     0.
        Linear Space     4              4         2720     0.
          Dual Space    16             16        12416     0.
            FE Space     4              4         3088     0.
                SNES     2              2         2804     0.
              DMSNES     2              2         1344     0.
      SNESLineSearch     1              1         1000     0.
       Krylov Solver    19             19       259920     0.
     DMKSP interface     1              1          656     0.
      Preconditioner    13             13        13284     0.
       Field over DM     1              1          704     0.
         PetscRandom     6              6         3876     0.
              Viewer     1              0            0     0.
========================================================================================================================
Average time to get PetscTime(): 1.19209e-07
Average time for MPI_Barrier(): 4.81606e-06
Average time for zero size MPI_Send(): 2.58287e-06
#PETSc Option Table entries:
-boundary mms
-degree 4
-E 1e6
-forcing mms
-log_view
-mesh ./meshes/cylinder8_31280e_4ss_us.exo
-nu .3
#End of PETSc Option Table entries
Compiled without FORTRAN kernels
Compiled with full precision matrices (default)
sizeof(short) 2 sizeof(int) 4 sizeof(long) 8 sizeof(void*) 8 sizeof(PetscScalar) 8 sizeof(PetscInt) 4
Configure options: --with-cc=gcc --with-cxx=g++ --with-fc=gfortran --with-valgrind-dir=/curc/sw/valgrind/3.11.0 --download-make --download-cmake --download-mpich --download-fblaslapack --download-parmetis --download-metis --download-zlib --download-hdf5 --download-netcdf --download-pnetcdf --download-exodusii COPTFLAGS="-O3 -march=native" FOPTFLAGS="-O3 -march=native" CXXOPTFLAGS="-O3 -march=native" --with-debugging=0 --with-shared-libraries=1 --prefix=/projects/arme5062/software/petsc/local
-----------------------------------------
Libraries compiled on 2020-03-04 05:38:54 on shas0137 
Machine characteristics: Linux-3.10.0-957.21.3.el7.x86_64-x86_64-with-redhat-7.4-Maipo
Using PETSc directory: /projects/arme5062/software/petsc/local
Using PETSc arch: 
-----------------------------------------

Using C compiler: /projects/arme5062/software/petsc/local/bin/mpicc  -Wall -Wwrite-strings -Wno-strict-aliasing -Wno-unknown-pragmas -fstack-protector -fvisibility=hidden -O3 -march=native  
Using Fortran compiler: /projects/arme5062/software/petsc/local/bin/mpif90  -Wall -ffree-line-length-0 -Wno-unused-dummy-argument -O3 -march=native   
-----------------------------------------

Using include paths: -I/projects/arme5062/software/petsc/local/include -I/curc/sw/valgrind/3.11.0/include
-----------------------------------------

Using C linker: /projects/arme5062/software/petsc/local/bin/mpicc
Using Fortran linker: /projects/arme5062/software/petsc/local/bin/mpif90
Using libraries: -Wl,-rpath,/projects/arme5062/software/petsc/local/lib -L/projects/arme5062/software/petsc/local/lib -lpetsc -Wl,-rpath,/projects/arme5062/software/petsc/local/lib -L/projects/arme5062/software/petsc/local/lib -Wl,-rpath,/usr/lib/gcc/x86_64-redhat-linux/4.8.5 -L/usr/lib/gcc/x86_64-redhat-linux/4.8.5 -lflapack -lfblas -lpthread -lexodus -lnetcdf -lpnetcdf -lhdf5hl_fortran -lhdf5_fortran -lhdf5_hl -lhdf5 -lparmetis -lmetis -lm -lz -lX11 -lstdc++ -ldl -lmpifort -lmpi -lgfortran -lm -lgfortran -lm -lgcc_s -lquadmath -lstdc++ -ldl
-----------------------------------------

