
-- Elastisticy Example - libCEED + PETSc --
  libCEED:
    libCEED Backend                    : /cpu/self/xsmm/blocked
  Problem:
    Problem Name                       : Linear elasticity
    Forcing Function                   : Manufactured solution
    Boundary Condition                 : Manufactured solution
  Mesh:
    File                               : ./meshes/cylinder8_31280e_4ss_us.exo
    Number of 1D Basis Nodes (p)       : 5
    Number of 1D Quadrature Points (q) : 5
    Global nodes                       : 1898424
    Owned nodes                        : 39083
    DoF per node                       : 3
  Multigrid:
    Type                               : P-multigrid, logarithmic coarsening
    Number of Levels                   : 3
    Level 0 (coarse):
      Number of 1D Basis Nodes (p)     : 2
      Global Nodes                     : 24852
      Owned Nodes                      : 440
    Level 2 (fine):
      Number of 1D Basis Nodes (p)     : 5
      Global Nodes                     : 1898424
      Owned Nodes                      : 39083
  SNES:
    SNES Type                          : newtonls
    SNES Convergence                   : CONVERGED_FNORM_RELATIVE
    Total SNES Iterations              : 1
    Final rnorm                        : 7.918652e-04
  Linear Solver:
    KSP Type                           : cg
  P-Multigrid:
    PCMG Type                          : MULTIPLICATIVE
    PCMG Cycle Type                    : v
    Coarse Solve:
      KSP Type                         : preonly
      PC Type                          : gamg
  Performance:
    SNES Solve Time                    : 2.36533 (2.36508) sec
    L2 Error                           : 0.000000
************************************************************************************************************************
***             WIDEN YOUR WINDOW TO 120 CHARACTERS.  Use 'enscript -r -fCourier9' to print this document            ***
************************************************************************************************************************

---------------------------------------------- PETSc Performance Summary: ----------------------------------------------

./elasticity on a  named ssky0946.rc.int.colorado.edu with 48 processors, by arme5062 Thu Mar  5 16:50:28 2020
Using Petsc Development GIT revision: v3.12.4-787-gcc5957f  GIT Date: 2020-02-26 21:52:32 -0500

                         Max       Max/Min     Avg       Total 
Time (sec):           3.364e+00     1.000   3.364e+00
Objects:              2.976e+03     1.087   2.768e+03
Flop:                 1.206e+09     1.045   1.182e+09  5.675e+10
Flop/sec:             3.585e+08     1.045   3.515e+08  1.687e+10
MPI Messages:         6.450e+03     2.377   5.034e+03  2.417e+05
MPI Message Lengths:  3.616e+07     2.487   4.599e+03  1.111e+09
MPI Reductions:       1.202e+03     1.000

Flop counting convention: 1 flop = 1 real number operation of type (multiply/divide/add/subtract)
                            e.g., VecAXPY() for real vectors of length N --> 2N flop
                            and VecAXPY() for complex vectors of length N --> 8N flop

Summary of Stages:   ----- Time ------  ----- Flop ------  --- Messages ---  -- Message Lengths --  -- Reductions --
                        Avg     %Total     Avg     %Total    Count   %Total     Avg         %Total    Count   %Total 
 0:      Main Stage: 3.3637e+00 100.0%  5.6752e+10 100.0%  2.417e+05 100.0%  4.599e+03      100.0%  1.195e+03  99.4% 

------------------------------------------------------------------------------------------------------------------------
See the 'Profiling' chapter of the users' manual for details on interpreting output.
Phase summary info:
   Count: number of times phase was executed
   Time and Flop: Max - maximum over all processors
                  Ratio - ratio of maximum to minimum over all processors
   Mess: number of messages sent
   AvgLen: average message length (bytes)
   Reduct: number of global reductions
   Global: entire computation
   Stage: stages of a computation. Set stages with PetscLogStagePush() and PetscLogStagePop().
      %T - percent time in this phase         %F - percent flop in this phase
      %M - percent messages in this phase     %L - percent message lengths in this phase
      %R - percent reductions in this phase
   Total Mflop/s: 10e-6 * (sum of flop over all processors)/(max time over all processors)
------------------------------------------------------------------------------------------------------------------------
Event                Count      Time (sec)     Flop                              --- Global ---  --- Stage ----  Total
                   Max Ratio  Max     Ratio   Max  Ratio  Mess   AvgLen  Reduct  %T %F %M %L %R  %T %F %M %L %R Mflop/s
------------------------------------------------------------------------------------------------------------------------

--- Event Stage 0: Main Stage

PetscBarrier           2 1.0 3.2244e-02 1.1 0.00e+00 0.0 0.0e+00 0.0e+00 2.0e+00  1  0  0  0  0   1  0  0  0  0     0
BuildTwoSided         52 1.0 2.7653e-02 4.9 0.00e+00 0.0 3.8e+03 4.0e+00 0.0e+00  0  0  2  0  0   0  0  2  0  0     0
BuildTwoSidedF        59 1.0 1.1303e-02 3.3 0.00e+00 0.0 1.7e+03 7.0e+03 0.0e+00  0  0  1  1  0   0  0  1  1  0     0
DMCreateMat            1 1.0 5.9293e-02 1.0 0.00e+00 0.0 2.8e+03 1.1e+04 1.3e+01  2  0  1  3  1   2  0  1  3  1     0
DMPlexCrFromFile       1 1.0 3.0848e-01 1.3 0.00e+00 0.0 0.0e+00 0.0e+00 5.0e+00  7  0  0  0  0   7  0  0  0  0     0
Mesh Partition         1 1.0 1.3876e-01 1.5 0.00e+00 0.0 1.9e+02 2.5e+04 9.0e+00  4  0  0  0  1   4  0  0  0  1     0
Mesh Migration         1 1.0 3.5079e-02 1.0 0.00e+00 0.0 1.3e+03 2.0e+04 2.4e+01  1  0  1  2  2   1  0  1  2  2     0
DMPlexPartSelf         1 1.0 3.7199e-026240.9 0.00e+00 0.0 0.0e+00 0.0e+00 0.0e+00  0  0  0  0  0   0  0  0  0  0     0
DMPlexPartLblInv       1 1.0 4.1036e-0210.7 0.00e+00 0.0 0.0e+00 0.0e+00 3.0e+00  1  0  0  0  0   1  0  0  0  0     0
DMPlexPartLblSF        1 1.0 2.2981e-03 1.7 0.00e+00 0.0 7.0e+01 1.7e+04 0.0e+00  0  0  0  0  0   0  0  0  0  0     0
DMPlexPartStrtSF       1 1.0 8.1515e-04 1.4 0.00e+00 0.0 4.7e+01 2.5e+04 0.0e+00  0  0  0  0  0   0  0  0  0  0     0
DMPlexPointSF          1 1.0 1.2659e-02 1.0 0.00e+00 0.0 9.4e+01 6.3e+04 0.0e+00  0  0  0  1  0   0  0  0  1  0     0
DMPlexInterp          17 1.0 2.1780e-01 1.1 0.00e+00 0.0 0.0e+00 0.0e+00 2.2e+01  6  0  0  0  2   6  0  0  0  2     0
DMPlexDistribute       1 1.0 1.8659e-01 1.4 0.00e+00 0.0 1.6e+03 2.3e+04 3.3e+01  5  0  1  3  3   5  0  1  3  3     0
DMPlexDistCones        1 1.0 7.9279e-03 1.0 0.00e+00 0.0 2.6e+02 4.8e+04 1.0e+00  0  0  0  1  0   0  0  0  1  0     0
DMPlexDistLabels       1 1.0 9.1882e-03 1.0 0.00e+00 0.0 6.3e+02 1.2e+04 2.1e+01  0  0  0  1  2   0  0  0  1  2     0
DMPlexDistField        1 1.0 1.6269e-02 1.0 0.00e+00 0.0 3.1e+02 1.1e+04 1.0e+00  0  0  0  0  0   0  0  0  0  0     0
DMPlexStratify        32 1.0 2.0669e-0120.7 0.00e+00 0.0 0.0e+00 0.0e+00 3.2e+01  6  0  0  0  3   6  0  0  0  3     0
DMPlexSymmetrize      32 1.0 1.9013e-0287.7 0.00e+00 0.0 0.0e+00 0.0e+00 0.0e+00  0  0  0  0  0   0  0  0  0  0     0
DMPlexPrealloc         1 1.0 5.8863e-02 1.0 0.00e+00 0.0 2.8e+03 1.1e+04 1.1e+01  2  0  1  3  1   2  0  1  3  1     0
SFSetGraph            55 1.0 8.9884e-05 1.5 0.00e+00 0.0 0.0e+00 0.0e+00 0.0e+00  0  0  0  0  0   0  0  0  0  0     0
SFSetUp               52 1.0 3.2762e-02 2.4 0.00e+00 0.0 1.1e+04 1.7e+03 0.0e+00  1  0  5  2  0   1  0  5  2  0     0
SFBcastOpBegin       908 1.0 7.2768e-02 1.4 0.00e+00 0.0 1.5e+05 3.7e+03 0.0e+00  2  0 62 50  0   2  0 62 50  0     0
SFBcastOpEnd         908 1.0 3.0637e-01 3.0 0.00e+00 0.0 0.0e+00 0.0e+00 0.0e+00  5  0  0  0  0   5  0  0  0  0     0
SFReduceBegin        530 1.0 8.0697e-02 1.4 0.00e+00 0.0 7.2e+04 7.1e+03 0.0e+00  2  0 30 46  0   2  0 30 46  0     0
SFReduceEnd          528 1.0 2.8066e-01 7.1 0.00e+00 0.0 0.0e+00 0.0e+00 0.0e+00  4  0  0  0  0   4  0  0  0  0     0
SFFetchOpBegin         2 1.0 3.9816e-05 9.8 0.00e+00 0.0 2.8e+02 1.2e+04 0.0e+00  0  0  0  0  0   0  0  0  0  0     0
SFFetchOpEnd           2 1.0 3.6490e-0325.7 0.00e+00 0.0 2.8e+02 1.2e+04 0.0e+00  0  0  0  0  0   0  0  0  0  0     0
SFCreateEmbed          3 1.0 1.8081e-0230.2 0.00e+00 0.0 3.2e+02 4.3e+03 0.0e+00  0  0  0  0  0   0  0  0  0  0     0
SFDistSection         11 1.0 2.9518e-02 1.3 0.00e+00 0.0 2.8e+03 4.6e+03 1.1e+01  1  0  1  1  1   1  0  1  1  1     0
SFSectionSF           13 1.0 8.6253e-03 2.3 0.00e+00 0.0 2.0e+03 3.8e+03 0.0e+00  0  0  1  1  0   0  0  1  1  0     0
SFRemoteOff            2 1.0 7.5462e-0329.9 0.00e+00 0.0 5.5e+02 7.4e+02 0.0e+00  0  0  0  0  0   0  0  0  0  0     0
MatMult              593 1.0 1.2396e+00 1.0 2.92e+07 1.6 1.5e+05 6.1e+03 0.0e+00 36  2 60 80  0  36  2 60 80  0   911
MatMultAdd            95 1.0 6.4558e-02 1.1 9.41e+06 1.2 1.7e+04 3.9e+03 0.0e+00  2  1  7  6  0   2  1  7  6  0  6444
MatMultTranspose      98 1.0 6.8410e-02 1.3 4.23e+06 1.2 1.8e+04 4.1e+03 0.0e+00  2  0  7  7  0   2  0  7  7  0  2751
MatSolve              19 0.0 7.7486e-05 0.0 8.26e+03 0.0 0.0e+00 0.0e+00 0.0e+00  0  0  0  0  0   0  0  0  0  0   107
MatSOR               261 1.0 2.1215e-02 2.2 2.08e+07 1.7 0.0e+00 0.0e+00 0.0e+00  0  1  0  0  0   0  1  0  0  0 36704
MatLUFactorSym         1 1.0 4.9114e-05 3.8 0.00e+00 0.0 0.0e+00 0.0e+00 0.0e+00  0  0  0  0  0   0  0  0  0  0     0
MatLUFactorNum         1 1.0 2.0027e-05 7.0 2.14e+03 0.0 0.0e+00 0.0e+00 0.0e+00  0  0  0  0  0   0  0  0  0  0   107
MatScale               9 1.0 1.9884e-04 2.2 7.24e+04 1.6 6.4e+02 1.7e+02 0.0e+00  0  0  0  0  0   0  0  0  0  0 13896
MatResidual           95 1.0 1.7068e-01 1.1 7.88e+06 1.5 2.3e+04 5.0e+03 0.0e+00  5  1  9 10  0   5  1  9 10  0  1861
MatAssemblyBegin      78 1.0 1.1476e-02 2.7 0.00e+00 0.0 1.7e+03 7.0e+03 0.0e+00  0  0  1  1  0   0  0  1  1  0     0
MatAssemblyEnd        78 1.0 1.5170e-02 1.1 1.68e+04 3.0 5.8e+03 7.3e+01 8.4e+01  0  0  2  0  7   0  0  2  0  7    37
MatGetRowIJ            2 2.0 9.6960e-03 1.5 0.00e+00 0.0 0.0e+00 0.0e+00 0.0e+00  0  0  0  0  0   0  0  0  0  0     0
MatCreateSubMat        4 1.0 2.0239e-03 1.0 0.00e+00 0.0 3.4e+02 6.1e+02 4.8e+01  0  0  0  0  4   0  0  0  0  4     0
MatGetOrdering         1 0.0 5.7936e-05 0.0 0.00e+00 0.0 0.0e+00 0.0e+00 0.0e+00  0  0  0  0  0   0  0  0  0  0     0
MatCoarsen             3 1.0 6.9213e-04 1.2 0.00e+00 0.0 4.8e+03 1.6e+02 1.0e+01  0  0  2  0  1   0  0  2  0  1     0
MatZeroEntries         4 1.0 2.4486e-04 7.0 0.00e+00 0.0 0.0e+00 0.0e+00 0.0e+00  0  0  0  0  0   0  0  0  0  0     0
MatAXPY                3 1.0 3.9887e-04 1.2 5.99e+03 1.6 0.0e+00 0.0e+00 0.0e+00  0  0  0  0  0   0  0  0  0  0   579
MatFDColorCreate       1 1.0 1.2803e-04 2.3 0.00e+00 0.0 0.0e+00 0.0e+00 2.0e+00  0  0  0  0  0   0  0  0  0  0     0
MatFDColorSetUp        1 1.0 1.1853e-02 1.0 0.00e+00 0.0 0.0e+00 0.0e+00 4.3e+02  0  0  0  0 36   0  0  0  0 36     0
MatFDColorApply        1 1.0 2.2795e-01 1.0 4.21e+05 1.6 3.0e+04 8.9e+02 2.0e+00  7  0 12  2  0   7  0 12  2  0    71
MatFDColorFunc       108 1.0 2.2661e-01 1.0 0.00e+00 0.0 3.0e+04 8.9e+02 2.0e+00  7  0 12  2  0   7  0 12  2  0     0
MatTranspose           6 1.0 2.0075e-04 1.4 0.00e+00 0.0 0.0e+00 0.0e+00 0.0e+00  0  0  0  0  0   0  0  0  0  0     0
MatMatMult             3 1.0 4.6337e-03 1.0 8.26e+05 1.7 3.5e+03 7.6e+02 2.4e+01  0  0  1  0  2   0  0  1  0  2  6702
MatMatMultSym          3 1.0 3.6192e-03 1.0 0.00e+00 0.0 2.8e+03 5.9e+02 2.4e+01  0  0  1  0  2   0  0  1  0  2     0
MatMatMultNum          3 1.0 1.0118e-03 1.0 8.26e+05 1.7 6.4e+02 1.5e+03 0.0e+00  0  0  0  0  0   0  0  0  0  0 30691
MatPtAP                3 1.0 1.2822e-02 1.0 4.20e+06 1.7 6.2e+03 1.6e+03 3.3e+01  0  0  3  1  3   0  0  3  1  3 11893
MatPtAPSymbolic        3 1.0 8.0760e-03 1.0 0.00e+00 0.0 3.7e+03 1.9e+03 2.1e+01  0  0  2  1  2   0  0  2  1  2     0
MatPtAPNumeric         3 1.0 4.7417e-03 1.0 4.20e+06 1.7 2.5e+03 1.2e+03 1.2e+01  0  0  1  0  1   0  0  1  0  1 32160
MatTrnMatMult          1 1.0 1.0985e-02 1.0 7.98e+05 1.8 1.7e+03 6.5e+03 1.1e+01  0  0  1  1  1   0  0  1  1  1  2656
MatTrnMatMultSym       1 1.0 5.3170e-03 1.0 0.00e+00 0.0 8.5e+02 2.7e+03 7.0e+00  0  0  0  0  1   0  0  0  0  1     0
MatTrnMatMultNum       1 1.0 5.6760e-03 1.0 7.98e+05 1.8 8.6e+02 1.0e+04 4.0e+00  0  0  0  1  0   0  0  0  1  0  5141
MatGetLocalMat        10 1.0 3.3140e-04 1.4 0.00e+00 0.0 0.0e+00 0.0e+00 0.0e+00  0  0  0  0  0   0  0  0  0  0     0
MatGetBrAoCol          9 1.0 8.6761e-04 1.7 0.00e+00 0.0 4.5e+03 1.9e+03 0.0e+00  0  0  2  1  0   0  0  2  1  0     0
MatColoringApply       1 1.0 1.1075e-01 1.0 0.00e+00 0.0 4.7e+01 4.0e+00 3.0e+00  3  0  0  0  0   3  0  0  0  0     0
VecDot                 1 1.0 1.1780e-03 2.0 2.57e+05 1.2 0.0e+00 0.0e+00 1.0e+00  0  0  0  0  0   0  0  0  0  0  9669
VecMDot               80 1.0 4.0093e-02 1.8 1.63e+07 1.2 0.0e+00 0.0e+00 8.0e+01  1  1  0  0  7   1  1  0  0  7 17895
VecTDot               37 1.0 5.7290e-02 5.5 9.52e+06 1.2 0.0e+00 0.0e+00 3.7e+01  1  1  0  0  3   1  1  0  0  3  7356
VecNorm               92 1.0 5.7639e-02 5.8 4.30e+06 1.2 0.0e+00 0.0e+00 9.2e+01  1  0  0  0  8   1  0  0  0  8  3280
VecScale             437 1.0 7.0405e-04 1.3 1.63e+06 1.2 0.0e+00 0.0e+00 0.0e+00  0  0  0  0  0   0  0  0  0  0 101907
VecCopy              330 1.0 1.0766e-02 1.3 0.00e+00 0.0 0.0e+00 0.0e+00 0.0e+00  0  0  0  0  0   0  0  0  0  0     0
VecSet              1772 1.0 1.2159e-01 1.3 0.00e+00 0.0 0.0e+00 0.0e+00 0.0e+00  3  0  0  0  0   3  0  0  0  0     0
VecAXPY              192 1.0 1.8613e-02 1.2 1.60e+07 1.2 0.0e+00 0.0e+00 0.0e+00  1  1  0  0  0   1  1  0  0  0 37822
VecAYPX              663 1.0 4.9110e-02 1.4 3.21e+07 1.2 0.0e+00 0.0e+00 0.0e+00  1  2  0  0  0   1  2  0  0  0 28820
VecAXPBYCZ           266 1.0 3.7596e-02 1.3 5.53e+07 1.2 0.0e+00 0.0e+00 0.0e+00  1  4  0  0  0   1  4  0  0  0 64760
VecWAXPY               2 1.0 7.2908e-04 1.4 2.57e+05 1.2 0.0e+00 0.0e+00 0.0e+00  0  0  0  0  0   0  0  0  0  0 15623
VecMAXPY              88 1.0 1.1647e-02 1.2 1.93e+07 1.2 0.0e+00 0.0e+00 0.0e+00  0  1  0  0  0   0  1  0  0  0 72799
VecAssemblyBegin      36 1.0 7.8487e-04 1.3 0.00e+00 0.0 0.0e+00 0.0e+00 0.0e+00  0  0  0  0  0   0  0  0  0  0     0
VecAssemblyEnd        36 1.0 2.7895e-05 2.1 0.00e+00 0.0 0.0e+00 0.0e+00 0.0e+00  0  0  0  0  0   0  0  0  0  0     0
VecPointwiseMult     363 1.0 7.0783e-02 1.4 2.46e+07 1.2 0.0e+00 0.0e+00 0.0e+00  2  2  0  0  0   2  2  0  0  0 15520
VecScatterBegin      442 1.0 2.8365e-03 2.7 0.00e+00 0.0 8.3e+04 4.3e+02 0.0e+00  0  0 35  3  0   0  0 35  3  0     0
VecScatterEnd        442 1.0 2.0904e-02 5.0 0.00e+00 0.0 0.0e+00 0.0e+00 0.0e+00  0  0  0  0  0   0  0  0  0  0     0
VecSetRandom           3 1.0 6.8903e-05 2.2 0.00e+00 0.0 0.0e+00 0.0e+00 0.0e+00  0  0  0  0  0   0  0  0  0  0     0
VecReduceArith         2 1.0 6.9594e-04 2.0 5.15e+05 1.2 0.0e+00 0.0e+00 0.0e+00  0  0  0  0  0   0  0  0  0  0 32734
VecReduceComm          1 1.0 5.0712e-0424.2 0.00e+00 0.0 0.0e+00 0.0e+00 1.0e+00  0  0  0  0  0   0  0  0  0  0     0
VecNormalize          88 1.0 2.9595e-02 4.2 4.90e+06 1.2 0.0e+00 0.0e+00 8.8e+01  1  0  0  0  7   1  0  0  0  7  7273
SNESSolve              1 1.0 2.3650e+00 1.0 2.64e+08 1.2 2.3e+05 4.5e+03 1.0e+03 70 20 95 93 87  70 20 95 93 87  4884
SNESSetUp              1 1.0 1.8120e-05 2.1 0.00e+00 0.0 0.0e+00 0.0e+00 0.0e+00  0  0  0  0  0   0  0  0  0  0     0
SNESFunctionEval     110 1.0 4.0469e-01 1.1 4.42e+07 1.5 3.1e+04 1.2e+03 1.7e+01 11  3 13  3  1  11  3 13  3  1  3893
SNESJacobianEval       1 1.0 3.5033e-01 1.0 4.21e+05 1.6 3.0e+04 8.9e+02 4.4e+02 10  0 12  2 37  10  0 12  2 37    46
SNESLineSearch         1 1.0 9.5879e-02 1.0 2.36e+07 1.5 5.5e+02 1.7e+04 4.0e+00  3  2  0  1  0   3  2  0  1  0  8988
KSPSetUp              17 1.0 8.2283e-03 1.4 0.00e+00 0.0 0.0e+00 0.0e+00 1.0e+01  0  0  0  0  1   0  0  0  0  1     0
KSPSolve               1 1.0 1.8242e+00 1.0 2.30e+08 1.3 2.0e+05 5.0e+03 5.8e+02 54 17 82 89 48  54 17 82 89 49  5407
KSPGMRESOrthog        80 1.0 4.8485e-02 1.5 3.27e+07 1.2 0.0e+00 0.0e+00 8.0e+01  1  3  0  0  7   1  3  0  0  7 29596
PCGAMGGraph_AGG        3 1.0 1.3180e-02 1.0 1.53e+05 1.7 2.6e+03 8.6e+01 4.8e+01  0  0  1  0  4   0  0  1  0  4   436
PCGAMGCoarse_AGG       3 1.0 1.2311e-02 1.0 7.98e+05 1.8 8.0e+03 1.6e+03 2.5e+01  0  0  3  1  2   0  0  3  1  2  2370
PCGAMGProl_AGG         3 1.0 3.1412e-03 1.0 0.00e+00 0.0 7.3e+03 3.7e+02 8.4e+01  0  0  3  0  7   0  0  3  0  7     0
PCGAMGPOpt_AGG         3 1.0 9.9061e-03 1.0 4.17e+06 1.7 9.9e+03 6.0e+02 1.1e+02  0  0  4  1  9   0  0  4  1  9 15916
GAMG: createProl       3 1.0 3.8568e-02 1.0 5.12e+06 1.7 2.8e+04 7.8e+02 2.7e+02  1  0 11  2 22   1  0 11  2 22  4994
  Graph                6 1.0 1.2988e-02 1.0 1.53e+05 1.7 2.6e+03 8.6e+01 4.8e+01  0  0  1  0  4   0  0  1  0  4   443
  MIS/Agg              3 1.0 7.1979e-04 1.2 0.00e+00 0.0 4.8e+03 1.6e+02 1.0e+01  0  0  2  0  1   0  0  2  0  1     0
  SA: col data         3 1.0 1.6599e-03 1.0 0.00e+00 0.0 6.5e+03 3.4e+02 6.0e+01  0  0  3  0  5   0  0  3  0  5     0
  SA: frmProl0         3 1.0 1.1442e-03 1.0 0.00e+00 0.0 8.6e+02 6.3e+02 1.2e+01  0  0  0  0  1   0  0  0  0  1     0
  SA: smooth           3 1.0 5.2843e-03 1.0 8.73e+05 1.7 3.5e+03 7.6e+02 3.0e+01  0  0  1  0  2   0  0  1  0  3  6226
GAMG: partLevel        3 1.0 1.6286e-02 1.0 4.20e+06 1.7 6.7e+03 1.5e+03 1.3e+02  0  0  3  1 11   0  0  3  1 11  9364
  repartition          2 1.0 3.3829e-03 1.0 0.00e+00 0.0 5.8e+02 3.8e+02 9.6e+01  0  0  0  0  8   0  0  0  0  8     0
  Invert-Sort          2 1.0 2.6178e-04 1.4 0.00e+00 0.0 0.0e+00 0.0e+00 1.2e+01  0  0  0  0  1   0  0  0  0  1     0
  Move A               2 1.0 1.3552e-03 1.1 0.00e+00 0.0 2.1e+02 9.3e+02 2.6e+01  0  0  0  0  2   0  0  0  0  2     0
  Move P               2 1.0 9.7990e-04 1.1 0.00e+00 0.0 1.2e+02 4.7e+01 2.8e+01  0  0  0  0  2   0  0  0  0  2     0
PCSetUp                2 1.0 6.7196e-02 1.0 9.48e+06 1.6 3.5e+04 1.1e+03 4.4e+02  2  1 15  3 36   2  1 15  3 36  5357
PCSetUpOnBlocks       19 1.0 1.9479e-04 1.8 2.14e+03 0.0 0.0e+00 0.0e+00 0.0e+00  0  0  0  0  0   0  0  0  0  0    11
PCApply               19 1.0 1.6227e+00 1.0 1.98e+08 1.3 1.6e+05 5.5e+03 1.1e+02 48 15 65 78  9  48 15 65 78  9  5224
------------------------------------------------------------------------------------------------------------------------

Memory usage is given in bytes:

Object Type          Creations   Destructions     Memory  Descendants' Mem.
Reports information only for process 0.

--- Event Stage 0: Main Stage

           Container    27             27        15552     0.
    Distributed Mesh   101            101       519904     0.
            DM Label   165            165       104280     0.
    GraphPartitioner    32             32        21504     0.
          Quadrature   699            699       413808     0.
           Index Set   807            807      2590428     0.
   IS L to G Mapping     2              2       766524     0.
             Section   202            202       145440     0.
    Section Symmetry     1              1          688     0.
   Star Forest Graph   252            252       232472     0.
     Discrete System   131            131       121580     0.
              Matrix   133            133     64714380     0.
  Matrix FD Coloring     1              1      1901904     0.
     Matrix Coloring     1              1          648     0.
      Matrix Coarsen     3              3         1908     0.
         Vec Scatter    23             23        18400     0.
              Vector   326            326     46366392     0.
        Linear Space     4              4         2720     0.
          Dual Space    16             16        12416     0.
            FE Space     4              4         3088     0.
                SNES     2              2         2804     0.
              DMSNES     2              2         1344     0.
      SNESLineSearch     1              1         1000     0.
       Krylov Solver    19             19       259920     0.
     DMKSP interface     1              1          656     0.
      Preconditioner    13             13        13284     0.
       Field over DM     1              1          704     0.
         PetscRandom     6              6         3876     0.
              Viewer     1              0            0     0.
========================================================================================================================
Average time to get PetscTime(): 0.
Average time for MPI_Barrier(): 4.76837e-06
Average time for zero size MPI_Send(): 2.85109e-06
#PETSc Option Table entries:
-boundary mms
-degree 4
-E 1e6
-forcing mms
-log_view
-mesh ./meshes/cylinder8_31280e_4ss_us.exo
-nu .3
#End of PETSc Option Table entries
Compiled without FORTRAN kernels
Compiled with full precision matrices (default)
sizeof(short) 2 sizeof(int) 4 sizeof(long) 8 sizeof(void*) 8 sizeof(PetscScalar) 8 sizeof(PetscInt) 4
Configure options: --with-cc=gcc --with-cxx=g++ --with-fc=gfortran --with-valgrind-dir=/curc/sw/valgrind/3.11.0 --download-make --download-cmake --download-mpich --download-fblaslapack --download-parmetis --download-metis --download-zlib --download-hdf5 --download-netcdf --download-pnetcdf --download-exodusii COPTFLAGS="-O3 -march=native" FOPTFLAGS="-O3 -march=native" CXXOPTFLAGS="-O3 -march=native" --with-debugging=0 --with-shared-libraries=1 --prefix=/projects/arme5062/software/petsc/local
-----------------------------------------
Libraries compiled on 2020-03-04 05:38:54 on shas0137 
Machine characteristics: Linux-3.10.0-957.21.3.el7.x86_64-x86_64-with-redhat-7.4-Maipo
Using PETSc directory: /projects/arme5062/software/petsc/local
Using PETSc arch: 
-----------------------------------------

Using C compiler: /projects/arme5062/software/petsc/local/bin/mpicc  -Wall -Wwrite-strings -Wno-strict-aliasing -Wno-unknown-pragmas -fstack-protector -fvisibility=hidden -O3 -march=native  
Using Fortran compiler: /projects/arme5062/software/petsc/local/bin/mpif90  -Wall -ffree-line-length-0 -Wno-unused-dummy-argument -O3 -march=native   
-----------------------------------------

Using include paths: -I/projects/arme5062/software/petsc/local/include -I/curc/sw/valgrind/3.11.0/include
-----------------------------------------

Using C linker: /projects/arme5062/software/petsc/local/bin/mpicc
Using Fortran linker: /projects/arme5062/software/petsc/local/bin/mpif90
Using libraries: -Wl,-rpath,/projects/arme5062/software/petsc/local/lib -L/projects/arme5062/software/petsc/local/lib -lpetsc -Wl,-rpath,/projects/arme5062/software/petsc/local/lib -L/projects/arme5062/software/petsc/local/lib -Wl,-rpath,/usr/lib/gcc/x86_64-redhat-linux/4.8.5 -L/usr/lib/gcc/x86_64-redhat-linux/4.8.5 -lflapack -lfblas -lpthread -lexodus -lnetcdf -lpnetcdf -lhdf5hl_fortran -lhdf5_fortran -lhdf5_hl -lhdf5 -lparmetis -lmetis -lm -lz -lX11 -lstdc++ -ldl -lmpifort -lmpi -lgfortran -lm -lgfortran -lm -lgcc_s -lquadmath -lstdc++ -ldl
-----------------------------------------

