
-- Elastisticy Example - libCEED + PETSc --
  libCEED:
    libCEED Backend                    : /cpu/self/xsmm/blocked
  Problem:
    Problem Name                       : Linear elasticity
    Forcing Function                   : Manufactured solution
    Boundary Condition                 : Manufactured solution
  Mesh:
    File                               : ./meshes/cylinder8_31280e_4ss_us.exo
    Number of 1D Basis Nodes (p)       : 5
    Number of 1D Quadrature Points (q) : 5
    Global nodes                       : 1898424
    Owned nodes                        : 947452
    DoF per node                       : 3
  Multigrid:
    Type                               : P-multigrid, logarithmic coarsening
    Number of Levels                   : 3
    Level 0 (coarse):
      Number of 1D Basis Nodes (p)     : 2
      Global Nodes                     : 24852
      Owned Nodes                      : 12304
    Level 2 (fine):
      Number of 1D Basis Nodes (p)     : 5
      Global Nodes                     : 1898424
      Owned Nodes                      : 947452
  SNES:
    SNES Type                          : newtonls
    SNES Convergence                   : CONVERGED_FNORM_RELATIVE
    Total SNES Iterations              : 1
    Final rnorm                        : 7.583320e-04
  Linear Solver:
    KSP Type                           : cg
  P-Multigrid:
    PCMG Type                          : MULTIPLICATIVE
    PCMG Cycle Type                    : v
    Coarse Solve:
      KSP Type                         : preonly
      PC Type                          : gamg
  Performance:
    SNES Solve Time                    : 50.1365 (50.1365) sec
    L2 Error                           : 0.000000
************************************************************************************************************************
***             WIDEN YOUR WINDOW TO 120 CHARACTERS.  Use 'enscript -r -fCourier9' to print this document            ***
************************************************************************************************************************

---------------------------------------------- PETSc Performance Summary: ----------------------------------------------

./elasticity on a  named ssky0944.rc.int.colorado.edu with 2 processors, by arme5062 Thu Mar  5 16:45:17 2020
Using Petsc Development GIT revision: v3.12.4-787-gcc5957f  GIT Date: 2020-02-26 21:52:32 -0500

                         Max       Max/Min     Avg       Total 
Time (sec):           5.491e+01     1.000   5.491e+01
Objects:              2.795e+03     1.019   2.769e+03
Flop:                 6.279e+09     1.008   6.255e+09  1.251e+10
Flop/sec:             1.144e+08     1.008   1.139e+08  2.278e+08
MPI Messages:         1.025e+03     1.003   1.024e+03  2.047e+03
MPI Message Lengths:  3.669e+07     1.031   3.531e+04  7.228e+07
MPI Reductions:       1.150e+03     1.000

Flop counting convention: 1 flop = 1 real number operation of type (multiply/divide/add/subtract)
                            e.g., VecAXPY() for real vectors of length N --> 2N flop
                            and VecAXPY() for complex vectors of length N --> 8N flop

Summary of Stages:   ----- Time ------  ----- Flop ------  --- Messages ---  -- Message Lengths --  -- Reductions --
                        Avg     %Total     Avg     %Total    Count   %Total     Avg         %Total    Count   %Total 
 0:      Main Stage: 5.4909e+01 100.0%  1.2509e+10 100.0%  2.047e+03 100.0%  3.531e+04      100.0%  1.143e+03  99.4% 

------------------------------------------------------------------------------------------------------------------------
See the 'Profiling' chapter of the users' manual for details on interpreting output.
Phase summary info:
   Count: number of times phase was executed
   Time and Flop: Max - maximum over all processors
                  Ratio - ratio of maximum to minimum over all processors
   Mess: number of messages sent
   AvgLen: average message length (bytes)
   Reduct: number of global reductions
   Global: entire computation
   Stage: stages of a computation. Set stages with PetscLogStagePush() and PetscLogStagePop().
      %T - percent time in this phase         %F - percent flop in this phase
      %M - percent messages in this phase     %L - percent message lengths in this phase
      %R - percent reductions in this phase
   Total Mflop/s: 10e-6 * (sum of flop over all processors)/(max time over all processors)
------------------------------------------------------------------------------------------------------------------------
Event                Count      Time (sec)     Flop                              --- Global ---  --- Stage ----  Total
                   Max Ratio  Max     Ratio   Max  Ratio  Mess   AvgLen  Reduct  %T %F %M %L %R  %T %F %M %L %R Mflop/s
------------------------------------------------------------------------------------------------------------------------

--- Event Stage 0: Main Stage

PetscBarrier           2 1.0 1.9433e-02 1.0 0.00e+00 0.0 0.0e+00 0.0e+00 2.0e+00  0  0  0  0  0   0  0  0  0  0     0
BuildTwoSided         49 1.0 8.8191e-03 1.6 0.00e+00 0.0 3.3e+01 4.0e+00 0.0e+00  0  0  2  0  0   0  0  2  0  0     0
BuildTwoSidedF        57 1.0 1.3972e-02 6.1 0.00e+00 0.0 1.8e+01 3.3e+04 0.0e+00  0  0  1  1  0   0  0  1  1  0     0
DMCreateMat            1 1.0 7.9173e-01 1.0 0.00e+00 0.0 2.0e+01 7.7e+04 1.3e+01  1  0  1  2  1   1  0  1  2  1     0
DMPlexCrFromFile       1 1.0 3.4530e-01 1.2 0.00e+00 0.0 0.0e+00 0.0e+00 5.0e+00  1  0  0  0  0   1  0  0  0  0     0
Mesh Partition         1 1.0 1.5571e-01 1.6 0.00e+00 0.0 4.0e+00 6.9e+05 9.0e+00  0  0  0  4  1   0  0  0  4  1     0
Mesh Migration         1 1.0 8.0177e-02 1.0 0.00e+00 0.0 2.8e+01 4.4e+05 2.4e+01  0  0  1 17  2   0  0  1 17  2     0
DMPlexPartSelf         1 1.0 4.6204e-022892.4 0.00e+00 0.0 0.0e+00 0.0e+00 0.0e+00  0  0  0  0  0   0  0  0  0  0     0
DMPlexPartLblInv       1 1.0 5.9651e-02 5.5 0.00e+00 0.0 0.0e+00 0.0e+00 3.0e+00  0  0  0  2  0   0  0  0  2  0     0
DMPlexPartLblSF        1 1.0 1.9483e-02 1.2 0.00e+00 0.0 1.5e+00 3.7e+05 0.0e+00  0  0  0  1  0   0  0  0  1  0     0
DMPlexPartStrtSF       1 1.0 2.8410e-03 1.1 0.00e+00 0.0 1.0e+00 5.5e+05 0.0e+00  0  0  0  1  0   0  0  0  1  0     0
DMPlexPointSF          1 1.0 1.6581e-02 1.0 0.00e+00 0.0 2.0e+00 1.4e+06 0.0e+00  0  0  0  4  0   0  0  0  4  0     0
DMPlexInterp          17 1.0 2.7087e-01 1.0 0.00e+00 0.0 0.0e+00 0.0e+00 2.2e+01  0  0  0  0  2   0  0  0  0  2     0
DMPlexDistribute       1 1.0 2.5312e-01 1.3 0.00e+00 0.0 3.4e+01 5.3e+05 3.3e+01  0  0  2 24  3   0  0  2 24  3     0
DMPlexDistCones        1 1.0 2.9777e-02 1.0 0.00e+00 0.0 5.5e+00 1.1e+06 1.0e+00  0  0  0  8  0   0  0  0  8  0     0
DMPlexDistLabels       1 1.0 2.2180e-02 1.0 0.00e+00 0.0 1.4e+01 2.6e+05 2.1e+01  0  0  1  5  2   0  0  1  5  2     0
DMPlexDistField        1 1.0 1.7467e-02 1.0 0.00e+00 0.0 6.5e+00 2.3e+05 1.0e+00  0  0  0  2  0   0  0  0  2  0     0
DMPlexStratify        32 1.0 2.7793e-0122.4 0.00e+00 0.0 0.0e+00 0.0e+00 3.2e+01  0  0  0  0  3   0  0  0  0  3     0
DMPlexSymmetrize      32 1.0 2.6169e-02 4.7 0.00e+00 0.0 0.0e+00 0.0e+00 0.0e+00  0  0  0  0  0   0  0  0  0  0     0
DMPlexPrealloc         1 1.0 7.8729e-01 1.0 0.00e+00 0.0 2.0e+01 7.7e+04 1.1e+01  1  0  1  2  1   1  0  1  2  1     0
SFSetGraph            52 1.0 3.1502e-03 1.1 0.00e+00 0.0 0.0e+00 0.0e+00 0.0e+00  0  0  0  0  0   0  0  0  0  0     0
SFSetUp               49 1.0 9.7904e-02 1.1 0.00e+00 0.0 9.9e+01 3.7e+04 0.0e+00  0  0  5  5  0   0  0  5  5  0     0
SFBcastOpBegin       903 1.0 1.0762e+00 1.1 0.00e+00 0.0 1.3e+03 3.0e+04 0.0e+00  2  0 62 53  0   2  0 62 53  0     0
SFBcastOpEnd         903 1.0 2.5646e+00 1.7 0.00e+00 0.0 0.0e+00 0.0e+00 0.0e+00  4  0  0  0  0   4  0  0  0  0     0
SFReduceBegin        530 1.0 1.4697e+00 1.1 0.00e+00 0.0 5.7e+02 4.8e+04 0.0e+00  3  0 28 38  0   3  0 28 38  0     0
SFReduceEnd          528 1.0 2.0765e+00 1.7 0.00e+00 0.0 0.0e+00 0.0e+00 0.0e+00  3  0  0  0  0   3  0  0  0  0     0
SFFetchOpBegin         2 1.0 5.7936e-05 9.7 0.00e+00 0.0 2.0e+00 8.7e+04 0.0e+00  0  0  0  0  0   0  0  0  0  0     0
SFFetchOpEnd           2 1.0 5.5504e-04 1.7 0.00e+00 0.0 2.0e+00 8.7e+04 0.0e+00  0  0  0  0  0   0  0  0  0  0     0
SFCreateEmbed          3 1.0 2.0259e-02 7.6 0.00e+00 0.0 3.0e+00 1.9e+05 0.0e+00  0  0  0  1  0   0  0  0  1  0     0
SFDistSection         11 1.0 5.4036e-02 1.9 0.00e+00 0.0 2.8e+01 1.9e+05 1.1e+01  0  0  1  7  1   0  0  1  7  1     0
SFSectionSF           13 1.0 2.4409e-02 1.0 0.00e+00 0.0 2.0e+01 1.1e+05 0.0e+00  0  0  1  3  0   0  0  1  3  0     0
SFRemoteOff            2 1.0 7.0000e-03 2.7 0.00e+00 0.0 4.0e+00 5.1e+03 0.0e+00  0  0  0  0  0   0  0  0  0  0     0
MatMult              593 1.0 2.9092e+01 1.0 5.67e+08 1.0 1.2e+03 3.8e+04 0.0e+00 53  9 58 63  0  53  9 58 63  0    39
MatMultAdd            95 1.0 1.4534e+00 1.1 2.05e+08 1.0 1.7e+02 2.0e+04 0.0e+00  3  3  8  5  0   3  3  8  5  0   281
MatMultTranspose      98 1.0 1.2401e+00 1.1 9.04e+07 1.0 1.8e+02 2.1e+04 0.0e+00  2  1  9  5  0   2  1  9  5  0   145
MatSolve              19 0.0 9.1076e-05 0.0 8.26e+03 0.0 0.0e+00 0.0e+00 0.0e+00  0  0  0  0  0   0  0  0  0  0    91
MatSOR               261 1.0 6.7183e-01 1.1 4.53e+08 1.0 0.0e+00 0.0e+00 0.0e+00  1  7  0  0  0   1  7  0  0  0  1330
MatLUFactorSym         1 1.0 2.9087e-05 1.3 0.00e+00 0.0 0.0e+00 0.0e+00 0.0e+00  0  0  0  0  0   0  0  0  0  0     0
MatLUFactorNum         1 1.0 2.0027e-05 3.4 2.14e+03 0.0 0.0e+00 0.0e+00 0.0e+00  0  0  0  0  0   0  0  0  0  0   107
MatScale               9 1.0 2.0149e-03 1.1 1.40e+06 1.0 6.0e+00 8.3e+02 0.0e+00  0  0  0  0  0   0  0  0  0  0  1362
MatResidual           95 1.0 4.0517e+00 1.0 1.60e+08 1.0 1.9e+02 3.1e+04 0.0e+00  7  3  9  8  0   7  3  9  8  0    78
MatAssemblyBegin      74 1.0 1.4450e-02 5.3 0.00e+00 0.0 1.8e+01 3.3e+04 0.0e+00  0  0  1  1  0   0  0  1  1  0     0
MatAssemblyEnd        74 1.0 2.7620e-02 1.0 1.36e+04 1.1 5.0e+01 3.6e+02 7.6e+01  0  0  2  0  7   0  0  2  0  7     1
MatGetRowIJ            2 2.0 8.3022e-03 1.1 0.00e+00 0.0 0.0e+00 0.0e+00 0.0e+00  0  0  0  0  0   0  0  0  0  0     0
MatCreateSubMat        2 1.0 5.1117e-04 1.0 0.00e+00 0.0 6.5e+00 2.7e+02 2.4e+01  0  0  0  0  2   0  0  0  0  2     0
MatGetOrdering         1 0.0 5.8174e-05 0.0 0.00e+00 0.0 0.0e+00 0.0e+00 0.0e+00  0  0  0  0  0   0  0  0  0  0     0
MatCoarsen             3 1.0 1.3208e-03 1.0 0.00e+00 0.0 3.3e+01 7.0e+02 6.0e+00  0  0  2  0  1   0  0  2  0  1     0
MatZeroEntries         4 1.0 1.4701e-03 1.0 0.00e+00 0.0 0.0e+00 0.0e+00 0.0e+00  0  0  0  0  0   0  0  0  0  0     0
MatAXPY                3 1.0 4.6191e-03 1.0 1.17e+05 1.0 0.0e+00 0.0e+00 0.0e+00  0  0  0  0  0   0  0  0  0  0    50
MatFDColorCreate       1 1.0 1.3399e-04 1.1 0.00e+00 0.0 0.0e+00 0.0e+00 2.0e+00  0  0  0  0  0   0  0  0  0  0     0
MatFDColorSetUp        1 1.0 9.5767e-02 1.0 0.00e+00 0.0 0.0e+00 0.0e+00 4.3e+02  0  0  0  0 38   0  0  0  0 38     0
MatFDColorApply        1 1.0 5.6093e+00 1.0 8.13e+06 1.0 2.2e+02 6.2e+03 2.0e+00 10  0 11  2  0  10  0 11  2  0     3
MatFDColorFunc       108 1.0 5.5717e+00 1.0 0.00e+00 0.0 2.2e+02 6.2e+03 2.0e+00 10  0 11  2  0  10  0 11  2  0     0
MatTranspose           6 1.0 5.2459e-03 1.0 0.00e+00 0.0 0.0e+00 0.0e+00 0.0e+00  0  0  0  0  0   0  0  0  0  0     0
MatMatMult             3 1.0 5.1995e-02 1.0 1.57e+07 1.0 3.3e+01 3.6e+03 2.4e+01  0  0  2  0  2   0  0  2  0  2   597
MatMatMultSym          3 1.0 3.8951e-02 1.0 0.00e+00 0.0 2.7e+01 2.8e+03 2.4e+01  0  0  1  0  2   0  0  1  0  2     0
MatMatMultNum          3 1.0 1.3012e-02 1.0 1.57e+07 1.0 6.0e+00 7.5e+03 0.0e+00  0  0  0  0  0   0  0  0  0  0  2386
MatPtAP                3 1.0 1.6163e-01 1.0 7.83e+07 1.1 5.4e+01 8.4e+03 3.3e+01  0  1  3  1  3   0  1  3  1  3   929
MatPtAPSymbolic        3 1.0 1.0900e-01 1.0 0.00e+00 0.0 3.6e+01 8.7e+03 2.1e+01  0  0  2  0  2   0  0  2  0  2     0
MatPtAPNumeric         3 1.0 5.2594e-02 1.0 7.83e+07 1.1 1.8e+01 7.6e+03 1.2e+01  0  1  1  0  1   0  1  1  0  1  2856
MatTrnMatMult          1 1.0 1.1265e-01 1.0 1.44e+07 1.0 1.2e+01 4.5e+04 1.1e+01  0  0  1  1  1   0  0  1  1  1   252
MatTrnMatMultSym       1 1.0 7.4420e-02 1.0 0.00e+00 0.0 6.0e+00 1.9e+04 7.0e+00  0  0  0  0  1   0  0  0  0  1     0
MatTrnMatMultNum       1 1.0 3.8223e-02 1.0 1.44e+07 1.0 6.0e+00 7.2e+04 4.0e+00  0  0  0  1  0   0  0  0  1  0   744
MatGetLocalMat        10 1.0 5.2156e-03 1.0 0.00e+00 0.0 0.0e+00 0.0e+00 0.0e+00  0  0  0  0  0   0  0  0  0  0     0
MatGetBrAoCol          9 1.0 8.7118e-04 1.0 0.00e+00 0.0 4.2e+01 9.5e+03 0.0e+00  0  0  2  1  0   0  0  2  1  0     0
MatColoringApply       1 1.0 9.6786e-02 1.0 0.00e+00 0.0 1.0e+00 4.0e+00 3.0e+00  0  0  0  0  0   0  0  0  0  0     0
VecDot                 1 1.0 7.0679e-03 1.1 5.71e+06 1.0 0.0e+00 0.0e+00 1.0e+00  0  0  0  0  0   0  0  0  0  0  1612
VecMDot               80 1.0 2.5000e-01 1.1 3.60e+08 1.0 0.0e+00 0.0e+00 8.0e+01  0  6  0  0  7   0  6  0  0  7  2870
VecTDot               37 1.0 2.7220e-01 1.2 2.11e+08 1.0 0.0e+00 0.0e+00 3.7e+01  0  3  0  0  3   0  3  0  0  3  1548
VecNorm               92 1.0 1.7411e-01 2.2 9.47e+07 1.0 0.0e+00 0.0e+00 9.2e+01  0  2  0  0  8   0  2  0  0  8  1086
VecScale             437 1.0 4.1224e-02 1.1 3.60e+07 1.0 0.0e+00 0.0e+00 0.0e+00  0  1  0  0  0   0  1  0  0  0  1740
VecCopy              330 1.0 1.6967e-01 1.1 0.00e+00 0.0 0.0e+00 0.0e+00 0.0e+00  0  0  0  0  0   0  0  0  0  0     0
VecSet              1769 1.0 2.3458e+00 1.1 0.00e+00 0.0 0.0e+00 0.0e+00 0.0e+00  4  0  0  0  0   4  0  0  0  0     0
VecAXPY              192 1.0 3.4835e-01 1.1 3.53e+08 1.0 0.0e+00 0.0e+00 0.0e+00  1  6  0  0  0   1  6  0  0  0  2021
VecAYPX              663 1.0 1.0498e+00 1.1 7.09e+08 1.0 0.0e+00 0.0e+00 0.0e+00  2 11  0  0  0   2 11  0  0  0  1348
VecAXPBYCZ           266 1.0 6.8703e-01 1.1 1.22e+09 1.0 0.0e+00 0.0e+00 0.0e+00  1 19  0  0  0   1 19  0  0  0  3544
VecWAXPY               2 1.0 1.5066e-02 1.1 5.71e+06 1.0 0.0e+00 0.0e+00 0.0e+00  0  0  0  0  0   0  0  0  0  0   756
VecMAXPY              88 1.0 2.5609e-01 1.1 4.25e+08 1.0 0.0e+00 0.0e+00 0.0e+00  0  7  0  0  0   0  7  0  0  0  3311
VecAssemblyBegin      35 1.0 1.0099e-03 1.0 0.00e+00 0.0 0.0e+00 0.0e+00 0.0e+00  0  0  0  0  0   0  0  0  0  0     0
VecAssemblyEnd        35 1.0 3.0518e-05 1.1 0.00e+00 0.0 0.0e+00 0.0e+00 0.0e+00  0  0  0  0  0   0  0  0  0  0     0
VecPointwiseMult     363 1.0 1.3574e+00 1.1 5.42e+08 1.0 0.0e+00 0.0e+00 0.0e+00  2  9  0  0  0   2  9  0  0  0   798
VecScatterBegin      441 1.0 2.3155e-03 1.2 0.00e+00 0.0 8.4e+02 1.9e+03 0.0e+00  0  0 41  2  0   0  0 41  2  0     0
VecScatterEnd        441 1.0 6.5850e-02 9.8 0.00e+00 0.0 0.0e+00 0.0e+00 0.0e+00  0  0  0  0  0   0  0  0  0  0     0
VecSetRandom           3 1.0 1.2920e-03 1.4 0.00e+00 0.0 0.0e+00 0.0e+00 0.0e+00  0  0  0  0  0   0  0  0  0  0     0
VecReduceArith         2 1.0 8.9748e-03 1.0 1.14e+07 1.0 0.0e+00 0.0e+00 0.0e+00  0  0  0  0  0   0  0  0  0  0  2538
VecReduceComm          1 1.0 1.0889e-0391.3 0.00e+00 0.0 0.0e+00 0.0e+00 1.0e+00  0  0  0  0  0   0  0  0  0  0     0
VecNormalize          88 1.0 1.9204e-01 1.9 1.08e+08 1.0 0.0e+00 0.0e+00 8.8e+01  0  2  0  0  8   0  2  0  0  8  1121
SNESSolve              1 1.0 5.0131e+01 1.0 5.33e+09 1.0 1.9e+03 2.7e+04 9.9e+02 91 85 95 73 86  91 85 95 73 87   212
SNESSetUp              1 1.0 2.7180e-05 1.1 0.00e+00 0.0 0.0e+00 0.0e+00 0.0e+00  0  0  0  0  0   0  0  0  0  0     0
SNESFunctionEval     110 1.0 8.8840e+00 1.0 2.70e+08 1.0 2.2e+02 8.2e+03 1.7e+01 16  4 11  3  1  16  4 11  3  1    61
SNESJacobianEval       1 1.0 5.8017e+00 1.0 8.13e+06 1.0 2.2e+02 6.1e+03 4.4e+02 11  0 11  2 38  11  0 11  2 38     3
SNESLineSearch         1 1.0 1.8037e+00 1.0 1.72e+08 1.0 4.0e+00 1.2e+05 4.0e+00  3  3  0  1  0   3  3  0  1  0   190
KSPSetUp              17 1.0 1.0392e-01 1.1 0.00e+00 0.0 0.0e+00 0.0e+00 1.0e+01  0  0  0  0  1   0  0  0  0  1     0
KSPSolve               1 1.0 4.0813e+01 1.0 5.00e+09 1.0 1.7e+03 2.9e+04 5.3e+02 74 80 84 70 46  74 80 84 70 46   244
KSPGMRESOrthog        80 1.0 4.4895e-01 1.0 7.19e+08 1.0 0.0e+00 0.0e+00 8.0e+01  1 11  0  0  7   1 11  0  0  7  3196
PCGAMGGraph_AGG        3 1.0 1.8631e-01 1.0 2.91e+06 1.0 2.4e+01 4.2e+02 4.8e+01  0  0  1  0  4   0  0  1  0  4    31
PCGAMGCoarse_AGG       3 1.0 1.1697e-01 1.0 1.44e+07 1.0 5.5e+01 1.1e+04 2.1e+01  0  0  3  1  2   0  0  3  1  2   243
PCGAMGProl_AGG         3 1.0 1.3947e-02 1.0 0.00e+00 0.0 7.2e+01 1.7e+03 8.4e+01  0  0  4  0  7   0  0  4  0  7     0
PCGAMGPOpt_AGG         3 1.0 1.2919e-01 1.0 7.98e+07 1.0 9.3e+01 2.9e+03 1.1e+02  0  1  5  0 10   0  1  5  0 10  1220
GAMG: createProl       3 1.0 4.4664e-01 1.0 9.71e+07 1.0 2.4e+02 4.1e+03 2.6e+02  1  2 12  1 23   1  2 12  1 23   429
  Graph                6 1.0 1.8615e-01 1.0 2.91e+06 1.0 2.4e+01 4.2e+02 4.8e+01  0  0  1  0  4   0  0  1  0  4    31
  MIS/Agg              3 1.0 1.3628e-03 1.0 0.00e+00 0.0 3.3e+01 7.0e+02 6.0e+00  0  0  2  0  1   0  0  2  0  1     0
  SA: col data         3 1.0 4.2968e-03 1.0 0.00e+00 0.0 6.0e+01 1.5e+03 6.0e+01  0  0  3  0  5   0  0  3  0  5     0
  SA: frmProl0         3 1.0 9.1591e-03 1.0 0.00e+00 0.0 1.2e+01 2.4e+03 1.2e+01  0  0  1  0  1   0  0  1  0  1     0
  SA: smooth           3 1.0 6.1606e-02 1.0 1.67e+07 1.0 3.3e+01 3.6e+03 3.0e+01  0  0  2  0  3   0  0  2  0  3   534
GAMG: partLevel        3 1.0 1.6248e-01 1.0 7.83e+07 1.1 6.9e+01 6.6e+03 8.1e+01  0  1  3  1  7   0  1  3  1  7   925
  repartition          1 1.0 7.7105e-04 1.0 0.00e+00 0.0 1.5e+01 1.7e+02 4.8e+01  0  0  1  0  4   0  0  1  0  4     0
  Invert-Sort          1 1.0 3.6001e-05 1.0 0.00e+00 0.0 0.0e+00 0.0e+00 6.0e+00  0  0  0  0  1   0  0  0  0  1     0
  Move A               1 1.0 2.9182e-04 1.0 0.00e+00 0.0 5.0e+00 3.4e+02 1.3e+01  0  0  0  0  1   0  0  0  0  1     0
  Move P               1 1.0 2.8110e-04 1.0 0.00e+00 0.0 1.5e+00 4.1e+01 1.4e+01  0  0  0  0  1   0  0  0  0  1     0
PCSetUp                2 1.0 7.8774e-01 1.0 1.82e+08 1.1 3.2e+02 5.6e+03 3.8e+02  1  3 16  2 33   1  3 16  2 34   452
PCSetUpOnBlocks       19 1.0 2.1029e-04 1.4 2.14e+03 0.0 0.0e+00 0.0e+00 0.0e+00  0  0  0  0  0   0  0  0  0  0    10
PCApply               19 1.0 3.7126e+01 1.0 4.31e+09 1.0 1.4e+03 3.3e+04 1.1e+02 68 69 66 61  9  68 69 66 61 10   231
------------------------------------------------------------------------------------------------------------------------

Memory usage is given in bytes:

Object Type          Creations   Destructions     Memory  Descendants' Mem.
Reports information only for process 0.

--- Event Stage 0: Main Stage

           Container    27             27        15552     0.
    Distributed Mesh   101            101       519904     0.
            DM Label   165            165       104280     0.
    GraphPartitioner    32             32        21504     0.
          Quadrature   699            699       413808     0.
           Index Set   647            647      5295732     0.
   IS L to G Mapping     2              2      1678928     0.
             Section   202            202       145440     0.
    Section Symmetry     1              1          688     0.
   Star Forest Graph   249            249       229496     0.
     Discrete System   131            131       121580     0.
              Matrix   125            125    130336944     0.
  Matrix FD Coloring     1              1     54753456     0.
     Matrix Coloring     1              1          648     0.
      Matrix Coarsen     3              3         1908     0.
         Vec Scatter    20             20        16000     0.
              Vector   319            319   1078480096     0.
        Linear Space     4              4         2720     0.
          Dual Space    16             16        12416     0.
            FE Space     4              4         3088     0.
                SNES     2              2         2804     0.
              DMSNES     2              2         1344     0.
      SNESLineSearch     1              1         1000     0.
       Krylov Solver    19             19       259920     0.
     DMKSP interface     1              1          656     0.
      Preconditioner    13             13        13284     0.
       Field over DM     1              1          704     0.
         PetscRandom     6              6         3876     0.
              Viewer     1              0            0     0.
========================================================================================================================
Average time to get PetscTime(): 0.
Average time for MPI_Barrier(): 8.10623e-07
Average time for zero size MPI_Send(): 8.9407e-06
#PETSc Option Table entries:
-boundary mms
-degree 4
-E 1e6
-forcing mms
-log_view
-mesh ./meshes/cylinder8_31280e_4ss_us.exo
-nu .3
#End of PETSc Option Table entries
Compiled without FORTRAN kernels
Compiled with full precision matrices (default)
sizeof(short) 2 sizeof(int) 4 sizeof(long) 8 sizeof(void*) 8 sizeof(PetscScalar) 8 sizeof(PetscInt) 4
Configure options: --with-cc=gcc --with-cxx=g++ --with-fc=gfortran --with-valgrind-dir=/curc/sw/valgrind/3.11.0 --download-make --download-cmake --download-mpich --download-fblaslapack --download-parmetis --download-metis --download-zlib --download-hdf5 --download-netcdf --download-pnetcdf --download-exodusii COPTFLAGS="-O3 -march=native" FOPTFLAGS="-O3 -march=native" CXXOPTFLAGS="-O3 -march=native" --with-debugging=0 --with-shared-libraries=1 --prefix=/projects/arme5062/software/petsc/local
-----------------------------------------
Libraries compiled on 2020-03-04 05:38:54 on shas0137 
Machine characteristics: Linux-3.10.0-957.21.3.el7.x86_64-x86_64-with-redhat-7.4-Maipo
Using PETSc directory: /projects/arme5062/software/petsc/local
Using PETSc arch: 
-----------------------------------------

Using C compiler: /projects/arme5062/software/petsc/local/bin/mpicc  -Wall -Wwrite-strings -Wno-strict-aliasing -Wno-unknown-pragmas -fstack-protector -fvisibility=hidden -O3 -march=native  
Using Fortran compiler: /projects/arme5062/software/petsc/local/bin/mpif90  -Wall -ffree-line-length-0 -Wno-unused-dummy-argument -O3 -march=native   
-----------------------------------------

Using include paths: -I/projects/arme5062/software/petsc/local/include -I/curc/sw/valgrind/3.11.0/include
-----------------------------------------

Using C linker: /projects/arme5062/software/petsc/local/bin/mpicc
Using Fortran linker: /projects/arme5062/software/petsc/local/bin/mpif90
Using libraries: -Wl,-rpath,/projects/arme5062/software/petsc/local/lib -L/projects/arme5062/software/petsc/local/lib -lpetsc -Wl,-rpath,/projects/arme5062/software/petsc/local/lib -L/projects/arme5062/software/petsc/local/lib -Wl,-rpath,/usr/lib/gcc/x86_64-redhat-linux/4.8.5 -L/usr/lib/gcc/x86_64-redhat-linux/4.8.5 -lflapack -lfblas -lpthread -lexodus -lnetcdf -lpnetcdf -lhdf5hl_fortran -lhdf5_fortran -lhdf5_hl -lhdf5 -lparmetis -lmetis -lm -lz -lX11 -lstdc++ -ldl -lmpifort -lmpi -lgfortran -lm -lgfortran -lm -lgcc_s -lquadmath -lstdc++ -ldl
-----------------------------------------

